[0.019s] Invoking command in '/home/teemty/B-spline-demo/demo_ws/build/cpp_bs_demo': CMAKE_PREFIX_PATH=${CMAKE_PREFIX_PATH}:/opt/ros/jazzy DEBUGINFOD_URLS=https://debuginfod.ubuntu.com /usr/bin/cmake --build /home/teemty/B-spline-demo/demo_ws/build/cpp_bs_demo -- -j8 -l8
[0.063s] -- Found ament_cmake: 2.5.4 (/opt/ros/jazzy/share/ament_cmake/cmake)
[0.431s] -- Found rclcpp: 28.1.9 (/opt/ros/jazzy/share/rclcpp/cmake)
[0.474s] -- Found rosidl_generator_c: 4.6.5 (/opt/ros/jazzy/share/rosidl_generator_c/cmake)
[0.489s] -- Found rosidl_generator_cpp: 4.6.5 (/opt/ros/jazzy/share/rosidl_generator_cpp/cmake)
[0.507s] -- Using all available rosidl_typesupport_c: rosidl_typesupport_fastrtps_c;rosidl_typesupport_introspection_c
[0.528s] -- Using all available rosidl_typesupport_cpp: rosidl_typesupport_fastrtps_cpp;rosidl_typesupport_introspection_cpp
[0.634s] -- Found rmw_implementation_cmake: 7.3.2 (/opt/ros/jazzy/share/rmw_implementation_cmake/cmake)
[0.636s] -- Found rmw_fastrtps_cpp: 8.4.2 (/opt/ros/jazzy/share/rmw_fastrtps_cpp/cmake)
[0.742s] -- Using RMW implementation 'rmw_fastrtps_cpp' as default
[0.845s] -- Found std_msgs: 5.3.6 (/opt/ros/jazzy/share/std_msgs/cmake)
[0.866s] -- Found geometry_msgs: 5.3.6 (/opt/ros/jazzy/share/geometry_msgs/cmake)
[0.893s] -- Found ament_lint_auto: 0.17.2 (/opt/ros/jazzy/share/ament_lint_auto/cmake)
[1.042s] -- Added test 'cppcheck' to perform static code analysis on C / C++ code
[1.042s] -- Configured cppcheck include dirs: 
[1.042s] -- Configured cppcheck exclude dirs and/or files: 
[1.044s] -- Added test 'lint_cmake' to check CMake code style
[1.044s] -- Added test 'uncrustify' to check C / C++ code style
[1.044s] -- Configured uncrustify additional arguments: 
[1.044s] -- Added test 'xmllint' to check XML markup files
[1.045s] -- Configuring done (1.0s)
[1.061s] -- Generating done (0.0s)
[1.066s] -- Build files have been written to: /home/teemty/B-spline-demo/demo_ws/build/cpp_bs_demo
[1.143s] [100%] Built target point_generator
[1.162s] Invoked command in '/home/teemty/B-spline-demo/demo_ws/build/cpp_bs_demo' returned '0': CMAKE_PREFIX_PATH=${CMAKE_PREFIX_PATH}:/opt/ros/jazzy DEBUGINFOD_URLS=https://debuginfod.ubuntu.com /usr/bin/cmake --build /home/teemty/B-spline-demo/demo_ws/build/cpp_bs_demo -- -j8 -l8
[1.180s] Invoking command in '/home/teemty/B-spline-demo/demo_ws/build/cpp_bs_demo': CMAKE_PREFIX_PATH=${CMAKE_PREFIX_PATH}:/opt/ros/jazzy DEBUGINFOD_URLS=https://debuginfod.ubuntu.com /usr/bin/cmake --install /home/teemty/B-spline-demo/demo_ws/build/cpp_bs_demo
[1.192s] -- Install configuration: ""
[1.192s] -- Up-to-date: /home/teemty/B-spline-demo/demo_ws/install/cpp_bs_demo/lib/cpp_bs_demo/point_generator
[1.193s] -- Up-to-date: /home/teemty/B-spline-demo/demo_ws/install/cpp_bs_demo/share/ament_index/resource_index/package_run_dependencies/cpp_bs_demo
[1.194s] -- Up-to-date: /home/teemty/B-spline-demo/demo_ws/install/cpp_bs_demo/share/ament_index/resource_index/parent_prefix_path/cpp_bs_demo
[1.194s] -- Up-to-date: /home/teemty/B-spline-demo/demo_ws/install/cpp_bs_demo/share/cpp_bs_demo/environment/ament_prefix_path.sh
[1.194s] -- Up-to-date: /home/teemty/B-spline-demo/demo_ws/install/cpp_bs_demo/share/cpp_bs_demo/environment/ament_prefix_path.dsv
[1.194s] -- Up-to-date: /home/teemty/B-spline-demo/demo_ws/install/cpp_bs_demo/share/cpp_bs_demo/environment/path.sh
[1.194s] -- Up-to-date: /home/teemty/B-spline-demo/demo_ws/install/cpp_bs_demo/share/cpp_bs_demo/environment/path.dsv
[1.194s] -- Up-to-date: /home/teemty/B-spline-demo/demo_ws/install/cpp_bs_demo/share/cpp_bs_demo/local_setup.bash
[1.194s] -- Up-to-date: /home/teemty/B-spline-demo/demo_ws/install/cpp_bs_demo/share/cpp_bs_demo/local_setup.sh
[1.196s] -- Up-to-date: /home/teemty/B-spline-demo/demo_ws/install/cpp_bs_demo/share/cpp_bs_demo/local_setup.zsh
[1.196s] -- Up-to-date: /home/teemty/B-spline-demo/demo_ws/install/cpp_bs_demo/share/cpp_bs_demo/local_setup.dsv
[1.196s] -- Installing: /home/teemty/B-spline-demo/demo_ws/install/cpp_bs_demo/share/cpp_bs_demo/package.dsv
[1.196s] -- Up-to-date: /home/teemty/B-spline-demo/demo_ws/install/cpp_bs_demo/share/ament_index/resource_index/packages/cpp_bs_demo
[1.197s] -- Up-to-date: /home/teemty/B-spline-demo/demo_ws/install/cpp_bs_demo/share/cpp_bs_demo/cmake/cpp_bs_demoConfig.cmake
[1.198s] -- Up-to-date: /home/teemty/B-spline-demo/demo_ws/install/cpp_bs_demo/share/cpp_bs_demo/cmake/cpp_bs_demoConfig-version.cmake
[1.198s] -- Up-to-date: /home/teemty/B-spline-demo/demo_ws/install/cpp_bs_demo/share/cpp_bs_demo/package.xml
[1.199s] Invoked command in '/home/teemty/B-spline-demo/demo_ws/build/cpp_bs_demo' returned '0': CMAKE_PREFIX_PATH=${CMAKE_PREFIX_PATH}:/opt/ros/jazzy DEBUGINFOD_URLS=https://debuginfod.ubuntu.com /usr/bin/cmake --install /home/teemty/B-spline-demo/demo_ws/build/cpp_bs_demo
