[0.017s] Invoking command in '/home/teemty/B-spline-demo/demo_ws/build/cpp_bs_demo': CMAKE_PREFIX_PATH=${CMAKE_PREFIX_PATH}:/opt/ros/jazzy DEBUGINFOD_URLS=https://debuginfod.ubuntu.com /usr/bin/cmake --build /home/teemty/B-spline-demo/demo_ws/build/cpp_bs_demo -- -j8 -l8
[0.120s] [100%] Built target point_generator
[0.140s] Invoked command in '/home/teemty/B-spline-demo/demo_ws/build/cpp_bs_demo' returned '0': CMAKE_PREFIX_PATH=${CMAKE_PREFIX_PATH}:/opt/ros/jazzy DEBUGINFOD_URLS=https://debuginfod.ubuntu.com /usr/bin/cmake --build /home/teemty/B-spline-demo/demo_ws/build/cpp_bs_demo -- -j8 -l8
[0.160s] Invoking command in '/home/teemty/B-spline-demo/demo_ws/build/cpp_bs_demo': CMAKE_PREFIX_PATH=${CMAKE_PREFIX_PATH}:/opt/ros/jazzy DEBUGINFOD_URLS=https://debuginfod.ubuntu.com /usr/bin/cmake --install /home/teemty/B-spline-demo/demo_ws/build/cpp_bs_demo
[0.171s] -- Install configuration: ""
[0.172s] -- Up-to-date: /home/teemty/B-spline-demo/demo_ws/install/cpp_bs_demo/lib/cpp_bs_demo/point_generator
[0.172s] -- Up-to-date: /home/teemty/B-spline-demo/demo_ws/install/cpp_bs_demo/share/ament_index/resource_index/package_run_dependencies/cpp_bs_demo
[0.172s] -- Up-to-date: /home/teemty/B-spline-demo/demo_ws/install/cpp_bs_demo/share/ament_index/resource_index/parent_prefix_path/cpp_bs_demo
[0.172s] -- Up-to-date: /home/teemty/B-spline-demo/demo_ws/install/cpp_bs_demo/share/cpp_bs_demo/environment/ament_prefix_path.sh
[0.173s] -- Up-to-date: /home/teemty/B-spline-demo/demo_ws/install/cpp_bs_demo/share/cpp_bs_demo/environment/ament_prefix_path.dsv
[0.174s] -- Up-to-date: /home/teemty/B-spline-demo/demo_ws/install/cpp_bs_demo/share/cpp_bs_demo/environment/path.sh
[0.174s] -- Up-to-date: /home/teemty/B-spline-demo/demo_ws/install/cpp_bs_demo/share/cpp_bs_demo/environment/path.dsv
[0.175s] -- Up-to-date: /home/teemty/B-spline-demo/demo_ws/install/cpp_bs_demo/share/cpp_bs_demo/local_setup.bash
[0.175s] -- Up-to-date: /home/teemty/B-spline-demo/demo_ws/install/cpp_bs_demo/share/cpp_bs_demo/local_setup.sh
[0.175s] -- Up-to-date: /home/teemty/B-spline-demo/demo_ws/install/cpp_bs_demo/share/cpp_bs_demo/local_setup.zsh
[0.175s] -- Up-to-date: /home/teemty/B-spline-demo/demo_ws/install/cpp_bs_demo/share/cpp_bs_demo/local_setup.dsv
[0.175s] -- Installing: /home/teemty/B-spline-demo/demo_ws/install/cpp_bs_demo/share/cpp_bs_demo/package.dsv
[0.175s] -- Up-to-date: /home/teemty/B-spline-demo/demo_ws/install/cpp_bs_demo/share/ament_index/resource_index/packages/cpp_bs_demo
[0.175s] -- Up-to-date: /home/teemty/B-spline-demo/demo_ws/install/cpp_bs_demo/share/cpp_bs_demo/cmake/cpp_bs_demoConfig.cmake
[0.175s] -- Up-to-date: /home/teemty/B-spline-demo/demo_ws/install/cpp_bs_demo/share/cpp_bs_demo/cmake/cpp_bs_demoConfig-version.cmake
[0.175s] -- Up-to-date: /home/teemty/B-spline-demo/demo_ws/install/cpp_bs_demo/share/cpp_bs_demo/package.xml
[0.177s] Invoked command in '/home/teemty/B-spline-demo/demo_ws/build/cpp_bs_demo' returned '0': CMAKE_PREFIX_PATH=${CMAKE_PREFIX_PATH}:/opt/ros/jazzy DEBUGINFOD_URLS=https://debuginfod.ubuntu.com /usr/bin/cmake --install /home/teemty/B-spline-demo/demo_ws/build/cpp_bs_demo
