[0.017s] Invoking command in '/home/teemty/B-spline-demo/demo_ws/build/cpp_bs_demo': CMAKE_PREFIX_PATH=${CMAKE_PREFIX_PATH}:/opt/ros/jazzy DEBUGINFOD_URLS=https://debuginfod.ubuntu.com /usr/bin/cmake /home/teemty/B-spline-demo/demo_ws/src/cpp_bs_demo -DCMAKE_INSTALL_PREFIX=/home/teemty/B-spline-demo/demo_ws/install/cpp_bs_demo
[0.105s] -- The C compiler identification is GNU 13.3.0
[0.201s] -- The CXX compiler identification is GNU 13.3.0
[0.227s] -- Detecting C compiler ABI info
[0.367s] -- Detecting C compiler ABI info - done
[0.381s] -- Check for working C compiler: /usr/bin/cc - skipped
[0.381s] -- Detecting C compile features
[0.381s] -- Detecting C compile features - done
[0.398s] -- Detecting CXX compiler ABI info
[0.552s] -- Detecting CXX compiler ABI info - done
[0.566s] -- Check for working CXX compiler: /usr/bin/c++ - skipped
[0.566s] -- Detecting CXX compile features
[0.567s] -- Detecting CXX compile features - done
[0.570s] -- Found ament_cmake: 2.5.4 (/opt/ros/jazzy/share/ament_cmake/cmake)
[0.802s] -- Found Python3: /usr/bin/python3 (found version "3.12.3") found components: Interpreter 
[0.952s] -- Found rclcpp: 28.1.9 (/opt/ros/jazzy/share/rclcpp/cmake)
[1.005s] -- Found rosidl_generator_c: 4.6.5 (/opt/ros/jazzy/share/rosidl_generator_c/cmake)
[1.023s] -- Found rosidl_generator_cpp: 4.6.5 (/opt/ros/jazzy/share/rosidl_generator_cpp/cmake)
[1.044s] -- Using all available rosidl_typesupport_c: rosidl_typesupport_fastrtps_c;rosidl_typesupport_introspection_c
[1.068s] -- Using all available rosidl_typesupport_cpp: rosidl_typesupport_fastrtps_cpp;rosidl_typesupport_introspection_cpp
[1.180s] -- Found rmw_implementation_cmake: 7.3.2 (/opt/ros/jazzy/share/rmw_implementation_cmake/cmake)
[1.184s] -- Found rmw_fastrtps_cpp: 8.4.2 (/opt/ros/jazzy/share/rmw_fastrtps_cpp/cmake)
[1.323s] -- Found OpenSSL: /usr/lib/x86_64-linux-gnu/libcrypto.so (found version "3.0.13")  
[1.356s] -- Found FastRTPS: /opt/ros/jazzy/include (Required is at least version "2.13") 
[1.396s] -- Using RMW implementation 'rmw_fastrtps_cpp' as default
[1.506s] -- Found std_msgs: 5.3.6 (/opt/ros/jazzy/share/std_msgs/cmake)
[1.529s] -- Found geometry_msgs: 5.3.6 (/opt/ros/jazzy/share/geometry_msgs/cmake)
[1.557s] -- Found ament_lint_auto: 0.17.2 (/opt/ros/jazzy/share/ament_lint_auto/cmake)
[1.716s] -- Added test 'cppcheck' to perform static code analysis on C / C++ code
[1.716s] -- Configured cppcheck include dirs: 
[1.716s] -- Configured cppcheck exclude dirs and/or files: 
[1.717s] -- Added test 'lint_cmake' to check CMake code style
[1.718s] -- Added test 'uncrustify' to check C / C++ code style
[1.718s] -- Configured uncrustify additional arguments: 
[1.719s] -- Added test 'xmllint' to check XML markup files
[1.721s] -- Configuring done (1.7s)
[1.735s] -- Generating done (0.0s)
[1.740s] -- Build files have been written to: /home/teemty/B-spline-demo/demo_ws/build/cpp_bs_demo
[1.754s] Invoked command in '/home/teemty/B-spline-demo/demo_ws/build/cpp_bs_demo' returned '0': CMAKE_PREFIX_PATH=${CMAKE_PREFIX_PATH}:/opt/ros/jazzy DEBUGINFOD_URLS=https://debuginfod.ubuntu.com /usr/bin/cmake /home/teemty/B-spline-demo/demo_ws/src/cpp_bs_demo -DCMAKE_INSTALL_PREFIX=/home/teemty/B-spline-demo/demo_ws/install/cpp_bs_demo
[1.757s] Invoking command in '/home/teemty/B-spline-demo/demo_ws/build/cpp_bs_demo': CMAKE_PREFIX_PATH=${CMAKE_PREFIX_PATH}:/opt/ros/jazzy DEBUGINFOD_URLS=https://debuginfod.ubuntu.com /usr/bin/cmake --build /home/teemty/B-spline-demo/demo_ws/build/cpp_bs_demo -- -j8 -l8
[1.848s] [ 50%] [32mBuilding CXX object CMakeFiles/point_generator.dir/src/publisher.cpp.o[0m
[7.787s] [100%] [32m[1mLinking CXX executable point_generator[0m
[8.040s] [100%] Built target point_generator
[8.058s] Invoked command in '/home/teemty/B-spline-demo/demo_ws/build/cpp_bs_demo' returned '0': CMAKE_PREFIX_PATH=${CMAKE_PREFIX_PATH}:/opt/ros/jazzy DEBUGINFOD_URLS=https://debuginfod.ubuntu.com /usr/bin/cmake --build /home/teemty/B-spline-demo/demo_ws/build/cpp_bs_demo -- -j8 -l8
[8.074s] Invoking command in '/home/teemty/B-spline-demo/demo_ws/build/cpp_bs_demo': CMAKE_PREFIX_PATH=${CMAKE_PREFIX_PATH}:/opt/ros/jazzy DEBUGINFOD_URLS=https://debuginfod.ubuntu.com /usr/bin/cmake --install /home/teemty/B-spline-demo/demo_ws/build/cpp_bs_demo
[8.086s] -- Install configuration: ""
[8.086s] -- Installing: /home/teemty/B-spline-demo/demo_ws/install/cpp_bs_demo/lib/cpp_bs_demo/point_generator
[8.088s] -- Set non-toolchain portion of runtime path of "/home/teemty/B-spline-demo/demo_ws/install/cpp_bs_demo/lib/cpp_bs_demo/point_generator" to ""
[8.088s] -- Installing: /home/teemty/B-spline-demo/demo_ws/install/cpp_bs_demo/share/ament_index/resource_index/package_run_dependencies/cpp_bs_demo
[8.088s] -- Installing: /home/teemty/B-spline-demo/demo_ws/install/cpp_bs_demo/share/ament_index/resource_index/parent_prefix_path/cpp_bs_demo
[8.088s] -- Installing: /home/teemty/B-spline-demo/demo_ws/install/cpp_bs_demo/share/cpp_bs_demo/environment/ament_prefix_path.sh
[8.088s] -- Installing: /home/teemty/B-spline-demo/demo_ws/install/cpp_bs_demo/share/cpp_bs_demo/environment/ament_prefix_path.dsv
[8.088s] -- Installing: /home/teemty/B-spline-demo/demo_ws/install/cpp_bs_demo/share/cpp_bs_demo/environment/path.sh
[8.088s] -- Installing: /home/teemty/B-spline-demo/demo_ws/install/cpp_bs_demo/share/cpp_bs_demo/environment/path.dsv
[8.088s] -- Installing: /home/teemty/B-spline-demo/demo_ws/install/cpp_bs_demo/share/cpp_bs_demo/local_setup.bash
[8.089s] -- Installing: /home/teemty/B-spline-demo/demo_ws/install/cpp_bs_demo/share/cpp_bs_demo/local_setup.sh
[8.089s] -- Installing: /home/teemty/B-spline-demo/demo_ws/install/cpp_bs_demo/share/cpp_bs_demo/local_setup.zsh
[8.089s] -- Installing: /home/teemty/B-spline-demo/demo_ws/install/cpp_bs_demo/share/cpp_bs_demo/local_setup.dsv
[8.089s] -- Installing: /home/teemty/B-spline-demo/demo_ws/install/cpp_bs_demo/share/cpp_bs_demo/package.dsv
[8.089s] -- Installing: /home/teemty/B-spline-demo/demo_ws/install/cpp_bs_demo/share/ament_index/resource_index/packages/cpp_bs_demo
[8.089s] -- Installing: /home/teemty/B-spline-demo/demo_ws/install/cpp_bs_demo/share/cpp_bs_demo/cmake/cpp_bs_demoConfig.cmake
[8.089s] -- Installing: /home/teemty/B-spline-demo/demo_ws/install/cpp_bs_demo/share/cpp_bs_demo/cmake/cpp_bs_demoConfig-version.cmake
[8.089s] -- Installing: /home/teemty/B-spline-demo/demo_ws/install/cpp_bs_demo/share/cpp_bs_demo/package.xml
[8.092s] Invoked command in '/home/teemty/B-spline-demo/demo_ws/build/cpp_bs_demo' returned '0': CMAKE_PREFIX_PATH=${CMAKE_PREFIX_PATH}:/opt/ros/jazzy DEBUGINFOD_URLS=https://debuginfod.ubuntu.com /usr/bin/cmake --install /home/teemty/B-spline-demo/demo_ws/build/cpp_bs_demo
