[0.048s] DEBUG:colcon:Command line arguments: ['/usr/bin/colcon', 'build']
[0.048s] DEBUG:colcon:Parsed command line arguments: Namespace(log_base=None, log_level=None, verb_name='build', build_base='build', install_base='install', merge_install=False, symlink_install=False, test_result_base=None, continue_on_error=False, executor='parallel', parallel_workers=8, event_handlers=None, ignore_user_meta=False, metas=['./colcon.meta'], base_paths=['.'], packages_ignore=None, packages_ignore_regex=None, paths=None, packages_up_to=None, packages_up_to_regex=None, packages_above=None, packages_above_and_dependencies=None, packages_above_depth=None, packages_select_by_dep=None, packages_skip_by_dep=None, packages_skip_up_to=None, packages_select_build_failed=False, packages_skip_build_finished=False, packages_select_test_failures=False, packages_skip_test_passed=False, packages_select=None, packages_skip=None, packages_select_regex=None, packages_skip_regex=None, packages_start=None, packages_end=None, allow_overriding=[], cmake_args=None, cmake_target=None, cmake_target_skip_unavailable=False, cmake_clean_cache=False, cmake_clean_first=False, cmake_force_configure=False, ament_cmake_args=None, catkin_cmake_args=None, catkin_skip_building_tests=False, verb_parser=<colcon_defaults.argument_parser.defaults.DefaultArgumentsDecorator object at 0x760e95564cb0>, verb_extension=<colcon_core.verb.build.BuildVerb object at 0x760e95564bc0>, main=<bound method BuildVerb.main of <colcon_core.verb.build.BuildVerb object at 0x760e95564bc0>>)
[0.067s] Level 1:colcon.colcon_core.package_discovery:discover_packages(colcon_meta) check parameters
[0.067s] Level 1:colcon.colcon_core.package_discovery:discover_packages(recursive) check parameters
[0.067s] Level 1:colcon.colcon_core.package_discovery:discover_packages(ignore) check parameters
[0.067s] Level 1:colcon.colcon_core.package_discovery:discover_packages(path) check parameters
[0.067s] Level 1:colcon.colcon_core.package_discovery:discover_packages(colcon_meta) discover
[0.067s] Level 1:colcon.colcon_core.package_discovery:discover_packages(recursive) discover
[0.067s] INFO:colcon.colcon_core.package_discovery:Crawling recursively for packages in '/home/teemty/B-spline-demo/demo_ws'
[0.067s] Level 1:colcon.colcon_core.package_identification:_identify(.) by extensions ['ignore', 'ignore_ament_install']
[0.067s] Level 1:colcon.colcon_core.package_identification:_identify(.) by extension 'ignore'
[0.067s] Level 1:colcon.colcon_core.package_identification:_identify(.) by extension 'ignore_ament_install'
[0.067s] Level 1:colcon.colcon_core.package_identification:_identify(.) by extensions ['colcon_pkg']
[0.067s] Level 1:colcon.colcon_core.package_identification:_identify(.) by extension 'colcon_pkg'
[0.067s] Level 1:colcon.colcon_core.package_identification:_identify(.) by extensions ['colcon_meta']
[0.067s] Level 1:colcon.colcon_core.package_identification:_identify(.) by extension 'colcon_meta'
[0.067s] Level 1:colcon.colcon_core.package_identification:_identify(.) by extensions ['ros']
[0.067s] Level 1:colcon.colcon_core.package_identification:_identify(.) by extension 'ros'
[0.080s] Level 1:colcon.colcon_core.package_identification:_identify(.) by extensions ['cmake', 'python']
[0.080s] Level 1:colcon.colcon_core.package_identification:_identify(.) by extension 'cmake'
[0.080s] Level 1:colcon.colcon_core.package_identification:_identify(.) by extension 'python'
[0.080s] Level 1:colcon.colcon_core.package_identification:_identify(.) by extensions ['python_setup_py']
[0.080s] Level 1:colcon.colcon_core.package_identification:_identify(.) by extension 'python_setup_py'
[0.081s] Level 1:colcon.colcon_core.package_identification:_identify(build) by extensions ['ignore', 'ignore_ament_install']
[0.081s] Level 1:colcon.colcon_core.package_identification:_identify(build) by extension 'ignore'
[0.081s] Level 1:colcon.colcon_core.package_identification:_identify(build) ignored
[0.081s] Level 1:colcon.colcon_core.package_identification:_identify(install) by extensions ['ignore', 'ignore_ament_install']
[0.081s] Level 1:colcon.colcon_core.package_identification:_identify(install) by extension 'ignore'
[0.081s] Level 1:colcon.colcon_core.package_identification:_identify(install) ignored
[0.081s] Level 1:colcon.colcon_core.package_identification:_identify(log) by extensions ['ignore', 'ignore_ament_install']
[0.081s] Level 1:colcon.colcon_core.package_identification:_identify(log) by extension 'ignore'
[0.081s] Level 1:colcon.colcon_core.package_identification:_identify(log) ignored
[0.081s] Level 1:colcon.colcon_core.package_identification:_identify(src) by extensions ['ignore', 'ignore_ament_install']
[0.081s] Level 1:colcon.colcon_core.package_identification:_identify(src) by extension 'ignore'
[0.081s] Level 1:colcon.colcon_core.package_identification:_identify(src) by extension 'ignore_ament_install'
[0.081s] Level 1:colcon.colcon_core.package_identification:_identify(src) by extensions ['colcon_pkg']
[0.081s] Level 1:colcon.colcon_core.package_identification:_identify(src) by extension 'colcon_pkg'
[0.081s] Level 1:colcon.colcon_core.package_identification:_identify(src) by extensions ['colcon_meta']
[0.081s] Level 1:colcon.colcon_core.package_identification:_identify(src) by extension 'colcon_meta'
[0.081s] Level 1:colcon.colcon_core.package_identification:_identify(src) by extensions ['ros']
[0.081s] Level 1:colcon.colcon_core.package_identification:_identify(src) by extension 'ros'
[0.081s] Level 1:colcon.colcon_core.package_identification:_identify(src) by extensions ['cmake', 'python']
[0.081s] Level 1:colcon.colcon_core.package_identification:_identify(src) by extension 'cmake'
[0.081s] Level 1:colcon.colcon_core.package_identification:_identify(src) by extension 'python'
[0.081s] Level 1:colcon.colcon_core.package_identification:_identify(src) by extensions ['python_setup_py']
[0.081s] Level 1:colcon.colcon_core.package_identification:_identify(src) by extension 'python_setup_py'
[0.081s] Level 1:colcon.colcon_core.package_identification:_identify(src/cpp_bs_demo) by extensions ['ignore', 'ignore_ament_install']
[0.081s] Level 1:colcon.colcon_core.package_identification:_identify(src/cpp_bs_demo) by extension 'ignore'
[0.081s] Level 1:colcon.colcon_core.package_identification:_identify(src/cpp_bs_demo) by extension 'ignore_ament_install'
[0.081s] Level 1:colcon.colcon_core.package_identification:_identify(src/cpp_bs_demo) by extensions ['colcon_pkg']
[0.081s] Level 1:colcon.colcon_core.package_identification:_identify(src/cpp_bs_demo) by extension 'colcon_pkg'
[0.081s] Level 1:colcon.colcon_core.package_identification:_identify(src/cpp_bs_demo) by extensions ['colcon_meta']
[0.081s] Level 1:colcon.colcon_core.package_identification:_identify(src/cpp_bs_demo) by extension 'colcon_meta'
[0.081s] Level 1:colcon.colcon_core.package_identification:_identify(src/cpp_bs_demo) by extensions ['ros']
[0.081s] Level 1:colcon.colcon_core.package_identification:_identify(src/cpp_bs_demo) by extension 'ros'
[0.083s] DEBUG:colcon.colcon_core.package_identification:Package 'src/cpp_bs_demo' with type 'ros.ament_cmake' and name 'cpp_bs_demo'
[0.083s] Level 1:colcon.colcon_core.package_identification:_identify(src/cpp_bs_demo_interfaces) by extensions ['ignore', 'ignore_ament_install']
[0.083s] Level 1:colcon.colcon_core.package_identification:_identify(src/cpp_bs_demo_interfaces) by extension 'ignore'
[0.083s] Level 1:colcon.colcon_core.package_identification:_identify(src/cpp_bs_demo_interfaces) by extension 'ignore_ament_install'
[0.083s] Level 1:colcon.colcon_core.package_identification:_identify(src/cpp_bs_demo_interfaces) by extensions ['colcon_pkg']
[0.083s] Level 1:colcon.colcon_core.package_identification:_identify(src/cpp_bs_demo_interfaces) by extension 'colcon_pkg'
[0.083s] Level 1:colcon.colcon_core.package_identification:_identify(src/cpp_bs_demo_interfaces) by extensions ['colcon_meta']
[0.083s] Level 1:colcon.colcon_core.package_identification:_identify(src/cpp_bs_demo_interfaces) by extension 'colcon_meta'
[0.083s] Level 1:colcon.colcon_core.package_identification:_identify(src/cpp_bs_demo_interfaces) by extensions ['ros']
[0.083s] Level 1:colcon.colcon_core.package_identification:_identify(src/cpp_bs_demo_interfaces) by extension 'ros'
[0.083s] DEBUG:colcon.colcon_core.package_identification:Package 'src/cpp_bs_demo_interfaces' with type 'ros.ament_cmake' and name 'cpp_bs_demo_interfaces'
[0.083s] Level 1:colcon.colcon_core.package_discovery:discover_packages(recursive) using defaults
[0.083s] Level 1:colcon.colcon_core.package_discovery:discover_packages(ignore) discover
[0.083s] Level 1:colcon.colcon_core.package_discovery:discover_packages(ignore) using defaults
[0.083s] Level 1:colcon.colcon_core.package_discovery:discover_packages(path) discover
[0.083s] Level 1:colcon.colcon_core.package_discovery:discover_packages(path) using defaults
[0.094s] Level 1:colcon.colcon_core.package_discovery:discover_packages(prefix_path) check parameters
[0.094s] Level 1:colcon.colcon_core.package_discovery:discover_packages(prefix_path) discover
[0.095s] DEBUG:colcon.colcon_installed_package_information.package_discovery:Found 2 installed packages in /home/teemty/B-spline-demo/demo_ws/install
[0.096s] DEBUG:colcon.colcon_installed_package_information.package_discovery:Found 258 installed packages in /opt/ros/jazzy
[0.096s] Level 1:colcon.colcon_core.package_discovery:discover_packages(prefix_path) using defaults
[0.113s] Level 5:colcon.colcon_core.verb:set package 'cpp_bs_demo_interfaces' build argument 'cmake_args' from command line to 'None'
[0.114s] Level 5:colcon.colcon_core.verb:set package 'cpp_bs_demo_interfaces' build argument 'cmake_target' from command line to 'None'
[0.114s] Level 5:colcon.colcon_core.verb:set package 'cpp_bs_demo_interfaces' build argument 'cmake_target_skip_unavailable' from command line to 'False'
[0.114s] Level 5:colcon.colcon_core.verb:set package 'cpp_bs_demo_interfaces' build argument 'cmake_clean_cache' from command line to 'False'
[0.114s] Level 5:colcon.colcon_core.verb:set package 'cpp_bs_demo_interfaces' build argument 'cmake_clean_first' from command line to 'False'
[0.114s] Level 5:colcon.colcon_core.verb:set package 'cpp_bs_demo_interfaces' build argument 'cmake_force_configure' from command line to 'False'
[0.114s] Level 5:colcon.colcon_core.verb:set package 'cpp_bs_demo_interfaces' build argument 'ament_cmake_args' from command line to 'None'
[0.114s] Level 5:colcon.colcon_core.verb:set package 'cpp_bs_demo_interfaces' build argument 'catkin_cmake_args' from command line to 'None'
[0.114s] Level 5:colcon.colcon_core.verb:set package 'cpp_bs_demo_interfaces' build argument 'catkin_skip_building_tests' from command line to 'False'
[0.114s] DEBUG:colcon.colcon_core.verb:Building package 'cpp_bs_demo_interfaces' with the following arguments: {'ament_cmake_args': None, 'build_base': '/home/teemty/B-spline-demo/demo_ws/build/cpp_bs_demo_interfaces', 'catkin_cmake_args': None, 'catkin_skip_building_tests': False, 'cmake_args': None, 'cmake_clean_cache': False, 'cmake_clean_first': False, 'cmake_force_configure': False, 'cmake_target': None, 'cmake_target_skip_unavailable': False, 'install_base': '/home/teemty/B-spline-demo/demo_ws/install/cpp_bs_demo_interfaces', 'merge_install': False, 'path': '/home/teemty/B-spline-demo/demo_ws/src/cpp_bs_demo_interfaces', 'symlink_install': False, 'test_result_base': None}
[0.114s] Level 5:colcon.colcon_core.verb:set package 'cpp_bs_demo' build argument 'cmake_args' from command line to 'None'
[0.114s] Level 5:colcon.colcon_core.verb:set package 'cpp_bs_demo' build argument 'cmake_target' from command line to 'None'
[0.114s] Level 5:colcon.colcon_core.verb:set package 'cpp_bs_demo' build argument 'cmake_target_skip_unavailable' from command line to 'False'
[0.114s] Level 5:colcon.colcon_core.verb:set package 'cpp_bs_demo' build argument 'cmake_clean_cache' from command line to 'False'
[0.114s] Level 5:colcon.colcon_core.verb:set package 'cpp_bs_demo' build argument 'cmake_clean_first' from command line to 'False'
[0.114s] Level 5:colcon.colcon_core.verb:set package 'cpp_bs_demo' build argument 'cmake_force_configure' from command line to 'False'
[0.114s] Level 5:colcon.colcon_core.verb:set package 'cpp_bs_demo' build argument 'ament_cmake_args' from command line to 'None'
[0.114s] Level 5:colcon.colcon_core.verb:set package 'cpp_bs_demo' build argument 'catkin_cmake_args' from command line to 'None'
[0.114s] Level 5:colcon.colcon_core.verb:set package 'cpp_bs_demo' build argument 'catkin_skip_building_tests' from command line to 'False'
[0.114s] DEBUG:colcon.colcon_core.verb:Building package 'cpp_bs_demo' with the following arguments: {'ament_cmake_args': None, 'build_base': '/home/teemty/B-spline-demo/demo_ws/build/cpp_bs_demo', 'catkin_cmake_args': None, 'catkin_skip_building_tests': False, 'cmake_args': None, 'cmake_clean_cache': False, 'cmake_clean_first': False, 'cmake_force_configure': False, 'cmake_target': None, 'cmake_target_skip_unavailable': False, 'install_base': '/home/teemty/B-spline-demo/demo_ws/install/cpp_bs_demo', 'merge_install': False, 'path': '/home/teemty/B-spline-demo/demo_ws/src/cpp_bs_demo', 'symlink_install': False, 'test_result_base': None}
[0.114s] INFO:colcon.colcon_core.executor:Executing jobs using 'parallel' executor
[0.115s] DEBUG:colcon.colcon_parallel_executor.executor.parallel:run_until_complete
[0.115s] INFO:colcon.colcon_ros.task.ament_cmake.build:Building ROS package in '/home/teemty/B-spline-demo/demo_ws/src/cpp_bs_demo_interfaces' with build type 'ament_cmake'
[0.115s] INFO:colcon.colcon_cmake.task.cmake.build:Building CMake package in '/home/teemty/B-spline-demo/demo_ws/src/cpp_bs_demo_interfaces'
[0.116s] INFO:colcon.colcon_core.plugin_system:Skipping extension 'colcon_core.shell.bat': Not used on non-Windows systems
[0.116s] INFO:colcon.colcon_core.shell:Skip shell extension 'powershell' for command environment: Not usable outside of PowerShell
[0.116s] DEBUG:colcon.colcon_core.shell:Skip shell extension 'dsv' for command environment
[0.120s] DEBUG:colcon.colcon_core.event_handler.log_command:Invoking command in '/home/teemty/B-spline-demo/demo_ws/build/cpp_bs_demo_interfaces': CMAKE_PREFIX_PATH=${CMAKE_PREFIX_PATH}:/opt/ros/jazzy DEBUGINFOD_URLS=https://debuginfod.ubuntu.com /usr/bin/cmake --build /home/teemty/B-spline-demo/demo_ws/build/cpp_bs_demo_interfaces -- -j8 -l8
[0.318s] DEBUG:colcon.colcon_core.event_handler.log_command:Invoked command in '/home/teemty/B-spline-demo/demo_ws/build/cpp_bs_demo_interfaces' returned '0': CMAKE_PREFIX_PATH=${CMAKE_PREFIX_PATH}:/opt/ros/jazzy DEBUGINFOD_URLS=https://debuginfod.ubuntu.com /usr/bin/cmake --build /home/teemty/B-spline-demo/demo_ws/build/cpp_bs_demo_interfaces -- -j8 -l8
[0.326s] DEBUG:colcon.colcon_core.event_handler.log_command:Invoking command in '/home/teemty/B-spline-demo/demo_ws/build/cpp_bs_demo_interfaces': CMAKE_PREFIX_PATH=${CMAKE_PREFIX_PATH}:/opt/ros/jazzy DEBUGINFOD_URLS=https://debuginfod.ubuntu.com /usr/bin/cmake --install /home/teemty/B-spline-demo/demo_ws/build/cpp_bs_demo_interfaces
[0.360s] Level 1:colcon.colcon_core.environment:create_environment_scripts_only(cpp_bs_demo_interfaces)
[0.361s] DEBUG:colcon.colcon_core.event_handler.log_command:Invoked command in '/home/teemty/B-spline-demo/demo_ws/build/cpp_bs_demo_interfaces' returned '0': CMAKE_PREFIX_PATH=${CMAKE_PREFIX_PATH}:/opt/ros/jazzy DEBUGINFOD_URLS=https://debuginfod.ubuntu.com /usr/bin/cmake --install /home/teemty/B-spline-demo/demo_ws/build/cpp_bs_demo_interfaces
[0.362s] Level 1:colcon.colcon_core.environment:checking '/home/teemty/B-spline-demo/demo_ws/install/cpp_bs_demo_interfaces' for CMake module files
[0.362s] Level 1:colcon.colcon_core.environment:checking '/home/teemty/B-spline-demo/demo_ws/install/cpp_bs_demo_interfaces' for CMake config files
[0.362s] Level 1:colcon.colcon_core.shell:create_environment_hook('cpp_bs_demo_interfaces', 'cmake_prefix_path')
[0.362s] INFO:colcon.colcon_core.shell:Creating environment hook '/home/teemty/B-spline-demo/demo_ws/install/cpp_bs_demo_interfaces/share/cpp_bs_demo_interfaces/hook/cmake_prefix_path.ps1'
[0.363s] INFO:colcon.colcon_core.shell:Creating environment descriptor '/home/teemty/B-spline-demo/demo_ws/install/cpp_bs_demo_interfaces/share/cpp_bs_demo_interfaces/hook/cmake_prefix_path.dsv'
[0.363s] INFO:colcon.colcon_core.shell:Creating environment hook '/home/teemty/B-spline-demo/demo_ws/install/cpp_bs_demo_interfaces/share/cpp_bs_demo_interfaces/hook/cmake_prefix_path.sh'
[0.363s] Level 1:colcon.colcon_core.environment:checking '/home/teemty/B-spline-demo/demo_ws/install/cpp_bs_demo_interfaces/lib'
[0.363s] Level 1:colcon.colcon_core.shell:create_environment_hook('cpp_bs_demo_interfaces', 'ld_library_path_lib')
[0.363s] INFO:colcon.colcon_core.shell:Creating environment hook '/home/teemty/B-spline-demo/demo_ws/install/cpp_bs_demo_interfaces/share/cpp_bs_demo_interfaces/hook/ld_library_path_lib.ps1'
[0.364s] INFO:colcon.colcon_core.shell:Creating environment descriptor '/home/teemty/B-spline-demo/demo_ws/install/cpp_bs_demo_interfaces/share/cpp_bs_demo_interfaces/hook/ld_library_path_lib.dsv'
[0.364s] INFO:colcon.colcon_core.shell:Creating environment hook '/home/teemty/B-spline-demo/demo_ws/install/cpp_bs_demo_interfaces/share/cpp_bs_demo_interfaces/hook/ld_library_path_lib.sh'
[0.364s] Level 1:colcon.colcon_core.environment:checking '/home/teemty/B-spline-demo/demo_ws/install/cpp_bs_demo_interfaces/bin'
[0.364s] Level 1:colcon.colcon_core.environment:checking '/home/teemty/B-spline-demo/demo_ws/install/cpp_bs_demo_interfaces/lib/pkgconfig/cpp_bs_demo_interfaces.pc'
[0.364s] Level 1:colcon.colcon_core.environment:checking '/home/teemty/B-spline-demo/demo_ws/install/cpp_bs_demo_interfaces/lib/python3.12/site-packages'
[0.364s] Level 1:colcon.colcon_core.shell:create_environment_hook('cpp_bs_demo_interfaces', 'pythonpath')
[0.364s] INFO:colcon.colcon_core.shell:Creating environment hook '/home/teemty/B-spline-demo/demo_ws/install/cpp_bs_demo_interfaces/share/cpp_bs_demo_interfaces/hook/pythonpath.ps1'
[0.365s] INFO:colcon.colcon_core.shell:Creating environment descriptor '/home/teemty/B-spline-demo/demo_ws/install/cpp_bs_demo_interfaces/share/cpp_bs_demo_interfaces/hook/pythonpath.dsv'
[0.365s] INFO:colcon.colcon_core.shell:Creating environment hook '/home/teemty/B-spline-demo/demo_ws/install/cpp_bs_demo_interfaces/share/cpp_bs_demo_interfaces/hook/pythonpath.sh'
[0.365s] Level 1:colcon.colcon_core.environment:checking '/home/teemty/B-spline-demo/demo_ws/install/cpp_bs_demo_interfaces/bin'
[0.365s] INFO:colcon.colcon_core.shell:Creating package script '/home/teemty/B-spline-demo/demo_ws/install/cpp_bs_demo_interfaces/share/cpp_bs_demo_interfaces/package.ps1'
[0.365s] INFO:colcon.colcon_core.shell:Creating package descriptor '/home/teemty/B-spline-demo/demo_ws/install/cpp_bs_demo_interfaces/share/cpp_bs_demo_interfaces/package.dsv'
[0.366s] INFO:colcon.colcon_core.shell:Creating package script '/home/teemty/B-spline-demo/demo_ws/install/cpp_bs_demo_interfaces/share/cpp_bs_demo_interfaces/package.sh'
[0.366s] INFO:colcon.colcon_core.shell:Creating package script '/home/teemty/B-spline-demo/demo_ws/install/cpp_bs_demo_interfaces/share/cpp_bs_demo_interfaces/package.bash'
[0.366s] INFO:colcon.colcon_core.shell:Creating package script '/home/teemty/B-spline-demo/demo_ws/install/cpp_bs_demo_interfaces/share/cpp_bs_demo_interfaces/package.zsh'
[0.366s] Level 1:colcon.colcon_core.environment:create_file_with_runtime_dependencies(/home/teemty/B-spline-demo/demo_ws/install/cpp_bs_demo_interfaces/share/colcon-core/packages/cpp_bs_demo_interfaces)
[0.367s] Level 1:colcon.colcon_core.environment:create_environment_scripts_only(cpp_bs_demo_interfaces)
[0.367s] Level 1:colcon.colcon_core.environment:checking '/home/teemty/B-spline-demo/demo_ws/install/cpp_bs_demo_interfaces' for CMake module files
[0.367s] Level 1:colcon.colcon_core.environment:checking '/home/teemty/B-spline-demo/demo_ws/install/cpp_bs_demo_interfaces' for CMake config files
[0.367s] Level 1:colcon.colcon_core.shell:create_environment_hook('cpp_bs_demo_interfaces', 'cmake_prefix_path')
[0.367s] INFO:colcon.colcon_core.shell:Creating environment hook '/home/teemty/B-spline-demo/demo_ws/install/cpp_bs_demo_interfaces/share/cpp_bs_demo_interfaces/hook/cmake_prefix_path.ps1'
[0.367s] INFO:colcon.colcon_core.shell:Creating environment descriptor '/home/teemty/B-spline-demo/demo_ws/install/cpp_bs_demo_interfaces/share/cpp_bs_demo_interfaces/hook/cmake_prefix_path.dsv'
[0.368s] INFO:colcon.colcon_core.shell:Creating environment hook '/home/teemty/B-spline-demo/demo_ws/install/cpp_bs_demo_interfaces/share/cpp_bs_demo_interfaces/hook/cmake_prefix_path.sh'
[0.368s] Level 1:colcon.colcon_core.environment:checking '/home/teemty/B-spline-demo/demo_ws/install/cpp_bs_demo_interfaces/lib'
[0.368s] Level 1:colcon.colcon_core.shell:create_environment_hook('cpp_bs_demo_interfaces', 'ld_library_path_lib')
[0.368s] INFO:colcon.colcon_core.shell:Creating environment hook '/home/teemty/B-spline-demo/demo_ws/install/cpp_bs_demo_interfaces/share/cpp_bs_demo_interfaces/hook/ld_library_path_lib.ps1'
[0.368s] INFO:colcon.colcon_core.shell:Creating environment descriptor '/home/teemty/B-spline-demo/demo_ws/install/cpp_bs_demo_interfaces/share/cpp_bs_demo_interfaces/hook/ld_library_path_lib.dsv'
[0.368s] INFO:colcon.colcon_core.shell:Creating environment hook '/home/teemty/B-spline-demo/demo_ws/install/cpp_bs_demo_interfaces/share/cpp_bs_demo_interfaces/hook/ld_library_path_lib.sh'
[0.369s] Level 1:colcon.colcon_core.environment:checking '/home/teemty/B-spline-demo/demo_ws/install/cpp_bs_demo_interfaces/bin'
[0.369s] Level 1:colcon.colcon_core.environment:checking '/home/teemty/B-spline-demo/demo_ws/install/cpp_bs_demo_interfaces/lib/pkgconfig/cpp_bs_demo_interfaces.pc'
[0.369s] Level 1:colcon.colcon_core.environment:checking '/home/teemty/B-spline-demo/demo_ws/install/cpp_bs_demo_interfaces/lib/python3.12/site-packages'
[0.369s] Level 1:colcon.colcon_core.shell:create_environment_hook('cpp_bs_demo_interfaces', 'pythonpath')
[0.369s] INFO:colcon.colcon_core.shell:Creating environment hook '/home/teemty/B-spline-demo/demo_ws/install/cpp_bs_demo_interfaces/share/cpp_bs_demo_interfaces/hook/pythonpath.ps1'
[0.369s] INFO:colcon.colcon_core.shell:Creating environment descriptor '/home/teemty/B-spline-demo/demo_ws/install/cpp_bs_demo_interfaces/share/cpp_bs_demo_interfaces/hook/pythonpath.dsv'
[0.369s] INFO:colcon.colcon_core.shell:Creating environment hook '/home/teemty/B-spline-demo/demo_ws/install/cpp_bs_demo_interfaces/share/cpp_bs_demo_interfaces/hook/pythonpath.sh'
[0.369s] Level 1:colcon.colcon_core.environment:checking '/home/teemty/B-spline-demo/demo_ws/install/cpp_bs_demo_interfaces/bin'
[0.369s] INFO:colcon.colcon_core.shell:Creating package script '/home/teemty/B-spline-demo/demo_ws/install/cpp_bs_demo_interfaces/share/cpp_bs_demo_interfaces/package.ps1'
[0.370s] INFO:colcon.colcon_core.shell:Creating package descriptor '/home/teemty/B-spline-demo/demo_ws/install/cpp_bs_demo_interfaces/share/cpp_bs_demo_interfaces/package.dsv'
[0.370s] INFO:colcon.colcon_core.shell:Creating package script '/home/teemty/B-spline-demo/demo_ws/install/cpp_bs_demo_interfaces/share/cpp_bs_demo_interfaces/package.sh'
[0.370s] INFO:colcon.colcon_core.shell:Creating package script '/home/teemty/B-spline-demo/demo_ws/install/cpp_bs_demo_interfaces/share/cpp_bs_demo_interfaces/package.bash'
[0.370s] INFO:colcon.colcon_core.shell:Creating package script '/home/teemty/B-spline-demo/demo_ws/install/cpp_bs_demo_interfaces/share/cpp_bs_demo_interfaces/package.zsh'
[0.370s] Level 1:colcon.colcon_core.environment:create_file_with_runtime_dependencies(/home/teemty/B-spline-demo/demo_ws/install/cpp_bs_demo_interfaces/share/colcon-core/packages/cpp_bs_demo_interfaces)
[0.371s] INFO:colcon.colcon_ros.task.ament_cmake.build:Building ROS package in '/home/teemty/B-spline-demo/demo_ws/src/cpp_bs_demo' with build type 'ament_cmake'
[0.371s] INFO:colcon.colcon_cmake.task.cmake.build:Building CMake package in '/home/teemty/B-spline-demo/demo_ws/src/cpp_bs_demo'
[0.371s] INFO:colcon.colcon_core.shell:Skip shell extension 'powershell' for command environment: Not usable outside of PowerShell
[0.371s] DEBUG:colcon.colcon_core.shell:Skip shell extension 'dsv' for command environment
[0.378s] DEBUG:colcon.colcon_core.event_handler.log_command:Invoking command in '/home/teemty/B-spline-demo/demo_ws/build/cpp_bs_demo': CMAKE_PREFIX_PATH=/home/teemty/B-spline-demo/demo_ws/install/cpp_bs_demo_interfaces:/home/teemty/B-spline-demo/demo_ws/install/cpp_bs_demo:/opt/ros/jazzy/opt/gz_math_vendor:/opt/ros/jazzy/opt/gz_utils_vendor:/opt/ros/jazzy/opt/gz_cmake_vendor:/opt/ros/jazzy DEBUGINFOD_URLS=https://debuginfod.ubuntu.com /usr/bin/cmake --build /home/teemty/B-spline-demo/demo_ws/build/cpp_bs_demo -- -j8 -l8
[4.722s] DEBUG:colcon.colcon_core.event_handler.log_command:Invoked command in '/home/teemty/B-spline-demo/demo_ws/build/cpp_bs_demo' returned '0': CMAKE_PREFIX_PATH=/home/teemty/B-spline-demo/demo_ws/install/cpp_bs_demo_interfaces:/home/teemty/B-spline-demo/demo_ws/install/cpp_bs_demo:/opt/ros/jazzy/opt/gz_math_vendor:/opt/ros/jazzy/opt/gz_utils_vendor:/opt/ros/jazzy/opt/gz_cmake_vendor:/opt/ros/jazzy DEBUGINFOD_URLS=https://debuginfod.ubuntu.com /usr/bin/cmake --build /home/teemty/B-spline-demo/demo_ws/build/cpp_bs_demo -- -j8 -l8
[4.723s] DEBUG:colcon.colcon_core.event_handler.log_command:Invoking command in '/home/teemty/B-spline-demo/demo_ws/build/cpp_bs_demo': CMAKE_PREFIX_PATH=/home/teemty/B-spline-demo/demo_ws/install/cpp_bs_demo_interfaces:/home/teemty/B-spline-demo/demo_ws/install/cpp_bs_demo:/opt/ros/jazzy/opt/gz_math_vendor:/opt/ros/jazzy/opt/gz_utils_vendor:/opt/ros/jazzy/opt/gz_cmake_vendor:/opt/ros/jazzy DEBUGINFOD_URLS=https://debuginfod.ubuntu.com /usr/bin/cmake --install /home/teemty/B-spline-demo/demo_ws/build/cpp_bs_demo
[4.730s] Level 1:colcon.colcon_core.environment:create_environment_scripts_only(cpp_bs_demo)
[4.731s] Level 1:colcon.colcon_core.environment:checking '/home/teemty/B-spline-demo/demo_ws/install/cpp_bs_demo' for CMake module files
[4.731s] DEBUG:colcon.colcon_core.event_handler.log_command:Invoked command in '/home/teemty/B-spline-demo/demo_ws/build/cpp_bs_demo' returned '0': CMAKE_PREFIX_PATH=/home/teemty/B-spline-demo/demo_ws/install/cpp_bs_demo_interfaces:/home/teemty/B-spline-demo/demo_ws/install/cpp_bs_demo:/opt/ros/jazzy/opt/gz_math_vendor:/opt/ros/jazzy/opt/gz_utils_vendor:/opt/ros/jazzy/opt/gz_cmake_vendor:/opt/ros/jazzy DEBUGINFOD_URLS=https://debuginfod.ubuntu.com /usr/bin/cmake --install /home/teemty/B-spline-demo/demo_ws/build/cpp_bs_demo
[4.731s] Level 1:colcon.colcon_core.environment:checking '/home/teemty/B-spline-demo/demo_ws/install/cpp_bs_demo' for CMake config files
[4.731s] Level 1:colcon.colcon_core.shell:create_environment_hook('cpp_bs_demo', 'cmake_prefix_path')
[4.731s] INFO:colcon.colcon_core.shell:Creating environment hook '/home/teemty/B-spline-demo/demo_ws/install/cpp_bs_demo/share/cpp_bs_demo/hook/cmake_prefix_path.ps1'
[4.731s] INFO:colcon.colcon_core.shell:Creating environment descriptor '/home/teemty/B-spline-demo/demo_ws/install/cpp_bs_demo/share/cpp_bs_demo/hook/cmake_prefix_path.dsv'
[4.732s] INFO:colcon.colcon_core.shell:Creating environment hook '/home/teemty/B-spline-demo/demo_ws/install/cpp_bs_demo/share/cpp_bs_demo/hook/cmake_prefix_path.sh'
[4.732s] Level 1:colcon.colcon_core.environment:checking '/home/teemty/B-spline-demo/demo_ws/install/cpp_bs_demo/lib'
[4.732s] Level 1:colcon.colcon_core.environment:checking '/home/teemty/B-spline-demo/demo_ws/install/cpp_bs_demo/bin'
[4.732s] Level 1:colcon.colcon_core.environment:checking '/home/teemty/B-spline-demo/demo_ws/install/cpp_bs_demo/lib/pkgconfig/cpp_bs_demo.pc'
[4.732s] Level 1:colcon.colcon_core.environment:checking '/home/teemty/B-spline-demo/demo_ws/install/cpp_bs_demo/lib/python3.12/site-packages'
[4.732s] Level 1:colcon.colcon_core.environment:checking '/home/teemty/B-spline-demo/demo_ws/install/cpp_bs_demo/bin'
[4.732s] INFO:colcon.colcon_core.shell:Creating package script '/home/teemty/B-spline-demo/demo_ws/install/cpp_bs_demo/share/cpp_bs_demo/package.ps1'
[4.732s] INFO:colcon.colcon_core.shell:Creating package descriptor '/home/teemty/B-spline-demo/demo_ws/install/cpp_bs_demo/share/cpp_bs_demo/package.dsv'
[4.733s] INFO:colcon.colcon_core.shell:Creating package script '/home/teemty/B-spline-demo/demo_ws/install/cpp_bs_demo/share/cpp_bs_demo/package.sh'
[4.733s] INFO:colcon.colcon_core.shell:Creating package script '/home/teemty/B-spline-demo/demo_ws/install/cpp_bs_demo/share/cpp_bs_demo/package.bash'
[4.733s] INFO:colcon.colcon_core.shell:Creating package script '/home/teemty/B-spline-demo/demo_ws/install/cpp_bs_demo/share/cpp_bs_demo/package.zsh'
[4.733s] Level 1:colcon.colcon_core.environment:create_file_with_runtime_dependencies(/home/teemty/B-spline-demo/demo_ws/install/cpp_bs_demo/share/colcon-core/packages/cpp_bs_demo)
[4.733s] Level 1:colcon.colcon_core.environment:create_environment_scripts_only(cpp_bs_demo)
[4.733s] Level 1:colcon.colcon_core.environment:checking '/home/teemty/B-spline-demo/demo_ws/install/cpp_bs_demo' for CMake module files
[4.734s] Level 1:colcon.colcon_core.environment:checking '/home/teemty/B-spline-demo/demo_ws/install/cpp_bs_demo' for CMake config files
[4.734s] Level 1:colcon.colcon_core.shell:create_environment_hook('cpp_bs_demo', 'cmake_prefix_path')
[4.734s] INFO:colcon.colcon_core.shell:Creating environment hook '/home/teemty/B-spline-demo/demo_ws/install/cpp_bs_demo/share/cpp_bs_demo/hook/cmake_prefix_path.ps1'
[4.734s] INFO:colcon.colcon_core.shell:Creating environment descriptor '/home/teemty/B-spline-demo/demo_ws/install/cpp_bs_demo/share/cpp_bs_demo/hook/cmake_prefix_path.dsv'
[4.734s] INFO:colcon.colcon_core.shell:Creating environment hook '/home/teemty/B-spline-demo/demo_ws/install/cpp_bs_demo/share/cpp_bs_demo/hook/cmake_prefix_path.sh'
[4.734s] Level 1:colcon.colcon_core.environment:checking '/home/teemty/B-spline-demo/demo_ws/install/cpp_bs_demo/lib'
[4.734s] Level 1:colcon.colcon_core.environment:checking '/home/teemty/B-spline-demo/demo_ws/install/cpp_bs_demo/bin'
[4.734s] Level 1:colcon.colcon_core.environment:checking '/home/teemty/B-spline-demo/demo_ws/install/cpp_bs_demo/lib/pkgconfig/cpp_bs_demo.pc'
[4.734s] Level 1:colcon.colcon_core.environment:checking '/home/teemty/B-spline-demo/demo_ws/install/cpp_bs_demo/lib/python3.12/site-packages'
[4.735s] Level 1:colcon.colcon_core.environment:checking '/home/teemty/B-spline-demo/demo_ws/install/cpp_bs_demo/bin'
[4.735s] INFO:colcon.colcon_core.shell:Creating package script '/home/teemty/B-spline-demo/demo_ws/install/cpp_bs_demo/share/cpp_bs_demo/package.ps1'
[4.735s] INFO:colcon.colcon_core.shell:Creating package descriptor '/home/teemty/B-spline-demo/demo_ws/install/cpp_bs_demo/share/cpp_bs_demo/package.dsv'
[4.735s] INFO:colcon.colcon_core.shell:Creating package script '/home/teemty/B-spline-demo/demo_ws/install/cpp_bs_demo/share/cpp_bs_demo/package.sh'
[4.735s] INFO:colcon.colcon_core.shell:Creating package script '/home/teemty/B-spline-demo/demo_ws/install/cpp_bs_demo/share/cpp_bs_demo/package.bash'
[4.735s] INFO:colcon.colcon_core.shell:Creating package script '/home/teemty/B-spline-demo/demo_ws/install/cpp_bs_demo/share/cpp_bs_demo/package.zsh'
[4.735s] Level 1:colcon.colcon_core.environment:create_file_with_runtime_dependencies(/home/teemty/B-spline-demo/demo_ws/install/cpp_bs_demo/share/colcon-core/packages/cpp_bs_demo)
[4.736s] DEBUG:colcon.colcon_parallel_executor.executor.parallel:closing loop
[4.736s] DEBUG:colcon.colcon_parallel_executor.executor.parallel:loop closed
[4.736s] DEBUG:colcon.colcon_parallel_executor.executor.parallel:run_until_complete finished with '0'
[4.736s] DEBUG:colcon.colcon_core.event_reactor:joining thread
[4.739s] INFO:colcon.colcon_core.plugin_system:Skipping extension 'colcon_notification.desktop_notification.terminal_notifier': Not used on non-Darwin systems
[4.739s] INFO:colcon.colcon_core.plugin_system:Skipping extension 'colcon_notification.desktop_notification.win32': Not used on non-Windows systems
[4.739s] INFO:colcon.colcon_notification.desktop_notification:Sending desktop notification using 'notify2'
[4.746s] DEBUG:colcon.colcon_core.event_reactor:joined thread
[4.747s] INFO:colcon.colcon_core.shell:Creating prefix script '/home/teemty/B-spline-demo/demo_ws/install/local_setup.ps1'
[4.747s] INFO:colcon.colcon_core.shell:Creating prefix util module '/home/teemty/B-spline-demo/demo_ws/install/_local_setup_util_ps1.py'
[4.748s] INFO:colcon.colcon_core.shell:Creating prefix chain script '/home/teemty/B-spline-demo/demo_ws/install/setup.ps1'
[4.748s] INFO:colcon.colcon_core.shell:Creating prefix script '/home/teemty/B-spline-demo/demo_ws/install/local_setup.sh'
[4.748s] INFO:colcon.colcon_core.shell:Creating prefix util module '/home/teemty/B-spline-demo/demo_ws/install/_local_setup_util_sh.py'
[4.749s] INFO:colcon.colcon_core.shell:Creating prefix chain script '/home/teemty/B-spline-demo/demo_ws/install/setup.sh'
[4.749s] INFO:colcon.colcon_core.shell:Creating prefix script '/home/teemty/B-spline-demo/demo_ws/install/local_setup.bash'
[4.749s] INFO:colcon.colcon_core.shell:Creating prefix chain script '/home/teemty/B-spline-demo/demo_ws/install/setup.bash'
[4.750s] INFO:colcon.colcon_core.shell:Creating prefix script '/home/teemty/B-spline-demo/demo_ws/install/local_setup.zsh'
[4.750s] INFO:colcon.colcon_core.shell:Creating prefix chain script '/home/teemty/B-spline-demo/demo_ws/install/setup.zsh'
