[0.007s] Invoking command in '/home/teemty/B-spline-demo/demo_ws/build/cpp_bs_demo': CMAKE_PREFIX_PATH=${CMAKE_PREFIX_PATH}:/opt/ros/jazzy DEBUGINFOD_URLS=https://debuginfod.ubuntu.com /usr/bin/cmake /home/teemty/B-spline-demo/demo_ws/src/cpp_bs_demo -DCMAKE_INSTALL_PREFIX=/home/teemty/B-spline-demo/demo_ws/install/cpp_bs_demo
[0.018s] -- Found ament_cmake: 2.5.4 (/opt/ros/jazzy/share/ament_cmake/cmake)
[0.345s] -- Found rclcpp: 28.1.9 (/opt/ros/jazzy/share/rclcpp/cmake)
[0.378s] -- Found rosidl_generator_c: 4.6.5 (/opt/ros/jazzy/share/rosidl_generator_c/cmake)
[0.390s] -- Found rosidl_generator_cpp: 4.6.5 (/opt/ros/jazzy/share/rosidl_generator_cpp/cmake)
[0.404s] -- Using all available rosidl_typesupport_c: rosidl_typesupport_fastrtps_c;rosidl_typesupport_introspection_c
[0.416s] -- Using all available rosidl_typesupport_cpp: rosidl_typesupport_fastrtps_cpp;rosidl_typesupport_introspection_cpp
[0.468s] -- Found rmw_implementation_cmake: 7.3.2 (/opt/ros/jazzy/share/rmw_implementation_cmake/cmake)
[0.469s] -- Found rmw_fastrtps_cpp: 8.4.2 (/opt/ros/jazzy/share/rmw_fastrtps_cpp/cmake)
[0.538s] -- Using RMW implementation 'rmw_fastrtps_cpp' as default
[0.630s] -- Found std_msgs: 5.3.6 (/opt/ros/jazzy/share/std_msgs/cmake)
[0.641s] -- Found geometry_msgs: 5.3.6 (/opt/ros/jazzy/share/geometry_msgs/cmake)
[0.656s] -- Found ament_lint_auto: 0.17.2 (/opt/ros/jazzy/share/ament_lint_auto/cmake)
[0.744s] -- Added test 'cppcheck' to perform static code analysis on C / C++ code
[0.744s] -- Configured cppcheck include dirs: 
[0.744s] -- Configured cppcheck exclude dirs and/or files: 
[0.745s] -- Added test 'lint_cmake' to check CMake code style
[0.746s] -- Added test 'uncrustify' to check C / C++ code style
[0.746s] -- Configured uncrustify additional arguments: 
[0.746s] -- Added test 'xmllint' to check XML markup files
[0.747s] -- Configuring done (0.7s)
[0.755s] -- Generating done (0.0s)
[0.758s] -- Build files have been written to: /home/teemty/B-spline-demo/demo_ws/build/cpp_bs_demo
[0.769s] Invoked command in '/home/teemty/B-spline-demo/demo_ws/build/cpp_bs_demo' returned '0': CMAKE_PREFIX_PATH=${CMAKE_PREFIX_PATH}:/opt/ros/jazzy DEBUGINFOD_URLS=https://debuginfod.ubuntu.com /usr/bin/cmake /home/teemty/B-spline-demo/demo_ws/src/cpp_bs_demo -DCMAKE_INSTALL_PREFIX=/home/teemty/B-spline-demo/demo_ws/install/cpp_bs_demo
[0.770s] Invoking command in '/home/teemty/B-spline-demo/demo_ws/build/cpp_bs_demo': CMAKE_PREFIX_PATH=${CMAKE_PREFIX_PATH}:/opt/ros/jazzy DEBUGINFOD_URLS=https://debuginfod.ubuntu.com /usr/bin/cmake --build /home/teemty/B-spline-demo/demo_ws/build/cpp_bs_demo -- -j8 -l8
[0.858s] [ 50%] [32mBuilding CXX object CMakeFiles/point_generator.dir/src/publisher.cpp.o[0m
[4.097s] [100%] [32m[1mLinking CXX executable point_generator[0m
[4.284s] [100%] Built target point_generator
[4.296s] Invoked command in '/home/teemty/B-spline-demo/demo_ws/build/cpp_bs_demo' returned '0': CMAKE_PREFIX_PATH=${CMAKE_PREFIX_PATH}:/opt/ros/jazzy DEBUGINFOD_URLS=https://debuginfod.ubuntu.com /usr/bin/cmake --build /home/teemty/B-spline-demo/demo_ws/build/cpp_bs_demo -- -j8 -l8
[4.312s] Invoking command in '/home/teemty/B-spline-demo/demo_ws/build/cpp_bs_demo': CMAKE_PREFIX_PATH=${CMAKE_PREFIX_PATH}:/opt/ros/jazzy DEBUGINFOD_URLS=https://debuginfod.ubuntu.com /usr/bin/cmake --install /home/teemty/B-spline-demo/demo_ws/build/cpp_bs_demo
[4.324s] -- Install configuration: ""
[4.324s] -- Installing: /home/teemty/B-spline-demo/demo_ws/install/cpp_bs_demo/lib/cpp_bs_demo/point_generator
[4.325s] -- Set non-toolchain portion of runtime path of "/home/teemty/B-spline-demo/demo_ws/install/cpp_bs_demo/lib/cpp_bs_demo/point_generator" to ""
[4.325s] -- Installing: /home/teemty/B-spline-demo/demo_ws/install/cpp_bs_demo/share/ament_index/resource_index/package_run_dependencies/cpp_bs_demo
[4.325s] -- Installing: /home/teemty/B-spline-demo/demo_ws/install/cpp_bs_demo/share/ament_index/resource_index/parent_prefix_path/cpp_bs_demo
[4.326s] -- Installing: /home/teemty/B-spline-demo/demo_ws/install/cpp_bs_demo/share/cpp_bs_demo/environment/ament_prefix_path.sh
[4.326s] -- Installing: /home/teemty/B-spline-demo/demo_ws/install/cpp_bs_demo/share/cpp_bs_demo/environment/ament_prefix_path.dsv
[4.326s] -- Installing: /home/teemty/B-spline-demo/demo_ws/install/cpp_bs_demo/share/cpp_bs_demo/environment/path.sh
[4.326s] -- Installing: /home/teemty/B-spline-demo/demo_ws/install/cpp_bs_demo/share/cpp_bs_demo/environment/path.dsv
[4.326s] -- Installing: /home/teemty/B-spline-demo/demo_ws/install/cpp_bs_demo/share/cpp_bs_demo/local_setup.bash
[4.326s] -- Installing: /home/teemty/B-spline-demo/demo_ws/install/cpp_bs_demo/share/cpp_bs_demo/local_setup.sh
[4.326s] -- Installing: /home/teemty/B-spline-demo/demo_ws/install/cpp_bs_demo/share/cpp_bs_demo/local_setup.zsh
[4.326s] -- Installing: /home/teemty/B-spline-demo/demo_ws/install/cpp_bs_demo/share/cpp_bs_demo/local_setup.dsv
[4.326s] -- Installing: /home/teemty/B-spline-demo/demo_ws/install/cpp_bs_demo/share/cpp_bs_demo/package.dsv
[4.326s] -- Installing: /home/teemty/B-spline-demo/demo_ws/install/cpp_bs_demo/share/ament_index/resource_index/packages/cpp_bs_demo
[4.326s] -- Installing: /home/teemty/B-spline-demo/demo_ws/install/cpp_bs_demo/share/cpp_bs_demo/cmake/cpp_bs_demoConfig.cmake
[4.327s] -- Installing: /home/teemty/B-spline-demo/demo_ws/install/cpp_bs_demo/share/cpp_bs_demo/cmake/cpp_bs_demoConfig-version.cmake
[4.327s] -- Installing: /home/teemty/B-spline-demo/demo_ws/install/cpp_bs_demo/share/cpp_bs_demo/package.xml
[4.329s] Invoked command in '/home/teemty/B-spline-demo/demo_ws/build/cpp_bs_demo' returned '0': CMAKE_PREFIX_PATH=${CMAKE_PREFIX_PATH}:/opt/ros/jazzy DEBUGINFOD_URLS=https://debuginfod.ubuntu.com /usr/bin/cmake --install /home/teemty/B-spline-demo/demo_ws/build/cpp_bs_demo
