[0.006s] Invoking command in '/home/teemty/B-spline-demo/demo_ws/build/cpp_bs_demo_interfaces': CMAKE_PREFIX_PATH=${CMAKE_PREFIX_PATH}:/opt/ros/jazzy CONDA_PROMPT_MODIFIER=(base) DEBUGINFOD_URLS=https://debuginfod.ubuntu.com /usr/bin/cmake /home/teemty/B-spline-demo/demo_ws/src/cpp_bs_demo_interfaces -DCMAKE_INSTALL_PREFIX=/home/teemty/B-spline-demo/demo_ws/install/cpp_bs_demo_interfaces
[0.058s] -- The C compiler identification is GNU 13.3.0
[0.107s] -- The CXX compiler identification is GNU 13.3.0
[0.119s] -- Detecting C compiler ABI info
[0.229s] -- Detecting C compiler ABI info - done
[0.244s] -- Check for working C compiler: /usr/bin/cc - skipped
[0.244s] -- Detecting C compile features
[0.245s] -- Detecting C compile features - done
[0.259s] -- Detecting CXX compiler ABI info
[0.413s] -- Detecting CXX compiler ABI info - done
[0.418s] -- Check for working CXX compiler: /usr/bin/c++ - skipped
[0.418s] -- Detecting CXX compile features
[0.418s] -- Detecting CXX compile features - done
[0.421s] -- Found ament_cmake: 2.5.4 (/opt/ros/jazzy/share/ament_cmake/cmake)
[0.520s] -- Found Python3: /home/teemty/miniconda3/bin/python3 (found version "3.13.2") found components: Interpreter 
[0.593s] -- Found rosidl_default_generators: 1.6.0 (/opt/ros/jazzy/share/rosidl_default_generators/cmake)
[0.596s] -- Using all available rosidl_typesupport_c: rosidl_typesupport_fastrtps_c;rosidl_typesupport_introspection_c
[0.620s] -- Using all available rosidl_typesupport_cpp: rosidl_typesupport_fastrtps_cpp;rosidl_typesupport_introspection_cpp
[0.639s] -- Found rosidl_adapter: 4.6.5 (/opt/ros/jazzy/share/rosidl_adapter/cmake)
[0.641s] -- Found builtin_interfaces: 2.0.2 (/opt/ros/jazzy/share/builtin_interfaces/cmake)
[0.648s] -- Found geometry_msgs: 5.3.6 (/opt/ros/jazzy/share/geometry_msgs/cmake)
[0.796s] [31mCMake Error at /opt/ros/jazzy/share/rosidl_adapter/cmake/rosidl_adapt_interfaces.cmake:57 (message):
[0.796s]   execute_process(/home/teemty/miniconda3/bin/python3 -m rosidl_adapter
[0.796s]   --package-name cpp_bs_demo_interfaces --arguments-file
[0.796s]   /home/teemty/B-spline-demo/demo_ws/build/cpp_bs_demo_interfaces/rosidl_adapter__arguments__cpp_bs_demo_interfaces.json
[0.796s]   --output-dir
[0.796s]   /home/teemty/B-spline-demo/demo_ws/build/cpp_bs_demo_interfaces/rosidl_adapter/cpp_bs_demo_interfaces
[0.796s]   --output-file
[0.796s]   /home/teemty/B-spline-demo/demo_ws/build/cpp_bs_demo_interfaces/rosidl_adapter/cpp_bs_demo_interfaces.idls)
[0.796s]   returned error code 1:
[0.796s] 
[0.796s]   Traceback (most recent call last):
[0.796s] 
[0.797s]     File "<frozen runpy>", line 198, in _run_module_as_main
[0.797s]     File "<frozen runpy>", line 88, in _run_code
[0.797s]     File "/opt/ros/jazzy/lib/python3.12/site-packages/rosidl_adapter/__main__.py", line 19, in <module>
[0.797s]       sys.exit(main())
[0.797s]                ~~~~^^
[0.797s]     File "/opt/ros/jazzy/lib/python3.12/site-packages/rosidl_adapter/main.py", line 53, in main
[0.797s]       abs_idl_file = convert_to_idl(
[0.797s]           pathlib.Path(basepath), args.package_name,
[0.797s]           pathlib.Path(relative_path), output_dir)
[0.797s]     File "/opt/ros/jazzy/lib/python3.12/site-packages/rosidl_adapter/__init__.py", line 18, in convert_to_idl
[0.797s]       from rosidl_adapter.msg import convert_msg_to_idl
[0.797s]     File "/opt/ros/jazzy/lib/python3.12/site-packages/rosidl_adapter/msg/__init__.py", line 16, in <module>
[0.797s]       from rosidl_adapter.resource import expand_template
[0.797s]     File "/opt/ros/jazzy/lib/python3.12/site-packages/rosidl_adapter/resource/__init__.py", line 19, in <module>
[0.797s]       import em
[0.797s] 
[0.797s]   ModuleNotFoundError: No module named 'em'
[0.797s] 
[0.797s] Call Stack (most recent call first):
[0.797s]   /opt/ros/jazzy/share/rosidl_cmake/cmake/rosidl_generate_interfaces.cmake:132 (rosidl_adapt_interfaces)
[0.797s]   CMakeLists.txt:19 (rosidl_generate_interfaces)
[0.797s] 
[0.797s] [0m
[0.797s] -- Configuring incomplete, errors occurred!
[0.801s] Invoked command in '/home/teemty/B-spline-demo/demo_ws/build/cpp_bs_demo_interfaces' returned '1': CMAKE_PREFIX_PATH=${CMAKE_PREFIX_PATH}:/opt/ros/jazzy CONDA_PROMPT_MODIFIER=(base) DEBUGINFOD_URLS=https://debuginfod.ubuntu.com /usr/bin/cmake /home/teemty/B-spline-demo/demo_ws/src/cpp_bs_demo_interfaces -DCMAKE_INSTALL_PREFIX=/home/teemty/B-spline-demo/demo_ws/install/cpp_bs_demo_interfaces
