[0.141s] DEBUG:colcon:Command line arguments: ['/usr/bin/colcon', 'build']
[0.142s] DEBUG:colcon:Parsed command line arguments: Namespace(log_base=None, log_level=None, verb_name='build', build_base='build', install_base='install', merge_install=False, symlink_install=False, test_result_base=None, continue_on_error=False, executor='parallel', parallel_workers=8, event_handlers=None, ignore_user_meta=False, metas=['./colcon.meta'], base_paths=['.'], packages_ignore=None, packages_ignore_regex=None, paths=None, packages_up_to=None, packages_up_to_regex=None, packages_above=None, packages_above_and_dependencies=None, packages_above_depth=None, packages_select_by_dep=None, packages_skip_by_dep=None, packages_skip_up_to=None, packages_select_build_failed=False, packages_skip_build_finished=False, packages_select_test_failures=False, packages_skip_test_passed=False, packages_select=None, packages_skip=None, packages_select_regex=None, packages_skip_regex=None, packages_start=None, packages_end=None, allow_overriding=[], cmake_args=None, cmake_target=None, cmake_target_skip_unavailable=False, cmake_clean_cache=False, cmake_clean_first=False, cmake_force_configure=False, ament_cmake_args=None, catkin_cmake_args=None, catkin_skip_building_tests=False, verb_parser=<colcon_defaults.argument_parser.defaults.DefaultArgumentsDecorator object at 0x7d10f2975280>, verb_extension=<colcon_core.verb.build.BuildVerb object at 0x7d10f2975070>, main=<bound method BuildVerb.main of <colcon_core.verb.build.BuildVerb object at 0x7d10f2975070>>)
[0.198s] Level 1:colcon.colcon_core.package_discovery:discover_packages(colcon_meta) check parameters
[0.198s] Level 1:colcon.colcon_core.package_discovery:discover_packages(recursive) check parameters
[0.198s] Level 1:colcon.colcon_core.package_discovery:discover_packages(ignore) check parameters
[0.198s] Level 1:colcon.colcon_core.package_discovery:discover_packages(path) check parameters
[0.198s] Level 1:colcon.colcon_core.package_discovery:discover_packages(colcon_meta) discover
[0.198s] Level 1:colcon.colcon_core.package_discovery:discover_packages(recursive) discover
[0.198s] INFO:colcon.colcon_core.package_discovery:Crawling recursively for packages in '/home/teemty/B-spline-demo/demo_ws'
[0.198s] Level 1:colcon.colcon_core.package_identification:_identify(.) by extensions ['ignore', 'ignore_ament_install']
[0.198s] Level 1:colcon.colcon_core.package_identification:_identify(.) by extension 'ignore'
[0.198s] Level 1:colcon.colcon_core.package_identification:_identify(.) by extension 'ignore_ament_install'
[0.199s] Level 1:colcon.colcon_core.package_identification:_identify(.) by extensions ['colcon_pkg']
[0.199s] Level 1:colcon.colcon_core.package_identification:_identify(.) by extension 'colcon_pkg'
[0.199s] Level 1:colcon.colcon_core.package_identification:_identify(.) by extensions ['colcon_meta']
[0.199s] Level 1:colcon.colcon_core.package_identification:_identify(.) by extension 'colcon_meta'
[0.199s] Level 1:colcon.colcon_core.package_identification:_identify(.) by extensions ['ros']
[0.199s] Level 1:colcon.colcon_core.package_identification:_identify(.) by extension 'ros'
[0.237s] Level 1:colcon.colcon_core.package_identification:_identify(.) by extensions ['cmake', 'python']
[0.237s] Level 1:colcon.colcon_core.package_identification:_identify(.) by extension 'cmake'
[0.237s] Level 1:colcon.colcon_core.package_identification:_identify(.) by extension 'python'
[0.237s] Level 1:colcon.colcon_core.package_identification:_identify(.) by extensions ['python_setup_py']
[0.237s] Level 1:colcon.colcon_core.package_identification:_identify(.) by extension 'python_setup_py'
[0.237s] Level 1:colcon.colcon_core.package_identification:_identify(build) by extensions ['ignore', 'ignore_ament_install']
[0.237s] Level 1:colcon.colcon_core.package_identification:_identify(build) by extension 'ignore'
[0.237s] Level 1:colcon.colcon_core.package_identification:_identify(build) ignored
[0.238s] Level 1:colcon.colcon_core.package_identification:_identify(install) by extensions ['ignore', 'ignore_ament_install']
[0.238s] Level 1:colcon.colcon_core.package_identification:_identify(install) by extension 'ignore'
[0.238s] Level 1:colcon.colcon_core.package_identification:_identify(install) ignored
[0.238s] Level 1:colcon.colcon_core.package_identification:_identify(log) by extensions ['ignore', 'ignore_ament_install']
[0.238s] Level 1:colcon.colcon_core.package_identification:_identify(log) by extension 'ignore'
[0.238s] Level 1:colcon.colcon_core.package_identification:_identify(log) ignored
[0.238s] Level 1:colcon.colcon_core.package_identification:_identify(src) by extensions ['ignore', 'ignore_ament_install']
[0.238s] Level 1:colcon.colcon_core.package_identification:_identify(src) by extension 'ignore'
[0.238s] Level 1:colcon.colcon_core.package_identification:_identify(src) by extension 'ignore_ament_install'
[0.239s] Level 1:colcon.colcon_core.package_identification:_identify(src) by extensions ['colcon_pkg']
[0.239s] Level 1:colcon.colcon_core.package_identification:_identify(src) by extension 'colcon_pkg'
[0.239s] Level 1:colcon.colcon_core.package_identification:_identify(src) by extensions ['colcon_meta']
[0.239s] Level 1:colcon.colcon_core.package_identification:_identify(src) by extension 'colcon_meta'
[0.239s] Level 1:colcon.colcon_core.package_identification:_identify(src) by extensions ['ros']
[0.239s] Level 1:colcon.colcon_core.package_identification:_identify(src) by extension 'ros'
[0.239s] Level 1:colcon.colcon_core.package_identification:_identify(src) by extensions ['cmake', 'python']
[0.239s] Level 1:colcon.colcon_core.package_identification:_identify(src) by extension 'cmake'
[0.239s] Level 1:colcon.colcon_core.package_identification:_identify(src) by extension 'python'
[0.239s] Level 1:colcon.colcon_core.package_identification:_identify(src) by extensions ['python_setup_py']
[0.239s] Level 1:colcon.colcon_core.package_identification:_identify(src) by extension 'python_setup_py'
[0.239s] Level 1:colcon.colcon_core.package_identification:_identify(src/cpp_bs_demo) by extensions ['ignore', 'ignore_ament_install']
[0.239s] Level 1:colcon.colcon_core.package_identification:_identify(src/cpp_bs_demo) by extension 'ignore'
[0.239s] Level 1:colcon.colcon_core.package_identification:_identify(src/cpp_bs_demo) by extension 'ignore_ament_install'
[0.239s] Level 1:colcon.colcon_core.package_identification:_identify(src/cpp_bs_demo) by extensions ['colcon_pkg']
[0.239s] Level 1:colcon.colcon_core.package_identification:_identify(src/cpp_bs_demo) by extension 'colcon_pkg'
[0.239s] Level 1:colcon.colcon_core.package_identification:_identify(src/cpp_bs_demo) by extensions ['colcon_meta']
[0.239s] Level 1:colcon.colcon_core.package_identification:_identify(src/cpp_bs_demo) by extension 'colcon_meta'
[0.240s] Level 1:colcon.colcon_core.package_identification:_identify(src/cpp_bs_demo) by extensions ['ros']
[0.240s] Level 1:colcon.colcon_core.package_identification:_identify(src/cpp_bs_demo) by extension 'ros'
[0.243s] DEBUG:colcon.colcon_core.package_identification:Package 'src/cpp_bs_demo' with type 'ros.ament_cmake' and name 'cpp_bs_demo'
[0.244s] Level 1:colcon.colcon_core.package_identification:_identify(src/cpp_bs_demo_interfaces) by extensions ['ignore', 'ignore_ament_install']
[0.244s] Level 1:colcon.colcon_core.package_identification:_identify(src/cpp_bs_demo_interfaces) by extension 'ignore'
[0.244s] Level 1:colcon.colcon_core.package_identification:_identify(src/cpp_bs_demo_interfaces) by extension 'ignore_ament_install'
[0.244s] Level 1:colcon.colcon_core.package_identification:_identify(src/cpp_bs_demo_interfaces) by extensions ['colcon_pkg']
[0.244s] Level 1:colcon.colcon_core.package_identification:_identify(src/cpp_bs_demo_interfaces) by extension 'colcon_pkg'
[0.244s] Level 1:colcon.colcon_core.package_identification:_identify(src/cpp_bs_demo_interfaces) by extensions ['colcon_meta']
[0.244s] Level 1:colcon.colcon_core.package_identification:_identify(src/cpp_bs_demo_interfaces) by extension 'colcon_meta'
[0.244s] Level 1:colcon.colcon_core.package_identification:_identify(src/cpp_bs_demo_interfaces) by extensions ['ros']
[0.244s] Level 1:colcon.colcon_core.package_identification:_identify(src/cpp_bs_demo_interfaces) by extension 'ros'
[0.245s] DEBUG:colcon.colcon_core.package_identification:Package 'src/cpp_bs_demo_interfaces' with type 'ros.ament_cmake' and name 'cpp_bs_demo_interfaces'
[0.245s] Level 1:colcon.colcon_core.package_discovery:discover_packages(recursive) using defaults
[0.245s] Level 1:colcon.colcon_core.package_discovery:discover_packages(ignore) discover
[0.245s] Level 1:colcon.colcon_core.package_discovery:discover_packages(ignore) using defaults
[0.245s] Level 1:colcon.colcon_core.package_discovery:discover_packages(path) discover
[0.245s] Level 1:colcon.colcon_core.package_discovery:discover_packages(path) using defaults
[0.273s] Level 1:colcon.colcon_core.package_discovery:discover_packages(prefix_path) check parameters
[0.273s] Level 1:colcon.colcon_core.package_discovery:discover_packages(prefix_path) discover
[0.275s] DEBUG:colcon.colcon_installed_package_information.package_discovery:Found 2 installed packages in /home/teemty/B-spline-demo/demo_ws/install
[0.277s] DEBUG:colcon.colcon_installed_package_information.package_discovery:Found 285 installed packages in /opt/ros/jazzy
[0.278s] Level 1:colcon.colcon_core.package_discovery:discover_packages(prefix_path) using defaults
[0.328s] Level 5:colcon.colcon_core.verb:set package 'cpp_bs_demo_interfaces' build argument 'cmake_args' from command line to 'None'
[0.329s] Level 5:colcon.colcon_core.verb:set package 'cpp_bs_demo_interfaces' build argument 'cmake_target' from command line to 'None'
[0.329s] Level 5:colcon.colcon_core.verb:set package 'cpp_bs_demo_interfaces' build argument 'cmake_target_skip_unavailable' from command line to 'False'
[0.329s] Level 5:colcon.colcon_core.verb:set package 'cpp_bs_demo_interfaces' build argument 'cmake_clean_cache' from command line to 'False'
[0.329s] Level 5:colcon.colcon_core.verb:set package 'cpp_bs_demo_interfaces' build argument 'cmake_clean_first' from command line to 'False'
[0.329s] Level 5:colcon.colcon_core.verb:set package 'cpp_bs_demo_interfaces' build argument 'cmake_force_configure' from command line to 'False'
[0.329s] Level 5:colcon.colcon_core.verb:set package 'cpp_bs_demo_interfaces' build argument 'ament_cmake_args' from command line to 'None'
[0.329s] Level 5:colcon.colcon_core.verb:set package 'cpp_bs_demo_interfaces' build argument 'catkin_cmake_args' from command line to 'None'
[0.329s] Level 5:colcon.colcon_core.verb:set package 'cpp_bs_demo_interfaces' build argument 'catkin_skip_building_tests' from command line to 'False'
[0.329s] DEBUG:colcon.colcon_core.verb:Building package 'cpp_bs_demo_interfaces' with the following arguments: {'ament_cmake_args': None, 'build_base': '/home/teemty/B-spline-demo/demo_ws/build/cpp_bs_demo_interfaces', 'catkin_cmake_args': None, 'catkin_skip_building_tests': False, 'cmake_args': None, 'cmake_clean_cache': False, 'cmake_clean_first': False, 'cmake_force_configure': False, 'cmake_target': None, 'cmake_target_skip_unavailable': False, 'install_base': '/home/teemty/B-spline-demo/demo_ws/install/cpp_bs_demo_interfaces', 'merge_install': False, 'path': '/home/teemty/B-spline-demo/demo_ws/src/cpp_bs_demo_interfaces', 'symlink_install': False, 'test_result_base': None}
[0.329s] Level 5:colcon.colcon_core.verb:set package 'cpp_bs_demo' build argument 'cmake_args' from command line to 'None'
[0.329s] Level 5:colcon.colcon_core.verb:set package 'cpp_bs_demo' build argument 'cmake_target' from command line to 'None'
[0.329s] Level 5:colcon.colcon_core.verb:set package 'cpp_bs_demo' build argument 'cmake_target_skip_unavailable' from command line to 'False'
[0.329s] Level 5:colcon.colcon_core.verb:set package 'cpp_bs_demo' build argument 'cmake_clean_cache' from command line to 'False'
[0.329s] Level 5:colcon.colcon_core.verb:set package 'cpp_bs_demo' build argument 'cmake_clean_first' from command line to 'False'
[0.329s] Level 5:colcon.colcon_core.verb:set package 'cpp_bs_demo' build argument 'cmake_force_configure' from command line to 'False'
[0.329s] Level 5:colcon.colcon_core.verb:set package 'cpp_bs_demo' build argument 'ament_cmake_args' from command line to 'None'
[0.329s] Level 5:colcon.colcon_core.verb:set package 'cpp_bs_demo' build argument 'catkin_cmake_args' from command line to 'None'
[0.329s] Level 5:colcon.colcon_core.verb:set package 'cpp_bs_demo' build argument 'catkin_skip_building_tests' from command line to 'False'
[0.329s] DEBUG:colcon.colcon_core.verb:Building package 'cpp_bs_demo' with the following arguments: {'ament_cmake_args': None, 'build_base': '/home/teemty/B-spline-demo/demo_ws/build/cpp_bs_demo', 'catkin_cmake_args': None, 'catkin_skip_building_tests': False, 'cmake_args': None, 'cmake_clean_cache': False, 'cmake_clean_first': False, 'cmake_force_configure': False, 'cmake_target': None, 'cmake_target_skip_unavailable': False, 'install_base': '/home/teemty/B-spline-demo/demo_ws/install/cpp_bs_demo', 'merge_install': False, 'path': '/home/teemty/B-spline-demo/demo_ws/src/cpp_bs_demo', 'symlink_install': False, 'test_result_base': None}
[0.330s] INFO:colcon.colcon_core.executor:Executing jobs using 'parallel' executor
[0.331s] DEBUG:colcon.colcon_parallel_executor.executor.parallel:run_until_complete
[0.331s] INFO:colcon.colcon_ros.task.ament_cmake.build:Building ROS package in '/home/teemty/B-spline-demo/demo_ws/src/cpp_bs_demo_interfaces' with build type 'ament_cmake'
[0.332s] INFO:colcon.colcon_cmake.task.cmake.build:Building CMake package in '/home/teemty/B-spline-demo/demo_ws/src/cpp_bs_demo_interfaces'
[0.335s] INFO:colcon.colcon_core.plugin_system:Skipping extension 'colcon_core.shell.bat': Not used on non-Windows systems
[0.335s] INFO:colcon.colcon_core.shell:Skip shell extension 'powershell' for command environment: Not usable outside of PowerShell
[0.335s] DEBUG:colcon.colcon_core.shell:Skip shell extension 'dsv' for command environment
[0.350s] DEBUG:colcon.colcon_core.event_handler.log_command:Invoking command in '/home/teemty/B-spline-demo/demo_ws/build/cpp_bs_demo_interfaces': CMAKE_PREFIX_PATH=${CMAKE_PREFIX_PATH}:/opt/ros/jazzy DEBUGINFOD_URLS=https://debuginfod.ubuntu.com /usr/bin/cmake --build /home/teemty/B-spline-demo/demo_ws/build/cpp_bs_demo_interfaces -- -j8 -l8
[0.910s] DEBUG:colcon.colcon_core.event_handler.log_command:Invoked command in '/home/teemty/B-spline-demo/demo_ws/build/cpp_bs_demo_interfaces' returned '0': CMAKE_PREFIX_PATH=${CMAKE_PREFIX_PATH}:/opt/ros/jazzy DEBUGINFOD_URLS=https://debuginfod.ubuntu.com /usr/bin/cmake --build /home/teemty/B-spline-demo/demo_ws/build/cpp_bs_demo_interfaces -- -j8 -l8
[0.926s] DEBUG:colcon.colcon_core.event_handler.log_command:Invoking command in '/home/teemty/B-spline-demo/demo_ws/build/cpp_bs_demo_interfaces': CMAKE_PREFIX_PATH=${CMAKE_PREFIX_PATH}:/opt/ros/jazzy DEBUGINFOD_URLS=https://debuginfod.ubuntu.com /usr/bin/cmake --install /home/teemty/B-spline-demo/demo_ws/build/cpp_bs_demo_interfaces
[1.018s] Level 1:colcon.colcon_core.environment:create_environment_scripts_only(cpp_bs_demo_interfaces)
[1.019s] DEBUG:colcon.colcon_core.event_handler.log_command:Invoked command in '/home/teemty/B-spline-demo/demo_ws/build/cpp_bs_demo_interfaces' returned '0': CMAKE_PREFIX_PATH=${CMAKE_PREFIX_PATH}:/opt/ros/jazzy DEBUGINFOD_URLS=https://debuginfod.ubuntu.com /usr/bin/cmake --install /home/teemty/B-spline-demo/demo_ws/build/cpp_bs_demo_interfaces
[1.024s] Level 1:colcon.colcon_core.environment:checking '/home/teemty/B-spline-demo/demo_ws/install/cpp_bs_demo_interfaces' for CMake module files
[1.025s] Level 1:colcon.colcon_core.environment:checking '/home/teemty/B-spline-demo/demo_ws/install/cpp_bs_demo_interfaces' for CMake config files
[1.026s] Level 1:colcon.colcon_core.shell:create_environment_hook('cpp_bs_demo_interfaces', 'cmake_prefix_path')
[1.026s] INFO:colcon.colcon_core.shell:Creating environment hook '/home/teemty/B-spline-demo/demo_ws/install/cpp_bs_demo_interfaces/share/cpp_bs_demo_interfaces/hook/cmake_prefix_path.ps1'
[1.027s] INFO:colcon.colcon_core.shell:Creating environment descriptor '/home/teemty/B-spline-demo/demo_ws/install/cpp_bs_demo_interfaces/share/cpp_bs_demo_interfaces/hook/cmake_prefix_path.dsv'
[1.028s] INFO:colcon.colcon_core.shell:Creating environment hook '/home/teemty/B-spline-demo/demo_ws/install/cpp_bs_demo_interfaces/share/cpp_bs_demo_interfaces/hook/cmake_prefix_path.sh'
[1.029s] Level 1:colcon.colcon_core.environment:checking '/home/teemty/B-spline-demo/demo_ws/install/cpp_bs_demo_interfaces/lib'
[1.029s] Level 1:colcon.colcon_core.shell:create_environment_hook('cpp_bs_demo_interfaces', 'ld_library_path_lib')
[1.029s] INFO:colcon.colcon_core.shell:Creating environment hook '/home/teemty/B-spline-demo/demo_ws/install/cpp_bs_demo_interfaces/share/cpp_bs_demo_interfaces/hook/ld_library_path_lib.ps1'
[1.030s] INFO:colcon.colcon_core.shell:Creating environment descriptor '/home/teemty/B-spline-demo/demo_ws/install/cpp_bs_demo_interfaces/share/cpp_bs_demo_interfaces/hook/ld_library_path_lib.dsv'
[1.030s] INFO:colcon.colcon_core.shell:Creating environment hook '/home/teemty/B-spline-demo/demo_ws/install/cpp_bs_demo_interfaces/share/cpp_bs_demo_interfaces/hook/ld_library_path_lib.sh'
[1.031s] Level 1:colcon.colcon_core.environment:checking '/home/teemty/B-spline-demo/demo_ws/install/cpp_bs_demo_interfaces/bin'
[1.031s] Level 1:colcon.colcon_core.environment:checking '/home/teemty/B-spline-demo/demo_ws/install/cpp_bs_demo_interfaces/lib/pkgconfig/cpp_bs_demo_interfaces.pc'
[1.031s] Level 1:colcon.colcon_core.environment:checking '/home/teemty/B-spline-demo/demo_ws/install/cpp_bs_demo_interfaces/lib/python3.12/site-packages'
[1.031s] Level 1:colcon.colcon_core.shell:create_environment_hook('cpp_bs_demo_interfaces', 'pythonpath')
[1.031s] INFO:colcon.colcon_core.shell:Creating environment hook '/home/teemty/B-spline-demo/demo_ws/install/cpp_bs_demo_interfaces/share/cpp_bs_demo_interfaces/hook/pythonpath.ps1'
[1.033s] INFO:colcon.colcon_core.shell:Creating environment descriptor '/home/teemty/B-spline-demo/demo_ws/install/cpp_bs_demo_interfaces/share/cpp_bs_demo_interfaces/hook/pythonpath.dsv'
[1.033s] INFO:colcon.colcon_core.shell:Creating environment hook '/home/teemty/B-spline-demo/demo_ws/install/cpp_bs_demo_interfaces/share/cpp_bs_demo_interfaces/hook/pythonpath.sh'
[1.034s] Level 1:colcon.colcon_core.environment:checking '/home/teemty/B-spline-demo/demo_ws/install/cpp_bs_demo_interfaces/bin'
[1.035s] INFO:colcon.colcon_core.shell:Creating package script '/home/teemty/B-spline-demo/demo_ws/install/cpp_bs_demo_interfaces/share/cpp_bs_demo_interfaces/package.ps1'
[1.036s] INFO:colcon.colcon_core.shell:Creating package descriptor '/home/teemty/B-spline-demo/demo_ws/install/cpp_bs_demo_interfaces/share/cpp_bs_demo_interfaces/package.dsv'
[1.036s] INFO:colcon.colcon_core.shell:Creating package script '/home/teemty/B-spline-demo/demo_ws/install/cpp_bs_demo_interfaces/share/cpp_bs_demo_interfaces/package.sh'
[1.037s] INFO:colcon.colcon_core.shell:Creating package script '/home/teemty/B-spline-demo/demo_ws/install/cpp_bs_demo_interfaces/share/cpp_bs_demo_interfaces/package.bash'
[1.038s] INFO:colcon.colcon_core.shell:Creating package script '/home/teemty/B-spline-demo/demo_ws/install/cpp_bs_demo_interfaces/share/cpp_bs_demo_interfaces/package.zsh'
[1.039s] Level 1:colcon.colcon_core.environment:create_file_with_runtime_dependencies(/home/teemty/B-spline-demo/demo_ws/install/cpp_bs_demo_interfaces/share/colcon-core/packages/cpp_bs_demo_interfaces)
[1.040s] Level 1:colcon.colcon_core.environment:create_environment_scripts_only(cpp_bs_demo_interfaces)
[1.040s] Level 1:colcon.colcon_core.environment:checking '/home/teemty/B-spline-demo/demo_ws/install/cpp_bs_demo_interfaces' for CMake module files
[1.041s] Level 1:colcon.colcon_core.environment:checking '/home/teemty/B-spline-demo/demo_ws/install/cpp_bs_demo_interfaces' for CMake config files
[1.041s] Level 1:colcon.colcon_core.shell:create_environment_hook('cpp_bs_demo_interfaces', 'cmake_prefix_path')
[1.041s] INFO:colcon.colcon_core.shell:Creating environment hook '/home/teemty/B-spline-demo/demo_ws/install/cpp_bs_demo_interfaces/share/cpp_bs_demo_interfaces/hook/cmake_prefix_path.ps1'
[1.042s] INFO:colcon.colcon_core.shell:Creating environment descriptor '/home/teemty/B-spline-demo/demo_ws/install/cpp_bs_demo_interfaces/share/cpp_bs_demo_interfaces/hook/cmake_prefix_path.dsv'
[1.042s] INFO:colcon.colcon_core.shell:Creating environment hook '/home/teemty/B-spline-demo/demo_ws/install/cpp_bs_demo_interfaces/share/cpp_bs_demo_interfaces/hook/cmake_prefix_path.sh'
[1.043s] Level 1:colcon.colcon_core.environment:checking '/home/teemty/B-spline-demo/demo_ws/install/cpp_bs_demo_interfaces/lib'
[1.043s] Level 1:colcon.colcon_core.shell:create_environment_hook('cpp_bs_demo_interfaces', 'ld_library_path_lib')
[1.044s] INFO:colcon.colcon_core.shell:Creating environment hook '/home/teemty/B-spline-demo/demo_ws/install/cpp_bs_demo_interfaces/share/cpp_bs_demo_interfaces/hook/ld_library_path_lib.ps1'
[1.044s] INFO:colcon.colcon_core.shell:Creating environment descriptor '/home/teemty/B-spline-demo/demo_ws/install/cpp_bs_demo_interfaces/share/cpp_bs_demo_interfaces/hook/ld_library_path_lib.dsv'
[1.045s] INFO:colcon.colcon_core.shell:Creating environment hook '/home/teemty/B-spline-demo/demo_ws/install/cpp_bs_demo_interfaces/share/cpp_bs_demo_interfaces/hook/ld_library_path_lib.sh'
[1.045s] Level 1:colcon.colcon_core.environment:checking '/home/teemty/B-spline-demo/demo_ws/install/cpp_bs_demo_interfaces/bin'
[1.045s] Level 1:colcon.colcon_core.environment:checking '/home/teemty/B-spline-demo/demo_ws/install/cpp_bs_demo_interfaces/lib/pkgconfig/cpp_bs_demo_interfaces.pc'
[1.045s] Level 1:colcon.colcon_core.environment:checking '/home/teemty/B-spline-demo/demo_ws/install/cpp_bs_demo_interfaces/lib/python3.12/site-packages'
[1.046s] Level 1:colcon.colcon_core.shell:create_environment_hook('cpp_bs_demo_interfaces', 'pythonpath')
[1.046s] INFO:colcon.colcon_core.shell:Creating environment hook '/home/teemty/B-spline-demo/demo_ws/install/cpp_bs_demo_interfaces/share/cpp_bs_demo_interfaces/hook/pythonpath.ps1'
[1.046s] INFO:colcon.colcon_core.shell:Creating environment descriptor '/home/teemty/B-spline-demo/demo_ws/install/cpp_bs_demo_interfaces/share/cpp_bs_demo_interfaces/hook/pythonpath.dsv'
[1.047s] INFO:colcon.colcon_core.shell:Creating environment hook '/home/teemty/B-spline-demo/demo_ws/install/cpp_bs_demo_interfaces/share/cpp_bs_demo_interfaces/hook/pythonpath.sh'
[1.047s] Level 1:colcon.colcon_core.environment:checking '/home/teemty/B-spline-demo/demo_ws/install/cpp_bs_demo_interfaces/bin'
[1.048s] INFO:colcon.colcon_core.shell:Creating package script '/home/teemty/B-spline-demo/demo_ws/install/cpp_bs_demo_interfaces/share/cpp_bs_demo_interfaces/package.ps1'
[1.049s] INFO:colcon.colcon_core.shell:Creating package descriptor '/home/teemty/B-spline-demo/demo_ws/install/cpp_bs_demo_interfaces/share/cpp_bs_demo_interfaces/package.dsv'
[1.049s] INFO:colcon.colcon_core.shell:Creating package script '/home/teemty/B-spline-demo/demo_ws/install/cpp_bs_demo_interfaces/share/cpp_bs_demo_interfaces/package.sh'
[1.050s] INFO:colcon.colcon_core.shell:Creating package script '/home/teemty/B-spline-demo/demo_ws/install/cpp_bs_demo_interfaces/share/cpp_bs_demo_interfaces/package.bash'
[1.050s] INFO:colcon.colcon_core.shell:Creating package script '/home/teemty/B-spline-demo/demo_ws/install/cpp_bs_demo_interfaces/share/cpp_bs_demo_interfaces/package.zsh'
[1.051s] Level 1:colcon.colcon_core.environment:create_file_with_runtime_dependencies(/home/teemty/B-spline-demo/demo_ws/install/cpp_bs_demo_interfaces/share/colcon-core/packages/cpp_bs_demo_interfaces)
[1.051s] INFO:colcon.colcon_ros.task.ament_cmake.build:Building ROS package in '/home/teemty/B-spline-demo/demo_ws/src/cpp_bs_demo' with build type 'ament_cmake'
[1.051s] INFO:colcon.colcon_cmake.task.cmake.build:Building CMake package in '/home/teemty/B-spline-demo/demo_ws/src/cpp_bs_demo'
[1.052s] INFO:colcon.colcon_core.shell:Skip shell extension 'powershell' for command environment: Not usable outside of PowerShell
[1.052s] DEBUG:colcon.colcon_core.shell:Skip shell extension 'dsv' for command environment
[1.073s] DEBUG:colcon.colcon_core.event_handler.log_command:Invoking command in '/home/teemty/B-spline-demo/demo_ws/build/cpp_bs_demo': CMAKE_PREFIX_PATH=${CMAKE_PREFIX_PATH}:/opt/ros/jazzy DEBUGINFOD_URLS=https://debuginfod.ubuntu.com /usr/bin/cmake --build /home/teemty/B-spline-demo/demo_ws/build/cpp_bs_demo -- -j8 -l8
[8.163s] DEBUG:colcon.colcon_core.event_handler.log_command:Invoked command in '/home/teemty/B-spline-demo/demo_ws/build/cpp_bs_demo' returned '0': CMAKE_PREFIX_PATH=${CMAKE_PREFIX_PATH}:/opt/ros/jazzy DEBUGINFOD_URLS=https://debuginfod.ubuntu.com /usr/bin/cmake --build /home/teemty/B-spline-demo/demo_ws/build/cpp_bs_demo -- -j8 -l8
[8.165s] DEBUG:colcon.colcon_core.event_handler.log_command:Invoking command in '/home/teemty/B-spline-demo/demo_ws/build/cpp_bs_demo': CMAKE_PREFIX_PATH=${CMAKE_PREFIX_PATH}:/opt/ros/jazzy DEBUGINFOD_URLS=https://debuginfod.ubuntu.com /usr/bin/cmake --install /home/teemty/B-spline-demo/demo_ws/build/cpp_bs_demo
[8.182s] Level 1:colcon.colcon_core.environment:create_environment_scripts_only(cpp_bs_demo)
[8.182s] Level 1:colcon.colcon_core.environment:checking '/home/teemty/B-spline-demo/demo_ws/install/cpp_bs_demo' for CMake module files
[8.183s] DEBUG:colcon.colcon_core.event_handler.log_command:Invoked command in '/home/teemty/B-spline-demo/demo_ws/build/cpp_bs_demo' returned '0': CMAKE_PREFIX_PATH=${CMAKE_PREFIX_PATH}:/opt/ros/jazzy DEBUGINFOD_URLS=https://debuginfod.ubuntu.com /usr/bin/cmake --install /home/teemty/B-spline-demo/demo_ws/build/cpp_bs_demo
[8.183s] Level 1:colcon.colcon_core.environment:checking '/home/teemty/B-spline-demo/demo_ws/install/cpp_bs_demo' for CMake config files
[8.184s] Level 1:colcon.colcon_core.shell:create_environment_hook('cpp_bs_demo', 'cmake_prefix_path')
[8.184s] INFO:colcon.colcon_core.shell:Creating environment hook '/home/teemty/B-spline-demo/demo_ws/install/cpp_bs_demo/share/cpp_bs_demo/hook/cmake_prefix_path.ps1'
[8.185s] INFO:colcon.colcon_core.shell:Creating environment descriptor '/home/teemty/B-spline-demo/demo_ws/install/cpp_bs_demo/share/cpp_bs_demo/hook/cmake_prefix_path.dsv'
[8.185s] INFO:colcon.colcon_core.shell:Creating environment hook '/home/teemty/B-spline-demo/demo_ws/install/cpp_bs_demo/share/cpp_bs_demo/hook/cmake_prefix_path.sh'
[8.186s] Level 1:colcon.colcon_core.environment:checking '/home/teemty/B-spline-demo/demo_ws/install/cpp_bs_demo/lib'
[8.186s] Level 1:colcon.colcon_core.environment:checking '/home/teemty/B-spline-demo/demo_ws/install/cpp_bs_demo/bin'
[8.186s] Level 1:colcon.colcon_core.environment:checking '/home/teemty/B-spline-demo/demo_ws/install/cpp_bs_demo/lib/pkgconfig/cpp_bs_demo.pc'
[8.187s] Level 1:colcon.colcon_core.environment:checking '/home/teemty/B-spline-demo/demo_ws/install/cpp_bs_demo/lib/python3.12/site-packages'
[8.187s] Level 1:colcon.colcon_core.environment:checking '/home/teemty/B-spline-demo/demo_ws/install/cpp_bs_demo/bin'
[8.187s] INFO:colcon.colcon_core.shell:Creating package script '/home/teemty/B-spline-demo/demo_ws/install/cpp_bs_demo/share/cpp_bs_demo/package.ps1'
[8.188s] INFO:colcon.colcon_core.shell:Creating package descriptor '/home/teemty/B-spline-demo/demo_ws/install/cpp_bs_demo/share/cpp_bs_demo/package.dsv'
[8.188s] INFO:colcon.colcon_core.shell:Creating package script '/home/teemty/B-spline-demo/demo_ws/install/cpp_bs_demo/share/cpp_bs_demo/package.sh'
[8.189s] INFO:colcon.colcon_core.shell:Creating package script '/home/teemty/B-spline-demo/demo_ws/install/cpp_bs_demo/share/cpp_bs_demo/package.bash'
[8.189s] INFO:colcon.colcon_core.shell:Creating package script '/home/teemty/B-spline-demo/demo_ws/install/cpp_bs_demo/share/cpp_bs_demo/package.zsh'
[8.190s] Level 1:colcon.colcon_core.environment:create_file_with_runtime_dependencies(/home/teemty/B-spline-demo/demo_ws/install/cpp_bs_demo/share/colcon-core/packages/cpp_bs_demo)
[8.190s] Level 1:colcon.colcon_core.environment:create_environment_scripts_only(cpp_bs_demo)
[8.190s] Level 1:colcon.colcon_core.environment:checking '/home/teemty/B-spline-demo/demo_ws/install/cpp_bs_demo' for CMake module files
[8.191s] Level 1:colcon.colcon_core.environment:checking '/home/teemty/B-spline-demo/demo_ws/install/cpp_bs_demo' for CMake config files
[8.191s] Level 1:colcon.colcon_core.shell:create_environment_hook('cpp_bs_demo', 'cmake_prefix_path')
[8.191s] INFO:colcon.colcon_core.shell:Creating environment hook '/home/teemty/B-spline-demo/demo_ws/install/cpp_bs_demo/share/cpp_bs_demo/hook/cmake_prefix_path.ps1'
[8.192s] INFO:colcon.colcon_core.shell:Creating environment descriptor '/home/teemty/B-spline-demo/demo_ws/install/cpp_bs_demo/share/cpp_bs_demo/hook/cmake_prefix_path.dsv'
[8.192s] INFO:colcon.colcon_core.shell:Creating environment hook '/home/teemty/B-spline-demo/demo_ws/install/cpp_bs_demo/share/cpp_bs_demo/hook/cmake_prefix_path.sh'
[8.193s] Level 1:colcon.colcon_core.environment:checking '/home/teemty/B-spline-demo/demo_ws/install/cpp_bs_demo/lib'
[8.193s] Level 1:colcon.colcon_core.environment:checking '/home/teemty/B-spline-demo/demo_ws/install/cpp_bs_demo/bin'
[8.193s] Level 1:colcon.colcon_core.environment:checking '/home/teemty/B-spline-demo/demo_ws/install/cpp_bs_demo/lib/pkgconfig/cpp_bs_demo.pc'
[8.193s] Level 1:colcon.colcon_core.environment:checking '/home/teemty/B-spline-demo/demo_ws/install/cpp_bs_demo/lib/python3.12/site-packages'
[8.194s] Level 1:colcon.colcon_core.environment:checking '/home/teemty/B-spline-demo/demo_ws/install/cpp_bs_demo/bin'
[8.194s] INFO:colcon.colcon_core.shell:Creating package script '/home/teemty/B-spline-demo/demo_ws/install/cpp_bs_demo/share/cpp_bs_demo/package.ps1'
[8.194s] INFO:colcon.colcon_core.shell:Creating package descriptor '/home/teemty/B-spline-demo/demo_ws/install/cpp_bs_demo/share/cpp_bs_demo/package.dsv'
[8.195s] INFO:colcon.colcon_core.shell:Creating package script '/home/teemty/B-spline-demo/demo_ws/install/cpp_bs_demo/share/cpp_bs_demo/package.sh'
[8.195s] INFO:colcon.colcon_core.shell:Creating package script '/home/teemty/B-spline-demo/demo_ws/install/cpp_bs_demo/share/cpp_bs_demo/package.bash'
[8.196s] INFO:colcon.colcon_core.shell:Creating package script '/home/teemty/B-spline-demo/demo_ws/install/cpp_bs_demo/share/cpp_bs_demo/package.zsh'
[8.196s] Level 1:colcon.colcon_core.environment:create_file_with_runtime_dependencies(/home/teemty/B-spline-demo/demo_ws/install/cpp_bs_demo/share/colcon-core/packages/cpp_bs_demo)
[8.197s] DEBUG:colcon.colcon_parallel_executor.executor.parallel:closing loop
[8.197s] DEBUG:colcon.colcon_parallel_executor.executor.parallel:loop closed
[8.197s] DEBUG:colcon.colcon_parallel_executor.executor.parallel:run_until_complete finished with '0'
[8.197s] DEBUG:colcon.colcon_core.event_reactor:joining thread
[8.206s] INFO:colcon.colcon_core.plugin_system:Skipping extension 'colcon_notification.desktop_notification.terminal_notifier': Not used on non-Darwin systems
[8.206s] INFO:colcon.colcon_core.plugin_system:Skipping extension 'colcon_notification.desktop_notification.win32': Not used on non-Windows systems
[8.206s] INFO:colcon.colcon_notification.desktop_notification:Sending desktop notification using 'notify2'
[8.230s] DEBUG:colcon.colcon_core.event_reactor:joined thread
[8.230s] INFO:colcon.colcon_core.shell:Creating prefix script '/home/teemty/B-spline-demo/demo_ws/install/local_setup.ps1'
[8.232s] INFO:colcon.colcon_core.shell:Creating prefix util module '/home/teemty/B-spline-demo/demo_ws/install/_local_setup_util_ps1.py'
[8.234s] INFO:colcon.colcon_core.shell:Creating prefix chain script '/home/teemty/B-spline-demo/demo_ws/install/setup.ps1'
[8.235s] INFO:colcon.colcon_core.shell:Creating prefix script '/home/teemty/B-spline-demo/demo_ws/install/local_setup.sh'
[8.236s] INFO:colcon.colcon_core.shell:Creating prefix util module '/home/teemty/B-spline-demo/demo_ws/install/_local_setup_util_sh.py'
[8.236s] INFO:colcon.colcon_core.shell:Creating prefix chain script '/home/teemty/B-spline-demo/demo_ws/install/setup.sh'
[8.238s] INFO:colcon.colcon_core.shell:Creating prefix script '/home/teemty/B-spline-demo/demo_ws/install/local_setup.bash'
[8.239s] INFO:colcon.colcon_core.shell:Creating prefix chain script '/home/teemty/B-spline-demo/demo_ws/install/setup.bash'
[8.240s] INFO:colcon.colcon_core.shell:Creating prefix script '/home/teemty/B-spline-demo/demo_ws/install/local_setup.zsh'
[8.240s] INFO:colcon.colcon_core.shell:Creating prefix chain script '/home/teemty/B-spline-demo/demo_ws/install/setup.zsh'
