[0.017s] Invoking command in '/home/teemty/B-spline-demo/demo_ws/build/cpp_bs_demo_interfaces': CMAKE_PREFIX_PATH=${CMAKE_PREFIX_PATH}:/opt/ros/jazzy DEBUGINFOD_URLS=https://debuginfod.ubuntu.com /usr/bin/cmake --build /home/teemty/B-spline-demo/demo_ws/build/cpp_bs_demo_interfaces -- -j8 -l8
[0.060s] -- Found ament_cmake: 2.5.4 (/opt/ros/jazzy/share/ament_cmake/cmake)
[0.105s] -- Found Python3: /usr/bin/python3 (found version "3.12.3") found components: Interpreter 
[0.238s] -- Found rosidl_default_generators: 1.6.0 (/opt/ros/jazzy/share/rosidl_default_generators/cmake)
[0.242s] -- Using all available rosidl_typesupport_c: rosidl_typesupport_fastrtps_c;rosidl_typesupport_introspection_c
[0.292s] -- Using all available rosidl_typesupport_cpp: rosidl_typesupport_fastrtps_cpp;rosidl_typesupport_introspection_cpp
[0.333s] -- Found rosidl_adapter: 4.6.5 (/opt/ros/jazzy/share/rosidl_adapter/cmake)
[0.335s] -- Found builtin_interfaces: 2.0.2 (/opt/ros/jazzy/share/builtin_interfaces/cmake)
[0.353s] -- Found geometry_msgs: 5.3.6 (/opt/ros/jazzy/share/geometry_msgs/cmake)
[0.875s] -- Found ament_cmake_ros: 0.12.0 (/opt/ros/jazzy/share/ament_cmake_ros/cmake)
[1.136s] -- Using all available rosidl_typesupport_c: rosidl_typesupport_fastrtps_c;rosidl_typesupport_introspection_c
[1.481s] -- Using all available rosidl_typesupport_cpp: rosidl_typesupport_fastrtps_cpp;rosidl_typesupport_introspection_cpp
[1.483s] -- Found python_cmake_module: 0.11.1 (/opt/ros/jazzy/share/python_cmake_module/cmake)
[1.897s] -- Found Python3: /usr/bin/python3 (found version "3.12.3") found components: Interpreter Development NumPy Development.Module Development.Embed 
[1.947s] -- Found ament_lint_auto: 0.17.2 (/opt/ros/jazzy/share/ament_lint_auto/cmake)
[1.959s] -- Added test 'lint_cmake' to check CMake code style
[1.960s] -- Added test 'xmllint' to check XML markup files
[1.962s] -- Configuring done (1.9s)
[2.013s] -- Generating done (0.0s)
[2.030s] -- Build files have been written to: /home/teemty/B-spline-demo/demo_ws/build/cpp_bs_demo_interfaces
[2.090s] [  2%] Built target cpp_bs_demo_interfaces__rosidl_generator_type_description
[2.107s] [  2%] Built target ament_cmake_python_copy_cpp_bs_demo_interfaces
[2.125s] [  5%] Built target cpp_bs_demo_interfaces__cpp
[2.127s] [ 20%] Built target cpp_bs_demo_interfaces__rosidl_generator_c
[2.168s] [ 29%] Built target cpp_bs_demo_interfaces__rosidl_typesupport_cpp
[2.168s] [ 38%] Built target cpp_bs_demo_interfaces__rosidl_typesupport_c
[2.168s] [ 47%] Built target cpp_bs_demo_interfaces__rosidl_typesupport_introspection_cpp
[2.169s] [ 64%] Built target cpp_bs_demo_interfaces__rosidl_typesupport_introspection_c
[2.170s] [ 64%] Built target cpp_bs_demo_interfaces__rosidl_typesupport_fastrtps_c
[2.170s] [ 73%] Built target cpp_bs_demo_interfaces__rosidl_typesupport_fastrtps_cpp
[2.207s] [ 73%] Built target cpp_bs_demo_interfaces
[2.245s] [ 76%] Built target cpp_bs_demo_interfaces__py
[2.286s] [ 82%] Built target cpp_bs_demo_interfaces__rosidl_generator_py
[2.324s] [ 88%] Built target cpp_bs_demo_interfaces_s__rosidl_typesupport_c
[2.325s] [ 94%] Built target cpp_bs_demo_interfaces_s__rosidl_typesupport_fastrtps_c
[2.328s] [100%] Built target cpp_bs_demo_interfaces_s__rosidl_typesupport_introspection_c
[2.401s] running egg_info
[2.424s] writing cpp_bs_demo_interfaces.egg-info/PKG-INFO
[2.424s] writing dependency_links to cpp_bs_demo_interfaces.egg-info/dependency_links.txt
[2.425s] writing top-level names to cpp_bs_demo_interfaces.egg-info/top_level.txt
[2.491s] reading manifest file 'cpp_bs_demo_interfaces.egg-info/SOURCES.txt'
[2.491s] writing manifest file 'cpp_bs_demo_interfaces.egg-info/SOURCES.txt'
[2.531s] [100%] Built target ament_cmake_python_build_cpp_bs_demo_interfaces_egg
[2.551s] Invoked command in '/home/teemty/B-spline-demo/demo_ws/build/cpp_bs_demo_interfaces' returned '0': CMAKE_PREFIX_PATH=${CMAKE_PREFIX_PATH}:/opt/ros/jazzy DEBUGINFOD_URLS=https://debuginfod.ubuntu.com /usr/bin/cmake --build /home/teemty/B-spline-demo/demo_ws/build/cpp_bs_demo_interfaces -- -j8 -l8
[2.553s] Invoking command in '/home/teemty/B-spline-demo/demo_ws/build/cpp_bs_demo_interfaces': CMAKE_PREFIX_PATH=${CMAKE_PREFIX_PATH}:/opt/ros/jazzy DEBUGINFOD_URLS=https://debuginfod.ubuntu.com /usr/bin/cmake --install /home/teemty/B-spline-demo/demo_ws/build/cpp_bs_demo_interfaces
[2.566s] -- Install configuration: ""
[2.566s] -- Up-to-date: /home/teemty/B-spline-demo/demo_ws/install/cpp_bs_demo_interfaces/share/ament_index/resource_index/rosidl_interfaces/cpp_bs_demo_interfaces
[2.566s] -- Up-to-date: /home/teemty/B-spline-demo/demo_ws/install/cpp_bs_demo_interfaces/share/cpp_bs_demo_interfaces/msg/Trajectory.json
[2.566s] -- Up-to-date: /home/teemty/B-spline-demo/demo_ws/install/cpp_bs_demo_interfaces/include/cpp_bs_demo_interfaces/cpp_bs_demo_interfaces
[2.566s] -- Up-to-date: /home/teemty/B-spline-demo/demo_ws/install/cpp_bs_demo_interfaces/include/cpp_bs_demo_interfaces/cpp_bs_demo_interfaces/msg
[2.566s] -- Up-to-date: /home/teemty/B-spline-demo/demo_ws/install/cpp_bs_demo_interfaces/include/cpp_bs_demo_interfaces/cpp_bs_demo_interfaces/msg/trajectory.h
[2.567s] -- Up-to-date: /home/teemty/B-spline-demo/demo_ws/install/cpp_bs_demo_interfaces/include/cpp_bs_demo_interfaces/cpp_bs_demo_interfaces/msg/rosidl_generator_c__visibility_control.h
[2.567s] -- Up-to-date: /home/teemty/B-spline-demo/demo_ws/install/cpp_bs_demo_interfaces/include/cpp_bs_demo_interfaces/cpp_bs_demo_interfaces/msg/detail
[2.567s] -- Up-to-date: /home/teemty/B-spline-demo/demo_ws/install/cpp_bs_demo_interfaces/include/cpp_bs_demo_interfaces/cpp_bs_demo_interfaces/msg/detail/trajectory__functions.h
[2.567s] -- Up-to-date: /home/teemty/B-spline-demo/demo_ws/install/cpp_bs_demo_interfaces/include/cpp_bs_demo_interfaces/cpp_bs_demo_interfaces/msg/detail/trajectory__type_support.h
[2.567s] -- Up-to-date: /home/teemty/B-spline-demo/demo_ws/install/cpp_bs_demo_interfaces/include/cpp_bs_demo_interfaces/cpp_bs_demo_interfaces/msg/detail/trajectory__description.c
[2.567s] -- Up-to-date: /home/teemty/B-spline-demo/demo_ws/install/cpp_bs_demo_interfaces/include/cpp_bs_demo_interfaces/cpp_bs_demo_interfaces/msg/detail/trajectory__struct.h
[2.567s] -- Up-to-date: /home/teemty/B-spline-demo/demo_ws/install/cpp_bs_demo_interfaces/include/cpp_bs_demo_interfaces/cpp_bs_demo_interfaces/msg/detail/trajectory__type_support.c
[2.568s] -- Up-to-date: /home/teemty/B-spline-demo/demo_ws/install/cpp_bs_demo_interfaces/include/cpp_bs_demo_interfaces/cpp_bs_demo_interfaces/msg/detail/trajectory__functions.c
[2.568s] -- Up-to-date: /home/teemty/B-spline-demo/demo_ws/install/cpp_bs_demo_interfaces/share/cpp_bs_demo_interfaces/environment/library_path.sh
[2.568s] -- Up-to-date: /home/teemty/B-spline-demo/demo_ws/install/cpp_bs_demo_interfaces/share/cpp_bs_demo_interfaces/environment/library_path.dsv
[2.568s] -- Up-to-date: /home/teemty/B-spline-demo/demo_ws/install/cpp_bs_demo_interfaces/lib/libcpp_bs_demo_interfaces__rosidl_generator_c.so
[2.568s] -- Up-to-date: /home/teemty/B-spline-demo/demo_ws/install/cpp_bs_demo_interfaces/include/cpp_bs_demo_interfaces/cpp_bs_demo_interfaces
[2.568s] -- Up-to-date: /home/teemty/B-spline-demo/demo_ws/install/cpp_bs_demo_interfaces/include/cpp_bs_demo_interfaces/cpp_bs_demo_interfaces/msg
[2.569s] -- Up-to-date: /home/teemty/B-spline-demo/demo_ws/install/cpp_bs_demo_interfaces/include/cpp_bs_demo_interfaces/cpp_bs_demo_interfaces/msg/rosidl_typesupport_fastrtps_c__visibility_control.h
[2.569s] -- Up-to-date: /home/teemty/B-spline-demo/demo_ws/install/cpp_bs_demo_interfaces/include/cpp_bs_demo_interfaces/cpp_bs_demo_interfaces/msg/detail
[2.569s] -- Up-to-date: /home/teemty/B-spline-demo/demo_ws/install/cpp_bs_demo_interfaces/include/cpp_bs_demo_interfaces/cpp_bs_demo_interfaces/msg/detail/trajectory__rosidl_typesupport_fastrtps_c.h
[2.569s] -- Up-to-date: /home/teemty/B-spline-demo/demo_ws/install/cpp_bs_demo_interfaces/lib/libcpp_bs_demo_interfaces__rosidl_typesupport_fastrtps_c.so
[2.569s] -- Up-to-date: /home/teemty/B-spline-demo/demo_ws/install/cpp_bs_demo_interfaces/include/cpp_bs_demo_interfaces/cpp_bs_demo_interfaces
[2.569s] -- Up-to-date: /home/teemty/B-spline-demo/demo_ws/install/cpp_bs_demo_interfaces/include/cpp_bs_demo_interfaces/cpp_bs_demo_interfaces/msg
[2.569s] -- Up-to-date: /home/teemty/B-spline-demo/demo_ws/install/cpp_bs_demo_interfaces/include/cpp_bs_demo_interfaces/cpp_bs_demo_interfaces/msg/rosidl_typesupport_introspection_c__visibility_control.h
[2.569s] -- Up-to-date: /home/teemty/B-spline-demo/demo_ws/install/cpp_bs_demo_interfaces/include/cpp_bs_demo_interfaces/cpp_bs_demo_interfaces/msg/detail
[2.570s] -- Up-to-date: /home/teemty/B-spline-demo/demo_ws/install/cpp_bs_demo_interfaces/include/cpp_bs_demo_interfaces/cpp_bs_demo_interfaces/msg/detail/trajectory__rosidl_typesupport_introspection_c.h
[2.570s] -- Up-to-date: /home/teemty/B-spline-demo/demo_ws/install/cpp_bs_demo_interfaces/include/cpp_bs_demo_interfaces/cpp_bs_demo_interfaces/msg/detail/trajectory__type_support.c
[2.570s] -- Up-to-date: /home/teemty/B-spline-demo/demo_ws/install/cpp_bs_demo_interfaces/lib/libcpp_bs_demo_interfaces__rosidl_typesupport_introspection_c.so
[2.570s] -- Up-to-date: /home/teemty/B-spline-demo/demo_ws/install/cpp_bs_demo_interfaces/lib/libcpp_bs_demo_interfaces__rosidl_typesupport_c.so
[2.570s] -- Up-to-date: /home/teemty/B-spline-demo/demo_ws/install/cpp_bs_demo_interfaces/include/cpp_bs_demo_interfaces/cpp_bs_demo_interfaces
[2.570s] -- Up-to-date: /home/teemty/B-spline-demo/demo_ws/install/cpp_bs_demo_interfaces/include/cpp_bs_demo_interfaces/cpp_bs_demo_interfaces/msg
[2.570s] -- Up-to-date: /home/teemty/B-spline-demo/demo_ws/install/cpp_bs_demo_interfaces/include/cpp_bs_demo_interfaces/cpp_bs_demo_interfaces/msg/rosidl_generator_cpp__visibility_control.hpp
[2.570s] -- Up-to-date: /home/teemty/B-spline-demo/demo_ws/install/cpp_bs_demo_interfaces/include/cpp_bs_demo_interfaces/cpp_bs_demo_interfaces/msg/trajectory.hpp
[2.570s] -- Up-to-date: /home/teemty/B-spline-demo/demo_ws/install/cpp_bs_demo_interfaces/include/cpp_bs_demo_interfaces/cpp_bs_demo_interfaces/msg/detail
[2.570s] -- Up-to-date: /home/teemty/B-spline-demo/demo_ws/install/cpp_bs_demo_interfaces/include/cpp_bs_demo_interfaces/cpp_bs_demo_interfaces/msg/detail/trajectory__type_support.hpp
[2.570s] -- Up-to-date: /home/teemty/B-spline-demo/demo_ws/install/cpp_bs_demo_interfaces/include/cpp_bs_demo_interfaces/cpp_bs_demo_interfaces/msg/detail/trajectory__struct.hpp
[2.571s] -- Up-to-date: /home/teemty/B-spline-demo/demo_ws/install/cpp_bs_demo_interfaces/include/cpp_bs_demo_interfaces/cpp_bs_demo_interfaces/msg/detail/trajectory__builder.hpp
[2.571s] -- Up-to-date: /home/teemty/B-spline-demo/demo_ws/install/cpp_bs_demo_interfaces/include/cpp_bs_demo_interfaces/cpp_bs_demo_interfaces/msg/detail/trajectory__traits.hpp
[2.571s] -- Up-to-date: /home/teemty/B-spline-demo/demo_ws/install/cpp_bs_demo_interfaces/include/cpp_bs_demo_interfaces/cpp_bs_demo_interfaces
[2.571s] -- Up-to-date: /home/teemty/B-spline-demo/demo_ws/install/cpp_bs_demo_interfaces/include/cpp_bs_demo_interfaces/cpp_bs_demo_interfaces/msg
[2.571s] -- Up-to-date: /home/teemty/B-spline-demo/demo_ws/install/cpp_bs_demo_interfaces/include/cpp_bs_demo_interfaces/cpp_bs_demo_interfaces/msg/rosidl_typesupport_fastrtps_cpp__visibility_control.h
[2.571s] -- Up-to-date: /home/teemty/B-spline-demo/demo_ws/install/cpp_bs_demo_interfaces/include/cpp_bs_demo_interfaces/cpp_bs_demo_interfaces/msg/detail
[2.571s] -- Up-to-date: /home/teemty/B-spline-demo/demo_ws/install/cpp_bs_demo_interfaces/include/cpp_bs_demo_interfaces/cpp_bs_demo_interfaces/msg/detail/trajectory__rosidl_typesupport_fastrtps_cpp.hpp
[2.571s] -- Up-to-date: /home/teemty/B-spline-demo/demo_ws/install/cpp_bs_demo_interfaces/include/cpp_bs_demo_interfaces/cpp_bs_demo_interfaces/msg/detail/dds_fastrtps
[2.571s] -- Up-to-date: /home/teemty/B-spline-demo/demo_ws/install/cpp_bs_demo_interfaces/lib/libcpp_bs_demo_interfaces__rosidl_typesupport_fastrtps_cpp.so
[2.571s] -- Up-to-date: /home/teemty/B-spline-demo/demo_ws/install/cpp_bs_demo_interfaces/include/cpp_bs_demo_interfaces/cpp_bs_demo_interfaces
[2.571s] -- Up-to-date: /home/teemty/B-spline-demo/demo_ws/install/cpp_bs_demo_interfaces/include/cpp_bs_demo_interfaces/cpp_bs_demo_interfaces/msg
[2.571s] -- Up-to-date: /home/teemty/B-spline-demo/demo_ws/install/cpp_bs_demo_interfaces/include/cpp_bs_demo_interfaces/cpp_bs_demo_interfaces/msg/detail
[2.571s] -- Up-to-date: /home/teemty/B-spline-demo/demo_ws/install/cpp_bs_demo_interfaces/include/cpp_bs_demo_interfaces/cpp_bs_demo_interfaces/msg/detail/trajectory__rosidl_typesupport_introspection_cpp.hpp
[2.572s] -- Up-to-date: /home/teemty/B-spline-demo/demo_ws/install/cpp_bs_demo_interfaces/include/cpp_bs_demo_interfaces/cpp_bs_demo_interfaces/msg/detail/trajectory__type_support.cpp
[2.572s] -- Up-to-date: /home/teemty/B-spline-demo/demo_ws/install/cpp_bs_demo_interfaces/lib/libcpp_bs_demo_interfaces__rosidl_typesupport_introspection_cpp.so
[2.572s] -- Up-to-date: /home/teemty/B-spline-demo/demo_ws/install/cpp_bs_demo_interfaces/lib/libcpp_bs_demo_interfaces__rosidl_typesupport_cpp.so
[2.572s] -- Up-to-date: /home/teemty/B-spline-demo/demo_ws/install/cpp_bs_demo_interfaces/share/cpp_bs_demo_interfaces/environment/pythonpath.sh
[2.572s] -- Up-to-date: /home/teemty/B-spline-demo/demo_ws/install/cpp_bs_demo_interfaces/share/cpp_bs_demo_interfaces/environment/pythonpath.dsv
[2.572s] -- Up-to-date: /home/teemty/B-spline-demo/demo_ws/install/cpp_bs_demo_interfaces/lib/python3.12/site-packages/cpp_bs_demo_interfaces-0.0.0-py3.12.egg-info
[2.572s] -- Installing: /home/teemty/B-spline-demo/demo_ws/install/cpp_bs_demo_interfaces/lib/python3.12/site-packages/cpp_bs_demo_interfaces-0.0.0-py3.12.egg-info/top_level.txt
[2.572s] -- Installing: /home/teemty/B-spline-demo/demo_ws/install/cpp_bs_demo_interfaces/lib/python3.12/site-packages/cpp_bs_demo_interfaces-0.0.0-py3.12.egg-info/SOURCES.txt
[2.572s] -- Installing: /home/teemty/B-spline-demo/demo_ws/install/cpp_bs_demo_interfaces/lib/python3.12/site-packages/cpp_bs_demo_interfaces-0.0.0-py3.12.egg-info/dependency_links.txt
[2.572s] -- Installing: /home/teemty/B-spline-demo/demo_ws/install/cpp_bs_demo_interfaces/lib/python3.12/site-packages/cpp_bs_demo_interfaces-0.0.0-py3.12.egg-info/PKG-INFO
[2.573s] -- Up-to-date: /home/teemty/B-spline-demo/demo_ws/install/cpp_bs_demo_interfaces/lib/python3.12/site-packages/cpp_bs_demo_interfaces
[2.573s] -- Up-to-date: /home/teemty/B-spline-demo/demo_ws/install/cpp_bs_demo_interfaces/lib/python3.12/site-packages/cpp_bs_demo_interfaces/cpp_bs_demo_interfaces_s__rosidl_typesupport_c.so
[2.573s] -- Up-to-date: /home/teemty/B-spline-demo/demo_ws/install/cpp_bs_demo_interfaces/lib/python3.12/site-packages/cpp_bs_demo_interfaces/_cpp_bs_demo_interfaces_s.ep.rosidl_typesupport_fastrtps_c.c
[2.573s] -- Up-to-date: /home/teemty/B-spline-demo/demo_ws/install/cpp_bs_demo_interfaces/lib/python3.12/site-packages/cpp_bs_demo_interfaces/msg
[2.573s] -- Up-to-date: /home/teemty/B-spline-demo/demo_ws/install/cpp_bs_demo_interfaces/lib/python3.12/site-packages/cpp_bs_demo_interfaces/msg/_trajectory.py
[2.573s] -- Up-to-date: /home/teemty/B-spline-demo/demo_ws/install/cpp_bs_demo_interfaces/lib/python3.12/site-packages/cpp_bs_demo_interfaces/msg/_trajectory_s.c
[2.573s] -- Up-to-date: /home/teemty/B-spline-demo/demo_ws/install/cpp_bs_demo_interfaces/lib/python3.12/site-packages/cpp_bs_demo_interfaces/msg/__init__.py
[2.573s] -- Up-to-date: /home/teemty/B-spline-demo/demo_ws/install/cpp_bs_demo_interfaces/lib/python3.12/site-packages/cpp_bs_demo_interfaces/cpp_bs_demo_interfaces_s__rosidl_typesupport_fastrtps_c.so
[2.573s] -- Up-to-date: /home/teemty/B-spline-demo/demo_ws/install/cpp_bs_demo_interfaces/lib/python3.12/site-packages/cpp_bs_demo_interfaces/cpp_bs_demo_interfaces_s__rosidl_typesupport_introspection_c.so
[2.573s] -- Up-to-date: /home/teemty/B-spline-demo/demo_ws/install/cpp_bs_demo_interfaces/lib/python3.12/site-packages/cpp_bs_demo_interfaces/_cpp_bs_demo_interfaces_s.ep.rosidl_typesupport_introspection_c.c
[2.573s] -- Installing: /home/teemty/B-spline-demo/demo_ws/install/cpp_bs_demo_interfaces/lib/python3.12/site-packages/cpp_bs_demo_interfaces/__init__.py
[2.573s] -- Up-to-date: /home/teemty/B-spline-demo/demo_ws/install/cpp_bs_demo_interfaces/lib/python3.12/site-packages/cpp_bs_demo_interfaces/_cpp_bs_demo_interfaces_s.ep.rosidl_typesupport_c.c
[2.629s] Listing '/home/teemty/B-spline-demo/demo_ws/install/cpp_bs_demo_interfaces/lib/python3.12/site-packages/cpp_bs_demo_interfaces'...
[2.629s] Compiling '/home/teemty/B-spline-demo/demo_ws/install/cpp_bs_demo_interfaces/lib/python3.12/site-packages/cpp_bs_demo_interfaces/__init__.py'...
[2.629s] Listing '/home/teemty/B-spline-demo/demo_ws/install/cpp_bs_demo_interfaces/lib/python3.12/site-packages/cpp_bs_demo_interfaces/msg'...
[2.637s] -- Up-to-date: /home/teemty/B-spline-demo/demo_ws/install/cpp_bs_demo_interfaces/lib/python3.12/site-packages/cpp_bs_demo_interfaces/cpp_bs_demo_interfaces_s__rosidl_typesupport_fastrtps_c.so
[2.638s] -- Up-to-date: /home/teemty/B-spline-demo/demo_ws/install/cpp_bs_demo_interfaces/lib/python3.12/site-packages/cpp_bs_demo_interfaces/cpp_bs_demo_interfaces_s__rosidl_typesupport_introspection_c.so
[2.638s] -- Up-to-date: /home/teemty/B-spline-demo/demo_ws/install/cpp_bs_demo_interfaces/lib/python3.12/site-packages/cpp_bs_demo_interfaces/cpp_bs_demo_interfaces_s__rosidl_typesupport_c.so
[2.638s] -- Up-to-date: /home/teemty/B-spline-demo/demo_ws/install/cpp_bs_demo_interfaces/lib/libcpp_bs_demo_interfaces__rosidl_generator_py.so
[2.638s] -- Up-to-date: /home/teemty/B-spline-demo/demo_ws/install/cpp_bs_demo_interfaces/share/cpp_bs_demo_interfaces/msg/Trajectory.idl
[2.638s] -- Up-to-date: /home/teemty/B-spline-demo/demo_ws/install/cpp_bs_demo_interfaces/share/cpp_bs_demo_interfaces/msg/Trajectory.msg
[2.639s] -- Up-to-date: /home/teemty/B-spline-demo/demo_ws/install/cpp_bs_demo_interfaces/share/ament_index/resource_index/package_run_dependencies/cpp_bs_demo_interfaces
[2.639s] -- Up-to-date: /home/teemty/B-spline-demo/demo_ws/install/cpp_bs_demo_interfaces/share/ament_index/resource_index/parent_prefix_path/cpp_bs_demo_interfaces
[2.639s] -- Up-to-date: /home/teemty/B-spline-demo/demo_ws/install/cpp_bs_demo_interfaces/share/cpp_bs_demo_interfaces/environment/ament_prefix_path.sh
[2.639s] -- Up-to-date: /home/teemty/B-spline-demo/demo_ws/install/cpp_bs_demo_interfaces/share/cpp_bs_demo_interfaces/environment/ament_prefix_path.dsv
[2.639s] -- Up-to-date: /home/teemty/B-spline-demo/demo_ws/install/cpp_bs_demo_interfaces/share/cpp_bs_demo_interfaces/environment/path.sh
[2.639s] -- Up-to-date: /home/teemty/B-spline-demo/demo_ws/install/cpp_bs_demo_interfaces/share/cpp_bs_demo_interfaces/environment/path.dsv
[2.639s] -- Up-to-date: /home/teemty/B-spline-demo/demo_ws/install/cpp_bs_demo_interfaces/share/cpp_bs_demo_interfaces/local_setup.bash
[2.639s] -- Up-to-date: /home/teemty/B-spline-demo/demo_ws/install/cpp_bs_demo_interfaces/share/cpp_bs_demo_interfaces/local_setup.sh
[2.639s] -- Up-to-date: /home/teemty/B-spline-demo/demo_ws/install/cpp_bs_demo_interfaces/share/cpp_bs_demo_interfaces/local_setup.zsh
[2.639s] -- Up-to-date: /home/teemty/B-spline-demo/demo_ws/install/cpp_bs_demo_interfaces/share/cpp_bs_demo_interfaces/local_setup.dsv
[2.640s] -- Installing: /home/teemty/B-spline-demo/demo_ws/install/cpp_bs_demo_interfaces/share/cpp_bs_demo_interfaces/package.dsv
[2.640s] -- Up-to-date: /home/teemty/B-spline-demo/demo_ws/install/cpp_bs_demo_interfaces/share/ament_index/resource_index/packages/cpp_bs_demo_interfaces
[2.640s] -- Up-to-date: /home/teemty/B-spline-demo/demo_ws/install/cpp_bs_demo_interfaces/share/cpp_bs_demo_interfaces/cmake/export_cpp_bs_demo_interfaces__rosidl_generator_cExport.cmake
[2.640s] -- Up-to-date: /home/teemty/B-spline-demo/demo_ws/install/cpp_bs_demo_interfaces/share/cpp_bs_demo_interfaces/cmake/export_cpp_bs_demo_interfaces__rosidl_generator_cExport-noconfig.cmake
[2.640s] -- Up-to-date: /home/teemty/B-spline-demo/demo_ws/install/cpp_bs_demo_interfaces/share/cpp_bs_demo_interfaces/cmake/export_cpp_bs_demo_interfaces__rosidl_typesupport_fastrtps_cExport.cmake
[2.640s] -- Up-to-date: /home/teemty/B-spline-demo/demo_ws/install/cpp_bs_demo_interfaces/share/cpp_bs_demo_interfaces/cmake/export_cpp_bs_demo_interfaces__rosidl_typesupport_fastrtps_cExport-noconfig.cmake
[2.641s] -- Up-to-date: /home/teemty/B-spline-demo/demo_ws/install/cpp_bs_demo_interfaces/share/cpp_bs_demo_interfaces/cmake/cpp_bs_demo_interfaces__rosidl_typesupport_introspection_cExport.cmake
[2.641s] -- Up-to-date: /home/teemty/B-spline-demo/demo_ws/install/cpp_bs_demo_interfaces/share/cpp_bs_demo_interfaces/cmake/cpp_bs_demo_interfaces__rosidl_typesupport_introspection_cExport-noconfig.cmake
[2.641s] -- Up-to-date: /home/teemty/B-spline-demo/demo_ws/install/cpp_bs_demo_interfaces/share/cpp_bs_demo_interfaces/cmake/cpp_bs_demo_interfaces__rosidl_typesupport_cExport.cmake
[2.641s] -- Up-to-date: /home/teemty/B-spline-demo/demo_ws/install/cpp_bs_demo_interfaces/share/cpp_bs_demo_interfaces/cmake/cpp_bs_demo_interfaces__rosidl_typesupport_cExport-noconfig.cmake
[2.641s] -- Up-to-date: /home/teemty/B-spline-demo/demo_ws/install/cpp_bs_demo_interfaces/share/cpp_bs_demo_interfaces/cmake/export_cpp_bs_demo_interfaces__rosidl_generator_cppExport.cmake
[2.641s] -- Up-to-date: /home/teemty/B-spline-demo/demo_ws/install/cpp_bs_demo_interfaces/share/cpp_bs_demo_interfaces/cmake/export_cpp_bs_demo_interfaces__rosidl_typesupport_fastrtps_cppExport.cmake
[2.641s] -- Up-to-date: /home/teemty/B-spline-demo/demo_ws/install/cpp_bs_demo_interfaces/share/cpp_bs_demo_interfaces/cmake/export_cpp_bs_demo_interfaces__rosidl_typesupport_fastrtps_cppExport-noconfig.cmake
[2.641s] -- Up-to-date: /home/teemty/B-spline-demo/demo_ws/install/cpp_bs_demo_interfaces/share/cpp_bs_demo_interfaces/cmake/cpp_bs_demo_interfaces__rosidl_typesupport_introspection_cppExport.cmake
[2.641s] -- Up-to-date: /home/teemty/B-spline-demo/demo_ws/install/cpp_bs_demo_interfaces/share/cpp_bs_demo_interfaces/cmake/cpp_bs_demo_interfaces__rosidl_typesupport_introspection_cppExport-noconfig.cmake
[2.641s] -- Up-to-date: /home/teemty/B-spline-demo/demo_ws/install/cpp_bs_demo_interfaces/share/cpp_bs_demo_interfaces/cmake/cpp_bs_demo_interfaces__rosidl_typesupport_cppExport.cmake
[2.641s] -- Up-to-date: /home/teemty/B-spline-demo/demo_ws/install/cpp_bs_demo_interfaces/share/cpp_bs_demo_interfaces/cmake/cpp_bs_demo_interfaces__rosidl_typesupport_cppExport-noconfig.cmake
[2.641s] -- Up-to-date: /home/teemty/B-spline-demo/demo_ws/install/cpp_bs_demo_interfaces/share/cpp_bs_demo_interfaces/cmake/export_cpp_bs_demo_interfaces__rosidl_generator_pyExport.cmake
[2.641s] -- Up-to-date: /home/teemty/B-spline-demo/demo_ws/install/cpp_bs_demo_interfaces/share/cpp_bs_demo_interfaces/cmake/export_cpp_bs_demo_interfaces__rosidl_generator_pyExport-noconfig.cmake
[2.642s] -- Up-to-date: /home/teemty/B-spline-demo/demo_ws/install/cpp_bs_demo_interfaces/share/cpp_bs_demo_interfaces/cmake/rosidl_cmake-extras.cmake
[2.642s] -- Up-to-date: /home/teemty/B-spline-demo/demo_ws/install/cpp_bs_demo_interfaces/share/cpp_bs_demo_interfaces/cmake/ament_cmake_export_dependencies-extras.cmake
[2.642s] -- Up-to-date: /home/teemty/B-spline-demo/demo_ws/install/cpp_bs_demo_interfaces/share/cpp_bs_demo_interfaces/cmake/ament_cmake_export_include_directories-extras.cmake
[2.642s] -- Up-to-date: /home/teemty/B-spline-demo/demo_ws/install/cpp_bs_demo_interfaces/share/cpp_bs_demo_interfaces/cmake/ament_cmake_export_libraries-extras.cmake
[2.642s] -- Up-to-date: /home/teemty/B-spline-demo/demo_ws/install/cpp_bs_demo_interfaces/share/cpp_bs_demo_interfaces/cmake/ament_cmake_export_targets-extras.cmake
[2.642s] -- Up-to-date: /home/teemty/B-spline-demo/demo_ws/install/cpp_bs_demo_interfaces/share/cpp_bs_demo_interfaces/cmake/rosidl_cmake_export_typesupport_targets-extras.cmake
[2.642s] -- Up-to-date: /home/teemty/B-spline-demo/demo_ws/install/cpp_bs_demo_interfaces/share/cpp_bs_demo_interfaces/cmake/rosidl_cmake_export_typesupport_libraries-extras.cmake
[2.642s] -- Up-to-date: /home/teemty/B-spline-demo/demo_ws/install/cpp_bs_demo_interfaces/share/cpp_bs_demo_interfaces/cmake/cpp_bs_demo_interfacesConfig.cmake
[2.642s] -- Up-to-date: /home/teemty/B-spline-demo/demo_ws/install/cpp_bs_demo_interfaces/share/cpp_bs_demo_interfaces/cmake/cpp_bs_demo_interfacesConfig-version.cmake
[2.642s] -- Up-to-date: /home/teemty/B-spline-demo/demo_ws/install/cpp_bs_demo_interfaces/share/cpp_bs_demo_interfaces/package.xml
[2.646s] Invoked command in '/home/teemty/B-spline-demo/demo_ws/build/cpp_bs_demo_interfaces' returned '0': CMAKE_PREFIX_PATH=${CMAKE_PREFIX_PATH}:/opt/ros/jazzy DEBUGINFOD_URLS=https://debuginfod.ubuntu.com /usr/bin/cmake --install /home/teemty/B-spline-demo/demo_ws/build/cpp_bs_demo_interfaces
