[0.005s] Invoking command in '/home/teemty/B-spline-demo/demo_ws/build/cpp_bs_demo_interfaces': CMAKE_PREFIX_PATH=${CMAKE_PREFIX_PATH}:/opt/ros/jazzy DEBUGINFOD_URLS=https://debuginfod.ubuntu.com /usr/bin/cmake --build /home/teemty/B-spline-demo/demo_ws/build/cpp_bs_demo_interfaces -- -j8 -l8
[0.022s] -- Found ament_cmake: 2.5.4 (/opt/ros/jazzy/share/ament_cmake/cmake)
[0.037s] -- Found Python3: /usr/bin/python3 (found version "3.12.3") found components: Interpreter 
[0.083s] -- Found rosidl_default_generators: 1.6.0 (/opt/ros/jazzy/share/rosidl_default_generators/cmake)
[0.084s] -- Using all available rosidl_typesupport_c: rosidl_typesupport_fastrtps_c;rosidl_typesupport_introspection_c
[0.101s] -- Using all available rosidl_typesupport_cpp: rosidl_typesupport_fastrtps_cpp;rosidl_typesupport_introspection_cpp
[0.115s] -- Found rosidl_adapter: 4.6.5 (/opt/ros/jazzy/share/rosidl_adapter/cmake)
[0.116s] -- Found builtin_interfaces: 2.0.2 (/opt/ros/jazzy/share/builtin_interfaces/cmake)
[0.122s] -- Found geometry_msgs: 5.3.6 (/opt/ros/jazzy/share/geometry_msgs/cmake)
[0.305s] -- Found ament_cmake_ros: 0.12.0 (/opt/ros/jazzy/share/ament_cmake_ros/cmake)
[0.398s] -- Using all available rosidl_typesupport_c: rosidl_typesupport_fastrtps_c;rosidl_typesupport_introspection_c
[0.531s] -- Using all available rosidl_typesupport_cpp: rosidl_typesupport_fastrtps_cpp;rosidl_typesupport_introspection_cpp
[0.532s] -- Found python_cmake_module: 0.11.1 (/opt/ros/jazzy/share/python_cmake_module/cmake)
[0.691s] -- Found Python3: /usr/bin/python3 (found version "3.12.3") found components: Interpreter Development NumPy Development.Module Development.Embed 
[0.709s] -- Found ament_lint_auto: 0.17.2 (/opt/ros/jazzy/share/ament_lint_auto/cmake)
[0.712s] -- Added test 'lint_cmake' to check CMake code style
[0.713s] -- Added test 'xmllint' to check XML markup files
[0.714s] -- Configuring done (0.7s)
[0.731s] -- Generating done (0.0s)
[0.736s] -- Build files have been written to: /home/teemty/B-spline-demo/demo_ws/build/cpp_bs_demo_interfaces
[0.758s] [  2%] Built target cpp_bs_demo_interfaces__rosidl_generator_type_description
[0.762s] [  2%] Built target ament_cmake_python_copy_cpp_bs_demo_interfaces
[0.774s] [  5%] [32mBuilding C object CMakeFiles/cpp_bs_demo_interfaces__rosidl_generator_c.dir/rosidl_generator_c/cpp_bs_demo_interfaces/msg/detail/trajectory__type_support.c.o[0m
[0.774s] [  8%] [32mBuilding C object CMakeFiles/cpp_bs_demo_interfaces__rosidl_generator_c.dir/rosidl_generator_c/cpp_bs_demo_interfaces/msg/detail/trajectory__description.c.o[0m
[0.775s] [ 11%] [32mBuilding C object CMakeFiles/cpp_bs_demo_interfaces__rosidl_generator_c.dir/rosidl_generator_c/cpp_bs_demo_interfaces/msg/detail/trajectory__functions.c.o[0m
[0.781s] [ 14%] Built target cpp_bs_demo_interfaces__cpp
[0.806s] [ 17%] [32m[1mLinking C shared library libcpp_bs_demo_interfaces__rosidl_generator_c.so[0m
[0.832s] [ 20%] Built target cpp_bs_demo_interfaces__rosidl_generator_c
[0.847s] [ 23%] [32mBuilding CXX object CMakeFiles/cpp_bs_demo_interfaces__rosidl_typesupport_fastrtps_cpp.dir/rosidl_typesupport_fastrtps_cpp/cpp_bs_demo_interfaces/msg/detail/dds_fastrtps/trajectory__type_support.cpp.o[0m
[0.848s] [ 29%] [32mBuilding CXX object CMakeFiles/cpp_bs_demo_interfaces__rosidl_typesupport_c.dir/rosidl_typesupport_c/cpp_bs_demo_interfaces/msg/trajectory__type_support.cpp.o[0m
[0.848s] [ 29%] [32mBuilding C object CMakeFiles/cpp_bs_demo_interfaces__rosidl_typesupport_introspection_c.dir/rosidl_typesupport_introspection_c/cpp_bs_demo_interfaces/msg/detail/trajectory__type_support.c.o[0m
[0.850s] [ 32%] [32mBuilding CXX object CMakeFiles/cpp_bs_demo_interfaces__rosidl_typesupport_introspection_cpp.dir/rosidl_typesupport_introspection_cpp/cpp_bs_demo_interfaces/msg/detail/trajectory__type_support.cpp.o[0m
[0.850s] [ 38%] [32mBuilding CXX object CMakeFiles/cpp_bs_demo_interfaces__rosidl_typesupport_fastrtps_c.dir/rosidl_typesupport_fastrtps_c/cpp_bs_demo_interfaces/msg/detail/trajectory__type_support_c.cpp.o[0m
[0.850s] [ 38%] [32mBuilding CXX object CMakeFiles/cpp_bs_demo_interfaces__rosidl_typesupport_cpp.dir/rosidl_typesupport_cpp/cpp_bs_demo_interfaces/msg/trajectory__type_support.cpp.o[0m
[0.872s] running egg_info
[0.872s] [ 41%] [32m[1mLinking CXX shared library libcpp_bs_demo_interfaces__rosidl_typesupport_c.so[0m
[0.875s] [ 44%] [32m[1mLinking C shared library libcpp_bs_demo_interfaces__rosidl_typesupport_introspection_c.so[0m
[0.882s] writing cpp_bs_demo_interfaces.egg-info/PKG-INFO
[0.882s] writing dependency_links to cpp_bs_demo_interfaces.egg-info/dependency_links.txt
[0.882s] writing top-level names to cpp_bs_demo_interfaces.egg-info/top_level.txt
[0.898s] [ 47%] Built target cpp_bs_demo_interfaces__rosidl_typesupport_introspection_c
[0.899s] [ 50%] Built target cpp_bs_demo_interfaces__rosidl_typesupport_c
[0.911s] reading manifest file 'cpp_bs_demo_interfaces.egg-info/SOURCES.txt'
[0.911s] writing manifest file 'cpp_bs_demo_interfaces.egg-info/SOURCES.txt'
[0.929s] [ 50%] Built target ament_cmake_python_build_cpp_bs_demo_interfaces_egg
[1.011s] [ 52%] [32m[1mLinking CXX shared library libcpp_bs_demo_interfaces__rosidl_typesupport_cpp.so[0m
[1.038s] [ 55%] Built target cpp_bs_demo_interfaces__rosidl_typesupport_cpp
[1.063s] [ 58%] [32m[1mLinking CXX shared library libcpp_bs_demo_interfaces__rosidl_typesupport_introspection_cpp.so[0m
[1.112s] [ 61%] Built target cpp_bs_demo_interfaces__rosidl_typesupport_introspection_cpp
[1.117s] [ 64%] [32m[1mLinking CXX shared library libcpp_bs_demo_interfaces__rosidl_typesupport_fastrtps_c.so[0m
[1.149s] [ 70%] [32m[1mLinking CXX shared library libcpp_bs_demo_interfaces__rosidl_typesupport_fastrtps_cpp.so[0m
[1.149s] [ 70%] Built target cpp_bs_demo_interfaces__rosidl_typesupport_fastrtps_c
[1.197s] [ 73%] Built target cpp_bs_demo_interfaces__rosidl_typesupport_fastrtps_cpp
[1.211s] [ 73%] Built target cpp_bs_demo_interfaces
[1.225s] [ 76%] Built target cpp_bs_demo_interfaces__py
[1.239s] [ 79%] [32mBuilding C object CMakeFiles/cpp_bs_demo_interfaces__rosidl_generator_py.dir/rosidl_generator_py/cpp_bs_demo_interfaces/msg/_trajectory_s.c.o[0m
[1.314s] [ 82%] [32m[1mLinking C shared library libcpp_bs_demo_interfaces__rosidl_generator_py.so[0m
[1.343s] [ 82%] Built target cpp_bs_demo_interfaces__rosidl_generator_py
[1.357s] [ 85%] [32mBuilding C object CMakeFiles/cpp_bs_demo_interfaces_s__rosidl_typesupport_fastrtps_c.dir/rosidl_generator_py/cpp_bs_demo_interfaces/_cpp_bs_demo_interfaces_s.ep.rosidl_typesupport_fastrtps_c.c.o[0m
[1.357s] [ 88%] [32mBuilding C object CMakeFiles/cpp_bs_demo_interfaces_s__rosidl_typesupport_introspection_c.dir/rosidl_generator_py/cpp_bs_demo_interfaces/_cpp_bs_demo_interfaces_s.ep.rosidl_typesupport_introspection_c.c.o[0m
[1.357s] [ 91%] [32mBuilding C object CMakeFiles/cpp_bs_demo_interfaces_s__rosidl_typesupport_c.dir/rosidl_generator_py/cpp_bs_demo_interfaces/_cpp_bs_demo_interfaces_s.ep.rosidl_typesupport_c.c.o[0m
[1.410s] [ 94%] [32m[1mLinking C shared module rosidl_generator_py/cpp_bs_demo_interfaces/cpp_bs_demo_interfaces_s__rosidl_typesupport_c.so[0m
[1.410s] [ 97%] [32m[1mLinking C shared module rosidl_generator_py/cpp_bs_demo_interfaces/cpp_bs_demo_interfaces_s__rosidl_typesupport_introspection_c.so[0m
[1.411s] [100%] [32m[1mLinking C shared module rosidl_generator_py/cpp_bs_demo_interfaces/cpp_bs_demo_interfaces_s__rosidl_typesupport_fastrtps_c.so[0m
[1.428s] [100%] Built target cpp_bs_demo_interfaces_s__rosidl_typesupport_c
[1.429s] [100%] Built target cpp_bs_demo_interfaces_s__rosidl_typesupport_introspection_c
[1.430s] [100%] Built target cpp_bs_demo_interfaces_s__rosidl_typesupport_fastrtps_c
[1.436s] Invoked command in '/home/teemty/B-spline-demo/demo_ws/build/cpp_bs_demo_interfaces' returned '0': CMAKE_PREFIX_PATH=${CMAKE_PREFIX_PATH}:/opt/ros/jazzy DEBUGINFOD_URLS=https://debuginfod.ubuntu.com /usr/bin/cmake --build /home/teemty/B-spline-demo/demo_ws/build/cpp_bs_demo_interfaces -- -j8 -l8
[1.443s] Invoking command in '/home/teemty/B-spline-demo/demo_ws/build/cpp_bs_demo_interfaces': CMAKE_PREFIX_PATH=${CMAKE_PREFIX_PATH}:/opt/ros/jazzy DEBUGINFOD_URLS=https://debuginfod.ubuntu.com /usr/bin/cmake --install /home/teemty/B-spline-demo/demo_ws/build/cpp_bs_demo_interfaces
[1.450s] -- Install configuration: ""
[1.450s] -- Up-to-date: /home/teemty/B-spline-demo/demo_ws/install/cpp_bs_demo_interfaces/share/ament_index/resource_index/rosidl_interfaces/cpp_bs_demo_interfaces
[1.450s] -- Up-to-date: /home/teemty/B-spline-demo/demo_ws/install/cpp_bs_demo_interfaces/share/cpp_bs_demo_interfaces/msg/Trajectory.json
[1.450s] -- Up-to-date: /home/teemty/B-spline-demo/demo_ws/install/cpp_bs_demo_interfaces/include/cpp_bs_demo_interfaces/cpp_bs_demo_interfaces
[1.450s] -- Up-to-date: /home/teemty/B-spline-demo/demo_ws/install/cpp_bs_demo_interfaces/include/cpp_bs_demo_interfaces/cpp_bs_demo_interfaces/msg
[1.450s] -- Up-to-date: /home/teemty/B-spline-demo/demo_ws/install/cpp_bs_demo_interfaces/include/cpp_bs_demo_interfaces/cpp_bs_demo_interfaces/msg/trajectory.h
[1.450s] -- Up-to-date: /home/teemty/B-spline-demo/demo_ws/install/cpp_bs_demo_interfaces/include/cpp_bs_demo_interfaces/cpp_bs_demo_interfaces/msg/rosidl_generator_c__visibility_control.h
[1.450s] -- Up-to-date: /home/teemty/B-spline-demo/demo_ws/install/cpp_bs_demo_interfaces/include/cpp_bs_demo_interfaces/cpp_bs_demo_interfaces/msg/detail
[1.450s] -- Up-to-date: /home/teemty/B-spline-demo/demo_ws/install/cpp_bs_demo_interfaces/include/cpp_bs_demo_interfaces/cpp_bs_demo_interfaces/msg/detail/trajectory__functions.h
[1.450s] -- Up-to-date: /home/teemty/B-spline-demo/demo_ws/install/cpp_bs_demo_interfaces/include/cpp_bs_demo_interfaces/cpp_bs_demo_interfaces/msg/detail/trajectory__type_support.h
[1.450s] -- Up-to-date: /home/teemty/B-spline-demo/demo_ws/install/cpp_bs_demo_interfaces/include/cpp_bs_demo_interfaces/cpp_bs_demo_interfaces/msg/detail/trajectory__description.c
[1.450s] -- Up-to-date: /home/teemty/B-spline-demo/demo_ws/install/cpp_bs_demo_interfaces/include/cpp_bs_demo_interfaces/cpp_bs_demo_interfaces/msg/detail/trajectory__struct.h
[1.450s] -- Installing: /home/teemty/B-spline-demo/demo_ws/install/cpp_bs_demo_interfaces/include/cpp_bs_demo_interfaces/cpp_bs_demo_interfaces/msg/detail/trajectory__type_support.c
[1.450s] -- Up-to-date: /home/teemty/B-spline-demo/demo_ws/install/cpp_bs_demo_interfaces/include/cpp_bs_demo_interfaces/cpp_bs_demo_interfaces/msg/detail/trajectory__functions.c
[1.450s] -- Installing: /home/teemty/B-spline-demo/demo_ws/install/cpp_bs_demo_interfaces/share/cpp_bs_demo_interfaces/environment/library_path.sh
[1.450s] -- Up-to-date: /home/teemty/B-spline-demo/demo_ws/install/cpp_bs_demo_interfaces/share/cpp_bs_demo_interfaces/environment/library_path.dsv
[1.450s] -- Installing: /home/teemty/B-spline-demo/demo_ws/install/cpp_bs_demo_interfaces/lib/libcpp_bs_demo_interfaces__rosidl_generator_c.so
[1.451s] -- Set non-toolchain portion of runtime path of "/home/teemty/B-spline-demo/demo_ws/install/cpp_bs_demo_interfaces/lib/libcpp_bs_demo_interfaces__rosidl_generator_c.so" to ""
[1.451s] -- Up-to-date: /home/teemty/B-spline-demo/demo_ws/install/cpp_bs_demo_interfaces/include/cpp_bs_demo_interfaces/cpp_bs_demo_interfaces
[1.451s] -- Up-to-date: /home/teemty/B-spline-demo/demo_ws/install/cpp_bs_demo_interfaces/include/cpp_bs_demo_interfaces/cpp_bs_demo_interfaces/msg
[1.451s] -- Up-to-date: /home/teemty/B-spline-demo/demo_ws/install/cpp_bs_demo_interfaces/include/cpp_bs_demo_interfaces/cpp_bs_demo_interfaces/msg/rosidl_typesupport_fastrtps_c__visibility_control.h
[1.451s] -- Up-to-date: /home/teemty/B-spline-demo/demo_ws/install/cpp_bs_demo_interfaces/include/cpp_bs_demo_interfaces/cpp_bs_demo_interfaces/msg/detail
[1.451s] -- Up-to-date: /home/teemty/B-spline-demo/demo_ws/install/cpp_bs_demo_interfaces/include/cpp_bs_demo_interfaces/cpp_bs_demo_interfaces/msg/detail/trajectory__rosidl_typesupport_fastrtps_c.h
[1.451s] -- Installing: /home/teemty/B-spline-demo/demo_ws/install/cpp_bs_demo_interfaces/lib/libcpp_bs_demo_interfaces__rosidl_typesupport_fastrtps_c.so
[1.451s] -- Set non-toolchain portion of runtime path of "/home/teemty/B-spline-demo/demo_ws/install/cpp_bs_demo_interfaces/lib/libcpp_bs_demo_interfaces__rosidl_typesupport_fastrtps_c.so" to ""
[1.451s] -- Up-to-date: /home/teemty/B-spline-demo/demo_ws/install/cpp_bs_demo_interfaces/include/cpp_bs_demo_interfaces/cpp_bs_demo_interfaces
[1.451s] -- Up-to-date: /home/teemty/B-spline-demo/demo_ws/install/cpp_bs_demo_interfaces/include/cpp_bs_demo_interfaces/cpp_bs_demo_interfaces/msg
[1.451s] -- Up-to-date: /home/teemty/B-spline-demo/demo_ws/install/cpp_bs_demo_interfaces/include/cpp_bs_demo_interfaces/cpp_bs_demo_interfaces/msg/rosidl_typesupport_introspection_c__visibility_control.h
[1.451s] -- Up-to-date: /home/teemty/B-spline-demo/demo_ws/install/cpp_bs_demo_interfaces/include/cpp_bs_demo_interfaces/cpp_bs_demo_interfaces/msg/detail
[1.451s] -- Up-to-date: /home/teemty/B-spline-demo/demo_ws/install/cpp_bs_demo_interfaces/include/cpp_bs_demo_interfaces/cpp_bs_demo_interfaces/msg/detail/trajectory__rosidl_typesupport_introspection_c.h
[1.451s] -- Installing: /home/teemty/B-spline-demo/demo_ws/install/cpp_bs_demo_interfaces/include/cpp_bs_demo_interfaces/cpp_bs_demo_interfaces/msg/detail/trajectory__type_support.c
[1.451s] -- Installing: /home/teemty/B-spline-demo/demo_ws/install/cpp_bs_demo_interfaces/lib/libcpp_bs_demo_interfaces__rosidl_typesupport_introspection_c.so
[1.451s] -- Set non-toolchain portion of runtime path of "/home/teemty/B-spline-demo/demo_ws/install/cpp_bs_demo_interfaces/lib/libcpp_bs_demo_interfaces__rosidl_typesupport_introspection_c.so" to ""
[1.451s] -- Installing: /home/teemty/B-spline-demo/demo_ws/install/cpp_bs_demo_interfaces/lib/libcpp_bs_demo_interfaces__rosidl_typesupport_c.so
[1.451s] -- Set non-toolchain portion of runtime path of "/home/teemty/B-spline-demo/demo_ws/install/cpp_bs_demo_interfaces/lib/libcpp_bs_demo_interfaces__rosidl_typesupport_c.so" to ""
[1.451s] -- Up-to-date: /home/teemty/B-spline-demo/demo_ws/install/cpp_bs_demo_interfaces/include/cpp_bs_demo_interfaces/cpp_bs_demo_interfaces
[1.451s] -- Up-to-date: /home/teemty/B-spline-demo/demo_ws/install/cpp_bs_demo_interfaces/include/cpp_bs_demo_interfaces/cpp_bs_demo_interfaces/msg
[1.451s] -- Up-to-date: /home/teemty/B-spline-demo/demo_ws/install/cpp_bs_demo_interfaces/include/cpp_bs_demo_interfaces/cpp_bs_demo_interfaces/msg/rosidl_generator_cpp__visibility_control.hpp
[1.451s] -- Up-to-date: /home/teemty/B-spline-demo/demo_ws/install/cpp_bs_demo_interfaces/include/cpp_bs_demo_interfaces/cpp_bs_demo_interfaces/msg/trajectory.hpp
[1.451s] -- Up-to-date: /home/teemty/B-spline-demo/demo_ws/install/cpp_bs_demo_interfaces/include/cpp_bs_demo_interfaces/cpp_bs_demo_interfaces/msg/detail
[1.452s] -- Installing: /home/teemty/B-spline-demo/demo_ws/install/cpp_bs_demo_interfaces/include/cpp_bs_demo_interfaces/cpp_bs_demo_interfaces/msg/detail/trajectory__type_support.hpp
[1.452s] -- Installing: /home/teemty/B-spline-demo/demo_ws/install/cpp_bs_demo_interfaces/include/cpp_bs_demo_interfaces/cpp_bs_demo_interfaces/msg/detail/trajectory__struct.hpp
[1.452s] -- Installing: /home/teemty/B-spline-demo/demo_ws/install/cpp_bs_demo_interfaces/include/cpp_bs_demo_interfaces/cpp_bs_demo_interfaces/msg/detail/trajectory__builder.hpp
[1.452s] -- Installing: /home/teemty/B-spline-demo/demo_ws/install/cpp_bs_demo_interfaces/include/cpp_bs_demo_interfaces/cpp_bs_demo_interfaces/msg/detail/trajectory__traits.hpp
[1.452s] -- Up-to-date: /home/teemty/B-spline-demo/demo_ws/install/cpp_bs_demo_interfaces/include/cpp_bs_demo_interfaces/cpp_bs_demo_interfaces
[1.452s] -- Up-to-date: /home/teemty/B-spline-demo/demo_ws/install/cpp_bs_demo_interfaces/include/cpp_bs_demo_interfaces/cpp_bs_demo_interfaces/msg
[1.452s] -- Up-to-date: /home/teemty/B-spline-demo/demo_ws/install/cpp_bs_demo_interfaces/include/cpp_bs_demo_interfaces/cpp_bs_demo_interfaces/msg/rosidl_typesupport_fastrtps_cpp__visibility_control.h
[1.452s] -- Up-to-date: /home/teemty/B-spline-demo/demo_ws/install/cpp_bs_demo_interfaces/include/cpp_bs_demo_interfaces/cpp_bs_demo_interfaces/msg/detail
[1.452s] -- Up-to-date: /home/teemty/B-spline-demo/demo_ws/install/cpp_bs_demo_interfaces/include/cpp_bs_demo_interfaces/cpp_bs_demo_interfaces/msg/detail/trajectory__rosidl_typesupport_fastrtps_cpp.hpp
[1.452s] -- Installing: /home/teemty/B-spline-demo/demo_ws/install/cpp_bs_demo_interfaces/include/cpp_bs_demo_interfaces/cpp_bs_demo_interfaces/msg/detail/dds_fastrtps
[1.452s] -- Installing: /home/teemty/B-spline-demo/demo_ws/install/cpp_bs_demo_interfaces/lib/libcpp_bs_demo_interfaces__rosidl_typesupport_fastrtps_cpp.so
[1.452s] -- Set non-toolchain portion of runtime path of "/home/teemty/B-spline-demo/demo_ws/install/cpp_bs_demo_interfaces/lib/libcpp_bs_demo_interfaces__rosidl_typesupport_fastrtps_cpp.so" to ""
[1.452s] -- Up-to-date: /home/teemty/B-spline-demo/demo_ws/install/cpp_bs_demo_interfaces/include/cpp_bs_demo_interfaces/cpp_bs_demo_interfaces
[1.452s] -- Up-to-date: /home/teemty/B-spline-demo/demo_ws/install/cpp_bs_demo_interfaces/include/cpp_bs_demo_interfaces/cpp_bs_demo_interfaces/msg
[1.452s] -- Up-to-date: /home/teemty/B-spline-demo/demo_ws/install/cpp_bs_demo_interfaces/include/cpp_bs_demo_interfaces/cpp_bs_demo_interfaces/msg/detail
[1.452s] -- Up-to-date: /home/teemty/B-spline-demo/demo_ws/install/cpp_bs_demo_interfaces/include/cpp_bs_demo_interfaces/cpp_bs_demo_interfaces/msg/detail/trajectory__rosidl_typesupport_introspection_cpp.hpp
[1.452s] -- Up-to-date: /home/teemty/B-spline-demo/demo_ws/install/cpp_bs_demo_interfaces/include/cpp_bs_demo_interfaces/cpp_bs_demo_interfaces/msg/detail/trajectory__type_support.cpp
[1.452s] -- Installing: /home/teemty/B-spline-demo/demo_ws/install/cpp_bs_demo_interfaces/lib/libcpp_bs_demo_interfaces__rosidl_typesupport_introspection_cpp.so
[1.452s] -- Set non-toolchain portion of runtime path of "/home/teemty/B-spline-demo/demo_ws/install/cpp_bs_demo_interfaces/lib/libcpp_bs_demo_interfaces__rosidl_typesupport_introspection_cpp.so" to ""
[1.452s] -- Installing: /home/teemty/B-spline-demo/demo_ws/install/cpp_bs_demo_interfaces/lib/libcpp_bs_demo_interfaces__rosidl_typesupport_cpp.so
[1.452s] -- Set non-toolchain portion of runtime path of "/home/teemty/B-spline-demo/demo_ws/install/cpp_bs_demo_interfaces/lib/libcpp_bs_demo_interfaces__rosidl_typesupport_cpp.so" to ""
[1.452s] -- Up-to-date: /home/teemty/B-spline-demo/demo_ws/install/cpp_bs_demo_interfaces/share/cpp_bs_demo_interfaces/environment/pythonpath.sh
[1.452s] -- Up-to-date: /home/teemty/B-spline-demo/demo_ws/install/cpp_bs_demo_interfaces/share/cpp_bs_demo_interfaces/environment/pythonpath.dsv
[1.453s] -- Up-to-date: /home/teemty/B-spline-demo/demo_ws/install/cpp_bs_demo_interfaces/lib/python3.12/site-packages/cpp_bs_demo_interfaces-0.0.0-py3.12.egg-info
[1.453s] -- Installing: /home/teemty/B-spline-demo/demo_ws/install/cpp_bs_demo_interfaces/lib/python3.12/site-packages/cpp_bs_demo_interfaces-0.0.0-py3.12.egg-info/top_level.txt
[1.453s] -- Installing: /home/teemty/B-spline-demo/demo_ws/install/cpp_bs_demo_interfaces/lib/python3.12/site-packages/cpp_bs_demo_interfaces-0.0.0-py3.12.egg-info/SOURCES.txt
[1.453s] -- Installing: /home/teemty/B-spline-demo/demo_ws/install/cpp_bs_demo_interfaces/lib/python3.12/site-packages/cpp_bs_demo_interfaces-0.0.0-py3.12.egg-info/dependency_links.txt
[1.453s] -- Installing: /home/teemty/B-spline-demo/demo_ws/install/cpp_bs_demo_interfaces/lib/python3.12/site-packages/cpp_bs_demo_interfaces-0.0.0-py3.12.egg-info/PKG-INFO
[1.453s] -- Up-to-date: /home/teemty/B-spline-demo/demo_ws/install/cpp_bs_demo_interfaces/lib/python3.12/site-packages/cpp_bs_demo_interfaces
[1.453s] -- Installing: /home/teemty/B-spline-demo/demo_ws/install/cpp_bs_demo_interfaces/lib/python3.12/site-packages/cpp_bs_demo_interfaces/cpp_bs_demo_interfaces_s__rosidl_typesupport_c.so
[1.453s] -- Up-to-date: /home/teemty/B-spline-demo/demo_ws/install/cpp_bs_demo_interfaces/lib/python3.12/site-packages/cpp_bs_demo_interfaces/_cpp_bs_demo_interfaces_s.ep.rosidl_typesupport_fastrtps_c.c
[1.453s] -- Up-to-date: /home/teemty/B-spline-demo/demo_ws/install/cpp_bs_demo_interfaces/lib/python3.12/site-packages/cpp_bs_demo_interfaces/msg
[1.453s] -- Up-to-date: /home/teemty/B-spline-demo/demo_ws/install/cpp_bs_demo_interfaces/lib/python3.12/site-packages/cpp_bs_demo_interfaces/msg/_trajectory.py
[1.453s] -- Up-to-date: /home/teemty/B-spline-demo/demo_ws/install/cpp_bs_demo_interfaces/lib/python3.12/site-packages/cpp_bs_demo_interfaces/msg/_trajectory_s.c
[1.453s] -- Up-to-date: /home/teemty/B-spline-demo/demo_ws/install/cpp_bs_demo_interfaces/lib/python3.12/site-packages/cpp_bs_demo_interfaces/msg/__init__.py
[1.453s] -- Installing: /home/teemty/B-spline-demo/demo_ws/install/cpp_bs_demo_interfaces/lib/python3.12/site-packages/cpp_bs_demo_interfaces/cpp_bs_demo_interfaces_s__rosidl_typesupport_fastrtps_c.so
[1.453s] -- Installing: /home/teemty/B-spline-demo/demo_ws/install/cpp_bs_demo_interfaces/lib/python3.12/site-packages/cpp_bs_demo_interfaces/cpp_bs_demo_interfaces_s__rosidl_typesupport_introspection_c.so
[1.453s] -- Up-to-date: /home/teemty/B-spline-demo/demo_ws/install/cpp_bs_demo_interfaces/lib/python3.12/site-packages/cpp_bs_demo_interfaces/_cpp_bs_demo_interfaces_s.ep.rosidl_typesupport_introspection_c.c
[1.453s] -- Installing: /home/teemty/B-spline-demo/demo_ws/install/cpp_bs_demo_interfaces/lib/python3.12/site-packages/cpp_bs_demo_interfaces/__init__.py
[1.453s] -- Up-to-date: /home/teemty/B-spline-demo/demo_ws/install/cpp_bs_demo_interfaces/lib/python3.12/site-packages/cpp_bs_demo_interfaces/_cpp_bs_demo_interfaces_s.ep.rosidl_typesupport_c.c
[1.474s] Listing '/home/teemty/B-spline-demo/demo_ws/install/cpp_bs_demo_interfaces/lib/python3.12/site-packages/cpp_bs_demo_interfaces'...
[1.474s] Compiling '/home/teemty/B-spline-demo/demo_ws/install/cpp_bs_demo_interfaces/lib/python3.12/site-packages/cpp_bs_demo_interfaces/__init__.py'...
[1.474s] Listing '/home/teemty/B-spline-demo/demo_ws/install/cpp_bs_demo_interfaces/lib/python3.12/site-packages/cpp_bs_demo_interfaces/msg'...
[1.474s] Compiling '/home/teemty/B-spline-demo/demo_ws/install/cpp_bs_demo_interfaces/lib/python3.12/site-packages/cpp_bs_demo_interfaces/msg/__init__.py'...
[1.474s] Compiling '/home/teemty/B-spline-demo/demo_ws/install/cpp_bs_demo_interfaces/lib/python3.12/site-packages/cpp_bs_demo_interfaces/msg/_trajectory.py'...
[1.478s] -- Installing: /home/teemty/B-spline-demo/demo_ws/install/cpp_bs_demo_interfaces/lib/python3.12/site-packages/cpp_bs_demo_interfaces/cpp_bs_demo_interfaces_s__rosidl_typesupport_fastrtps_c.so
[1.478s] -- Set non-toolchain portion of runtime path of "/home/teemty/B-spline-demo/demo_ws/install/cpp_bs_demo_interfaces/lib/python3.12/site-packages/cpp_bs_demo_interfaces/cpp_bs_demo_interfaces_s__rosidl_typesupport_fastrtps_c.so" to ""
[1.478s] -- Installing: /home/teemty/B-spline-demo/demo_ws/install/cpp_bs_demo_interfaces/lib/python3.12/site-packages/cpp_bs_demo_interfaces/cpp_bs_demo_interfaces_s__rosidl_typesupport_introspection_c.so
[1.478s] -- Set non-toolchain portion of runtime path of "/home/teemty/B-spline-demo/demo_ws/install/cpp_bs_demo_interfaces/lib/python3.12/site-packages/cpp_bs_demo_interfaces/cpp_bs_demo_interfaces_s__rosidl_typesupport_introspection_c.so" to ""
[1.478s] -- Installing: /home/teemty/B-spline-demo/demo_ws/install/cpp_bs_demo_interfaces/lib/python3.12/site-packages/cpp_bs_demo_interfaces/cpp_bs_demo_interfaces_s__rosidl_typesupport_c.so
[1.478s] -- Set non-toolchain portion of runtime path of "/home/teemty/B-spline-demo/demo_ws/install/cpp_bs_demo_interfaces/lib/python3.12/site-packages/cpp_bs_demo_interfaces/cpp_bs_demo_interfaces_s__rosidl_typesupport_c.so" to ""
[1.478s] -- Installing: /home/teemty/B-spline-demo/demo_ws/install/cpp_bs_demo_interfaces/lib/libcpp_bs_demo_interfaces__rosidl_generator_py.so
[1.478s] -- Set non-toolchain portion of runtime path of "/home/teemty/B-spline-demo/demo_ws/install/cpp_bs_demo_interfaces/lib/libcpp_bs_demo_interfaces__rosidl_generator_py.so" to ""
[1.478s] -- Up-to-date: /home/teemty/B-spline-demo/demo_ws/install/cpp_bs_demo_interfaces/share/cpp_bs_demo_interfaces/msg/Trajectory.idl
[1.478s] -- Up-to-date: /home/teemty/B-spline-demo/demo_ws/install/cpp_bs_demo_interfaces/share/cpp_bs_demo_interfaces/msg/Trajectory.msg
[1.478s] -- Up-to-date: /home/teemty/B-spline-demo/demo_ws/install/cpp_bs_demo_interfaces/share/ament_index/resource_index/package_run_dependencies/cpp_bs_demo_interfaces
[1.478s] -- Installing: /home/teemty/B-spline-demo/demo_ws/install/cpp_bs_demo_interfaces/share/ament_index/resource_index/parent_prefix_path/cpp_bs_demo_interfaces
[1.478s] -- Installing: /home/teemty/B-spline-demo/demo_ws/install/cpp_bs_demo_interfaces/share/cpp_bs_demo_interfaces/environment/ament_prefix_path.sh
[1.478s] -- Up-to-date: /home/teemty/B-spline-demo/demo_ws/install/cpp_bs_demo_interfaces/share/cpp_bs_demo_interfaces/environment/ament_prefix_path.dsv
[1.478s] -- Installing: /home/teemty/B-spline-demo/demo_ws/install/cpp_bs_demo_interfaces/share/cpp_bs_demo_interfaces/environment/path.sh
[1.478s] -- Up-to-date: /home/teemty/B-spline-demo/demo_ws/install/cpp_bs_demo_interfaces/share/cpp_bs_demo_interfaces/environment/path.dsv
[1.478s] -- Up-to-date: /home/teemty/B-spline-demo/demo_ws/install/cpp_bs_demo_interfaces/share/cpp_bs_demo_interfaces/local_setup.bash
[1.478s] -- Up-to-date: /home/teemty/B-spline-demo/demo_ws/install/cpp_bs_demo_interfaces/share/cpp_bs_demo_interfaces/local_setup.sh
[1.479s] -- Up-to-date: /home/teemty/B-spline-demo/demo_ws/install/cpp_bs_demo_interfaces/share/cpp_bs_demo_interfaces/local_setup.zsh
[1.479s] -- Up-to-date: /home/teemty/B-spline-demo/demo_ws/install/cpp_bs_demo_interfaces/share/cpp_bs_demo_interfaces/local_setup.dsv
[1.479s] -- Up-to-date: /home/teemty/B-spline-demo/demo_ws/install/cpp_bs_demo_interfaces/share/cpp_bs_demo_interfaces/package.dsv
[1.479s] -- Up-to-date: /home/teemty/B-spline-demo/demo_ws/install/cpp_bs_demo_interfaces/share/ament_index/resource_index/packages/cpp_bs_demo_interfaces
[1.479s] -- Up-to-date: /home/teemty/B-spline-demo/demo_ws/install/cpp_bs_demo_interfaces/share/cpp_bs_demo_interfaces/cmake/export_cpp_bs_demo_interfaces__rosidl_generator_cExport.cmake
[1.479s] -- Up-to-date: /home/teemty/B-spline-demo/demo_ws/install/cpp_bs_demo_interfaces/share/cpp_bs_demo_interfaces/cmake/export_cpp_bs_demo_interfaces__rosidl_generator_cExport-noconfig.cmake
[1.479s] -- Up-to-date: /home/teemty/B-spline-demo/demo_ws/install/cpp_bs_demo_interfaces/share/cpp_bs_demo_interfaces/cmake/export_cpp_bs_demo_interfaces__rosidl_typesupport_fastrtps_cExport.cmake
[1.479s] -- Up-to-date: /home/teemty/B-spline-demo/demo_ws/install/cpp_bs_demo_interfaces/share/cpp_bs_demo_interfaces/cmake/export_cpp_bs_demo_interfaces__rosidl_typesupport_fastrtps_cExport-noconfig.cmake
[1.479s] -- Up-to-date: /home/teemty/B-spline-demo/demo_ws/install/cpp_bs_demo_interfaces/share/cpp_bs_demo_interfaces/cmake/cpp_bs_demo_interfaces__rosidl_typesupport_introspection_cExport.cmake
[1.479s] -- Up-to-date: /home/teemty/B-spline-demo/demo_ws/install/cpp_bs_demo_interfaces/share/cpp_bs_demo_interfaces/cmake/cpp_bs_demo_interfaces__rosidl_typesupport_introspection_cExport-noconfig.cmake
[1.479s] -- Up-to-date: /home/teemty/B-spline-demo/demo_ws/install/cpp_bs_demo_interfaces/share/cpp_bs_demo_interfaces/cmake/cpp_bs_demo_interfaces__rosidl_typesupport_cExport.cmake
[1.479s] -- Up-to-date: /home/teemty/B-spline-demo/demo_ws/install/cpp_bs_demo_interfaces/share/cpp_bs_demo_interfaces/cmake/cpp_bs_demo_interfaces__rosidl_typesupport_cExport-noconfig.cmake
[1.479s] -- Up-to-date: /home/teemty/B-spline-demo/demo_ws/install/cpp_bs_demo_interfaces/share/cpp_bs_demo_interfaces/cmake/export_cpp_bs_demo_interfaces__rosidl_generator_cppExport.cmake
[1.479s] -- Up-to-date: /home/teemty/B-spline-demo/demo_ws/install/cpp_bs_demo_interfaces/share/cpp_bs_demo_interfaces/cmake/export_cpp_bs_demo_interfaces__rosidl_typesupport_fastrtps_cppExport.cmake
[1.479s] -- Up-to-date: /home/teemty/B-spline-demo/demo_ws/install/cpp_bs_demo_interfaces/share/cpp_bs_demo_interfaces/cmake/export_cpp_bs_demo_interfaces__rosidl_typesupport_fastrtps_cppExport-noconfig.cmake
[1.479s] -- Up-to-date: /home/teemty/B-spline-demo/demo_ws/install/cpp_bs_demo_interfaces/share/cpp_bs_demo_interfaces/cmake/cpp_bs_demo_interfaces__rosidl_typesupport_introspection_cppExport.cmake
[1.479s] -- Up-to-date: /home/teemty/B-spline-demo/demo_ws/install/cpp_bs_demo_interfaces/share/cpp_bs_demo_interfaces/cmake/cpp_bs_demo_interfaces__rosidl_typesupport_introspection_cppExport-noconfig.cmake
[1.479s] -- Up-to-date: /home/teemty/B-spline-demo/demo_ws/install/cpp_bs_demo_interfaces/share/cpp_bs_demo_interfaces/cmake/cpp_bs_demo_interfaces__rosidl_typesupport_cppExport.cmake
[1.479s] -- Up-to-date: /home/teemty/B-spline-demo/demo_ws/install/cpp_bs_demo_interfaces/share/cpp_bs_demo_interfaces/cmake/cpp_bs_demo_interfaces__rosidl_typesupport_cppExport-noconfig.cmake
[1.479s] -- Up-to-date: /home/teemty/B-spline-demo/demo_ws/install/cpp_bs_demo_interfaces/share/cpp_bs_demo_interfaces/cmake/export_cpp_bs_demo_interfaces__rosidl_generator_pyExport.cmake
[1.479s] -- Up-to-date: /home/teemty/B-spline-demo/demo_ws/install/cpp_bs_demo_interfaces/share/cpp_bs_demo_interfaces/cmake/export_cpp_bs_demo_interfaces__rosidl_generator_pyExport-noconfig.cmake
[1.479s] -- Up-to-date: /home/teemty/B-spline-demo/demo_ws/install/cpp_bs_demo_interfaces/share/cpp_bs_demo_interfaces/cmake/rosidl_cmake-extras.cmake
[1.479s] -- Up-to-date: /home/teemty/B-spline-demo/demo_ws/install/cpp_bs_demo_interfaces/share/cpp_bs_demo_interfaces/cmake/ament_cmake_export_dependencies-extras.cmake
[1.479s] -- Up-to-date: /home/teemty/B-spline-demo/demo_ws/install/cpp_bs_demo_interfaces/share/cpp_bs_demo_interfaces/cmake/ament_cmake_export_include_directories-extras.cmake
[1.480s] -- Up-to-date: /home/teemty/B-spline-demo/demo_ws/install/cpp_bs_demo_interfaces/share/cpp_bs_demo_interfaces/cmake/ament_cmake_export_libraries-extras.cmake
[1.480s] -- Up-to-date: /home/teemty/B-spline-demo/demo_ws/install/cpp_bs_demo_interfaces/share/cpp_bs_demo_interfaces/cmake/ament_cmake_export_targets-extras.cmake
[1.480s] -- Up-to-date: /home/teemty/B-spline-demo/demo_ws/install/cpp_bs_demo_interfaces/share/cpp_bs_demo_interfaces/cmake/rosidl_cmake_export_typesupport_targets-extras.cmake
[1.480s] -- Up-to-date: /home/teemty/B-spline-demo/demo_ws/install/cpp_bs_demo_interfaces/share/cpp_bs_demo_interfaces/cmake/rosidl_cmake_export_typesupport_libraries-extras.cmake
[1.480s] -- Up-to-date: /home/teemty/B-spline-demo/demo_ws/install/cpp_bs_demo_interfaces/share/cpp_bs_demo_interfaces/cmake/cpp_bs_demo_interfacesConfig.cmake
[1.480s] -- Up-to-date: /home/teemty/B-spline-demo/demo_ws/install/cpp_bs_demo_interfaces/share/cpp_bs_demo_interfaces/cmake/cpp_bs_demo_interfacesConfig-version.cmake
[1.480s] -- Up-to-date: /home/teemty/B-spline-demo/demo_ws/install/cpp_bs_demo_interfaces/share/cpp_bs_demo_interfaces/package.xml
[1.480s] Invoked command in '/home/teemty/B-spline-demo/demo_ws/build/cpp_bs_demo_interfaces' returned '0': CMAKE_PREFIX_PATH=${CMAKE_PREFIX_PATH}:/opt/ros/jazzy DEBUGINFOD_URLS=https://debuginfod.ubuntu.com /usr/bin/cmake --install /home/teemty/B-spline-demo/demo_ws/build/cpp_bs_demo_interfaces
