[0.006s] Invoking command in '/home/teemty/B-spline-demo/build/cpp_bs_demo': AMENT_PREFIX_PATH=/home/teemty/B-spline-demo/install/cpp_bs_demo_interfaces:${AMENT_PREFIX_PATH} CMAKE_PREFIX_PATH=/home/teemty/B-spline-demo/install/cpp_bs_demo_interfaces:/opt/ros/jazzy/opt/gz_math_vendor:/opt/ros/jazzy/opt/gz_utils_vendor:/opt/ros/jazzy/opt/gz_cmake_vendor:/opt/ros/jazzy DEBUGINFOD_URLS=https://debuginfod.ubuntu.com LD_LIBRARY_PATH=/home/teemty/B-spline-demo/install/cpp_bs_demo_interfaces/lib:${LD_LIBRARY_PATH} PYTHONPATH=/home/teemty/B-spline-demo/install/cpp_bs_demo_interfaces/lib/python3.12/site-packages:${PYTHONPATH} /usr/bin/cmake /home/teemty/B-spline-demo/demo_ws/src/cpp_bs_demo -DCMAKE_INSTALL_PREFIX=/home/teemty/B-spline-demo/install/cpp_bs_demo
[0.057s] -- The C compiler identification is GNU 13.3.0
[0.097s] -- The CXX compiler identification is GNU 13.3.0
[0.118s] -- Detecting C compiler ABI info
[0.202s] -- Detecting C compiler ABI info - done
[0.207s] -- Check for working C compiler: /usr/bin/cc - skipped
[0.207s] -- Detecting C compile features
[0.207s] -- Detecting C compile features - done
[0.216s] -- Detecting CXX compiler ABI info
[0.337s] -- Detecting CXX compiler ABI info - done
[0.344s] -- Check for working CXX compiler: /usr/bin/c++ - skipped
[0.344s] -- Detecting CXX compile features
[0.344s] -- Detecting CXX compile features - done
[0.347s] -- Found ament_cmake: 2.5.4 (/opt/ros/jazzy/share/ament_cmake/cmake)
[0.458s] -- Found Python3: /usr/bin/python3 (found version "3.12.3") found components: Interpreter 
[0.521s] -- Found rclcpp: 28.1.9 (/opt/ros/jazzy/share/rclcpp/cmake)
[0.541s] -- Found rosidl_generator_c: 4.6.5 (/opt/ros/jazzy/share/rosidl_generator_c/cmake)
[0.547s] -- Found rosidl_generator_cpp: 4.6.5 (/opt/ros/jazzy/share/rosidl_generator_cpp/cmake)
[0.555s] -- Using all available rosidl_typesupport_c: rosidl_typesupport_fastrtps_c;rosidl_typesupport_introspection_c
[0.563s] -- Using all available rosidl_typesupport_cpp: rosidl_typesupport_fastrtps_cpp;rosidl_typesupport_introspection_cpp
[0.603s] -- Found rmw_implementation_cmake: 7.3.2 (/opt/ros/jazzy/share/rmw_implementation_cmake/cmake)
[0.604s] -- Found rmw_fastrtps_cpp: 8.4.2 (/opt/ros/jazzy/share/rmw_fastrtps_cpp/cmake)
[0.675s] -- Found OpenSSL: /usr/lib/x86_64-linux-gnu/libcrypto.so (found version "3.0.13")  
[0.692s] -- Found FastRTPS: /opt/ros/jazzy/include (Required is at least version "2.13") 
[0.710s] -- Using RMW implementation 'rmw_fastrtps_cpp' as default
[0.748s] -- Found std_msgs: 5.3.6 (/opt/ros/jazzy/share/std_msgs/cmake)
[0.756s] -- Found geometry_msgs: 5.3.6 (/opt/ros/jazzy/share/geometry_msgs/cmake)
[0.764s] -- Found cpp_bs_demo_interfaces: 0.0.0 (/home/teemty/B-spline-demo/install/cpp_bs_demo_interfaces/share/cpp_bs_demo_interfaces/cmake)
[0.777s] -- Found ament_lint_auto: 0.17.2 (/opt/ros/jazzy/share/ament_lint_auto/cmake)
[0.835s] -- Added test 'cppcheck' to perform static code analysis on C / C++ code
[0.835s] -- Configured cppcheck include dirs: 
[0.836s] -- Configured cppcheck exclude dirs and/or files: 
[0.836s] -- Added test 'lint_cmake' to check CMake code style
[0.836s] -- Added test 'uncrustify' to check C / C++ code style
[0.836s] -- Configured uncrustify additional arguments: 
[0.836s] -- Added test 'xmllint' to check XML markup files
[0.837s] -- Configuring done (0.8s)
[0.842s] -- Generating done (0.0s)
[0.844s] -- Build files have been written to: /home/teemty/B-spline-demo/build/cpp_bs_demo
[0.850s] Invoked command in '/home/teemty/B-spline-demo/build/cpp_bs_demo' returned '0': AMENT_PREFIX_PATH=/home/teemty/B-spline-demo/install/cpp_bs_demo_interfaces:${AMENT_PREFIX_PATH} CMAKE_PREFIX_PATH=/home/teemty/B-spline-demo/install/cpp_bs_demo_interfaces:/opt/ros/jazzy/opt/gz_math_vendor:/opt/ros/jazzy/opt/gz_utils_vendor:/opt/ros/jazzy/opt/gz_cmake_vendor:/opt/ros/jazzy DEBUGINFOD_URLS=https://debuginfod.ubuntu.com LD_LIBRARY_PATH=/home/teemty/B-spline-demo/install/cpp_bs_demo_interfaces/lib:${LD_LIBRARY_PATH} PYTHONPATH=/home/teemty/B-spline-demo/install/cpp_bs_demo_interfaces/lib/python3.12/site-packages:${PYTHONPATH} /usr/bin/cmake /home/teemty/B-spline-demo/demo_ws/src/cpp_bs_demo -DCMAKE_INSTALL_PREFIX=/home/teemty/B-spline-demo/install/cpp_bs_demo
[0.851s] Invoking command in '/home/teemty/B-spline-demo/build/cpp_bs_demo': AMENT_PREFIX_PATH=/home/teemty/B-spline-demo/install/cpp_bs_demo_interfaces:${AMENT_PREFIX_PATH} CMAKE_PREFIX_PATH=/home/teemty/B-spline-demo/install/cpp_bs_demo_interfaces:/opt/ros/jazzy/opt/gz_math_vendor:/opt/ros/jazzy/opt/gz_utils_vendor:/opt/ros/jazzy/opt/gz_cmake_vendor:/opt/ros/jazzy DEBUGINFOD_URLS=https://debuginfod.ubuntu.com LD_LIBRARY_PATH=/home/teemty/B-spline-demo/install/cpp_bs_demo_interfaces/lib:${LD_LIBRARY_PATH} PYTHONPATH=/home/teemty/B-spline-demo/install/cpp_bs_demo_interfaces/lib/python3.12/site-packages:${PYTHONPATH} /usr/bin/cmake --build /home/teemty/B-spline-demo/build/cpp_bs_demo -- -j8 -l8
[0.891s] [ 50%] [32mBuilding CXX object CMakeFiles/point_generator.dir/src/publisher.cpp.o[0m
[2.956s] [100%] [32m[1mLinking CXX executable point_generator[0m
[3.070s] [100%] Built target point_generator
[3.078s] Invoked command in '/home/teemty/B-spline-demo/build/cpp_bs_demo' returned '0': AMENT_PREFIX_PATH=/home/teemty/B-spline-demo/install/cpp_bs_demo_interfaces:${AMENT_PREFIX_PATH} CMAKE_PREFIX_PATH=/home/teemty/B-spline-demo/install/cpp_bs_demo_interfaces:/opt/ros/jazzy/opt/gz_math_vendor:/opt/ros/jazzy/opt/gz_utils_vendor:/opt/ros/jazzy/opt/gz_cmake_vendor:/opt/ros/jazzy DEBUGINFOD_URLS=https://debuginfod.ubuntu.com LD_LIBRARY_PATH=/home/teemty/B-spline-demo/install/cpp_bs_demo_interfaces/lib:${LD_LIBRARY_PATH} PYTHONPATH=/home/teemty/B-spline-demo/install/cpp_bs_demo_interfaces/lib/python3.12/site-packages:${PYTHONPATH} /usr/bin/cmake --build /home/teemty/B-spline-demo/build/cpp_bs_demo -- -j8 -l8
[3.078s] Invoking command in '/home/teemty/B-spline-demo/build/cpp_bs_demo': AMENT_PREFIX_PATH=/home/teemty/B-spline-demo/install/cpp_bs_demo_interfaces:${AMENT_PREFIX_PATH} CMAKE_PREFIX_PATH=/home/teemty/B-spline-demo/install/cpp_bs_demo_interfaces:/opt/ros/jazzy/opt/gz_math_vendor:/opt/ros/jazzy/opt/gz_utils_vendor:/opt/ros/jazzy/opt/gz_cmake_vendor:/opt/ros/jazzy DEBUGINFOD_URLS=https://debuginfod.ubuntu.com LD_LIBRARY_PATH=/home/teemty/B-spline-demo/install/cpp_bs_demo_interfaces/lib:${LD_LIBRARY_PATH} PYTHONPATH=/home/teemty/B-spline-demo/install/cpp_bs_demo_interfaces/lib/python3.12/site-packages:${PYTHONPATH} /usr/bin/cmake --install /home/teemty/B-spline-demo/build/cpp_bs_demo
[3.083s] -- Install configuration: ""
[3.083s] -- Installing: /home/teemty/B-spline-demo/install/cpp_bs_demo/lib/cpp_bs_demo/point_generator
[3.084s] -- Set non-toolchain portion of runtime path of "/home/teemty/B-spline-demo/install/cpp_bs_demo/lib/cpp_bs_demo/point_generator" to ""
[3.084s] -- Installing: /home/teemty/B-spline-demo/install/cpp_bs_demo/share/ament_index/resource_index/package_run_dependencies/cpp_bs_demo
[3.084s] -- Installing: /home/teemty/B-spline-demo/install/cpp_bs_demo/share/ament_index/resource_index/parent_prefix_path/cpp_bs_demo
[3.084s] -- Installing: /home/teemty/B-spline-demo/install/cpp_bs_demo/share/cpp_bs_demo/environment/ament_prefix_path.sh
[3.084s] -- Installing: /home/teemty/B-spline-demo/install/cpp_bs_demo/share/cpp_bs_demo/environment/ament_prefix_path.dsv
[3.084s] -- Installing: /home/teemty/B-spline-demo/install/cpp_bs_demo/share/cpp_bs_demo/environment/path.sh
[3.084s] -- Installing: /home/teemty/B-spline-demo/install/cpp_bs_demo/share/cpp_bs_demo/environment/path.dsv
[3.084s] -- Installing: /home/teemty/B-spline-demo/install/cpp_bs_demo/share/cpp_bs_demo/local_setup.bash
[3.084s] -- Installing: /home/teemty/B-spline-demo/install/cpp_bs_demo/share/cpp_bs_demo/local_setup.sh
[3.084s] -- Installing: /home/teemty/B-spline-demo/install/cpp_bs_demo/share/cpp_bs_demo/local_setup.zsh
[3.084s] -- Installing: /home/teemty/B-spline-demo/install/cpp_bs_demo/share/cpp_bs_demo/local_setup.dsv
[3.084s] -- Installing: /home/teemty/B-spline-demo/install/cpp_bs_demo/share/cpp_bs_demo/package.dsv
[3.084s] -- Installing: /home/teemty/B-spline-demo/install/cpp_bs_demo/share/ament_index/resource_index/packages/cpp_bs_demo
[3.084s] -- Installing: /home/teemty/B-spline-demo/install/cpp_bs_demo/share/cpp_bs_demo/cmake/cpp_bs_demoConfig.cmake
[3.084s] -- Installing: /home/teemty/B-spline-demo/install/cpp_bs_demo/share/cpp_bs_demo/cmake/cpp_bs_demoConfig-version.cmake
[3.084s] -- Installing: /home/teemty/B-spline-demo/install/cpp_bs_demo/share/cpp_bs_demo/package.xml
[3.085s] Invoked command in '/home/teemty/B-spline-demo/build/cpp_bs_demo' returned '0': AMENT_PREFIX_PATH=/home/teemty/B-spline-demo/install/cpp_bs_demo_interfaces:${AMENT_PREFIX_PATH} CMAKE_PREFIX_PATH=/home/teemty/B-spline-demo/install/cpp_bs_demo_interfaces:/opt/ros/jazzy/opt/gz_math_vendor:/opt/ros/jazzy/opt/gz_utils_vendor:/opt/ros/jazzy/opt/gz_cmake_vendor:/opt/ros/jazzy DEBUGINFOD_URLS=https://debuginfod.ubuntu.com LD_LIBRARY_PATH=/home/teemty/B-spline-demo/install/cpp_bs_demo_interfaces/lib:${LD_LIBRARY_PATH} PYTHONPATH=/home/teemty/B-spline-demo/install/cpp_bs_demo_interfaces/lib/python3.12/site-packages:${PYTHONPATH} /usr/bin/cmake --install /home/teemty/B-spline-demo/build/cpp_bs_demo
