[0.014s] Invoking command in '/home/teemty/B-spline-demo/demo_ws/build/cpp_bs_demo_interfaces': CMAKE_PREFIX_PATH=${CMAKE_PREFIX_PATH}:/opt/ros/jazzy DEBUGINFOD_URLS=https://debuginfod.ubuntu.com /usr/bin/cmake /home/teemty/B-spline-demo/demo_ws/src/cpp_bs_demo_interfaces -DCMAKE_INSTALL_PREFIX=/home/teemty/B-spline-demo/demo_ws/install/cpp_bs_demo_interfaces
[0.040s] -- Found ament_cmake: 2.5.4 (/opt/ros/jazzy/share/ament_cmake/cmake)
[0.394s] -- Found rosidl_default_generators: 1.6.0 (/opt/ros/jazzy/share/rosidl_default_generators/cmake)
[0.397s] -- Using all available rosidl_typesupport_c: rosidl_typesupport_fastrtps_c;rosidl_typesupport_introspection_c
[0.447s] -- Using all available rosidl_typesupport_cpp: rosidl_typesupport_fastrtps_cpp;rosidl_typesupport_introspection_cpp
[0.486s] -- Found rosidl_adapter: 4.6.5 (/opt/ros/jazzy/share/rosidl_adapter/cmake)
[0.488s] -- Found builtin_interfaces: 2.0.2 (/opt/ros/jazzy/share/builtin_interfaces/cmake)
[0.505s] -- Found geometry_msgs: 5.3.6 (/opt/ros/jazzy/share/geometry_msgs/cmake)
[1.552s] -- Found ament_cmake_ros: 0.12.0 (/opt/ros/jazzy/share/ament_cmake_ros/cmake)
[2.356s] -- Using all available rosidl_typesupport_c: rosidl_typesupport_fastrtps_c;rosidl_typesupport_introspection_c
[3.432s] -- Using all available rosidl_typesupport_cpp: rosidl_typesupport_fastrtps_cpp;rosidl_typesupport_introspection_cpp
[3.443s] -- Found python_cmake_module: 0.11.1 (/opt/ros/jazzy/share/python_cmake_module/cmake)
[3.669s] -- Found PythonExtra: /usr/bin/python3  
[4.351s] -- Found Python3: /usr/bin/python3 (found version "3.12.3") found components: Interpreter Development NumPy Development.Module Development.Embed 
[4.446s] -- Found ament_lint_auto: 0.17.2 (/opt/ros/jazzy/share/ament_lint_auto/cmake)
[4.469s] -- Added test 'lint_cmake' to check CMake code style
[4.471s] -- Added test 'xmllint' to check XML markup files
[4.474s] -- Configuring done (4.4s)
[4.520s] -- Generating done (0.0s)
[4.536s] -- Build files have been written to: /home/teemty/B-spline-demo/demo_ws/build/cpp_bs_demo_interfaces
[4.547s] Invoked command in '/home/teemty/B-spline-demo/demo_ws/build/cpp_bs_demo_interfaces' returned '0': CMAKE_PREFIX_PATH=${CMAKE_PREFIX_PATH}:/opt/ros/jazzy DEBUGINFOD_URLS=https://debuginfod.ubuntu.com /usr/bin/cmake /home/teemty/B-spline-demo/demo_ws/src/cpp_bs_demo_interfaces -DCMAKE_INSTALL_PREFIX=/home/teemty/B-spline-demo/demo_ws/install/cpp_bs_demo_interfaces
[4.550s] Invoking command in '/home/teemty/B-spline-demo/demo_ws/build/cpp_bs_demo_interfaces': CMAKE_PREFIX_PATH=${CMAKE_PREFIX_PATH}:/opt/ros/jazzy DEBUGINFOD_URLS=https://debuginfod.ubuntu.com /usr/bin/cmake --build /home/teemty/B-spline-demo/demo_ws/build/cpp_bs_demo_interfaces -- -j8 -l8
[4.638s] [  2%] [34m[1mGenerating type hashes for ROS interfaces[0m
[4.652s] [  2%] Built target ament_cmake_python_copy_cpp_bs_demo_interfaces
[4.950s] [  2%] Built target cpp_bs_demo_interfaces__rosidl_generator_type_description
[4.951s] running egg_info
[4.953s] creating cpp_bs_demo_interfaces.egg-info
[4.972s] [  5%] [34m[1mGenerating C code for ROS interfaces[0m
[4.975s] writing cpp_bs_demo_interfaces.egg-info/PKG-INFO
[4.975s] writing dependency_links to cpp_bs_demo_interfaces.egg-info/dependency_links.txt
[4.976s] writing top-level names to cpp_bs_demo_interfaces.egg-info/top_level.txt
[4.976s] writing manifest file 'cpp_bs_demo_interfaces.egg-info/SOURCES.txt'
[4.985s] [  8%] [34m[1mGenerating C++ code for ROS interfaces[0m
[5.044s] reading manifest file 'cpp_bs_demo_interfaces.egg-info/SOURCES.txt'
[5.045s] writing manifest file 'cpp_bs_demo_interfaces.egg-info/SOURCES.txt'
[5.086s] [  8%] Built target ament_cmake_python_build_cpp_bs_demo_interfaces_egg
[5.326s] [  8%] Built target cpp_bs_demo_interfaces__cpp
[5.363s] [ 14%] [32mBuilding C object CMakeFiles/cpp_bs_demo_interfaces__rosidl_generator_c.dir/rosidl_generator_c/cpp_bs_demo_interfaces/msg/detail/trajectory__description.c.o[0m
[5.364s] [ 14%] [32mBuilding C object CMakeFiles/cpp_bs_demo_interfaces__rosidl_generator_c.dir/rosidl_generator_c/cpp_bs_demo_interfaces/msg/detail/trajectory__functions.c.o[0m
[5.364s] [ 17%] [32mBuilding C object CMakeFiles/cpp_bs_demo_interfaces__rosidl_generator_c.dir/rosidl_generator_c/cpp_bs_demo_interfaces/msg/detail/trajectory__type_support.c.o[0m
[5.447s] [ 20%] [32m[1mLinking C shared library libcpp_bs_demo_interfaces__rosidl_generator_c.so[0m
[5.521s] [ 20%] Built target cpp_bs_demo_interfaces__rosidl_generator_c
[5.539s] [ 29%] [34m[1mGenerating C++ type support dispatch for ROS interfaces[0m
[5.539s] [ 29%] [34m[1mGenerating C type support for eProsima Fast-RTPS[0m
[5.539s] [ 29%] [34m[1mGenerating C++ introspection for ROS interfaces[0m
[5.540s] [ 32%] [34m[1mGenerating C type support dispatch for ROS interfaces[0m
[5.541s] [ 35%] [34m[1mGenerating C++ type support for eProsima Fast-RTPS[0m
[5.542s] [ 38%] [34m[1mGenerating C introspection for ROS interfaces[0m
[5.862s] [ 41%] [32mBuilding CXX object CMakeFiles/cpp_bs_demo_interfaces__rosidl_typesupport_c.dir/rosidl_typesupport_c/cpp_bs_demo_interfaces/msg/trajectory__type_support.cpp.o[0m
[5.871s] [ 44%] [32mBuilding CXX object CMakeFiles/cpp_bs_demo_interfaces__rosidl_typesupport_cpp.dir/rosidl_typesupport_cpp/cpp_bs_demo_interfaces/msg/trajectory__type_support.cpp.o[0m
[5.918s] [ 47%] [32mBuilding CXX object CMakeFiles/cpp_bs_demo_interfaces__rosidl_typesupport_introspection_cpp.dir/rosidl_typesupport_introspection_cpp/cpp_bs_demo_interfaces/msg/detail/trajectory__type_support.cpp.o[0m
[5.918s] [ 50%] [32mBuilding CXX object CMakeFiles/cpp_bs_demo_interfaces__rosidl_typesupport_fastrtps_cpp.dir/rosidl_typesupport_fastrtps_cpp/cpp_bs_demo_interfaces/msg/detail/dds_fastrtps/trajectory__type_support.cpp.o[0m
[5.925s] [ 55%] [32m[1mLinking CXX shared library libcpp_bs_demo_interfaces__rosidl_typesupport_c.so[0m
[5.925s] [ 55%] [32mBuilding C object CMakeFiles/cpp_bs_demo_interfaces__rosidl_typesupport_introspection_c.dir/rosidl_typesupport_introspection_c/cpp_bs_demo_interfaces/msg/detail/trajectory__type_support.c.o[0m
[5.951s] [ 58%] [32mBuilding CXX object CMakeFiles/cpp_bs_demo_interfaces__rosidl_typesupport_fastrtps_c.dir/rosidl_typesupport_fastrtps_c/cpp_bs_demo_interfaces/msg/detail/trajectory__type_support_c.cpp.o[0m
[5.990s] [ 58%] Built target cpp_bs_demo_interfaces__rosidl_typesupport_c
[6.002s] [ 61%] [32m[1mLinking C shared library libcpp_bs_demo_interfaces__rosidl_typesupport_introspection_c.so[0m
[6.054s] [ 61%] Built target cpp_bs_demo_interfaces__rosidl_typesupport_introspection_c
[6.260s] [ 64%] [32m[1mLinking CXX shared library libcpp_bs_demo_interfaces__rosidl_typesupport_cpp.so[0m
[6.324s] [ 64%] Built target cpp_bs_demo_interfaces__rosidl_typesupport_cpp
[6.419s] [ 67%] [32m[1mLinking CXX shared library libcpp_bs_demo_interfaces__rosidl_typesupport_introspection_cpp.so[0m
[6.537s] [ 67%] Built target cpp_bs_demo_interfaces__rosidl_typesupport_introspection_cpp
[6.574s] [ 70%] [32m[1mLinking CXX shared library libcpp_bs_demo_interfaces__rosidl_typesupport_fastrtps_c.so[0m
[6.641s] [ 73%] [32m[1mLinking CXX shared library libcpp_bs_demo_interfaces__rosidl_typesupport_fastrtps_cpp.so[0m
[6.656s] [ 73%] Built target cpp_bs_demo_interfaces__rosidl_typesupport_fastrtps_c
[6.766s] [ 73%] Built target cpp_bs_demo_interfaces__rosidl_typesupport_fastrtps_cpp
[6.803s] [ 73%] Built target cpp_bs_demo_interfaces
[6.839s] [ 76%] [34m[1mGenerating Python code for ROS interfaces[0m
[7.228s] [ 76%] Built target cpp_bs_demo_interfaces__py
[7.263s] [ 79%] [32mBuilding C object CMakeFiles/cpp_bs_demo_interfaces__rosidl_generator_py.dir/rosidl_generator_py/cpp_bs_demo_interfaces/msg/_trajectory_s.c.o[0m
[7.479s] [ 82%] [32m[1mLinking C shared library libcpp_bs_demo_interfaces__rosidl_generator_py.so[0m
[7.557s] [ 82%] Built target cpp_bs_demo_interfaces__rosidl_generator_py
[7.590s] [ 85%] [32mBuilding C object CMakeFiles/cpp_bs_demo_interfaces_s__rosidl_typesupport_c.dir/rosidl_generator_py/cpp_bs_demo_interfaces/_cpp_bs_demo_interfaces_s.ep.rosidl_typesupport_c.c.o[0m
[7.590s] [ 88%] [32mBuilding C object CMakeFiles/cpp_bs_demo_interfaces_s__rosidl_typesupport_introspection_c.dir/rosidl_generator_py/cpp_bs_demo_interfaces/_cpp_bs_demo_interfaces_s.ep.rosidl_typesupport_introspection_c.c.o[0m
[7.591s] [ 91%] [32mBuilding C object CMakeFiles/cpp_bs_demo_interfaces_s__rosidl_typesupport_fastrtps_c.dir/rosidl_generator_py/cpp_bs_demo_interfaces/_cpp_bs_demo_interfaces_s.ep.rosidl_typesupport_fastrtps_c.c.o[0m
[7.727s] [ 94%] [32m[1mLinking C shared module rosidl_generator_py/cpp_bs_demo_interfaces/cpp_bs_demo_interfaces_s__rosidl_typesupport_c.so[0m
[7.728s] [ 97%] [32m[1mLinking C shared module rosidl_generator_py/cpp_bs_demo_interfaces/cpp_bs_demo_interfaces_s__rosidl_typesupport_introspection_c.so[0m
[7.729s] [100%] [32m[1mLinking C shared module rosidl_generator_py/cpp_bs_demo_interfaces/cpp_bs_demo_interfaces_s__rosidl_typesupport_fastrtps_c.so[0m
[7.776s] [100%] Built target cpp_bs_demo_interfaces_s__rosidl_typesupport_c
[7.777s] [100%] Built target cpp_bs_demo_interfaces_s__rosidl_typesupport_introspection_c
[7.777s] [100%] Built target cpp_bs_demo_interfaces_s__rosidl_typesupport_fastrtps_c
[7.798s] Invoked command in '/home/teemty/B-spline-demo/demo_ws/build/cpp_bs_demo_interfaces' returned '0': CMAKE_PREFIX_PATH=${CMAKE_PREFIX_PATH}:/opt/ros/jazzy DEBUGINFOD_URLS=https://debuginfod.ubuntu.com /usr/bin/cmake --build /home/teemty/B-spline-demo/demo_ws/build/cpp_bs_demo_interfaces -- -j8 -l8
[7.818s] Invoking command in '/home/teemty/B-spline-demo/demo_ws/build/cpp_bs_demo_interfaces': CMAKE_PREFIX_PATH=${CMAKE_PREFIX_PATH}:/opt/ros/jazzy DEBUGINFOD_URLS=https://debuginfod.ubuntu.com /usr/bin/cmake --install /home/teemty/B-spline-demo/demo_ws/build/cpp_bs_demo_interfaces
[7.834s] -- Install configuration: ""
[7.835s] -- Installing: /home/teemty/B-spline-demo/demo_ws/install/cpp_bs_demo_interfaces/share/ament_index/resource_index/rosidl_interfaces/cpp_bs_demo_interfaces
[7.835s] -- Installing: /home/teemty/B-spline-demo/demo_ws/install/cpp_bs_demo_interfaces/share/cpp_bs_demo_interfaces/msg/Trajectory.json
[7.835s] -- Installing: /home/teemty/B-spline-demo/demo_ws/install/cpp_bs_demo_interfaces/include/cpp_bs_demo_interfaces/cpp_bs_demo_interfaces
[7.835s] -- Installing: /home/teemty/B-spline-demo/demo_ws/install/cpp_bs_demo_interfaces/include/cpp_bs_demo_interfaces/cpp_bs_demo_interfaces/msg
[7.835s] -- Installing: /home/teemty/B-spline-demo/demo_ws/install/cpp_bs_demo_interfaces/include/cpp_bs_demo_interfaces/cpp_bs_demo_interfaces/msg/trajectory.h
[7.835s] -- Installing: /home/teemty/B-spline-demo/demo_ws/install/cpp_bs_demo_interfaces/include/cpp_bs_demo_interfaces/cpp_bs_demo_interfaces/msg/rosidl_generator_c__visibility_control.h
[7.835s] -- Installing: /home/teemty/B-spline-demo/demo_ws/install/cpp_bs_demo_interfaces/include/cpp_bs_demo_interfaces/cpp_bs_demo_interfaces/msg/detail
[7.836s] -- Installing: /home/teemty/B-spline-demo/demo_ws/install/cpp_bs_demo_interfaces/include/cpp_bs_demo_interfaces/cpp_bs_demo_interfaces/msg/detail/trajectory__functions.h
[7.836s] -- Installing: /home/teemty/B-spline-demo/demo_ws/install/cpp_bs_demo_interfaces/include/cpp_bs_demo_interfaces/cpp_bs_demo_interfaces/msg/detail/trajectory__type_support.h
[7.836s] -- Installing: /home/teemty/B-spline-demo/demo_ws/install/cpp_bs_demo_interfaces/include/cpp_bs_demo_interfaces/cpp_bs_demo_interfaces/msg/detail/trajectory__description.c
[7.836s] -- Installing: /home/teemty/B-spline-demo/demo_ws/install/cpp_bs_demo_interfaces/include/cpp_bs_demo_interfaces/cpp_bs_demo_interfaces/msg/detail/trajectory__struct.h
[7.836s] -- Installing: /home/teemty/B-spline-demo/demo_ws/install/cpp_bs_demo_interfaces/include/cpp_bs_demo_interfaces/cpp_bs_demo_interfaces/msg/detail/trajectory__type_support.c
[7.836s] -- Installing: /home/teemty/B-spline-demo/demo_ws/install/cpp_bs_demo_interfaces/include/cpp_bs_demo_interfaces/cpp_bs_demo_interfaces/msg/detail/trajectory__functions.c
[7.836s] -- Installing: /home/teemty/B-spline-demo/demo_ws/install/cpp_bs_demo_interfaces/share/cpp_bs_demo_interfaces/environment/library_path.sh
[7.836s] -- Installing: /home/teemty/B-spline-demo/demo_ws/install/cpp_bs_demo_interfaces/share/cpp_bs_demo_interfaces/environment/library_path.dsv
[7.836s] -- Installing: /home/teemty/B-spline-demo/demo_ws/install/cpp_bs_demo_interfaces/lib/libcpp_bs_demo_interfaces__rosidl_generator_c.so
[7.837s] -- Set non-toolchain portion of runtime path of "/home/teemty/B-spline-demo/demo_ws/install/cpp_bs_demo_interfaces/lib/libcpp_bs_demo_interfaces__rosidl_generator_c.so" to ""
[7.837s] -- Up-to-date: /home/teemty/B-spline-demo/demo_ws/install/cpp_bs_demo_interfaces/include/cpp_bs_demo_interfaces/cpp_bs_demo_interfaces
[7.837s] -- Up-to-date: /home/teemty/B-spline-demo/demo_ws/install/cpp_bs_demo_interfaces/include/cpp_bs_demo_interfaces/cpp_bs_demo_interfaces/msg
[7.837s] -- Installing: /home/teemty/B-spline-demo/demo_ws/install/cpp_bs_demo_interfaces/include/cpp_bs_demo_interfaces/cpp_bs_demo_interfaces/msg/rosidl_typesupport_fastrtps_c__visibility_control.h
[7.837s] -- Up-to-date: /home/teemty/B-spline-demo/demo_ws/install/cpp_bs_demo_interfaces/include/cpp_bs_demo_interfaces/cpp_bs_demo_interfaces/msg/detail
[7.837s] -- Installing: /home/teemty/B-spline-demo/demo_ws/install/cpp_bs_demo_interfaces/include/cpp_bs_demo_interfaces/cpp_bs_demo_interfaces/msg/detail/trajectory__rosidl_typesupport_fastrtps_c.h
[7.837s] -- Installing: /home/teemty/B-spline-demo/demo_ws/install/cpp_bs_demo_interfaces/lib/libcpp_bs_demo_interfaces__rosidl_typesupport_fastrtps_c.so
[7.837s] -- Set non-toolchain portion of runtime path of "/home/teemty/B-spline-demo/demo_ws/install/cpp_bs_demo_interfaces/lib/libcpp_bs_demo_interfaces__rosidl_typesupport_fastrtps_c.so" to ""
[7.837s] -- Up-to-date: /home/teemty/B-spline-demo/demo_ws/install/cpp_bs_demo_interfaces/include/cpp_bs_demo_interfaces/cpp_bs_demo_interfaces
[7.837s] -- Up-to-date: /home/teemty/B-spline-demo/demo_ws/install/cpp_bs_demo_interfaces/include/cpp_bs_demo_interfaces/cpp_bs_demo_interfaces/msg
[7.838s] -- Installing: /home/teemty/B-spline-demo/demo_ws/install/cpp_bs_demo_interfaces/include/cpp_bs_demo_interfaces/cpp_bs_demo_interfaces/msg/rosidl_typesupport_introspection_c__visibility_control.h
[7.838s] -- Up-to-date: /home/teemty/B-spline-demo/demo_ws/install/cpp_bs_demo_interfaces/include/cpp_bs_demo_interfaces/cpp_bs_demo_interfaces/msg/detail
[7.838s] -- Installing: /home/teemty/B-spline-demo/demo_ws/install/cpp_bs_demo_interfaces/include/cpp_bs_demo_interfaces/cpp_bs_demo_interfaces/msg/detail/trajectory__rosidl_typesupport_introspection_c.h
[7.838s] -- Installing: /home/teemty/B-spline-demo/demo_ws/install/cpp_bs_demo_interfaces/include/cpp_bs_demo_interfaces/cpp_bs_demo_interfaces/msg/detail/trajectory__type_support.c
[7.838s] -- Installing: /home/teemty/B-spline-demo/demo_ws/install/cpp_bs_demo_interfaces/lib/libcpp_bs_demo_interfaces__rosidl_typesupport_introspection_c.so
[7.838s] -- Set non-toolchain portion of runtime path of "/home/teemty/B-spline-demo/demo_ws/install/cpp_bs_demo_interfaces/lib/libcpp_bs_demo_interfaces__rosidl_typesupport_introspection_c.so" to ""
[7.838s] -- Installing: /home/teemty/B-spline-demo/demo_ws/install/cpp_bs_demo_interfaces/lib/libcpp_bs_demo_interfaces__rosidl_typesupport_c.so
[7.839s] -- Set non-toolchain portion of runtime path of "/home/teemty/B-spline-demo/demo_ws/install/cpp_bs_demo_interfaces/lib/libcpp_bs_demo_interfaces__rosidl_typesupport_c.so" to ""
[7.839s] -- Up-to-date: /home/teemty/B-spline-demo/demo_ws/install/cpp_bs_demo_interfaces/include/cpp_bs_demo_interfaces/cpp_bs_demo_interfaces
[7.839s] -- Up-to-date: /home/teemty/B-spline-demo/demo_ws/install/cpp_bs_demo_interfaces/include/cpp_bs_demo_interfaces/cpp_bs_demo_interfaces/msg
[7.839s] -- Installing: /home/teemty/B-spline-demo/demo_ws/install/cpp_bs_demo_interfaces/include/cpp_bs_demo_interfaces/cpp_bs_demo_interfaces/msg/rosidl_generator_cpp__visibility_control.hpp
[7.839s] -- Installing: /home/teemty/B-spline-demo/demo_ws/install/cpp_bs_demo_interfaces/include/cpp_bs_demo_interfaces/cpp_bs_demo_interfaces/msg/trajectory.hpp
[7.839s] -- Up-to-date: /home/teemty/B-spline-demo/demo_ws/install/cpp_bs_demo_interfaces/include/cpp_bs_demo_interfaces/cpp_bs_demo_interfaces/msg/detail
[7.839s] -- Installing: /home/teemty/B-spline-demo/demo_ws/install/cpp_bs_demo_interfaces/include/cpp_bs_demo_interfaces/cpp_bs_demo_interfaces/msg/detail/trajectory__type_support.hpp
[7.840s] -- Installing: /home/teemty/B-spline-demo/demo_ws/install/cpp_bs_demo_interfaces/include/cpp_bs_demo_interfaces/cpp_bs_demo_interfaces/msg/detail/trajectory__struct.hpp
[7.840s] -- Installing: /home/teemty/B-spline-demo/demo_ws/install/cpp_bs_demo_interfaces/include/cpp_bs_demo_interfaces/cpp_bs_demo_interfaces/msg/detail/trajectory__builder.hpp
[7.840s] -- Installing: /home/teemty/B-spline-demo/demo_ws/install/cpp_bs_demo_interfaces/include/cpp_bs_demo_interfaces/cpp_bs_demo_interfaces/msg/detail/trajectory__traits.hpp
[7.840s] -- Up-to-date: /home/teemty/B-spline-demo/demo_ws/install/cpp_bs_demo_interfaces/include/cpp_bs_demo_interfaces/cpp_bs_demo_interfaces
[7.840s] -- Up-to-date: /home/teemty/B-spline-demo/demo_ws/install/cpp_bs_demo_interfaces/include/cpp_bs_demo_interfaces/cpp_bs_demo_interfaces/msg
[7.840s] -- Installing: /home/teemty/B-spline-demo/demo_ws/install/cpp_bs_demo_interfaces/include/cpp_bs_demo_interfaces/cpp_bs_demo_interfaces/msg/rosidl_typesupport_fastrtps_cpp__visibility_control.h
[7.840s] -- Up-to-date: /home/teemty/B-spline-demo/demo_ws/install/cpp_bs_demo_interfaces/include/cpp_bs_demo_interfaces/cpp_bs_demo_interfaces/msg/detail
[7.840s] -- Installing: /home/teemty/B-spline-demo/demo_ws/install/cpp_bs_demo_interfaces/include/cpp_bs_demo_interfaces/cpp_bs_demo_interfaces/msg/detail/trajectory__rosidl_typesupport_fastrtps_cpp.hpp
[7.840s] -- Installing: /home/teemty/B-spline-demo/demo_ws/install/cpp_bs_demo_interfaces/include/cpp_bs_demo_interfaces/cpp_bs_demo_interfaces/msg/detail/dds_fastrtps
[7.840s] -- Installing: /home/teemty/B-spline-demo/demo_ws/install/cpp_bs_demo_interfaces/lib/libcpp_bs_demo_interfaces__rosidl_typesupport_fastrtps_cpp.so
[7.841s] -- Set non-toolchain portion of runtime path of "/home/teemty/B-spline-demo/demo_ws/install/cpp_bs_demo_interfaces/lib/libcpp_bs_demo_interfaces__rosidl_typesupport_fastrtps_cpp.so" to ""
[7.841s] -- Up-to-date: /home/teemty/B-spline-demo/demo_ws/install/cpp_bs_demo_interfaces/include/cpp_bs_demo_interfaces/cpp_bs_demo_interfaces
[7.841s] -- Up-to-date: /home/teemty/B-spline-demo/demo_ws/install/cpp_bs_demo_interfaces/include/cpp_bs_demo_interfaces/cpp_bs_demo_interfaces/msg
[7.841s] -- Up-to-date: /home/teemty/B-spline-demo/demo_ws/install/cpp_bs_demo_interfaces/include/cpp_bs_demo_interfaces/cpp_bs_demo_interfaces/msg/detail
[7.841s] -- Installing: /home/teemty/B-spline-demo/demo_ws/install/cpp_bs_demo_interfaces/include/cpp_bs_demo_interfaces/cpp_bs_demo_interfaces/msg/detail/trajectory__rosidl_typesupport_introspection_cpp.hpp
[7.841s] -- Installing: /home/teemty/B-spline-demo/demo_ws/install/cpp_bs_demo_interfaces/include/cpp_bs_demo_interfaces/cpp_bs_demo_interfaces/msg/detail/trajectory__type_support.cpp
[7.842s] -- Installing: /home/teemty/B-spline-demo/demo_ws/install/cpp_bs_demo_interfaces/lib/libcpp_bs_demo_interfaces__rosidl_typesupport_introspection_cpp.so
[7.842s] -- Set non-toolchain portion of runtime path of "/home/teemty/B-spline-demo/demo_ws/install/cpp_bs_demo_interfaces/lib/libcpp_bs_demo_interfaces__rosidl_typesupport_introspection_cpp.so" to ""
[7.842s] -- Installing: /home/teemty/B-spline-demo/demo_ws/install/cpp_bs_demo_interfaces/lib/libcpp_bs_demo_interfaces__rosidl_typesupport_cpp.so
[7.842s] -- Set non-toolchain portion of runtime path of "/home/teemty/B-spline-demo/demo_ws/install/cpp_bs_demo_interfaces/lib/libcpp_bs_demo_interfaces__rosidl_typesupport_cpp.so" to ""
[7.842s] -- Installing: /home/teemty/B-spline-demo/demo_ws/install/cpp_bs_demo_interfaces/share/cpp_bs_demo_interfaces/environment/pythonpath.sh
[7.842s] -- Installing: /home/teemty/B-spline-demo/demo_ws/install/cpp_bs_demo_interfaces/share/cpp_bs_demo_interfaces/environment/pythonpath.dsv
[7.842s] -- Installing: /home/teemty/B-spline-demo/demo_ws/install/cpp_bs_demo_interfaces/lib/python3.12/site-packages/cpp_bs_demo_interfaces-0.0.0-py3.12.egg-info
[7.842s] -- Installing: /home/teemty/B-spline-demo/demo_ws/install/cpp_bs_demo_interfaces/lib/python3.12/site-packages/cpp_bs_demo_interfaces-0.0.0-py3.12.egg-info/top_level.txt
[7.842s] -- Installing: /home/teemty/B-spline-demo/demo_ws/install/cpp_bs_demo_interfaces/lib/python3.12/site-packages/cpp_bs_demo_interfaces-0.0.0-py3.12.egg-info/SOURCES.txt
[7.842s] -- Installing: /home/teemty/B-spline-demo/demo_ws/install/cpp_bs_demo_interfaces/lib/python3.12/site-packages/cpp_bs_demo_interfaces-0.0.0-py3.12.egg-info/dependency_links.txt
[7.843s] -- Installing: /home/teemty/B-spline-demo/demo_ws/install/cpp_bs_demo_interfaces/lib/python3.12/site-packages/cpp_bs_demo_interfaces-0.0.0-py3.12.egg-info/PKG-INFO
[7.843s] -- Installing: /home/teemty/B-spline-demo/demo_ws/install/cpp_bs_demo_interfaces/lib/python3.12/site-packages/cpp_bs_demo_interfaces
[7.843s] -- Installing: /home/teemty/B-spline-demo/demo_ws/install/cpp_bs_demo_interfaces/lib/python3.12/site-packages/cpp_bs_demo_interfaces/cpp_bs_demo_interfaces_s__rosidl_typesupport_c.so
[7.843s] -- Installing: /home/teemty/B-spline-demo/demo_ws/install/cpp_bs_demo_interfaces/lib/python3.12/site-packages/cpp_bs_demo_interfaces/_cpp_bs_demo_interfaces_s.ep.rosidl_typesupport_fastrtps_c.c
[7.843s] -- Installing: /home/teemty/B-spline-demo/demo_ws/install/cpp_bs_demo_interfaces/lib/python3.12/site-packages/cpp_bs_demo_interfaces/msg
[7.843s] -- Installing: /home/teemty/B-spline-demo/demo_ws/install/cpp_bs_demo_interfaces/lib/python3.12/site-packages/cpp_bs_demo_interfaces/msg/_trajectory.py
[7.843s] -- Installing: /home/teemty/B-spline-demo/demo_ws/install/cpp_bs_demo_interfaces/lib/python3.12/site-packages/cpp_bs_demo_interfaces/msg/_trajectory_s.c
[7.843s] -- Installing: /home/teemty/B-spline-demo/demo_ws/install/cpp_bs_demo_interfaces/lib/python3.12/site-packages/cpp_bs_demo_interfaces/msg/__init__.py
[7.843s] -- Installing: /home/teemty/B-spline-demo/demo_ws/install/cpp_bs_demo_interfaces/lib/python3.12/site-packages/cpp_bs_demo_interfaces/cpp_bs_demo_interfaces_s__rosidl_typesupport_fastrtps_c.so
[7.843s] -- Installing: /home/teemty/B-spline-demo/demo_ws/install/cpp_bs_demo_interfaces/lib/python3.12/site-packages/cpp_bs_demo_interfaces/cpp_bs_demo_interfaces_s__rosidl_typesupport_introspection_c.so
[7.843s] -- Installing: /home/teemty/B-spline-demo/demo_ws/install/cpp_bs_demo_interfaces/lib/python3.12/site-packages/cpp_bs_demo_interfaces/_cpp_bs_demo_interfaces_s.ep.rosidl_typesupport_introspection_c.c
[7.843s] -- Installing: /home/teemty/B-spline-demo/demo_ws/install/cpp_bs_demo_interfaces/lib/python3.12/site-packages/cpp_bs_demo_interfaces/__init__.py
[7.844s] -- Installing: /home/teemty/B-spline-demo/demo_ws/install/cpp_bs_demo_interfaces/lib/python3.12/site-packages/cpp_bs_demo_interfaces/_cpp_bs_demo_interfaces_s.ep.rosidl_typesupport_c.c
[7.905s] Listing '/home/teemty/B-spline-demo/demo_ws/install/cpp_bs_demo_interfaces/lib/python3.12/site-packages/cpp_bs_demo_interfaces'...
[7.905s] Compiling '/home/teemty/B-spline-demo/demo_ws/install/cpp_bs_demo_interfaces/lib/python3.12/site-packages/cpp_bs_demo_interfaces/__init__.py'...
[7.906s] Listing '/home/teemty/B-spline-demo/demo_ws/install/cpp_bs_demo_interfaces/lib/python3.12/site-packages/cpp_bs_demo_interfaces/msg'...
[7.906s] Compiling '/home/teemty/B-spline-demo/demo_ws/install/cpp_bs_demo_interfaces/lib/python3.12/site-packages/cpp_bs_demo_interfaces/msg/__init__.py'...
[7.906s] Compiling '/home/teemty/B-spline-demo/demo_ws/install/cpp_bs_demo_interfaces/lib/python3.12/site-packages/cpp_bs_demo_interfaces/msg/_trajectory.py'...
[7.914s] -- Installing: /home/teemty/B-spline-demo/demo_ws/install/cpp_bs_demo_interfaces/lib/python3.12/site-packages/cpp_bs_demo_interfaces/cpp_bs_demo_interfaces_s__rosidl_typesupport_fastrtps_c.so
[7.914s] -- Set non-toolchain portion of runtime path of "/home/teemty/B-spline-demo/demo_ws/install/cpp_bs_demo_interfaces/lib/python3.12/site-packages/cpp_bs_demo_interfaces/cpp_bs_demo_interfaces_s__rosidl_typesupport_fastrtps_c.so" to ""
[7.915s] -- Installing: /home/teemty/B-spline-demo/demo_ws/install/cpp_bs_demo_interfaces/lib/python3.12/site-packages/cpp_bs_demo_interfaces/cpp_bs_demo_interfaces_s__rosidl_typesupport_introspection_c.so
[7.915s] -- Set non-toolchain portion of runtime path of "/home/teemty/B-spline-demo/demo_ws/install/cpp_bs_demo_interfaces/lib/python3.12/site-packages/cpp_bs_demo_interfaces/cpp_bs_demo_interfaces_s__rosidl_typesupport_introspection_c.so" to ""
[7.915s] -- Installing: /home/teemty/B-spline-demo/demo_ws/install/cpp_bs_demo_interfaces/lib/python3.12/site-packages/cpp_bs_demo_interfaces/cpp_bs_demo_interfaces_s__rosidl_typesupport_c.so
[7.915s] -- Set non-toolchain portion of runtime path of "/home/teemty/B-spline-demo/demo_ws/install/cpp_bs_demo_interfaces/lib/python3.12/site-packages/cpp_bs_demo_interfaces/cpp_bs_demo_interfaces_s__rosidl_typesupport_c.so" to ""
[7.915s] -- Installing: /home/teemty/B-spline-demo/demo_ws/install/cpp_bs_demo_interfaces/lib/libcpp_bs_demo_interfaces__rosidl_generator_py.so
[7.915s] -- Set non-toolchain portion of runtime path of "/home/teemty/B-spline-demo/demo_ws/install/cpp_bs_demo_interfaces/lib/libcpp_bs_demo_interfaces__rosidl_generator_py.so" to ""
[7.915s] -- Installing: /home/teemty/B-spline-demo/demo_ws/install/cpp_bs_demo_interfaces/share/cpp_bs_demo_interfaces/msg/Trajectory.idl
[7.916s] -- Installing: /home/teemty/B-spline-demo/demo_ws/install/cpp_bs_demo_interfaces/share/cpp_bs_demo_interfaces/msg/Trajectory.msg
[7.916s] -- Installing: /home/teemty/B-spline-demo/demo_ws/install/cpp_bs_demo_interfaces/share/ament_index/resource_index/package_run_dependencies/cpp_bs_demo_interfaces
[7.916s] -- Installing: /home/teemty/B-spline-demo/demo_ws/install/cpp_bs_demo_interfaces/share/ament_index/resource_index/parent_prefix_path/cpp_bs_demo_interfaces
[7.916s] -- Installing: /home/teemty/B-spline-demo/demo_ws/install/cpp_bs_demo_interfaces/share/cpp_bs_demo_interfaces/environment/ament_prefix_path.sh
[7.916s] -- Installing: /home/teemty/B-spline-demo/demo_ws/install/cpp_bs_demo_interfaces/share/cpp_bs_demo_interfaces/environment/ament_prefix_path.dsv
[7.916s] -- Installing: /home/teemty/B-spline-demo/demo_ws/install/cpp_bs_demo_interfaces/share/cpp_bs_demo_interfaces/environment/path.sh
[7.917s] -- Installing: /home/teemty/B-spline-demo/demo_ws/install/cpp_bs_demo_interfaces/share/cpp_bs_demo_interfaces/environment/path.dsv
[7.917s] -- Installing: /home/teemty/B-spline-demo/demo_ws/install/cpp_bs_demo_interfaces/share/cpp_bs_demo_interfaces/local_setup.bash
[7.917s] -- Installing: /home/teemty/B-spline-demo/demo_ws/install/cpp_bs_demo_interfaces/share/cpp_bs_demo_interfaces/local_setup.sh
[7.917s] -- Installing: /home/teemty/B-spline-demo/demo_ws/install/cpp_bs_demo_interfaces/share/cpp_bs_demo_interfaces/local_setup.zsh
[7.917s] -- Installing: /home/teemty/B-spline-demo/demo_ws/install/cpp_bs_demo_interfaces/share/cpp_bs_demo_interfaces/local_setup.dsv
[7.917s] -- Installing: /home/teemty/B-spline-demo/demo_ws/install/cpp_bs_demo_interfaces/share/cpp_bs_demo_interfaces/package.dsv
[7.917s] -- Installing: /home/teemty/B-spline-demo/demo_ws/install/cpp_bs_demo_interfaces/share/ament_index/resource_index/packages/cpp_bs_demo_interfaces
[7.917s] -- Installing: /home/teemty/B-spline-demo/demo_ws/install/cpp_bs_demo_interfaces/share/cpp_bs_demo_interfaces/cmake/export_cpp_bs_demo_interfaces__rosidl_generator_cExport.cmake
[7.917s] -- Installing: /home/teemty/B-spline-demo/demo_ws/install/cpp_bs_demo_interfaces/share/cpp_bs_demo_interfaces/cmake/export_cpp_bs_demo_interfaces__rosidl_generator_cExport-noconfig.cmake
[7.918s] -- Installing: /home/teemty/B-spline-demo/demo_ws/install/cpp_bs_demo_interfaces/share/cpp_bs_demo_interfaces/cmake/export_cpp_bs_demo_interfaces__rosidl_typesupport_fastrtps_cExport.cmake
[7.918s] -- Installing: /home/teemty/B-spline-demo/demo_ws/install/cpp_bs_demo_interfaces/share/cpp_bs_demo_interfaces/cmake/export_cpp_bs_demo_interfaces__rosidl_typesupport_fastrtps_cExport-noconfig.cmake
[7.918s] -- Installing: /home/teemty/B-spline-demo/demo_ws/install/cpp_bs_demo_interfaces/share/cpp_bs_demo_interfaces/cmake/cpp_bs_demo_interfaces__rosidl_typesupport_introspection_cExport.cmake
[7.918s] -- Installing: /home/teemty/B-spline-demo/demo_ws/install/cpp_bs_demo_interfaces/share/cpp_bs_demo_interfaces/cmake/cpp_bs_demo_interfaces__rosidl_typesupport_introspection_cExport-noconfig.cmake
[7.918s] -- Installing: /home/teemty/B-spline-demo/demo_ws/install/cpp_bs_demo_interfaces/share/cpp_bs_demo_interfaces/cmake/cpp_bs_demo_interfaces__rosidl_typesupport_cExport.cmake
[7.918s] -- Installing: /home/teemty/B-spline-demo/demo_ws/install/cpp_bs_demo_interfaces/share/cpp_bs_demo_interfaces/cmake/cpp_bs_demo_interfaces__rosidl_typesupport_cExport-noconfig.cmake
[7.918s] -- Installing: /home/teemty/B-spline-demo/demo_ws/install/cpp_bs_demo_interfaces/share/cpp_bs_demo_interfaces/cmake/export_cpp_bs_demo_interfaces__rosidl_generator_cppExport.cmake
[7.918s] -- Installing: /home/teemty/B-spline-demo/demo_ws/install/cpp_bs_demo_interfaces/share/cpp_bs_demo_interfaces/cmake/export_cpp_bs_demo_interfaces__rosidl_typesupport_fastrtps_cppExport.cmake
[7.918s] -- Installing: /home/teemty/B-spline-demo/demo_ws/install/cpp_bs_demo_interfaces/share/cpp_bs_demo_interfaces/cmake/export_cpp_bs_demo_interfaces__rosidl_typesupport_fastrtps_cppExport-noconfig.cmake
[7.919s] -- Installing: /home/teemty/B-spline-demo/demo_ws/install/cpp_bs_demo_interfaces/share/cpp_bs_demo_interfaces/cmake/cpp_bs_demo_interfaces__rosidl_typesupport_introspection_cppExport.cmake
[7.919s] -- Installing: /home/teemty/B-spline-demo/demo_ws/install/cpp_bs_demo_interfaces/share/cpp_bs_demo_interfaces/cmake/cpp_bs_demo_interfaces__rosidl_typesupport_introspection_cppExport-noconfig.cmake
[7.919s] -- Installing: /home/teemty/B-spline-demo/demo_ws/install/cpp_bs_demo_interfaces/share/cpp_bs_demo_interfaces/cmake/cpp_bs_demo_interfaces__rosidl_typesupport_cppExport.cmake
[7.919s] -- Installing: /home/teemty/B-spline-demo/demo_ws/install/cpp_bs_demo_interfaces/share/cpp_bs_demo_interfaces/cmake/cpp_bs_demo_interfaces__rosidl_typesupport_cppExport-noconfig.cmake
[7.919s] -- Installing: /home/teemty/B-spline-demo/demo_ws/install/cpp_bs_demo_interfaces/share/cpp_bs_demo_interfaces/cmake/export_cpp_bs_demo_interfaces__rosidl_generator_pyExport.cmake
[7.919s] -- Installing: /home/teemty/B-spline-demo/demo_ws/install/cpp_bs_demo_interfaces/share/cpp_bs_demo_interfaces/cmake/export_cpp_bs_demo_interfaces__rosidl_generator_pyExport-noconfig.cmake
[7.919s] -- Installing: /home/teemty/B-spline-demo/demo_ws/install/cpp_bs_demo_interfaces/share/cpp_bs_demo_interfaces/cmake/rosidl_cmake-extras.cmake
[7.919s] -- Installing: /home/teemty/B-spline-demo/demo_ws/install/cpp_bs_demo_interfaces/share/cpp_bs_demo_interfaces/cmake/ament_cmake_export_dependencies-extras.cmake
[7.919s] -- Installing: /home/teemty/B-spline-demo/demo_ws/install/cpp_bs_demo_interfaces/share/cpp_bs_demo_interfaces/cmake/ament_cmake_export_include_directories-extras.cmake
[7.920s] -- Installing: /home/teemty/B-spline-demo/demo_ws/install/cpp_bs_demo_interfaces/share/cpp_bs_demo_interfaces/cmake/ament_cmake_export_libraries-extras.cmake
[7.920s] -- Installing: /home/teemty/B-spline-demo/demo_ws/install/cpp_bs_demo_interfaces/share/cpp_bs_demo_interfaces/cmake/ament_cmake_export_targets-extras.cmake
[7.920s] -- Installing: /home/teemty/B-spline-demo/demo_ws/install/cpp_bs_demo_interfaces/share/cpp_bs_demo_interfaces/cmake/rosidl_cmake_export_typesupport_targets-extras.cmake
[7.920s] -- Installing: /home/teemty/B-spline-demo/demo_ws/install/cpp_bs_demo_interfaces/share/cpp_bs_demo_interfaces/cmake/rosidl_cmake_export_typesupport_libraries-extras.cmake
[7.920s] -- Installing: /home/teemty/B-spline-demo/demo_ws/install/cpp_bs_demo_interfaces/share/cpp_bs_demo_interfaces/cmake/cpp_bs_demo_interfacesConfig.cmake
[7.920s] -- Installing: /home/teemty/B-spline-demo/demo_ws/install/cpp_bs_demo_interfaces/share/cpp_bs_demo_interfaces/cmake/cpp_bs_demo_interfacesConfig-version.cmake
[7.920s] -- Installing: /home/teemty/B-spline-demo/demo_ws/install/cpp_bs_demo_interfaces/share/cpp_bs_demo_interfaces/package.xml
[7.925s] Invoked command in '/home/teemty/B-spline-demo/demo_ws/build/cpp_bs_demo_interfaces' returned '0': CMAKE_PREFIX_PATH=${CMAKE_PREFIX_PATH}:/opt/ros/jazzy DEBUGINFOD_URLS=https://debuginfod.ubuntu.com /usr/bin/cmake --install /home/teemty/B-spline-demo/demo_ws/build/cpp_bs_demo_interfaces
