[0.017s] Invoking command in '/home/teemty/B-spline-demo/demo_ws/build/cpp_bs_demo_interfaces': CMAKE_PREFIX_PATH=${CMAKE_PREFIX_PATH}:/opt/ros/jazzy DEBUGINFOD_URLS=https://debuginfod.ubuntu.com /usr/bin/cmake --build /home/teemty/B-spline-demo/demo_ws/build/cpp_bs_demo_interfaces -- -j8 -l8
[0.061s] -- Found ament_cmake: 2.5.4 (/opt/ros/jazzy/share/ament_cmake/cmake)
[0.106s] -- Found Python3: /usr/bin/python3 (found version "3.12.3") found components: Interpreter 
[0.236s] -- Found rosidl_default_generators: 1.6.0 (/opt/ros/jazzy/share/rosidl_default_generators/cmake)
[0.240s] -- Using all available rosidl_typesupport_c: rosidl_typesupport_fastrtps_c;rosidl_typesupport_introspection_c
[0.291s] -- Using all available rosidl_typesupport_cpp: rosidl_typesupport_fastrtps_cpp;rosidl_typesupport_introspection_cpp
[0.331s] -- Found rosidl_adapter: 4.6.5 (/opt/ros/jazzy/share/rosidl_adapter/cmake)
[0.334s] -- Found builtin_interfaces: 2.0.2 (/opt/ros/jazzy/share/builtin_interfaces/cmake)
[0.351s] -- Found geometry_msgs: 5.3.6 (/opt/ros/jazzy/share/geometry_msgs/cmake)
[0.867s] -- Found ament_cmake_ros: 0.12.0 (/opt/ros/jazzy/share/ament_cmake_ros/cmake)
[1.122s] -- Using all available rosidl_typesupport_c: rosidl_typesupport_fastrtps_c;rosidl_typesupport_introspection_c
[1.473s] -- Using all available rosidl_typesupport_cpp: rosidl_typesupport_fastrtps_cpp;rosidl_typesupport_introspection_cpp
[1.475s] -- Found python_cmake_module: 0.11.1 (/opt/ros/jazzy/share/python_cmake_module/cmake)
[1.936s] -- Found Python3: /usr/bin/python3 (found version "3.12.3") found components: Interpreter Development NumPy Development.Module Development.Embed 
[1.987s] -- Found ament_lint_auto: 0.17.2 (/opt/ros/jazzy/share/ament_lint_auto/cmake)
[1.999s] -- Added test 'lint_cmake' to check CMake code style
[2.000s] -- Added test 'xmllint' to check XML markup files
[2.003s] -- Configuring done (2.0s)
[2.056s] -- Generating done (0.0s)
[2.077s] -- Build files have been written to: /home/teemty/B-spline-demo/demo_ws/build/cpp_bs_demo_interfaces
[2.131s] [  2%] Built target cpp_bs_demo_interfaces__rosidl_generator_type_description
[2.148s] [  2%] Built target ament_cmake_python_copy_cpp_bs_demo_interfaces
[2.167s] [  5%] Built target cpp_bs_demo_interfaces__cpp
[2.170s] [ 20%] Built target cpp_bs_demo_interfaces__rosidl_generator_c
[2.218s] [ 32%] Built target cpp_bs_demo_interfaces__rosidl_typesupport_cpp
[2.218s] [ 41%] Built target cpp_bs_demo_interfaces__rosidl_typesupport_introspection_cpp
[2.218s] [ 47%] Built target cpp_bs_demo_interfaces__rosidl_typesupport_c
[2.219s] [ 58%] Built target cpp_bs_demo_interfaces__rosidl_typesupport_fastrtps_c
[2.219s] [ 64%] Built target cpp_bs_demo_interfaces__rosidl_typesupport_introspection_c
[2.224s] [ 73%] Built target cpp_bs_demo_interfaces__rosidl_typesupport_fastrtps_cpp
[2.261s] [ 73%] Built target cpp_bs_demo_interfaces
[2.300s] [ 76%] Built target cpp_bs_demo_interfaces__py
[2.338s] [ 82%] Built target cpp_bs_demo_interfaces__rosidl_generator_py
[2.378s] [ 88%] Built target cpp_bs_demo_interfaces_s__rosidl_typesupport_fastrtps_c
[2.382s] [ 94%] Built target cpp_bs_demo_interfaces_s__rosidl_typesupport_introspection_c
[2.383s] [100%] Built target cpp_bs_demo_interfaces_s__rosidl_typesupport_c
[2.475s] running egg_info
[2.499s] writing cpp_bs_demo_interfaces.egg-info/PKG-INFO
[2.499s] writing dependency_links to cpp_bs_demo_interfaces.egg-info/dependency_links.txt
[2.500s] writing top-level names to cpp_bs_demo_interfaces.egg-info/top_level.txt
[2.565s] reading manifest file 'cpp_bs_demo_interfaces.egg-info/SOURCES.txt'
[2.565s] writing manifest file 'cpp_bs_demo_interfaces.egg-info/SOURCES.txt'
[2.609s] [100%] Built target ament_cmake_python_build_cpp_bs_demo_interfaces_egg
[2.628s] Invoked command in '/home/teemty/B-spline-demo/demo_ws/build/cpp_bs_demo_interfaces' returned '0': CMAKE_PREFIX_PATH=${CMAKE_PREFIX_PATH}:/opt/ros/jazzy DEBUGINFOD_URLS=https://debuginfod.ubuntu.com /usr/bin/cmake --build /home/teemty/B-spline-demo/demo_ws/build/cpp_bs_demo_interfaces -- -j8 -l8
[2.645s] Invoking command in '/home/teemty/B-spline-demo/demo_ws/build/cpp_bs_demo_interfaces': CMAKE_PREFIX_PATH=${CMAKE_PREFIX_PATH}:/opt/ros/jazzy DEBUGINFOD_URLS=https://debuginfod.ubuntu.com /usr/bin/cmake --install /home/teemty/B-spline-demo/demo_ws/build/cpp_bs_demo_interfaces
[2.659s] -- Install configuration: ""
[2.660s] -- Up-to-date: /home/teemty/B-spline-demo/demo_ws/install/cpp_bs_demo_interfaces/share/ament_index/resource_index/rosidl_interfaces/cpp_bs_demo_interfaces
[2.660s] -- Up-to-date: /home/teemty/B-spline-demo/demo_ws/install/cpp_bs_demo_interfaces/share/cpp_bs_demo_interfaces/msg/Trajectory.json
[2.660s] -- Up-to-date: /home/teemty/B-spline-demo/demo_ws/install/cpp_bs_demo_interfaces/include/cpp_bs_demo_interfaces/cpp_bs_demo_interfaces
[2.660s] -- Up-to-date: /home/teemty/B-spline-demo/demo_ws/install/cpp_bs_demo_interfaces/include/cpp_bs_demo_interfaces/cpp_bs_demo_interfaces/msg
[2.661s] -- Up-to-date: /home/teemty/B-spline-demo/demo_ws/install/cpp_bs_demo_interfaces/include/cpp_bs_demo_interfaces/cpp_bs_demo_interfaces/msg/trajectory.h
[2.661s] -- Up-to-date: /home/teemty/B-spline-demo/demo_ws/install/cpp_bs_demo_interfaces/include/cpp_bs_demo_interfaces/cpp_bs_demo_interfaces/msg/rosidl_generator_c__visibility_control.h
[2.661s] -- Up-to-date: /home/teemty/B-spline-demo/demo_ws/install/cpp_bs_demo_interfaces/include/cpp_bs_demo_interfaces/cpp_bs_demo_interfaces/msg/detail
[2.661s] -- Up-to-date: /home/teemty/B-spline-demo/demo_ws/install/cpp_bs_demo_interfaces/include/cpp_bs_demo_interfaces/cpp_bs_demo_interfaces/msg/detail/trajectory__functions.h
[2.661s] -- Up-to-date: /home/teemty/B-spline-demo/demo_ws/install/cpp_bs_demo_interfaces/include/cpp_bs_demo_interfaces/cpp_bs_demo_interfaces/msg/detail/trajectory__type_support.h
[2.661s] -- Up-to-date: /home/teemty/B-spline-demo/demo_ws/install/cpp_bs_demo_interfaces/include/cpp_bs_demo_interfaces/cpp_bs_demo_interfaces/msg/detail/trajectory__description.c
[2.662s] -- Up-to-date: /home/teemty/B-spline-demo/demo_ws/install/cpp_bs_demo_interfaces/include/cpp_bs_demo_interfaces/cpp_bs_demo_interfaces/msg/detail/trajectory__struct.h
[2.662s] -- Up-to-date: /home/teemty/B-spline-demo/demo_ws/install/cpp_bs_demo_interfaces/include/cpp_bs_demo_interfaces/cpp_bs_demo_interfaces/msg/detail/trajectory__type_support.c
[2.662s] -- Up-to-date: /home/teemty/B-spline-demo/demo_ws/install/cpp_bs_demo_interfaces/include/cpp_bs_demo_interfaces/cpp_bs_demo_interfaces/msg/detail/trajectory__functions.c
[2.662s] -- Up-to-date: /home/teemty/B-spline-demo/demo_ws/install/cpp_bs_demo_interfaces/share/cpp_bs_demo_interfaces/environment/library_path.sh
[2.662s] -- Up-to-date: /home/teemty/B-spline-demo/demo_ws/install/cpp_bs_demo_interfaces/share/cpp_bs_demo_interfaces/environment/library_path.dsv
[2.662s] -- Up-to-date: /home/teemty/B-spline-demo/demo_ws/install/cpp_bs_demo_interfaces/lib/libcpp_bs_demo_interfaces__rosidl_generator_c.so
[2.662s] -- Up-to-date: /home/teemty/B-spline-demo/demo_ws/install/cpp_bs_demo_interfaces/include/cpp_bs_demo_interfaces/cpp_bs_demo_interfaces
[2.662s] -- Up-to-date: /home/teemty/B-spline-demo/demo_ws/install/cpp_bs_demo_interfaces/include/cpp_bs_demo_interfaces/cpp_bs_demo_interfaces/msg
[2.662s] -- Up-to-date: /home/teemty/B-spline-demo/demo_ws/install/cpp_bs_demo_interfaces/include/cpp_bs_demo_interfaces/cpp_bs_demo_interfaces/msg/rosidl_typesupport_fastrtps_c__visibility_control.h
[2.662s] -- Up-to-date: /home/teemty/B-spline-demo/demo_ws/install/cpp_bs_demo_interfaces/include/cpp_bs_demo_interfaces/cpp_bs_demo_interfaces/msg/detail
[2.662s] -- Up-to-date: /home/teemty/B-spline-demo/demo_ws/install/cpp_bs_demo_interfaces/include/cpp_bs_demo_interfaces/cpp_bs_demo_interfaces/msg/detail/trajectory__rosidl_typesupport_fastrtps_c.h
[2.662s] -- Up-to-date: /home/teemty/B-spline-demo/demo_ws/install/cpp_bs_demo_interfaces/lib/libcpp_bs_demo_interfaces__rosidl_typesupport_fastrtps_c.so
[2.662s] -- Up-to-date: /home/teemty/B-spline-demo/demo_ws/install/cpp_bs_demo_interfaces/include/cpp_bs_demo_interfaces/cpp_bs_demo_interfaces
[2.663s] -- Up-to-date: /home/teemty/B-spline-demo/demo_ws/install/cpp_bs_demo_interfaces/include/cpp_bs_demo_interfaces/cpp_bs_demo_interfaces/msg
[2.663s] -- Up-to-date: /home/teemty/B-spline-demo/demo_ws/install/cpp_bs_demo_interfaces/include/cpp_bs_demo_interfaces/cpp_bs_demo_interfaces/msg/rosidl_typesupport_introspection_c__visibility_control.h
[2.663s] -- Up-to-date: /home/teemty/B-spline-demo/demo_ws/install/cpp_bs_demo_interfaces/include/cpp_bs_demo_interfaces/cpp_bs_demo_interfaces/msg/detail
[2.663s] -- Up-to-date: /home/teemty/B-spline-demo/demo_ws/install/cpp_bs_demo_interfaces/include/cpp_bs_demo_interfaces/cpp_bs_demo_interfaces/msg/detail/trajectory__rosidl_typesupport_introspection_c.h
[2.663s] -- Up-to-date: /home/teemty/B-spline-demo/demo_ws/install/cpp_bs_demo_interfaces/include/cpp_bs_demo_interfaces/cpp_bs_demo_interfaces/msg/detail/trajectory__type_support.c
[2.663s] -- Up-to-date: /home/teemty/B-spline-demo/demo_ws/install/cpp_bs_demo_interfaces/lib/libcpp_bs_demo_interfaces__rosidl_typesupport_introspection_c.so
[2.664s] -- Up-to-date: /home/teemty/B-spline-demo/demo_ws/install/cpp_bs_demo_interfaces/lib/libcpp_bs_demo_interfaces__rosidl_typesupport_c.so
[2.664s] -- Up-to-date: /home/teemty/B-spline-demo/demo_ws/install/cpp_bs_demo_interfaces/include/cpp_bs_demo_interfaces/cpp_bs_demo_interfaces
[2.664s] -- Up-to-date: /home/teemty/B-spline-demo/demo_ws/install/cpp_bs_demo_interfaces/include/cpp_bs_demo_interfaces/cpp_bs_demo_interfaces/msg
[2.664s] -- Up-to-date: /home/teemty/B-spline-demo/demo_ws/install/cpp_bs_demo_interfaces/include/cpp_bs_demo_interfaces/cpp_bs_demo_interfaces/msg/rosidl_generator_cpp__visibility_control.hpp
[2.664s] -- Up-to-date: /home/teemty/B-spline-demo/demo_ws/install/cpp_bs_demo_interfaces/include/cpp_bs_demo_interfaces/cpp_bs_demo_interfaces/msg/trajectory.hpp
[2.664s] -- Up-to-date: /home/teemty/B-spline-demo/demo_ws/install/cpp_bs_demo_interfaces/include/cpp_bs_demo_interfaces/cpp_bs_demo_interfaces/msg/detail
[2.664s] -- Up-to-date: /home/teemty/B-spline-demo/demo_ws/install/cpp_bs_demo_interfaces/include/cpp_bs_demo_interfaces/cpp_bs_demo_interfaces/msg/detail/trajectory__type_support.hpp
[2.664s] -- Up-to-date: /home/teemty/B-spline-demo/demo_ws/install/cpp_bs_demo_interfaces/include/cpp_bs_demo_interfaces/cpp_bs_demo_interfaces/msg/detail/trajectory__struct.hpp
[2.664s] -- Up-to-date: /home/teemty/B-spline-demo/demo_ws/install/cpp_bs_demo_interfaces/include/cpp_bs_demo_interfaces/cpp_bs_demo_interfaces/msg/detail/trajectory__builder.hpp
[2.664s] -- Up-to-date: /home/teemty/B-spline-demo/demo_ws/install/cpp_bs_demo_interfaces/include/cpp_bs_demo_interfaces/cpp_bs_demo_interfaces/msg/detail/trajectory__traits.hpp
[2.665s] -- Up-to-date: /home/teemty/B-spline-demo/demo_ws/install/cpp_bs_demo_interfaces/include/cpp_bs_demo_interfaces/cpp_bs_demo_interfaces
[2.665s] -- Up-to-date: /home/teemty/B-spline-demo/demo_ws/install/cpp_bs_demo_interfaces/include/cpp_bs_demo_interfaces/cpp_bs_demo_interfaces/msg
[2.665s] -- Up-to-date: /home/teemty/B-spline-demo/demo_ws/install/cpp_bs_demo_interfaces/include/cpp_bs_demo_interfaces/cpp_bs_demo_interfaces/msg/rosidl_typesupport_fastrtps_cpp__visibility_control.h
[2.665s] -- Up-to-date: /home/teemty/B-spline-demo/demo_ws/install/cpp_bs_demo_interfaces/include/cpp_bs_demo_interfaces/cpp_bs_demo_interfaces/msg/detail
[2.665s] -- Up-to-date: /home/teemty/B-spline-demo/demo_ws/install/cpp_bs_demo_interfaces/include/cpp_bs_demo_interfaces/cpp_bs_demo_interfaces/msg/detail/trajectory__rosidl_typesupport_fastrtps_cpp.hpp
[2.665s] -- Up-to-date: /home/teemty/B-spline-demo/demo_ws/install/cpp_bs_demo_interfaces/include/cpp_bs_demo_interfaces/cpp_bs_demo_interfaces/msg/detail/dds_fastrtps
[2.665s] -- Up-to-date: /home/teemty/B-spline-demo/demo_ws/install/cpp_bs_demo_interfaces/lib/libcpp_bs_demo_interfaces__rosidl_typesupport_fastrtps_cpp.so
[2.666s] -- Up-to-date: /home/teemty/B-spline-demo/demo_ws/install/cpp_bs_demo_interfaces/include/cpp_bs_demo_interfaces/cpp_bs_demo_interfaces
[2.666s] -- Up-to-date: /home/teemty/B-spline-demo/demo_ws/install/cpp_bs_demo_interfaces/include/cpp_bs_demo_interfaces/cpp_bs_demo_interfaces/msg
[2.666s] -- Up-to-date: /home/teemty/B-spline-demo/demo_ws/install/cpp_bs_demo_interfaces/include/cpp_bs_demo_interfaces/cpp_bs_demo_interfaces/msg/detail
[2.666s] -- Up-to-date: /home/teemty/B-spline-demo/demo_ws/install/cpp_bs_demo_interfaces/include/cpp_bs_demo_interfaces/cpp_bs_demo_interfaces/msg/detail/trajectory__rosidl_typesupport_introspection_cpp.hpp
[2.666s] -- Up-to-date: /home/teemty/B-spline-demo/demo_ws/install/cpp_bs_demo_interfaces/include/cpp_bs_demo_interfaces/cpp_bs_demo_interfaces/msg/detail/trajectory__type_support.cpp
[2.666s] -- Up-to-date: /home/teemty/B-spline-demo/demo_ws/install/cpp_bs_demo_interfaces/lib/libcpp_bs_demo_interfaces__rosidl_typesupport_introspection_cpp.so
[2.666s] -- Up-to-date: /home/teemty/B-spline-demo/demo_ws/install/cpp_bs_demo_interfaces/lib/libcpp_bs_demo_interfaces__rosidl_typesupport_cpp.so
[2.666s] -- Up-to-date: /home/teemty/B-spline-demo/demo_ws/install/cpp_bs_demo_interfaces/share/cpp_bs_demo_interfaces/environment/pythonpath.sh
[2.666s] -- Up-to-date: /home/teemty/B-spline-demo/demo_ws/install/cpp_bs_demo_interfaces/share/cpp_bs_demo_interfaces/environment/pythonpath.dsv
[2.666s] -- Up-to-date: /home/teemty/B-spline-demo/demo_ws/install/cpp_bs_demo_interfaces/lib/python3.12/site-packages/cpp_bs_demo_interfaces-0.0.0-py3.12.egg-info
[2.666s] -- Installing: /home/teemty/B-spline-demo/demo_ws/install/cpp_bs_demo_interfaces/lib/python3.12/site-packages/cpp_bs_demo_interfaces-0.0.0-py3.12.egg-info/top_level.txt
[2.666s] -- Installing: /home/teemty/B-spline-demo/demo_ws/install/cpp_bs_demo_interfaces/lib/python3.12/site-packages/cpp_bs_demo_interfaces-0.0.0-py3.12.egg-info/SOURCES.txt
[2.666s] -- Installing: /home/teemty/B-spline-demo/demo_ws/install/cpp_bs_demo_interfaces/lib/python3.12/site-packages/cpp_bs_demo_interfaces-0.0.0-py3.12.egg-info/dependency_links.txt
[2.667s] -- Installing: /home/teemty/B-spline-demo/demo_ws/install/cpp_bs_demo_interfaces/lib/python3.12/site-packages/cpp_bs_demo_interfaces-0.0.0-py3.12.egg-info/PKG-INFO
[2.667s] -- Up-to-date: /home/teemty/B-spline-demo/demo_ws/install/cpp_bs_demo_interfaces/lib/python3.12/site-packages/cpp_bs_demo_interfaces
[2.667s] -- Up-to-date: /home/teemty/B-spline-demo/demo_ws/install/cpp_bs_demo_interfaces/lib/python3.12/site-packages/cpp_bs_demo_interfaces/cpp_bs_demo_interfaces_s__rosidl_typesupport_c.so
[2.667s] -- Up-to-date: /home/teemty/B-spline-demo/demo_ws/install/cpp_bs_demo_interfaces/lib/python3.12/site-packages/cpp_bs_demo_interfaces/_cpp_bs_demo_interfaces_s.ep.rosidl_typesupport_fastrtps_c.c
[2.667s] -- Up-to-date: /home/teemty/B-spline-demo/demo_ws/install/cpp_bs_demo_interfaces/lib/python3.12/site-packages/cpp_bs_demo_interfaces/msg
[2.667s] -- Up-to-date: /home/teemty/B-spline-demo/demo_ws/install/cpp_bs_demo_interfaces/lib/python3.12/site-packages/cpp_bs_demo_interfaces/msg/_trajectory.py
[2.667s] -- Up-to-date: /home/teemty/B-spline-demo/demo_ws/install/cpp_bs_demo_interfaces/lib/python3.12/site-packages/cpp_bs_demo_interfaces/msg/_trajectory_s.c
[2.667s] -- Up-to-date: /home/teemty/B-spline-demo/demo_ws/install/cpp_bs_demo_interfaces/lib/python3.12/site-packages/cpp_bs_demo_interfaces/msg/__init__.py
[2.667s] -- Up-to-date: /home/teemty/B-spline-demo/demo_ws/install/cpp_bs_demo_interfaces/lib/python3.12/site-packages/cpp_bs_demo_interfaces/cpp_bs_demo_interfaces_s__rosidl_typesupport_fastrtps_c.so
[2.667s] -- Up-to-date: /home/teemty/B-spline-demo/demo_ws/install/cpp_bs_demo_interfaces/lib/python3.12/site-packages/cpp_bs_demo_interfaces/cpp_bs_demo_interfaces_s__rosidl_typesupport_introspection_c.so
[2.667s] -- Up-to-date: /home/teemty/B-spline-demo/demo_ws/install/cpp_bs_demo_interfaces/lib/python3.12/site-packages/cpp_bs_demo_interfaces/_cpp_bs_demo_interfaces_s.ep.rosidl_typesupport_introspection_c.c
[2.667s] -- Installing: /home/teemty/B-spline-demo/demo_ws/install/cpp_bs_demo_interfaces/lib/python3.12/site-packages/cpp_bs_demo_interfaces/__init__.py
[2.667s] -- Up-to-date: /home/teemty/B-spline-demo/demo_ws/install/cpp_bs_demo_interfaces/lib/python3.12/site-packages/cpp_bs_demo_interfaces/_cpp_bs_demo_interfaces_s.ep.rosidl_typesupport_c.c
[2.725s] Listing '/home/teemty/B-spline-demo/demo_ws/install/cpp_bs_demo_interfaces/lib/python3.12/site-packages/cpp_bs_demo_interfaces'...
[2.725s] Compiling '/home/teemty/B-spline-demo/demo_ws/install/cpp_bs_demo_interfaces/lib/python3.12/site-packages/cpp_bs_demo_interfaces/__init__.py'...
[2.725s] Listing '/home/teemty/B-spline-demo/demo_ws/install/cpp_bs_demo_interfaces/lib/python3.12/site-packages/cpp_bs_demo_interfaces/msg'...
[2.736s] -- Up-to-date: /home/teemty/B-spline-demo/demo_ws/install/cpp_bs_demo_interfaces/lib/python3.12/site-packages/cpp_bs_demo_interfaces/cpp_bs_demo_interfaces_s__rosidl_typesupport_fastrtps_c.so
[2.736s] -- Up-to-date: /home/teemty/B-spline-demo/demo_ws/install/cpp_bs_demo_interfaces/lib/python3.12/site-packages/cpp_bs_demo_interfaces/cpp_bs_demo_interfaces_s__rosidl_typesupport_introspection_c.so
[2.737s] -- Up-to-date: /home/teemty/B-spline-demo/demo_ws/install/cpp_bs_demo_interfaces/lib/python3.12/site-packages/cpp_bs_demo_interfaces/cpp_bs_demo_interfaces_s__rosidl_typesupport_c.so
[2.737s] -- Up-to-date: /home/teemty/B-spline-demo/demo_ws/install/cpp_bs_demo_interfaces/lib/libcpp_bs_demo_interfaces__rosidl_generator_py.so
[2.737s] -- Up-to-date: /home/teemty/B-spline-demo/demo_ws/install/cpp_bs_demo_interfaces/share/cpp_bs_demo_interfaces/msg/Trajectory.idl
[2.737s] -- Up-to-date: /home/teemty/B-spline-demo/demo_ws/install/cpp_bs_demo_interfaces/share/cpp_bs_demo_interfaces/msg/Trajectory.msg
[2.737s] -- Up-to-date: /home/teemty/B-spline-demo/demo_ws/install/cpp_bs_demo_interfaces/share/ament_index/resource_index/package_run_dependencies/cpp_bs_demo_interfaces
[2.738s] -- Up-to-date: /home/teemty/B-spline-demo/demo_ws/install/cpp_bs_demo_interfaces/share/ament_index/resource_index/parent_prefix_path/cpp_bs_demo_interfaces
[2.738s] -- Up-to-date: /home/teemty/B-spline-demo/demo_ws/install/cpp_bs_demo_interfaces/share/cpp_bs_demo_interfaces/environment/ament_prefix_path.sh
[2.738s] -- Up-to-date: /home/teemty/B-spline-demo/demo_ws/install/cpp_bs_demo_interfaces/share/cpp_bs_demo_interfaces/environment/ament_prefix_path.dsv
[2.738s] -- Up-to-date: /home/teemty/B-spline-demo/demo_ws/install/cpp_bs_demo_interfaces/share/cpp_bs_demo_interfaces/environment/path.sh
[2.738s] -- Up-to-date: /home/teemty/B-spline-demo/demo_ws/install/cpp_bs_demo_interfaces/share/cpp_bs_demo_interfaces/environment/path.dsv
[2.738s] -- Up-to-date: /home/teemty/B-spline-demo/demo_ws/install/cpp_bs_demo_interfaces/share/cpp_bs_demo_interfaces/local_setup.bash
[2.738s] -- Up-to-date: /home/teemty/B-spline-demo/demo_ws/install/cpp_bs_demo_interfaces/share/cpp_bs_demo_interfaces/local_setup.sh
[2.738s] -- Up-to-date: /home/teemty/B-spline-demo/demo_ws/install/cpp_bs_demo_interfaces/share/cpp_bs_demo_interfaces/local_setup.zsh
[2.739s] -- Up-to-date: /home/teemty/B-spline-demo/demo_ws/install/cpp_bs_demo_interfaces/share/cpp_bs_demo_interfaces/local_setup.dsv
[2.739s] -- Installing: /home/teemty/B-spline-demo/demo_ws/install/cpp_bs_demo_interfaces/share/cpp_bs_demo_interfaces/package.dsv
[2.739s] -- Up-to-date: /home/teemty/B-spline-demo/demo_ws/install/cpp_bs_demo_interfaces/share/ament_index/resource_index/packages/cpp_bs_demo_interfaces
[2.739s] -- Up-to-date: /home/teemty/B-spline-demo/demo_ws/install/cpp_bs_demo_interfaces/share/cpp_bs_demo_interfaces/cmake/export_cpp_bs_demo_interfaces__rosidl_generator_cExport.cmake
[2.739s] -- Up-to-date: /home/teemty/B-spline-demo/demo_ws/install/cpp_bs_demo_interfaces/share/cpp_bs_demo_interfaces/cmake/export_cpp_bs_demo_interfaces__rosidl_generator_cExport-noconfig.cmake
[2.739s] -- Up-to-date: /home/teemty/B-spline-demo/demo_ws/install/cpp_bs_demo_interfaces/share/cpp_bs_demo_interfaces/cmake/export_cpp_bs_demo_interfaces__rosidl_typesupport_fastrtps_cExport.cmake
[2.739s] -- Up-to-date: /home/teemty/B-spline-demo/demo_ws/install/cpp_bs_demo_interfaces/share/cpp_bs_demo_interfaces/cmake/export_cpp_bs_demo_interfaces__rosidl_typesupport_fastrtps_cExport-noconfig.cmake
[2.739s] -- Up-to-date: /home/teemty/B-spline-demo/demo_ws/install/cpp_bs_demo_interfaces/share/cpp_bs_demo_interfaces/cmake/cpp_bs_demo_interfaces__rosidl_typesupport_introspection_cExport.cmake
[2.739s] -- Up-to-date: /home/teemty/B-spline-demo/demo_ws/install/cpp_bs_demo_interfaces/share/cpp_bs_demo_interfaces/cmake/cpp_bs_demo_interfaces__rosidl_typesupport_introspection_cExport-noconfig.cmake
[2.740s] -- Up-to-date: /home/teemty/B-spline-demo/demo_ws/install/cpp_bs_demo_interfaces/share/cpp_bs_demo_interfaces/cmake/cpp_bs_demo_interfaces__rosidl_typesupport_cExport.cmake
[2.740s] -- Up-to-date: /home/teemty/B-spline-demo/demo_ws/install/cpp_bs_demo_interfaces/share/cpp_bs_demo_interfaces/cmake/cpp_bs_demo_interfaces__rosidl_typesupport_cExport-noconfig.cmake
[2.740s] -- Up-to-date: /home/teemty/B-spline-demo/demo_ws/install/cpp_bs_demo_interfaces/share/cpp_bs_demo_interfaces/cmake/export_cpp_bs_demo_interfaces__rosidl_generator_cppExport.cmake
[2.740s] -- Up-to-date: /home/teemty/B-spline-demo/demo_ws/install/cpp_bs_demo_interfaces/share/cpp_bs_demo_interfaces/cmake/export_cpp_bs_demo_interfaces__rosidl_typesupport_fastrtps_cppExport.cmake
[2.740s] -- Up-to-date: /home/teemty/B-spline-demo/demo_ws/install/cpp_bs_demo_interfaces/share/cpp_bs_demo_interfaces/cmake/export_cpp_bs_demo_interfaces__rosidl_typesupport_fastrtps_cppExport-noconfig.cmake
[2.740s] -- Up-to-date: /home/teemty/B-spline-demo/demo_ws/install/cpp_bs_demo_interfaces/share/cpp_bs_demo_interfaces/cmake/cpp_bs_demo_interfaces__rosidl_typesupport_introspection_cppExport.cmake
[2.740s] -- Up-to-date: /home/teemty/B-spline-demo/demo_ws/install/cpp_bs_demo_interfaces/share/cpp_bs_demo_interfaces/cmake/cpp_bs_demo_interfaces__rosidl_typesupport_introspection_cppExport-noconfig.cmake
[2.740s] -- Up-to-date: /home/teemty/B-spline-demo/demo_ws/install/cpp_bs_demo_interfaces/share/cpp_bs_demo_interfaces/cmake/cpp_bs_demo_interfaces__rosidl_typesupport_cppExport.cmake
[2.740s] -- Up-to-date: /home/teemty/B-spline-demo/demo_ws/install/cpp_bs_demo_interfaces/share/cpp_bs_demo_interfaces/cmake/cpp_bs_demo_interfaces__rosidl_typesupport_cppExport-noconfig.cmake
[2.740s] -- Up-to-date: /home/teemty/B-spline-demo/demo_ws/install/cpp_bs_demo_interfaces/share/cpp_bs_demo_interfaces/cmake/export_cpp_bs_demo_interfaces__rosidl_generator_pyExport.cmake
[2.740s] -- Up-to-date: /home/teemty/B-spline-demo/demo_ws/install/cpp_bs_demo_interfaces/share/cpp_bs_demo_interfaces/cmake/export_cpp_bs_demo_interfaces__rosidl_generator_pyExport-noconfig.cmake
[2.740s] -- Up-to-date: /home/teemty/B-spline-demo/demo_ws/install/cpp_bs_demo_interfaces/share/cpp_bs_demo_interfaces/cmake/rosidl_cmake-extras.cmake
[2.740s] -- Up-to-date: /home/teemty/B-spline-demo/demo_ws/install/cpp_bs_demo_interfaces/share/cpp_bs_demo_interfaces/cmake/ament_cmake_export_dependencies-extras.cmake
[2.740s] -- Up-to-date: /home/teemty/B-spline-demo/demo_ws/install/cpp_bs_demo_interfaces/share/cpp_bs_demo_interfaces/cmake/ament_cmake_export_include_directories-extras.cmake
[2.741s] -- Up-to-date: /home/teemty/B-spline-demo/demo_ws/install/cpp_bs_demo_interfaces/share/cpp_bs_demo_interfaces/cmake/ament_cmake_export_libraries-extras.cmake
[2.741s] -- Up-to-date: /home/teemty/B-spline-demo/demo_ws/install/cpp_bs_demo_interfaces/share/cpp_bs_demo_interfaces/cmake/ament_cmake_export_targets-extras.cmake
[2.741s] -- Up-to-date: /home/teemty/B-spline-demo/demo_ws/install/cpp_bs_demo_interfaces/share/cpp_bs_demo_interfaces/cmake/rosidl_cmake_export_typesupport_targets-extras.cmake
[2.741s] -- Up-to-date: /home/teemty/B-spline-demo/demo_ws/install/cpp_bs_demo_interfaces/share/cpp_bs_demo_interfaces/cmake/rosidl_cmake_export_typesupport_libraries-extras.cmake
[2.741s] -- Up-to-date: /home/teemty/B-spline-demo/demo_ws/install/cpp_bs_demo_interfaces/share/cpp_bs_demo_interfaces/cmake/cpp_bs_demo_interfacesConfig.cmake
[2.741s] -- Up-to-date: /home/teemty/B-spline-demo/demo_ws/install/cpp_bs_demo_interfaces/share/cpp_bs_demo_interfaces/cmake/cpp_bs_demo_interfacesConfig-version.cmake
[2.741s] -- Installing: /home/teemty/B-spline-demo/demo_ws/install/cpp_bs_demo_interfaces/share/cpp_bs_demo_interfaces/package.xml
[2.743s] Invoked command in '/home/teemty/B-spline-demo/demo_ws/build/cpp_bs_demo_interfaces' returned '0': CMAKE_PREFIX_PATH=${CMAKE_PREFIX_PATH}:/opt/ros/jazzy DEBUGINFOD_URLS=https://debuginfod.ubuntu.com /usr/bin/cmake --install /home/teemty/B-spline-demo/demo_ws/build/cpp_bs_demo_interfaces
