[0.005s] Invoking command in '/home/teemty/B-spline-demo/demo_ws/build/cpp_bs_demo_interfaces': CMAKE_PREFIX_PATH=${CMAKE_PREFIX_PATH}:/opt/ros/jazzy CONDA_PROMPT_MODIFIER=(base) DEBUGINFOD_URLS=https://debuginfod.ubuntu.com /usr/bin/cmake /home/teemty/B-spline-demo/demo_ws/src/cpp_bs_demo_interfaces -DCMAKE_INSTALL_PREFIX=/home/teemty/B-spline-demo/demo_ws/install/cpp_bs_demo_interfaces
[0.013s] -- Found ament_cmake: 2.5.4 (/opt/ros/jazzy/share/ament_cmake/cmake)
[0.173s] -- Found rosidl_default_generators: 1.6.0 (/opt/ros/jazzy/share/rosidl_default_generators/cmake)
[0.174s] -- Using all available rosidl_typesupport_c: rosidl_typesupport_fastrtps_c;rosidl_typesupport_introspection_c
[0.191s] -- Using all available rosidl_typesupport_cpp: rosidl_typesupport_fastrtps_cpp;rosidl_typesupport_introspection_cpp
[0.204s] -- Found rosidl_adapter: 4.6.5 (/opt/ros/jazzy/share/rosidl_adapter/cmake)
[0.205s] -- Found builtin_interfaces: 2.0.2 (/opt/ros/jazzy/share/builtin_interfaces/cmake)
[0.211s] -- Found geometry_msgs: 5.3.6 (/opt/ros/jazzy/share/geometry_msgs/cmake)
[0.370s] [31mCMake Error at /opt/ros/jazzy/share/rosidl_adapter/cmake/rosidl_adapt_interfaces.cmake:57 (message):
[0.370s]   execute_process(/home/teemty/miniconda3/bin/python3 -m rosidl_adapter
[0.370s]   --package-name cpp_bs_demo_interfaces --arguments-file
[0.370s]   /home/teemty/B-spline-demo/demo_ws/build/cpp_bs_demo_interfaces/rosidl_adapter__arguments__cpp_bs_demo_interfaces.json
[0.370s]   --output-dir
[0.370s]   /home/teemty/B-spline-demo/demo_ws/build/cpp_bs_demo_interfaces/rosidl_adapter/cpp_bs_demo_interfaces
[0.370s]   --output-file
[0.370s]   /home/teemty/B-spline-demo/demo_ws/build/cpp_bs_demo_interfaces/rosidl_adapter/cpp_bs_demo_interfaces.idls)
[0.370s]   returned error code 1:
[0.370s] 
[0.370s]   Traceback (most recent call last):
[0.370s] 
[0.370s]     File "<frozen runpy>", line 198, in _run_module_as_main
[0.370s]     File "<frozen runpy>", line 88, in _run_code
[0.370s]     File "/opt/ros/jazzy/lib/python3.12/site-packages/rosidl_adapter/__main__.py", line 19, in <module>
[0.370s]       sys.exit(main())
[0.370s]                ~~~~^^
[0.370s]     File "/opt/ros/jazzy/lib/python3.12/site-packages/rosidl_adapter/main.py", line 53, in main
[0.370s]       abs_idl_file = convert_to_idl(
[0.370s]           pathlib.Path(basepath), args.package_name,
[0.370s]           pathlib.Path(relative_path), output_dir)
[0.370s]     File "/opt/ros/jazzy/lib/python3.12/site-packages/rosidl_adapter/__init__.py", line 18, in convert_to_idl
[0.370s]       from rosidl_adapter.msg import convert_msg_to_idl
[0.370s]     File "/opt/ros/jazzy/lib/python3.12/site-packages/rosidl_adapter/msg/__init__.py", line 16, in <module>
[0.371s]       from rosidl_adapter.resource import expand_template
[0.371s]     File "/opt/ros/jazzy/lib/python3.12/site-packages/rosidl_adapter/resource/__init__.py", line 19, in <module>
[0.371s]       import em
[0.371s] 
[0.371s]   ModuleNotFoundError: No module named 'em'
[0.371s] 
[0.371s] Call Stack (most recent call first):
[0.371s]   /opt/ros/jazzy/share/rosidl_cmake/cmake/rosidl_generate_interfaces.cmake:132 (rosidl_adapt_interfaces)
[0.371s]   CMakeLists.txt:19 (rosidl_generate_interfaces)
[0.371s] 
[0.371s] [0m
[0.371s] -- Configuring incomplete, errors occurred!
[0.374s] Invoked command in '/home/teemty/B-spline-demo/demo_ws/build/cpp_bs_demo_interfaces' returned '1': CMAKE_PREFIX_PATH=${CMAKE_PREFIX_PATH}:/opt/ros/jazzy CONDA_PROMPT_MODIFIER=(base) DEBUGINFOD_URLS=https://debuginfod.ubuntu.com /usr/bin/cmake /home/teemty/B-spline-demo/demo_ws/src/cpp_bs_demo_interfaces -DCMAKE_INSTALL_PREFIX=/home/teemty/B-spline-demo/demo_ws/install/cpp_bs_demo_interfaces
