[0.048s] DEBUG:colcon:Command line arguments: ['/usr/bin/colcon', 'build']
[0.048s] DEBUG:colcon:Parsed command line arguments: Namespace(log_base=None, log_level=None, verb_name='build', build_base='build', install_base='install', merge_install=False, symlink_install=False, test_result_base=None, continue_on_error=False, executor='parallel', parallel_workers=8, event_handlers=None, ignore_user_meta=False, metas=['./colcon.meta'], base_paths=['.'], packages_ignore=None, packages_ignore_regex=None, paths=None, packages_up_to=None, packages_up_to_regex=None, packages_above=None, packages_above_and_dependencies=None, packages_above_depth=None, packages_select_by_dep=None, packages_skip_by_dep=None, packages_skip_up_to=None, packages_select_build_failed=False, packages_skip_build_finished=False, packages_select_test_failures=False, packages_skip_test_passed=False, packages_select=None, packages_skip=None, packages_select_regex=None, packages_skip_regex=None, packages_start=None, packages_end=None, allow_overriding=[], cmake_args=None, cmake_target=None, cmake_target_skip_unavailable=False, cmake_clean_cache=False, cmake_clean_first=False, cmake_force_configure=False, ament_cmake_args=None, catkin_cmake_args=None, catkin_skip_building_tests=False, verb_parser=<colcon_defaults.argument_parser.defaults.DefaultArgumentsDecorator object at 0x7d3b2ab74c50>, verb_extension=<colcon_core.verb.build.BuildVerb object at 0x7d3b2ab74b90>, main=<bound method BuildVerb.main of <colcon_core.verb.build.BuildVerb object at 0x7d3b2ab74b90>>)
[0.068s] Level 1:colcon.colcon_core.package_discovery:discover_packages(colcon_meta) check parameters
[0.068s] Level 1:colcon.colcon_core.package_discovery:discover_packages(recursive) check parameters
[0.068s] Level 1:colcon.colcon_core.package_discovery:discover_packages(ignore) check parameters
[0.068s] Level 1:colcon.colcon_core.package_discovery:discover_packages(path) check parameters
[0.068s] Level 1:colcon.colcon_core.package_discovery:discover_packages(colcon_meta) discover
[0.068s] Level 1:colcon.colcon_core.package_discovery:discover_packages(recursive) discover
[0.068s] INFO:colcon.colcon_core.package_discovery:Crawling recursively for packages in '/home/teemty/B-spline-demo'
[0.068s] Level 1:colcon.colcon_core.package_identification:_identify(.) by extensions ['ignore', 'ignore_ament_install']
[0.068s] Level 1:colcon.colcon_core.package_identification:_identify(.) by extension 'ignore'
[0.068s] Level 1:colcon.colcon_core.package_identification:_identify(.) by extension 'ignore_ament_install'
[0.068s] Level 1:colcon.colcon_core.package_identification:_identify(.) by extensions ['colcon_pkg']
[0.068s] Level 1:colcon.colcon_core.package_identification:_identify(.) by extension 'colcon_pkg'
[0.068s] Level 1:colcon.colcon_core.package_identification:_identify(.) by extensions ['colcon_meta']
[0.068s] Level 1:colcon.colcon_core.package_identification:_identify(.) by extension 'colcon_meta'
[0.068s] Level 1:colcon.colcon_core.package_identification:_identify(.) by extensions ['ros']
[0.068s] Level 1:colcon.colcon_core.package_identification:_identify(.) by extension 'ros'
[0.081s] Level 1:colcon.colcon_core.package_identification:_identify(.) by extensions ['cmake', 'python']
[0.081s] Level 1:colcon.colcon_core.package_identification:_identify(.) by extension 'cmake'
[0.081s] Level 1:colcon.colcon_core.package_identification:_identify(.) by extension 'python'
[0.081s] Level 1:colcon.colcon_core.package_identification:_identify(.) by extensions ['python_setup_py']
[0.081s] Level 1:colcon.colcon_core.package_identification:_identify(.) by extension 'python_setup_py'
[0.081s] Level 1:colcon.colcon_core.package_identification:_identify(build) by extensions ['ignore', 'ignore_ament_install']
[0.081s] Level 1:colcon.colcon_core.package_identification:_identify(build) by extension 'ignore'
[0.081s] Level 1:colcon.colcon_core.package_identification:_identify(build) ignored
[0.081s] Level 1:colcon.colcon_core.package_identification:_identify(demo_ws) by extensions ['ignore', 'ignore_ament_install']
[0.081s] Level 1:colcon.colcon_core.package_identification:_identify(demo_ws) by extension 'ignore'
[0.081s] Level 1:colcon.colcon_core.package_identification:_identify(demo_ws) by extension 'ignore_ament_install'
[0.081s] Level 1:colcon.colcon_core.package_identification:_identify(demo_ws) by extensions ['colcon_pkg']
[0.081s] Level 1:colcon.colcon_core.package_identification:_identify(demo_ws) by extension 'colcon_pkg'
[0.081s] Level 1:colcon.colcon_core.package_identification:_identify(demo_ws) by extensions ['colcon_meta']
[0.081s] Level 1:colcon.colcon_core.package_identification:_identify(demo_ws) by extension 'colcon_meta'
[0.081s] Level 1:colcon.colcon_core.package_identification:_identify(demo_ws) by extensions ['ros']
[0.081s] Level 1:colcon.colcon_core.package_identification:_identify(demo_ws) by extension 'ros'
[0.081s] Level 1:colcon.colcon_core.package_identification:_identify(demo_ws) by extensions ['cmake', 'python']
[0.081s] Level 1:colcon.colcon_core.package_identification:_identify(demo_ws) by extension 'cmake'
[0.081s] Level 1:colcon.colcon_core.package_identification:_identify(demo_ws) by extension 'python'
[0.081s] Level 1:colcon.colcon_core.package_identification:_identify(demo_ws) by extensions ['python_setup_py']
[0.081s] Level 1:colcon.colcon_core.package_identification:_identify(demo_ws) by extension 'python_setup_py'
[0.081s] Level 1:colcon.colcon_core.package_identification:_identify(demo_ws/build) by extensions ['ignore', 'ignore_ament_install']
[0.081s] Level 1:colcon.colcon_core.package_identification:_identify(demo_ws/build) by extension 'ignore'
[0.081s] Level 1:colcon.colcon_core.package_identification:_identify(demo_ws/build) ignored
[0.081s] Level 1:colcon.colcon_core.package_identification:_identify(demo_ws/install) by extensions ['ignore', 'ignore_ament_install']
[0.081s] Level 1:colcon.colcon_core.package_identification:_identify(demo_ws/install) by extension 'ignore'
[0.081s] Level 1:colcon.colcon_core.package_identification:_identify(demo_ws/install) ignored
[0.081s] Level 1:colcon.colcon_core.package_identification:_identify(demo_ws/log) by extensions ['ignore', 'ignore_ament_install']
[0.081s] Level 1:colcon.colcon_core.package_identification:_identify(demo_ws/log) by extension 'ignore'
[0.081s] Level 1:colcon.colcon_core.package_identification:_identify(demo_ws/log) ignored
[0.082s] Level 1:colcon.colcon_core.package_identification:_identify(demo_ws/src) by extensions ['ignore', 'ignore_ament_install']
[0.082s] Level 1:colcon.colcon_core.package_identification:_identify(demo_ws/src) by extension 'ignore'
[0.082s] Level 1:colcon.colcon_core.package_identification:_identify(demo_ws/src) by extension 'ignore_ament_install'
[0.082s] Level 1:colcon.colcon_core.package_identification:_identify(demo_ws/src) by extensions ['colcon_pkg']
[0.082s] Level 1:colcon.colcon_core.package_identification:_identify(demo_ws/src) by extension 'colcon_pkg'
[0.082s] Level 1:colcon.colcon_core.package_identification:_identify(demo_ws/src) by extensions ['colcon_meta']
[0.082s] Level 1:colcon.colcon_core.package_identification:_identify(demo_ws/src) by extension 'colcon_meta'
[0.082s] Level 1:colcon.colcon_core.package_identification:_identify(demo_ws/src) by extensions ['ros']
[0.082s] Level 1:colcon.colcon_core.package_identification:_identify(demo_ws/src) by extension 'ros'
[0.082s] Level 1:colcon.colcon_core.package_identification:_identify(demo_ws/src) by extensions ['cmake', 'python']
[0.082s] Level 1:colcon.colcon_core.package_identification:_identify(demo_ws/src) by extension 'cmake'
[0.082s] Level 1:colcon.colcon_core.package_identification:_identify(demo_ws/src) by extension 'python'
[0.082s] Level 1:colcon.colcon_core.package_identification:_identify(demo_ws/src) by extensions ['python_setup_py']
[0.082s] Level 1:colcon.colcon_core.package_identification:_identify(demo_ws/src) by extension 'python_setup_py'
[0.082s] Level 1:colcon.colcon_core.package_identification:_identify(demo_ws/src/cpp_bs_demo) by extensions ['ignore', 'ignore_ament_install']
[0.082s] Level 1:colcon.colcon_core.package_identification:_identify(demo_ws/src/cpp_bs_demo) by extension 'ignore'
[0.082s] Level 1:colcon.colcon_core.package_identification:_identify(demo_ws/src/cpp_bs_demo) by extension 'ignore_ament_install'
[0.082s] Level 1:colcon.colcon_core.package_identification:_identify(demo_ws/src/cpp_bs_demo) by extensions ['colcon_pkg']
[0.082s] Level 1:colcon.colcon_core.package_identification:_identify(demo_ws/src/cpp_bs_demo) by extension 'colcon_pkg'
[0.082s] Level 1:colcon.colcon_core.package_identification:_identify(demo_ws/src/cpp_bs_demo) by extensions ['colcon_meta']
[0.082s] Level 1:colcon.colcon_core.package_identification:_identify(demo_ws/src/cpp_bs_demo) by extension 'colcon_meta'
[0.082s] Level 1:colcon.colcon_core.package_identification:_identify(demo_ws/src/cpp_bs_demo) by extensions ['ros']
[0.082s] Level 1:colcon.colcon_core.package_identification:_identify(demo_ws/src/cpp_bs_demo) by extension 'ros'
[0.083s] DEBUG:colcon.colcon_core.package_identification:Package 'demo_ws/src/cpp_bs_demo' with type 'ros.ament_cmake' and name 'cpp_bs_demo'
[0.083s] Level 1:colcon.colcon_core.package_identification:_identify(demo_ws/src/cpp_bs_demo_interfaces) by extensions ['ignore', 'ignore_ament_install']
[0.083s] Level 1:colcon.colcon_core.package_identification:_identify(demo_ws/src/cpp_bs_demo_interfaces) by extension 'ignore'
[0.083s] Level 1:colcon.colcon_core.package_identification:_identify(demo_ws/src/cpp_bs_demo_interfaces) by extension 'ignore_ament_install'
[0.083s] Level 1:colcon.colcon_core.package_identification:_identify(demo_ws/src/cpp_bs_demo_interfaces) by extensions ['colcon_pkg']
[0.083s] Level 1:colcon.colcon_core.package_identification:_identify(demo_ws/src/cpp_bs_demo_interfaces) by extension 'colcon_pkg'
[0.084s] Level 1:colcon.colcon_core.package_identification:_identify(demo_ws/src/cpp_bs_demo_interfaces) by extensions ['colcon_meta']
[0.084s] Level 1:colcon.colcon_core.package_identification:_identify(demo_ws/src/cpp_bs_demo_interfaces) by extension 'colcon_meta'
[0.084s] Level 1:colcon.colcon_core.package_identification:_identify(demo_ws/src/cpp_bs_demo_interfaces) by extensions ['ros']
[0.084s] Level 1:colcon.colcon_core.package_identification:_identify(demo_ws/src/cpp_bs_demo_interfaces) by extension 'ros'
[0.084s] DEBUG:colcon.colcon_core.package_identification:Package 'demo_ws/src/cpp_bs_demo_interfaces' with type 'ros.ament_cmake' and name 'cpp_bs_demo_interfaces'
[0.084s] Level 1:colcon.colcon_core.package_identification:_identify(install) by extensions ['ignore', 'ignore_ament_install']
[0.084s] Level 1:colcon.colcon_core.package_identification:_identify(install) by extension 'ignore'
[0.084s] Level 1:colcon.colcon_core.package_identification:_identify(install) ignored
[0.084s] Level 1:colcon.colcon_core.package_identification:_identify(log) by extensions ['ignore', 'ignore_ament_install']
[0.084s] Level 1:colcon.colcon_core.package_identification:_identify(log) by extension 'ignore'
[0.084s] Level 1:colcon.colcon_core.package_identification:_identify(log) ignored
[0.084s] Level 1:colcon.colcon_core.package_discovery:discover_packages(recursive) using defaults
[0.084s] Level 1:colcon.colcon_core.package_discovery:discover_packages(ignore) discover
[0.084s] Level 1:colcon.colcon_core.package_discovery:discover_packages(ignore) using defaults
[0.084s] Level 1:colcon.colcon_core.package_discovery:discover_packages(path) discover
[0.084s] Level 1:colcon.colcon_core.package_discovery:discover_packages(path) using defaults
[0.094s] Level 1:colcon.colcon_core.package_discovery:discover_packages(prefix_path) check parameters
[0.094s] Level 1:colcon.colcon_core.package_discovery:discover_packages(prefix_path) discover
[0.095s] DEBUG:colcon.colcon_installed_package_information.package_discovery:Found 2 installed packages in /home/teemty/B-spline-demo/demo_ws/install
[0.095s] DEBUG:colcon.colcon_installed_package_information.package_discovery:Found 2 installed packages in /home/teemty/B-spline-demo/install
[0.095s] DEBUG:colcon.colcon_installed_package_information.package_discovery:Found 258 installed packages in /opt/ros/jazzy
[0.096s] Level 1:colcon.colcon_core.package_discovery:discover_packages(prefix_path) using defaults
[0.111s] Level 5:colcon.colcon_core.verb:set package 'cpp_bs_demo_interfaces' build argument 'cmake_args' from command line to 'None'
[0.111s] Level 5:colcon.colcon_core.verb:set package 'cpp_bs_demo_interfaces' build argument 'cmake_target' from command line to 'None'
[0.111s] Level 5:colcon.colcon_core.verb:set package 'cpp_bs_demo_interfaces' build argument 'cmake_target_skip_unavailable' from command line to 'False'
[0.111s] Level 5:colcon.colcon_core.verb:set package 'cpp_bs_demo_interfaces' build argument 'cmake_clean_cache' from command line to 'False'
[0.111s] Level 5:colcon.colcon_core.verb:set package 'cpp_bs_demo_interfaces' build argument 'cmake_clean_first' from command line to 'False'
[0.111s] Level 5:colcon.colcon_core.verb:set package 'cpp_bs_demo_interfaces' build argument 'cmake_force_configure' from command line to 'False'
[0.111s] Level 5:colcon.colcon_core.verb:set package 'cpp_bs_demo_interfaces' build argument 'ament_cmake_args' from command line to 'None'
[0.111s] Level 5:colcon.colcon_core.verb:set package 'cpp_bs_demo_interfaces' build argument 'catkin_cmake_args' from command line to 'None'
[0.111s] Level 5:colcon.colcon_core.verb:set package 'cpp_bs_demo_interfaces' build argument 'catkin_skip_building_tests' from command line to 'False'
[0.111s] DEBUG:colcon.colcon_core.verb:Building package 'cpp_bs_demo_interfaces' with the following arguments: {'ament_cmake_args': None, 'build_base': '/home/teemty/B-spline-demo/build/cpp_bs_demo_interfaces', 'catkin_cmake_args': None, 'catkin_skip_building_tests': False, 'cmake_args': None, 'cmake_clean_cache': False, 'cmake_clean_first': False, 'cmake_force_configure': False, 'cmake_target': None, 'cmake_target_skip_unavailable': False, 'install_base': '/home/teemty/B-spline-demo/install/cpp_bs_demo_interfaces', 'merge_install': False, 'path': '/home/teemty/B-spline-demo/demo_ws/src/cpp_bs_demo_interfaces', 'symlink_install': False, 'test_result_base': None}
[0.111s] Level 5:colcon.colcon_core.verb:set package 'cpp_bs_demo' build argument 'cmake_args' from command line to 'None'
[0.111s] Level 5:colcon.colcon_core.verb:set package 'cpp_bs_demo' build argument 'cmake_target' from command line to 'None'
[0.112s] Level 5:colcon.colcon_core.verb:set package 'cpp_bs_demo' build argument 'cmake_target_skip_unavailable' from command line to 'False'
[0.112s] Level 5:colcon.colcon_core.verb:set package 'cpp_bs_demo' build argument 'cmake_clean_cache' from command line to 'False'
[0.112s] Level 5:colcon.colcon_core.verb:set package 'cpp_bs_demo' build argument 'cmake_clean_first' from command line to 'False'
[0.112s] Level 5:colcon.colcon_core.verb:set package 'cpp_bs_demo' build argument 'cmake_force_configure' from command line to 'False'
[0.112s] Level 5:colcon.colcon_core.verb:set package 'cpp_bs_demo' build argument 'ament_cmake_args' from command line to 'None'
[0.112s] Level 5:colcon.colcon_core.verb:set package 'cpp_bs_demo' build argument 'catkin_cmake_args' from command line to 'None'
[0.112s] Level 5:colcon.colcon_core.verb:set package 'cpp_bs_demo' build argument 'catkin_skip_building_tests' from command line to 'False'
[0.112s] DEBUG:colcon.colcon_core.verb:Building package 'cpp_bs_demo' with the following arguments: {'ament_cmake_args': None, 'build_base': '/home/teemty/B-spline-demo/build/cpp_bs_demo', 'catkin_cmake_args': None, 'catkin_skip_building_tests': False, 'cmake_args': None, 'cmake_clean_cache': False, 'cmake_clean_first': False, 'cmake_force_configure': False, 'cmake_target': None, 'cmake_target_skip_unavailable': False, 'install_base': '/home/teemty/B-spline-demo/install/cpp_bs_demo', 'merge_install': False, 'path': '/home/teemty/B-spline-demo/demo_ws/src/cpp_bs_demo', 'symlink_install': False, 'test_result_base': None}
[0.112s] INFO:colcon.colcon_core.executor:Executing jobs using 'parallel' executor
[0.113s] DEBUG:colcon.colcon_parallel_executor.executor.parallel:run_until_complete
[0.113s] INFO:colcon.colcon_ros.task.ament_cmake.build:Building ROS package in '/home/teemty/B-spline-demo/demo_ws/src/cpp_bs_demo_interfaces' with build type 'ament_cmake'
[0.113s] INFO:colcon.colcon_cmake.task.cmake.build:Building CMake package in '/home/teemty/B-spline-demo/demo_ws/src/cpp_bs_demo_interfaces'
[0.114s] INFO:colcon.colcon_core.plugin_system:Skipping extension 'colcon_core.shell.bat': Not used on non-Windows systems
[0.114s] INFO:colcon.colcon_core.shell:Skip shell extension 'powershell' for command environment: Not usable outside of PowerShell
[0.114s] DEBUG:colcon.colcon_core.shell:Skip shell extension 'dsv' for command environment
[0.119s] DEBUG:colcon.colcon_core.event_handler.log_command:Invoking command in '/home/teemty/B-spline-demo/build/cpp_bs_demo_interfaces': CMAKE_PREFIX_PATH=${CMAKE_PREFIX_PATH}:/opt/ros/jazzy DEBUGINFOD_URLS=https://debuginfod.ubuntu.com /usr/bin/cmake --build /home/teemty/B-spline-demo/build/cpp_bs_demo_interfaces -- -j8 -l8
[1.630s] DEBUG:colcon.colcon_core.event_handler.log_command:Invoked command in '/home/teemty/B-spline-demo/build/cpp_bs_demo_interfaces' returned '0': CMAKE_PREFIX_PATH=${CMAKE_PREFIX_PATH}:/opt/ros/jazzy DEBUGINFOD_URLS=https://debuginfod.ubuntu.com /usr/bin/cmake --build /home/teemty/B-spline-demo/build/cpp_bs_demo_interfaces -- -j8 -l8
[1.638s] DEBUG:colcon.colcon_core.event_handler.log_command:Invoking command in '/home/teemty/B-spline-demo/build/cpp_bs_demo_interfaces': CMAKE_PREFIX_PATH=${CMAKE_PREFIX_PATH}:/opt/ros/jazzy DEBUGINFOD_URLS=https://debuginfod.ubuntu.com /usr/bin/cmake --install /home/teemty/B-spline-demo/build/cpp_bs_demo_interfaces
[1.674s] Level 1:colcon.colcon_core.environment:create_environment_scripts_only(cpp_bs_demo_interfaces)
[1.674s] DEBUG:colcon.colcon_core.event_handler.log_command:Invoked command in '/home/teemty/B-spline-demo/build/cpp_bs_demo_interfaces' returned '0': CMAKE_PREFIX_PATH=${CMAKE_PREFIX_PATH}:/opt/ros/jazzy DEBUGINFOD_URLS=https://debuginfod.ubuntu.com /usr/bin/cmake --install /home/teemty/B-spline-demo/build/cpp_bs_demo_interfaces
[1.676s] Level 1:colcon.colcon_core.environment:checking '/home/teemty/B-spline-demo/install/cpp_bs_demo_interfaces' for CMake module files
[1.676s] Level 1:colcon.colcon_core.environment:checking '/home/teemty/B-spline-demo/install/cpp_bs_demo_interfaces' for CMake config files
[1.677s] Level 1:colcon.colcon_core.shell:create_environment_hook('cpp_bs_demo_interfaces', 'cmake_prefix_path')
[1.677s] INFO:colcon.colcon_core.shell:Creating environment hook '/home/teemty/B-spline-demo/install/cpp_bs_demo_interfaces/share/cpp_bs_demo_interfaces/hook/cmake_prefix_path.ps1'
[1.677s] INFO:colcon.colcon_core.shell:Creating environment descriptor '/home/teemty/B-spline-demo/install/cpp_bs_demo_interfaces/share/cpp_bs_demo_interfaces/hook/cmake_prefix_path.dsv'
[1.678s] INFO:colcon.colcon_core.shell:Creating environment hook '/home/teemty/B-spline-demo/install/cpp_bs_demo_interfaces/share/cpp_bs_demo_interfaces/hook/cmake_prefix_path.sh'
[1.678s] Level 1:colcon.colcon_core.environment:checking '/home/teemty/B-spline-demo/install/cpp_bs_demo_interfaces/lib'
[1.678s] Level 1:colcon.colcon_core.shell:create_environment_hook('cpp_bs_demo_interfaces', 'ld_library_path_lib')
[1.679s] INFO:colcon.colcon_core.shell:Creating environment hook '/home/teemty/B-spline-demo/install/cpp_bs_demo_interfaces/share/cpp_bs_demo_interfaces/hook/ld_library_path_lib.ps1'
[1.679s] INFO:colcon.colcon_core.shell:Creating environment descriptor '/home/teemty/B-spline-demo/install/cpp_bs_demo_interfaces/share/cpp_bs_demo_interfaces/hook/ld_library_path_lib.dsv'
[1.679s] INFO:colcon.colcon_core.shell:Creating environment hook '/home/teemty/B-spline-demo/install/cpp_bs_demo_interfaces/share/cpp_bs_demo_interfaces/hook/ld_library_path_lib.sh'
[1.679s] Level 1:colcon.colcon_core.environment:checking '/home/teemty/B-spline-demo/install/cpp_bs_demo_interfaces/bin'
[1.679s] Level 1:colcon.colcon_core.environment:checking '/home/teemty/B-spline-demo/install/cpp_bs_demo_interfaces/lib/pkgconfig/cpp_bs_demo_interfaces.pc'
[1.680s] Level 1:colcon.colcon_core.environment:checking '/home/teemty/B-spline-demo/install/cpp_bs_demo_interfaces/lib/python3.12/site-packages'
[1.680s] Level 1:colcon.colcon_core.shell:create_environment_hook('cpp_bs_demo_interfaces', 'pythonpath')
[1.680s] INFO:colcon.colcon_core.shell:Creating environment hook '/home/teemty/B-spline-demo/install/cpp_bs_demo_interfaces/share/cpp_bs_demo_interfaces/hook/pythonpath.ps1'
[1.680s] INFO:colcon.colcon_core.shell:Creating environment descriptor '/home/teemty/B-spline-demo/install/cpp_bs_demo_interfaces/share/cpp_bs_demo_interfaces/hook/pythonpath.dsv'
[1.680s] INFO:colcon.colcon_core.shell:Creating environment hook '/home/teemty/B-spline-demo/install/cpp_bs_demo_interfaces/share/cpp_bs_demo_interfaces/hook/pythonpath.sh'
[1.681s] Level 1:colcon.colcon_core.environment:checking '/home/teemty/B-spline-demo/install/cpp_bs_demo_interfaces/bin'
[1.681s] INFO:colcon.colcon_core.shell:Creating package script '/home/teemty/B-spline-demo/install/cpp_bs_demo_interfaces/share/cpp_bs_demo_interfaces/package.ps1'
[1.681s] INFO:colcon.colcon_core.shell:Creating package descriptor '/home/teemty/B-spline-demo/install/cpp_bs_demo_interfaces/share/cpp_bs_demo_interfaces/package.dsv'
[1.682s] INFO:colcon.colcon_core.shell:Creating package script '/home/teemty/B-spline-demo/install/cpp_bs_demo_interfaces/share/cpp_bs_demo_interfaces/package.sh'
[1.682s] INFO:colcon.colcon_core.shell:Creating package script '/home/teemty/B-spline-demo/install/cpp_bs_demo_interfaces/share/cpp_bs_demo_interfaces/package.bash'
[1.682s] INFO:colcon.colcon_core.shell:Creating package script '/home/teemty/B-spline-demo/install/cpp_bs_demo_interfaces/share/cpp_bs_demo_interfaces/package.zsh'
[1.682s] Level 1:colcon.colcon_core.environment:create_file_with_runtime_dependencies(/home/teemty/B-spline-demo/install/cpp_bs_demo_interfaces/share/colcon-core/packages/cpp_bs_demo_interfaces)
[1.683s] Level 1:colcon.colcon_core.environment:create_environment_scripts_only(cpp_bs_demo_interfaces)
[1.683s] Level 1:colcon.colcon_core.environment:checking '/home/teemty/B-spline-demo/install/cpp_bs_demo_interfaces' for CMake module files
[1.683s] Level 1:colcon.colcon_core.environment:checking '/home/teemty/B-spline-demo/install/cpp_bs_demo_interfaces' for CMake config files
[1.683s] Level 1:colcon.colcon_core.shell:create_environment_hook('cpp_bs_demo_interfaces', 'cmake_prefix_path')
[1.684s] INFO:colcon.colcon_core.shell:Creating environment hook '/home/teemty/B-spline-demo/install/cpp_bs_demo_interfaces/share/cpp_bs_demo_interfaces/hook/cmake_prefix_path.ps1'
[1.684s] INFO:colcon.colcon_core.shell:Creating environment descriptor '/home/teemty/B-spline-demo/install/cpp_bs_demo_interfaces/share/cpp_bs_demo_interfaces/hook/cmake_prefix_path.dsv'
[1.684s] INFO:colcon.colcon_core.shell:Creating environment hook '/home/teemty/B-spline-demo/install/cpp_bs_demo_interfaces/share/cpp_bs_demo_interfaces/hook/cmake_prefix_path.sh'
[1.684s] Level 1:colcon.colcon_core.environment:checking '/home/teemty/B-spline-demo/install/cpp_bs_demo_interfaces/lib'
[1.684s] Level 1:colcon.colcon_core.shell:create_environment_hook('cpp_bs_demo_interfaces', 'ld_library_path_lib')
[1.684s] INFO:colcon.colcon_core.shell:Creating environment hook '/home/teemty/B-spline-demo/install/cpp_bs_demo_interfaces/share/cpp_bs_demo_interfaces/hook/ld_library_path_lib.ps1'
[1.685s] INFO:colcon.colcon_core.shell:Creating environment descriptor '/home/teemty/B-spline-demo/install/cpp_bs_demo_interfaces/share/cpp_bs_demo_interfaces/hook/ld_library_path_lib.dsv'
[1.685s] INFO:colcon.colcon_core.shell:Creating environment hook '/home/teemty/B-spline-demo/install/cpp_bs_demo_interfaces/share/cpp_bs_demo_interfaces/hook/ld_library_path_lib.sh'
[1.685s] Level 1:colcon.colcon_core.environment:checking '/home/teemty/B-spline-demo/install/cpp_bs_demo_interfaces/bin'
[1.685s] Level 1:colcon.colcon_core.environment:checking '/home/teemty/B-spline-demo/install/cpp_bs_demo_interfaces/lib/pkgconfig/cpp_bs_demo_interfaces.pc'
[1.685s] Level 1:colcon.colcon_core.environment:checking '/home/teemty/B-spline-demo/install/cpp_bs_demo_interfaces/lib/python3.12/site-packages'
[1.685s] Level 1:colcon.colcon_core.shell:create_environment_hook('cpp_bs_demo_interfaces', 'pythonpath')
[1.685s] INFO:colcon.colcon_core.shell:Creating environment hook '/home/teemty/B-spline-demo/install/cpp_bs_demo_interfaces/share/cpp_bs_demo_interfaces/hook/pythonpath.ps1'
[1.685s] INFO:colcon.colcon_core.shell:Creating environment descriptor '/home/teemty/B-spline-demo/install/cpp_bs_demo_interfaces/share/cpp_bs_demo_interfaces/hook/pythonpath.dsv'
[1.686s] INFO:colcon.colcon_core.shell:Creating environment hook '/home/teemty/B-spline-demo/install/cpp_bs_demo_interfaces/share/cpp_bs_demo_interfaces/hook/pythonpath.sh'
[1.686s] Level 1:colcon.colcon_core.environment:checking '/home/teemty/B-spline-demo/install/cpp_bs_demo_interfaces/bin'
[1.686s] INFO:colcon.colcon_core.shell:Creating package script '/home/teemty/B-spline-demo/install/cpp_bs_demo_interfaces/share/cpp_bs_demo_interfaces/package.ps1'
[1.686s] INFO:colcon.colcon_core.shell:Creating package descriptor '/home/teemty/B-spline-demo/install/cpp_bs_demo_interfaces/share/cpp_bs_demo_interfaces/package.dsv'
[1.686s] INFO:colcon.colcon_core.shell:Creating package script '/home/teemty/B-spline-demo/install/cpp_bs_demo_interfaces/share/cpp_bs_demo_interfaces/package.sh'
[1.687s] INFO:colcon.colcon_core.shell:Creating package script '/home/teemty/B-spline-demo/install/cpp_bs_demo_interfaces/share/cpp_bs_demo_interfaces/package.bash'
[1.687s] INFO:colcon.colcon_core.shell:Creating package script '/home/teemty/B-spline-demo/install/cpp_bs_demo_interfaces/share/cpp_bs_demo_interfaces/package.zsh'
[1.687s] Level 1:colcon.colcon_core.environment:create_file_with_runtime_dependencies(/home/teemty/B-spline-demo/install/cpp_bs_demo_interfaces/share/colcon-core/packages/cpp_bs_demo_interfaces)
[1.687s] INFO:colcon.colcon_ros.task.ament_cmake.build:Building ROS package in '/home/teemty/B-spline-demo/demo_ws/src/cpp_bs_demo' with build type 'ament_cmake'
[1.687s] INFO:colcon.colcon_cmake.task.cmake.build:Building CMake package in '/home/teemty/B-spline-demo/demo_ws/src/cpp_bs_demo'
[1.687s] INFO:colcon.colcon_core.shell:Skip shell extension 'powershell' for command environment: Not usable outside of PowerShell
[1.687s] DEBUG:colcon.colcon_core.shell:Skip shell extension 'dsv' for command environment
[1.693s] DEBUG:colcon.colcon_core.event_handler.log_command:Invoking command in '/home/teemty/B-spline-demo/build/cpp_bs_demo': CMAKE_PREFIX_PATH=/home/teemty/B-spline-demo/install/cpp_bs_demo_interfaces:/home/teemty/B-spline-demo/install/cpp_bs_demo:/home/teemty/B-spline-demo/demo_ws/install/cpp_bs_demo:/home/teemty/B-spline-demo/demo_ws/install/cpp_bs_demo_interfaces:/opt/ros/jazzy/opt/gz_math_vendor:/opt/ros/jazzy/opt/gz_utils_vendor:/opt/ros/jazzy/opt/gz_cmake_vendor:/opt/ros/jazzy DEBUGINFOD_URLS=https://debuginfod.ubuntu.com /usr/bin/cmake --build /home/teemty/B-spline-demo/build/cpp_bs_demo -- -j8 -l8
[6.430s] DEBUG:colcon.colcon_core.event_handler.log_command:Invoked command in '/home/teemty/B-spline-demo/build/cpp_bs_demo' returned '0': CMAKE_PREFIX_PATH=/home/teemty/B-spline-demo/install/cpp_bs_demo_interfaces:/home/teemty/B-spline-demo/install/cpp_bs_demo:/home/teemty/B-spline-demo/demo_ws/install/cpp_bs_demo:/home/teemty/B-spline-demo/demo_ws/install/cpp_bs_demo_interfaces:/opt/ros/jazzy/opt/gz_math_vendor:/opt/ros/jazzy/opt/gz_utils_vendor:/opt/ros/jazzy/opt/gz_cmake_vendor:/opt/ros/jazzy DEBUGINFOD_URLS=https://debuginfod.ubuntu.com /usr/bin/cmake --build /home/teemty/B-spline-demo/build/cpp_bs_demo -- -j8 -l8
[6.431s] DEBUG:colcon.colcon_core.event_handler.log_command:Invoking command in '/home/teemty/B-spline-demo/build/cpp_bs_demo': CMAKE_PREFIX_PATH=/home/teemty/B-spline-demo/install/cpp_bs_demo_interfaces:/home/teemty/B-spline-demo/install/cpp_bs_demo:/home/teemty/B-spline-demo/demo_ws/install/cpp_bs_demo:/home/teemty/B-spline-demo/demo_ws/install/cpp_bs_demo_interfaces:/opt/ros/jazzy/opt/gz_math_vendor:/opt/ros/jazzy/opt/gz_utils_vendor:/opt/ros/jazzy/opt/gz_cmake_vendor:/opt/ros/jazzy DEBUGINFOD_URLS=https://debuginfod.ubuntu.com /usr/bin/cmake --install /home/teemty/B-spline-demo/build/cpp_bs_demo
[6.438s] Level 1:colcon.colcon_core.environment:create_environment_scripts_only(cpp_bs_demo)
[6.438s] Level 1:colcon.colcon_core.environment:checking '/home/teemty/B-spline-demo/install/cpp_bs_demo' for CMake module files
[6.438s] DEBUG:colcon.colcon_core.event_handler.log_command:Invoked command in '/home/teemty/B-spline-demo/build/cpp_bs_demo' returned '0': CMAKE_PREFIX_PATH=/home/teemty/B-spline-demo/install/cpp_bs_demo_interfaces:/home/teemty/B-spline-demo/install/cpp_bs_demo:/home/teemty/B-spline-demo/demo_ws/install/cpp_bs_demo:/home/teemty/B-spline-demo/demo_ws/install/cpp_bs_demo_interfaces:/opt/ros/jazzy/opt/gz_math_vendor:/opt/ros/jazzy/opt/gz_utils_vendor:/opt/ros/jazzy/opt/gz_cmake_vendor:/opt/ros/jazzy DEBUGINFOD_URLS=https://debuginfod.ubuntu.com /usr/bin/cmake --install /home/teemty/B-spline-demo/build/cpp_bs_demo
[6.438s] Level 1:colcon.colcon_core.environment:checking '/home/teemty/B-spline-demo/install/cpp_bs_demo' for CMake config files
[6.438s] Level 1:colcon.colcon_core.shell:create_environment_hook('cpp_bs_demo', 'cmake_prefix_path')
[6.438s] INFO:colcon.colcon_core.shell:Creating environment hook '/home/teemty/B-spline-demo/install/cpp_bs_demo/share/cpp_bs_demo/hook/cmake_prefix_path.ps1'
[6.439s] INFO:colcon.colcon_core.shell:Creating environment descriptor '/home/teemty/B-spline-demo/install/cpp_bs_demo/share/cpp_bs_demo/hook/cmake_prefix_path.dsv'
[6.439s] INFO:colcon.colcon_core.shell:Creating environment hook '/home/teemty/B-spline-demo/install/cpp_bs_demo/share/cpp_bs_demo/hook/cmake_prefix_path.sh'
[6.439s] Level 1:colcon.colcon_core.environment:checking '/home/teemty/B-spline-demo/install/cpp_bs_demo/lib'
[6.439s] Level 1:colcon.colcon_core.environment:checking '/home/teemty/B-spline-demo/install/cpp_bs_demo/bin'
[6.439s] Level 1:colcon.colcon_core.environment:checking '/home/teemty/B-spline-demo/install/cpp_bs_demo/lib/pkgconfig/cpp_bs_demo.pc'
[6.439s] Level 1:colcon.colcon_core.environment:checking '/home/teemty/B-spline-demo/install/cpp_bs_demo/lib/python3.12/site-packages'
[6.439s] Level 1:colcon.colcon_core.environment:checking '/home/teemty/B-spline-demo/install/cpp_bs_demo/bin'
[6.439s] INFO:colcon.colcon_core.shell:Creating package script '/home/teemty/B-spline-demo/install/cpp_bs_demo/share/cpp_bs_demo/package.ps1'
[6.440s] INFO:colcon.colcon_core.shell:Creating package descriptor '/home/teemty/B-spline-demo/install/cpp_bs_demo/share/cpp_bs_demo/package.dsv'
[6.440s] INFO:colcon.colcon_core.shell:Creating package script '/home/teemty/B-spline-demo/install/cpp_bs_demo/share/cpp_bs_demo/package.sh'
[6.440s] INFO:colcon.colcon_core.shell:Creating package script '/home/teemty/B-spline-demo/install/cpp_bs_demo/share/cpp_bs_demo/package.bash'
[6.440s] INFO:colcon.colcon_core.shell:Creating package script '/home/teemty/B-spline-demo/install/cpp_bs_demo/share/cpp_bs_demo/package.zsh'
[6.440s] Level 1:colcon.colcon_core.environment:create_file_with_runtime_dependencies(/home/teemty/B-spline-demo/install/cpp_bs_demo/share/colcon-core/packages/cpp_bs_demo)
[6.441s] Level 1:colcon.colcon_core.environment:create_environment_scripts_only(cpp_bs_demo)
[6.441s] Level 1:colcon.colcon_core.environment:checking '/home/teemty/B-spline-demo/install/cpp_bs_demo' for CMake module files
[6.441s] Level 1:colcon.colcon_core.environment:checking '/home/teemty/B-spline-demo/install/cpp_bs_demo' for CMake config files
[6.441s] Level 1:colcon.colcon_core.shell:create_environment_hook('cpp_bs_demo', 'cmake_prefix_path')
[6.441s] INFO:colcon.colcon_core.shell:Creating environment hook '/home/teemty/B-spline-demo/install/cpp_bs_demo/share/cpp_bs_demo/hook/cmake_prefix_path.ps1'
[6.441s] INFO:colcon.colcon_core.shell:Creating environment descriptor '/home/teemty/B-spline-demo/install/cpp_bs_demo/share/cpp_bs_demo/hook/cmake_prefix_path.dsv'
[6.441s] INFO:colcon.colcon_core.shell:Creating environment hook '/home/teemty/B-spline-demo/install/cpp_bs_demo/share/cpp_bs_demo/hook/cmake_prefix_path.sh'
[6.441s] Level 1:colcon.colcon_core.environment:checking '/home/teemty/B-spline-demo/install/cpp_bs_demo/lib'
[6.441s] Level 1:colcon.colcon_core.environment:checking '/home/teemty/B-spline-demo/install/cpp_bs_demo/bin'
[6.441s] Level 1:colcon.colcon_core.environment:checking '/home/teemty/B-spline-demo/install/cpp_bs_demo/lib/pkgconfig/cpp_bs_demo.pc'
[6.442s] Level 1:colcon.colcon_core.environment:checking '/home/teemty/B-spline-demo/install/cpp_bs_demo/lib/python3.12/site-packages'
[6.442s] Level 1:colcon.colcon_core.environment:checking '/home/teemty/B-spline-demo/install/cpp_bs_demo/bin'
[6.442s] INFO:colcon.colcon_core.shell:Creating package script '/home/teemty/B-spline-demo/install/cpp_bs_demo/share/cpp_bs_demo/package.ps1'
[6.442s] INFO:colcon.colcon_core.shell:Creating package descriptor '/home/teemty/B-spline-demo/install/cpp_bs_demo/share/cpp_bs_demo/package.dsv'
[6.442s] INFO:colcon.colcon_core.shell:Creating package script '/home/teemty/B-spline-demo/install/cpp_bs_demo/share/cpp_bs_demo/package.sh'
[6.442s] INFO:colcon.colcon_core.shell:Creating package script '/home/teemty/B-spline-demo/install/cpp_bs_demo/share/cpp_bs_demo/package.bash'
[6.442s] INFO:colcon.colcon_core.shell:Creating package script '/home/teemty/B-spline-demo/install/cpp_bs_demo/share/cpp_bs_demo/package.zsh'
[6.443s] Level 1:colcon.colcon_core.environment:create_file_with_runtime_dependencies(/home/teemty/B-spline-demo/install/cpp_bs_demo/share/colcon-core/packages/cpp_bs_demo)
[6.443s] DEBUG:colcon.colcon_parallel_executor.executor.parallel:closing loop
[6.443s] DEBUG:colcon.colcon_parallel_executor.executor.parallel:loop closed
[6.443s] DEBUG:colcon.colcon_parallel_executor.executor.parallel:run_until_complete finished with '0'
[6.443s] DEBUG:colcon.colcon_core.event_reactor:joining thread
[6.446s] INFO:colcon.colcon_core.plugin_system:Skipping extension 'colcon_notification.desktop_notification.terminal_notifier': Not used on non-Darwin systems
[6.446s] INFO:colcon.colcon_core.plugin_system:Skipping extension 'colcon_notification.desktop_notification.win32': Not used on non-Windows systems
[6.446s] INFO:colcon.colcon_notification.desktop_notification:Sending desktop notification using 'notify2'
[6.454s] DEBUG:colcon.colcon_core.event_reactor:joined thread
[6.455s] INFO:colcon.colcon_core.shell:Creating prefix script '/home/teemty/B-spline-demo/install/local_setup.ps1'
[6.455s] INFO:colcon.colcon_core.shell:Creating prefix util module '/home/teemty/B-spline-demo/install/_local_setup_util_ps1.py'
[6.456s] INFO:colcon.colcon_core.shell:Creating prefix chain script '/home/teemty/B-spline-demo/install/setup.ps1'
[6.457s] INFO:colcon.colcon_core.shell:Creating prefix script '/home/teemty/B-spline-demo/install/local_setup.sh'
[6.457s] INFO:colcon.colcon_core.shell:Creating prefix util module '/home/teemty/B-spline-demo/install/_local_setup_util_sh.py'
[6.457s] INFO:colcon.colcon_core.shell:Creating prefix chain script '/home/teemty/B-spline-demo/install/setup.sh'
[6.458s] INFO:colcon.colcon_core.shell:Creating prefix script '/home/teemty/B-spline-demo/install/local_setup.bash'
[6.458s] INFO:colcon.colcon_core.shell:Creating prefix chain script '/home/teemty/B-spline-demo/install/setup.bash'
[6.458s] INFO:colcon.colcon_core.shell:Creating prefix script '/home/teemty/B-spline-demo/install/local_setup.zsh'
[6.459s] INFO:colcon.colcon_core.shell:Creating prefix chain script '/home/teemty/B-spline-demo/install/setup.zsh'
