[0.015s] Invoking command in '/home/teemty/B-spline-demo/demo_ws/build/cpp_bs_demo_interfaces': CMAKE_PREFIX_PATH=${CMAKE_PREFIX_PATH}:/opt/ros/jazzy DEBUGINFOD_URLS=https://debuginfod.ubuntu.com /usr/bin/cmake /home/teemty/B-spline-demo/demo_ws/src/cpp_bs_demo_interfaces -DCMAKE_INSTALL_PREFIX=/home/teemty/B-spline-demo/demo_ws/install/cpp_bs_demo_interfaces
[0.104s] -- The C compiler identification is GNU 13.3.0
[0.192s] -- The CXX compiler identification is GNU 13.3.0
[0.221s] -- Detecting C compiler ABI info
[0.361s] -- Detecting C compiler ABI info - done
[0.375s] -- Check for working C compiler: /usr/bin/cc - skipped
[0.375s] -- Detecting C compile features
[0.376s] -- Detecting C compile features - done
[0.392s] -- Detecting CXX compiler ABI info
[0.544s] -- Detecting CXX compiler ABI info - done
[0.558s] -- Check for working CXX compiler: /usr/bin/c++ - skipped
[0.558s] -- Detecting CXX compile features
[0.559s] -- Detecting CXX compile features - done
[0.562s] -- Found ament_cmake: 2.5.4 (/opt/ros/jazzy/share/ament_cmake/cmake)
[0.797s] -- Found Python3: /usr/bin/python3 (found version "3.12.3") found components: Interpreter 
[0.945s] -- Found rosidl_default_generators: 1.6.0 (/opt/ros/jazzy/share/rosidl_default_generators/cmake)
[0.952s] -- Using all available rosidl_typesupport_c: rosidl_typesupport_fastrtps_c;rosidl_typesupport_introspection_c
[1.019s] -- Using all available rosidl_typesupport_cpp: rosidl_typesupport_fastrtps_cpp;rosidl_typesupport_introspection_cpp
[1.073s] -- Found rosidl_adapter: 4.6.5 (/opt/ros/jazzy/share/rosidl_adapter/cmake)
[1.077s] -- Found builtin_interfaces: 2.0.2 (/opt/ros/jazzy/share/builtin_interfaces/cmake)
[1.098s] -- Found geometry_msgs: 5.3.6 (/opt/ros/jazzy/share/geometry_msgs/cmake)
[2.170s] -- Found ament_cmake_ros: 0.12.0 (/opt/ros/jazzy/share/ament_cmake_ros/cmake)
[2.988s] -- Using all available rosidl_typesupport_c: rosidl_typesupport_fastrtps_c;rosidl_typesupport_introspection_c
[4.071s] -- Using all available rosidl_typesupport_cpp: rosidl_typesupport_fastrtps_cpp;rosidl_typesupport_introspection_cpp
[4.074s] -- Found python_cmake_module: 0.11.1 (/opt/ros/jazzy/share/python_cmake_module/cmake)
[4.311s] -- Found PythonExtra: /usr/bin/python3  
[5.032s] -- Found Python3: /usr/bin/python3 (found version "3.12.3") found components: Interpreter Development NumPy Development.Module Development.Embed 
[5.122s] -- Found ament_lint_auto: 0.17.2 (/opt/ros/jazzy/share/ament_lint_auto/cmake)
[5.146s] -- Added test 'lint_cmake' to check CMake code style
[5.148s] -- Added test 'xmllint' to check XML markup files
[5.151s] -- Configuring done (5.1s)
[5.201s] -- Generating done (0.0s)
[5.217s] -- Build files have been written to: /home/teemty/B-spline-demo/demo_ws/build/cpp_bs_demo_interfaces
[5.231s] Invoked command in '/home/teemty/B-spline-demo/demo_ws/build/cpp_bs_demo_interfaces' returned '0': CMAKE_PREFIX_PATH=${CMAKE_PREFIX_PATH}:/opt/ros/jazzy DEBUGINFOD_URLS=https://debuginfod.ubuntu.com /usr/bin/cmake /home/teemty/B-spline-demo/demo_ws/src/cpp_bs_demo_interfaces -DCMAKE_INSTALL_PREFIX=/home/teemty/B-spline-demo/demo_ws/install/cpp_bs_demo_interfaces
[5.232s] Invoking command in '/home/teemty/B-spline-demo/demo_ws/build/cpp_bs_demo_interfaces': CMAKE_PREFIX_PATH=${CMAKE_PREFIX_PATH}:/opt/ros/jazzy DEBUGINFOD_URLS=https://debuginfod.ubuntu.com /usr/bin/cmake --build /home/teemty/B-spline-demo/demo_ws/build/cpp_bs_demo_interfaces -- -j8 -l8
[5.314s] [  2%] [34m[1mGenerating type hashes for ROS interfaces[0m
[5.326s] [  2%] Built target ament_cmake_python_copy_cpp_bs_demo_interfaces
[5.603s] [  2%] Built target cpp_bs_demo_interfaces__rosidl_generator_type_description
[5.621s] [  5%] [34m[1mGenerating C code for ROS interfaces[0m
[5.638s] [  8%] [34m[1mGenerating C++ code for ROS interfaces[0m
[5.678s] running egg_info
[5.679s] creating cpp_bs_demo_interfaces.egg-info
[5.700s] writing cpp_bs_demo_interfaces.egg-info/PKG-INFO
[5.700s] writing dependency_links to cpp_bs_demo_interfaces.egg-info/dependency_links.txt
[5.700s] writing top-level names to cpp_bs_demo_interfaces.egg-info/top_level.txt
[5.700s] writing manifest file 'cpp_bs_demo_interfaces.egg-info/SOURCES.txt'
[5.766s] reading manifest file 'cpp_bs_demo_interfaces.egg-info/SOURCES.txt'
[5.767s] writing manifest file 'cpp_bs_demo_interfaces.egg-info/SOURCES.txt'
[5.808s] [  8%] Built target ament_cmake_python_build_cpp_bs_demo_interfaces_egg
[5.981s] [  8%] Built target cpp_bs_demo_interfaces__cpp
[6.011s] [ 14%] [32mBuilding C object CMakeFiles/cpp_bs_demo_interfaces__rosidl_generator_c.dir/rosidl_generator_c/cpp_bs_demo_interfaces/msg/detail/trajectory__type_support.c.o[0m
[6.012s] [ 14%] [32mBuilding C object CMakeFiles/cpp_bs_demo_interfaces__rosidl_generator_c.dir/rosidl_generator_c/cpp_bs_demo_interfaces/msg/detail/trajectory__description.c.o[0m
[6.013s] [ 17%] [32mBuilding C object CMakeFiles/cpp_bs_demo_interfaces__rosidl_generator_c.dir/rosidl_generator_c/cpp_bs_demo_interfaces/msg/detail/trajectory__functions.c.o[0m
[6.091s] [ 20%] [32m[1mLinking C shared library libcpp_bs_demo_interfaces__rosidl_generator_c.so[0m
[6.154s] [ 20%] Built target cpp_bs_demo_interfaces__rosidl_generator_c
[6.172s] [ 29%] [34m[1mGenerating C++ introspection for ROS interfaces[0m
[6.172s] [ 29%] [34m[1mGenerating C introspection for ROS interfaces[0m
[6.172s] [ 29%] [34m[1mGenerating C++ type support for eProsima Fast-RTPS[0m
[6.175s] [ 38%] [34m[1mGenerating C type support for eProsima Fast-RTPS[0m
[6.175s] [ 38%] [34m[1mGenerating C type support dispatch for ROS interfaces[0m
[6.175s] [ 32%] [34m[1mGenerating C++ type support dispatch for ROS interfaces[0m
[6.502s] [ 41%] [32mBuilding CXX object CMakeFiles/cpp_bs_demo_interfaces__rosidl_typesupport_cpp.dir/rosidl_typesupport_cpp/cpp_bs_demo_interfaces/msg/trajectory__type_support.cpp.o[0m
[6.516s] [ 44%] [32mBuilding CXX object CMakeFiles/cpp_bs_demo_interfaces__rosidl_typesupport_introspection_cpp.dir/rosidl_typesupport_introspection_cpp/cpp_bs_demo_interfaces/msg/detail/trajectory__type_support.cpp.o[0m
[6.555s] [ 47%] [32mBuilding CXX object CMakeFiles/cpp_bs_demo_interfaces__rosidl_typesupport_c.dir/rosidl_typesupport_c/cpp_bs_demo_interfaces/msg/trajectory__type_support.cpp.o[0m
[6.562s] [ 50%] [32mBuilding CXX object CMakeFiles/cpp_bs_demo_interfaces__rosidl_typesupport_fastrtps_c.dir/rosidl_typesupport_fastrtps_c/cpp_bs_demo_interfaces/msg/detail/trajectory__type_support_c.cpp.o[0m
[6.570s] [ 52%] [32mBuilding C object CMakeFiles/cpp_bs_demo_interfaces__rosidl_typesupport_introspection_c.dir/rosidl_typesupport_introspection_c/cpp_bs_demo_interfaces/msg/detail/trajectory__type_support.c.o[0m
[6.603s] [ 55%] [32mBuilding CXX object CMakeFiles/cpp_bs_demo_interfaces__rosidl_typesupport_fastrtps_cpp.dir/rosidl_typesupport_fastrtps_cpp/cpp_bs_demo_interfaces/msg/detail/dds_fastrtps/trajectory__type_support.cpp.o[0m
[6.628s] [ 58%] [32m[1mLinking CXX shared library libcpp_bs_demo_interfaces__rosidl_typesupport_c.so[0m
[6.647s] [ 61%] [32m[1mLinking C shared library libcpp_bs_demo_interfaces__rosidl_typesupport_introspection_c.so[0m
[6.697s] [ 61%] Built target cpp_bs_demo_interfaces__rosidl_typesupport_introspection_c
[6.697s] [ 61%] Built target cpp_bs_demo_interfaces__rosidl_typesupport_c
[6.898s] [ 64%] [32m[1mLinking CXX shared library libcpp_bs_demo_interfaces__rosidl_typesupport_cpp.so[0m
[6.962s] [ 64%] Built target cpp_bs_demo_interfaces__rosidl_typesupport_cpp
[7.009s] [ 67%] [32m[1mLinking CXX shared library libcpp_bs_demo_interfaces__rosidl_typesupport_introspection_cpp.so[0m
[7.126s] [ 67%] Built target cpp_bs_demo_interfaces__rosidl_typesupport_introspection_cpp
[7.176s] [ 70%] [32m[1mLinking CXX shared library libcpp_bs_demo_interfaces__rosidl_typesupport_fastrtps_c.so[0m
[7.253s] [ 70%] Built target cpp_bs_demo_interfaces__rosidl_typesupport_fastrtps_c
[7.377s] [ 73%] [32m[1mLinking CXX shared library libcpp_bs_demo_interfaces__rosidl_typesupport_fastrtps_cpp.so[0m
[7.503s] [ 73%] Built target cpp_bs_demo_interfaces__rosidl_typesupport_fastrtps_cpp
[7.540s] [ 73%] Built target cpp_bs_demo_interfaces
[7.576s] [ 76%] [34m[1mGenerating Python code for ROS interfaces[0m
[7.999s] [ 76%] Built target cpp_bs_demo_interfaces__py
[8.034s] [ 79%] [32mBuilding C object CMakeFiles/cpp_bs_demo_interfaces__rosidl_generator_py.dir/rosidl_generator_py/cpp_bs_demo_interfaces/msg/_trajectory_s.c.o[0m
[8.237s] [ 82%] [32m[1mLinking C shared library libcpp_bs_demo_interfaces__rosidl_generator_py.so[0m
[8.311s] [ 82%] Built target cpp_bs_demo_interfaces__rosidl_generator_py
[8.344s] [ 85%] [32mBuilding C object CMakeFiles/cpp_bs_demo_interfaces_s__rosidl_typesupport_c.dir/rosidl_generator_py/cpp_bs_demo_interfaces/_cpp_bs_demo_interfaces_s.ep.rosidl_typesupport_c.c.o[0m
[8.344s] [ 88%] [32mBuilding C object CMakeFiles/cpp_bs_demo_interfaces_s__rosidl_typesupport_fastrtps_c.dir/rosidl_generator_py/cpp_bs_demo_interfaces/_cpp_bs_demo_interfaces_s.ep.rosidl_typesupport_fastrtps_c.c.o[0m
[8.345s] [ 91%] [32mBuilding C object CMakeFiles/cpp_bs_demo_interfaces_s__rosidl_typesupport_introspection_c.dir/rosidl_generator_py/cpp_bs_demo_interfaces/_cpp_bs_demo_interfaces_s.ep.rosidl_typesupport_introspection_c.c.o[0m
[8.479s] [ 97%] [32m[1mLinking C shared module rosidl_generator_py/cpp_bs_demo_interfaces/cpp_bs_demo_interfaces_s__rosidl_typesupport_introspection_c.so[0m
[8.479s] [ 97%] [32m[1mLinking C shared module rosidl_generator_py/cpp_bs_demo_interfaces/cpp_bs_demo_interfaces_s__rosidl_typesupport_c.so[0m
[8.482s] [100%] [32m[1mLinking C shared module rosidl_generator_py/cpp_bs_demo_interfaces/cpp_bs_demo_interfaces_s__rosidl_typesupport_fastrtps_c.so[0m
[8.528s] [100%] Built target cpp_bs_demo_interfaces_s__rosidl_typesupport_c
[8.529s] [100%] Built target cpp_bs_demo_interfaces_s__rosidl_typesupport_introspection_c
[8.532s] [100%] Built target cpp_bs_demo_interfaces_s__rosidl_typesupport_fastrtps_c
[8.550s] Invoked command in '/home/teemty/B-spline-demo/demo_ws/build/cpp_bs_demo_interfaces' returned '0': CMAKE_PREFIX_PATH=${CMAKE_PREFIX_PATH}:/opt/ros/jazzy DEBUGINFOD_URLS=https://debuginfod.ubuntu.com /usr/bin/cmake --build /home/teemty/B-spline-demo/demo_ws/build/cpp_bs_demo_interfaces -- -j8 -l8
[8.552s] Invoking command in '/home/teemty/B-spline-demo/demo_ws/build/cpp_bs_demo_interfaces': CMAKE_PREFIX_PATH=${CMAKE_PREFIX_PATH}:/opt/ros/jazzy DEBUGINFOD_URLS=https://debuginfod.ubuntu.com /usr/bin/cmake --install /home/teemty/B-spline-demo/demo_ws/build/cpp_bs_demo_interfaces
[8.566s] -- Install configuration: ""
[8.567s] -- Installing: /home/teemty/B-spline-demo/demo_ws/install/cpp_bs_demo_interfaces/share/ament_index/resource_index/rosidl_interfaces/cpp_bs_demo_interfaces
[8.567s] -- Installing: /home/teemty/B-spline-demo/demo_ws/install/cpp_bs_demo_interfaces/share/cpp_bs_demo_interfaces/msg/Trajectory.json
[8.567s] -- Installing: /home/teemty/B-spline-demo/demo_ws/install/cpp_bs_demo_interfaces/include/cpp_bs_demo_interfaces/cpp_bs_demo_interfaces
[8.567s] -- Installing: /home/teemty/B-spline-demo/demo_ws/install/cpp_bs_demo_interfaces/include/cpp_bs_demo_interfaces/cpp_bs_demo_interfaces/msg
[8.568s] -- Installing: /home/teemty/B-spline-demo/demo_ws/install/cpp_bs_demo_interfaces/include/cpp_bs_demo_interfaces/cpp_bs_demo_interfaces/msg/trajectory.h
[8.568s] -- Installing: /home/teemty/B-spline-demo/demo_ws/install/cpp_bs_demo_interfaces/include/cpp_bs_demo_interfaces/cpp_bs_demo_interfaces/msg/rosidl_generator_c__visibility_control.h
[8.568s] -- Installing: /home/teemty/B-spline-demo/demo_ws/install/cpp_bs_demo_interfaces/include/cpp_bs_demo_interfaces/cpp_bs_demo_interfaces/msg/detail
[8.568s] -- Installing: /home/teemty/B-spline-demo/demo_ws/install/cpp_bs_demo_interfaces/include/cpp_bs_demo_interfaces/cpp_bs_demo_interfaces/msg/detail/trajectory__functions.h
[8.568s] -- Installing: /home/teemty/B-spline-demo/demo_ws/install/cpp_bs_demo_interfaces/include/cpp_bs_demo_interfaces/cpp_bs_demo_interfaces/msg/detail/trajectory__type_support.h
[8.568s] -- Installing: /home/teemty/B-spline-demo/demo_ws/install/cpp_bs_demo_interfaces/include/cpp_bs_demo_interfaces/cpp_bs_demo_interfaces/msg/detail/trajectory__description.c
[8.568s] -- Installing: /home/teemty/B-spline-demo/demo_ws/install/cpp_bs_demo_interfaces/include/cpp_bs_demo_interfaces/cpp_bs_demo_interfaces/msg/detail/trajectory__struct.h
[8.568s] -- Installing: /home/teemty/B-spline-demo/demo_ws/install/cpp_bs_demo_interfaces/include/cpp_bs_demo_interfaces/cpp_bs_demo_interfaces/msg/detail/trajectory__type_support.c
[8.569s] -- Installing: /home/teemty/B-spline-demo/demo_ws/install/cpp_bs_demo_interfaces/include/cpp_bs_demo_interfaces/cpp_bs_demo_interfaces/msg/detail/trajectory__functions.c
[8.569s] -- Installing: /home/teemty/B-spline-demo/demo_ws/install/cpp_bs_demo_interfaces/share/cpp_bs_demo_interfaces/environment/library_path.sh
[8.569s] -- Installing: /home/teemty/B-spline-demo/demo_ws/install/cpp_bs_demo_interfaces/share/cpp_bs_demo_interfaces/environment/library_path.dsv
[8.569s] -- Installing: /home/teemty/B-spline-demo/demo_ws/install/cpp_bs_demo_interfaces/lib/libcpp_bs_demo_interfaces__rosidl_generator_c.so
[8.569s] -- Set non-toolchain portion of runtime path of "/home/teemty/B-spline-demo/demo_ws/install/cpp_bs_demo_interfaces/lib/libcpp_bs_demo_interfaces__rosidl_generator_c.so" to ""
[8.569s] -- Up-to-date: /home/teemty/B-spline-demo/demo_ws/install/cpp_bs_demo_interfaces/include/cpp_bs_demo_interfaces/cpp_bs_demo_interfaces
[8.569s] -- Up-to-date: /home/teemty/B-spline-demo/demo_ws/install/cpp_bs_demo_interfaces/include/cpp_bs_demo_interfaces/cpp_bs_demo_interfaces/msg
[8.569s] -- Installing: /home/teemty/B-spline-demo/demo_ws/install/cpp_bs_demo_interfaces/include/cpp_bs_demo_interfaces/cpp_bs_demo_interfaces/msg/rosidl_typesupport_fastrtps_c__visibility_control.h
[8.569s] -- Up-to-date: /home/teemty/B-spline-demo/demo_ws/install/cpp_bs_demo_interfaces/include/cpp_bs_demo_interfaces/cpp_bs_demo_interfaces/msg/detail
[8.570s] -- Installing: /home/teemty/B-spline-demo/demo_ws/install/cpp_bs_demo_interfaces/include/cpp_bs_demo_interfaces/cpp_bs_demo_interfaces/msg/detail/trajectory__rosidl_typesupport_fastrtps_c.h
[8.570s] -- Installing: /home/teemty/B-spline-demo/demo_ws/install/cpp_bs_demo_interfaces/lib/libcpp_bs_demo_interfaces__rosidl_typesupport_fastrtps_c.so
[8.570s] -- Set non-toolchain portion of runtime path of "/home/teemty/B-spline-demo/demo_ws/install/cpp_bs_demo_interfaces/lib/libcpp_bs_demo_interfaces__rosidl_typesupport_fastrtps_c.so" to ""
[8.570s] -- Up-to-date: /home/teemty/B-spline-demo/demo_ws/install/cpp_bs_demo_interfaces/include/cpp_bs_demo_interfaces/cpp_bs_demo_interfaces
[8.570s] -- Up-to-date: /home/teemty/B-spline-demo/demo_ws/install/cpp_bs_demo_interfaces/include/cpp_bs_demo_interfaces/cpp_bs_demo_interfaces/msg
[8.570s] -- Installing: /home/teemty/B-spline-demo/demo_ws/install/cpp_bs_demo_interfaces/include/cpp_bs_demo_interfaces/cpp_bs_demo_interfaces/msg/rosidl_typesupport_introspection_c__visibility_control.h
[8.570s] -- Up-to-date: /home/teemty/B-spline-demo/demo_ws/install/cpp_bs_demo_interfaces/include/cpp_bs_demo_interfaces/cpp_bs_demo_interfaces/msg/detail
[8.570s] -- Installing: /home/teemty/B-spline-demo/demo_ws/install/cpp_bs_demo_interfaces/include/cpp_bs_demo_interfaces/cpp_bs_demo_interfaces/msg/detail/trajectory__rosidl_typesupport_introspection_c.h
[8.570s] -- Installing: /home/teemty/B-spline-demo/demo_ws/install/cpp_bs_demo_interfaces/include/cpp_bs_demo_interfaces/cpp_bs_demo_interfaces/msg/detail/trajectory__type_support.c
[8.571s] -- Installing: /home/teemty/B-spline-demo/demo_ws/install/cpp_bs_demo_interfaces/lib/libcpp_bs_demo_interfaces__rosidl_typesupport_introspection_c.so
[8.571s] -- Set non-toolchain portion of runtime path of "/home/teemty/B-spline-demo/demo_ws/install/cpp_bs_demo_interfaces/lib/libcpp_bs_demo_interfaces__rosidl_typesupport_introspection_c.so" to ""
[8.571s] -- Installing: /home/teemty/B-spline-demo/demo_ws/install/cpp_bs_demo_interfaces/lib/libcpp_bs_demo_interfaces__rosidl_typesupport_c.so
[8.571s] -- Set non-toolchain portion of runtime path of "/home/teemty/B-spline-demo/demo_ws/install/cpp_bs_demo_interfaces/lib/libcpp_bs_demo_interfaces__rosidl_typesupport_c.so" to ""
[8.571s] -- Up-to-date: /home/teemty/B-spline-demo/demo_ws/install/cpp_bs_demo_interfaces/include/cpp_bs_demo_interfaces/cpp_bs_demo_interfaces
[8.571s] -- Up-to-date: /home/teemty/B-spline-demo/demo_ws/install/cpp_bs_demo_interfaces/include/cpp_bs_demo_interfaces/cpp_bs_demo_interfaces/msg
[8.571s] -- Installing: /home/teemty/B-spline-demo/demo_ws/install/cpp_bs_demo_interfaces/include/cpp_bs_demo_interfaces/cpp_bs_demo_interfaces/msg/rosidl_generator_cpp__visibility_control.hpp
[8.572s] -- Installing: /home/teemty/B-spline-demo/demo_ws/install/cpp_bs_demo_interfaces/include/cpp_bs_demo_interfaces/cpp_bs_demo_interfaces/msg/trajectory.hpp
[8.572s] -- Up-to-date: /home/teemty/B-spline-demo/demo_ws/install/cpp_bs_demo_interfaces/include/cpp_bs_demo_interfaces/cpp_bs_demo_interfaces/msg/detail
[8.572s] -- Installing: /home/teemty/B-spline-demo/demo_ws/install/cpp_bs_demo_interfaces/include/cpp_bs_demo_interfaces/cpp_bs_demo_interfaces/msg/detail/trajectory__type_support.hpp
[8.572s] -- Installing: /home/teemty/B-spline-demo/demo_ws/install/cpp_bs_demo_interfaces/include/cpp_bs_demo_interfaces/cpp_bs_demo_interfaces/msg/detail/trajectory__struct.hpp
[8.572s] -- Installing: /home/teemty/B-spline-demo/demo_ws/install/cpp_bs_demo_interfaces/include/cpp_bs_demo_interfaces/cpp_bs_demo_interfaces/msg/detail/trajectory__builder.hpp
[8.572s] -- Installing: /home/teemty/B-spline-demo/demo_ws/install/cpp_bs_demo_interfaces/include/cpp_bs_demo_interfaces/cpp_bs_demo_interfaces/msg/detail/trajectory__traits.hpp
[8.572s] -- Up-to-date: /home/teemty/B-spline-demo/demo_ws/install/cpp_bs_demo_interfaces/include/cpp_bs_demo_interfaces/cpp_bs_demo_interfaces
[8.574s] -- Up-to-date: /home/teemty/B-spline-demo/demo_ws/install/cpp_bs_demo_interfaces/include/cpp_bs_demo_interfaces/cpp_bs_demo_interfaces/msg
[8.574s] -- Installing: /home/teemty/B-spline-demo/demo_ws/install/cpp_bs_demo_interfaces/include/cpp_bs_demo_interfaces/cpp_bs_demo_interfaces/msg/rosidl_typesupport_fastrtps_cpp__visibility_control.h
[8.574s] -- Up-to-date: /home/teemty/B-spline-demo/demo_ws/install/cpp_bs_demo_interfaces/include/cpp_bs_demo_interfaces/cpp_bs_demo_interfaces/msg/detail
[8.574s] -- Installing: /home/teemty/B-spline-demo/demo_ws/install/cpp_bs_demo_interfaces/include/cpp_bs_demo_interfaces/cpp_bs_demo_interfaces/msg/detail/trajectory__rosidl_typesupport_fastrtps_cpp.hpp
[8.574s] -- Installing: /home/teemty/B-spline-demo/demo_ws/install/cpp_bs_demo_interfaces/include/cpp_bs_demo_interfaces/cpp_bs_demo_interfaces/msg/detail/dds_fastrtps
[8.574s] -- Installing: /home/teemty/B-spline-demo/demo_ws/install/cpp_bs_demo_interfaces/lib/libcpp_bs_demo_interfaces__rosidl_typesupport_fastrtps_cpp.so
[8.575s] -- Set non-toolchain portion of runtime path of "/home/teemty/B-spline-demo/demo_ws/install/cpp_bs_demo_interfaces/lib/libcpp_bs_demo_interfaces__rosidl_typesupport_fastrtps_cpp.so" to ""
[8.575s] -- Up-to-date: /home/teemty/B-spline-demo/demo_ws/install/cpp_bs_demo_interfaces/include/cpp_bs_demo_interfaces/cpp_bs_demo_interfaces
[8.575s] -- Up-to-date: /home/teemty/B-spline-demo/demo_ws/install/cpp_bs_demo_interfaces/include/cpp_bs_demo_interfaces/cpp_bs_demo_interfaces/msg
[8.575s] -- Up-to-date: /home/teemty/B-spline-demo/demo_ws/install/cpp_bs_demo_interfaces/include/cpp_bs_demo_interfaces/cpp_bs_demo_interfaces/msg/detail
[8.575s] -- Installing: /home/teemty/B-spline-demo/demo_ws/install/cpp_bs_demo_interfaces/include/cpp_bs_demo_interfaces/cpp_bs_demo_interfaces/msg/detail/trajectory__rosidl_typesupport_introspection_cpp.hpp
[8.575s] -- Installing: /home/teemty/B-spline-demo/demo_ws/install/cpp_bs_demo_interfaces/include/cpp_bs_demo_interfaces/cpp_bs_demo_interfaces/msg/detail/trajectory__type_support.cpp
[8.575s] -- Installing: /home/teemty/B-spline-demo/demo_ws/install/cpp_bs_demo_interfaces/lib/libcpp_bs_demo_interfaces__rosidl_typesupport_introspection_cpp.so
[8.575s] -- Set non-toolchain portion of runtime path of "/home/teemty/B-spline-demo/demo_ws/install/cpp_bs_demo_interfaces/lib/libcpp_bs_demo_interfaces__rosidl_typesupport_introspection_cpp.so" to ""
[8.575s] -- Installing: /home/teemty/B-spline-demo/demo_ws/install/cpp_bs_demo_interfaces/lib/libcpp_bs_demo_interfaces__rosidl_typesupport_cpp.so
[8.575s] -- Set non-toolchain portion of runtime path of "/home/teemty/B-spline-demo/demo_ws/install/cpp_bs_demo_interfaces/lib/libcpp_bs_demo_interfaces__rosidl_typesupport_cpp.so" to ""
[8.575s] -- Installing: /home/teemty/B-spline-demo/demo_ws/install/cpp_bs_demo_interfaces/share/cpp_bs_demo_interfaces/environment/pythonpath.sh
[8.575s] -- Installing: /home/teemty/B-spline-demo/demo_ws/install/cpp_bs_demo_interfaces/share/cpp_bs_demo_interfaces/environment/pythonpath.dsv
[8.576s] -- Installing: /home/teemty/B-spline-demo/demo_ws/install/cpp_bs_demo_interfaces/lib/python3.12/site-packages/cpp_bs_demo_interfaces-0.0.0-py3.12.egg-info
[8.576s] -- Installing: /home/teemty/B-spline-demo/demo_ws/install/cpp_bs_demo_interfaces/lib/python3.12/site-packages/cpp_bs_demo_interfaces-0.0.0-py3.12.egg-info/top_level.txt
[8.576s] -- Installing: /home/teemty/B-spline-demo/demo_ws/install/cpp_bs_demo_interfaces/lib/python3.12/site-packages/cpp_bs_demo_interfaces-0.0.0-py3.12.egg-info/SOURCES.txt
[8.576s] -- Installing: /home/teemty/B-spline-demo/demo_ws/install/cpp_bs_demo_interfaces/lib/python3.12/site-packages/cpp_bs_demo_interfaces-0.0.0-py3.12.egg-info/dependency_links.txt
[8.576s] -- Installing: /home/teemty/B-spline-demo/demo_ws/install/cpp_bs_demo_interfaces/lib/python3.12/site-packages/cpp_bs_demo_interfaces-0.0.0-py3.12.egg-info/PKG-INFO
[8.576s] -- Installing: /home/teemty/B-spline-demo/demo_ws/install/cpp_bs_demo_interfaces/lib/python3.12/site-packages/cpp_bs_demo_interfaces
[8.577s] -- Installing: /home/teemty/B-spline-demo/demo_ws/install/cpp_bs_demo_interfaces/lib/python3.12/site-packages/cpp_bs_demo_interfaces/cpp_bs_demo_interfaces_s__rosidl_typesupport_c.so
[8.577s] -- Installing: /home/teemty/B-spline-demo/demo_ws/install/cpp_bs_demo_interfaces/lib/python3.12/site-packages/cpp_bs_demo_interfaces/_cpp_bs_demo_interfaces_s.ep.rosidl_typesupport_fastrtps_c.c
[8.577s] -- Installing: /home/teemty/B-spline-demo/demo_ws/install/cpp_bs_demo_interfaces/lib/python3.12/site-packages/cpp_bs_demo_interfaces/msg
[8.577s] -- Installing: /home/teemty/B-spline-demo/demo_ws/install/cpp_bs_demo_interfaces/lib/python3.12/site-packages/cpp_bs_demo_interfaces/msg/_trajectory.py
[8.577s] -- Installing: /home/teemty/B-spline-demo/demo_ws/install/cpp_bs_demo_interfaces/lib/python3.12/site-packages/cpp_bs_demo_interfaces/msg/_trajectory_s.c
[8.577s] -- Installing: /home/teemty/B-spline-demo/demo_ws/install/cpp_bs_demo_interfaces/lib/python3.12/site-packages/cpp_bs_demo_interfaces/msg/__init__.py
[8.577s] -- Installing: /home/teemty/B-spline-demo/demo_ws/install/cpp_bs_demo_interfaces/lib/python3.12/site-packages/cpp_bs_demo_interfaces/cpp_bs_demo_interfaces_s__rosidl_typesupport_fastrtps_c.so
[8.577s] -- Installing: /home/teemty/B-spline-demo/demo_ws/install/cpp_bs_demo_interfaces/lib/python3.12/site-packages/cpp_bs_demo_interfaces/cpp_bs_demo_interfaces_s__rosidl_typesupport_introspection_c.so
[8.577s] -- Installing: /home/teemty/B-spline-demo/demo_ws/install/cpp_bs_demo_interfaces/lib/python3.12/site-packages/cpp_bs_demo_interfaces/_cpp_bs_demo_interfaces_s.ep.rosidl_typesupport_introspection_c.c
[8.577s] -- Installing: /home/teemty/B-spline-demo/demo_ws/install/cpp_bs_demo_interfaces/lib/python3.12/site-packages/cpp_bs_demo_interfaces/__init__.py
[8.577s] -- Installing: /home/teemty/B-spline-demo/demo_ws/install/cpp_bs_demo_interfaces/lib/python3.12/site-packages/cpp_bs_demo_interfaces/_cpp_bs_demo_interfaces_s.ep.rosidl_typesupport_c.c
[8.640s] Listing '/home/teemty/B-spline-demo/demo_ws/install/cpp_bs_demo_interfaces/lib/python3.12/site-packages/cpp_bs_demo_interfaces'...
[8.640s] Compiling '/home/teemty/B-spline-demo/demo_ws/install/cpp_bs_demo_interfaces/lib/python3.12/site-packages/cpp_bs_demo_interfaces/__init__.py'...
[8.640s] Listing '/home/teemty/B-spline-demo/demo_ws/install/cpp_bs_demo_interfaces/lib/python3.12/site-packages/cpp_bs_demo_interfaces/msg'...
[8.640s] Compiling '/home/teemty/B-spline-demo/demo_ws/install/cpp_bs_demo_interfaces/lib/python3.12/site-packages/cpp_bs_demo_interfaces/msg/__init__.py'...
[8.641s] Compiling '/home/teemty/B-spline-demo/demo_ws/install/cpp_bs_demo_interfaces/lib/python3.12/site-packages/cpp_bs_demo_interfaces/msg/_trajectory.py'...
[8.648s] -- Installing: /home/teemty/B-spline-demo/demo_ws/install/cpp_bs_demo_interfaces/lib/python3.12/site-packages/cpp_bs_demo_interfaces/cpp_bs_demo_interfaces_s__rosidl_typesupport_fastrtps_c.so
[8.648s] -- Set non-toolchain portion of runtime path of "/home/teemty/B-spline-demo/demo_ws/install/cpp_bs_demo_interfaces/lib/python3.12/site-packages/cpp_bs_demo_interfaces/cpp_bs_demo_interfaces_s__rosidl_typesupport_fastrtps_c.so" to ""
[8.649s] -- Installing: /home/teemty/B-spline-demo/demo_ws/install/cpp_bs_demo_interfaces/lib/python3.12/site-packages/cpp_bs_demo_interfaces/cpp_bs_demo_interfaces_s__rosidl_typesupport_introspection_c.so
[8.649s] -- Set non-toolchain portion of runtime path of "/home/teemty/B-spline-demo/demo_ws/install/cpp_bs_demo_interfaces/lib/python3.12/site-packages/cpp_bs_demo_interfaces/cpp_bs_demo_interfaces_s__rosidl_typesupport_introspection_c.so" to ""
[8.649s] -- Installing: /home/teemty/B-spline-demo/demo_ws/install/cpp_bs_demo_interfaces/lib/python3.12/site-packages/cpp_bs_demo_interfaces/cpp_bs_demo_interfaces_s__rosidl_typesupport_c.so
[8.649s] -- Set non-toolchain portion of runtime path of "/home/teemty/B-spline-demo/demo_ws/install/cpp_bs_demo_interfaces/lib/python3.12/site-packages/cpp_bs_demo_interfaces/cpp_bs_demo_interfaces_s__rosidl_typesupport_c.so" to ""
[8.650s] -- Installing: /home/teemty/B-spline-demo/demo_ws/install/cpp_bs_demo_interfaces/lib/libcpp_bs_demo_interfaces__rosidl_generator_py.so
[8.650s] -- Set non-toolchain portion of runtime path of "/home/teemty/B-spline-demo/demo_ws/install/cpp_bs_demo_interfaces/lib/libcpp_bs_demo_interfaces__rosidl_generator_py.so" to ""
[8.650s] -- Installing: /home/teemty/B-spline-demo/demo_ws/install/cpp_bs_demo_interfaces/share/cpp_bs_demo_interfaces/msg/Trajectory.idl
[8.650s] -- Installing: /home/teemty/B-spline-demo/demo_ws/install/cpp_bs_demo_interfaces/share/cpp_bs_demo_interfaces/msg/Trajectory.msg
[8.650s] -- Installing: /home/teemty/B-spline-demo/demo_ws/install/cpp_bs_demo_interfaces/share/ament_index/resource_index/package_run_dependencies/cpp_bs_demo_interfaces
[8.650s] -- Installing: /home/teemty/B-spline-demo/demo_ws/install/cpp_bs_demo_interfaces/share/ament_index/resource_index/parent_prefix_path/cpp_bs_demo_interfaces
[8.651s] -- Installing: /home/teemty/B-spline-demo/demo_ws/install/cpp_bs_demo_interfaces/share/cpp_bs_demo_interfaces/environment/ament_prefix_path.sh
[8.651s] -- Installing: /home/teemty/B-spline-demo/demo_ws/install/cpp_bs_demo_interfaces/share/cpp_bs_demo_interfaces/environment/ament_prefix_path.dsv
[8.651s] -- Installing: /home/teemty/B-spline-demo/demo_ws/install/cpp_bs_demo_interfaces/share/cpp_bs_demo_interfaces/environment/path.sh
[8.651s] -- Installing: /home/teemty/B-spline-demo/demo_ws/install/cpp_bs_demo_interfaces/share/cpp_bs_demo_interfaces/environment/path.dsv
[8.651s] -- Installing: /home/teemty/B-spline-demo/demo_ws/install/cpp_bs_demo_interfaces/share/cpp_bs_demo_interfaces/local_setup.bash
[8.651s] -- Installing: /home/teemty/B-spline-demo/demo_ws/install/cpp_bs_demo_interfaces/share/cpp_bs_demo_interfaces/local_setup.sh
[8.651s] -- Installing: /home/teemty/B-spline-demo/demo_ws/install/cpp_bs_demo_interfaces/share/cpp_bs_demo_interfaces/local_setup.zsh
[8.651s] -- Installing: /home/teemty/B-spline-demo/demo_ws/install/cpp_bs_demo_interfaces/share/cpp_bs_demo_interfaces/local_setup.dsv
[8.651s] -- Installing: /home/teemty/B-spline-demo/demo_ws/install/cpp_bs_demo_interfaces/share/cpp_bs_demo_interfaces/package.dsv
[8.651s] -- Installing: /home/teemty/B-spline-demo/demo_ws/install/cpp_bs_demo_interfaces/share/ament_index/resource_index/packages/cpp_bs_demo_interfaces
[8.651s] -- Installing: /home/teemty/B-spline-demo/demo_ws/install/cpp_bs_demo_interfaces/share/cpp_bs_demo_interfaces/cmake/export_cpp_bs_demo_interfaces__rosidl_generator_cExport.cmake
[8.651s] -- Installing: /home/teemty/B-spline-demo/demo_ws/install/cpp_bs_demo_interfaces/share/cpp_bs_demo_interfaces/cmake/export_cpp_bs_demo_interfaces__rosidl_generator_cExport-noconfig.cmake
[8.651s] -- Installing: /home/teemty/B-spline-demo/demo_ws/install/cpp_bs_demo_interfaces/share/cpp_bs_demo_interfaces/cmake/export_cpp_bs_demo_interfaces__rosidl_typesupport_fastrtps_cExport.cmake
[8.652s] -- Installing: /home/teemty/B-spline-demo/demo_ws/install/cpp_bs_demo_interfaces/share/cpp_bs_demo_interfaces/cmake/export_cpp_bs_demo_interfaces__rosidl_typesupport_fastrtps_cExport-noconfig.cmake
[8.652s] -- Installing: /home/teemty/B-spline-demo/demo_ws/install/cpp_bs_demo_interfaces/share/cpp_bs_demo_interfaces/cmake/cpp_bs_demo_interfaces__rosidl_typesupport_introspection_cExport.cmake
[8.652s] -- Installing: /home/teemty/B-spline-demo/demo_ws/install/cpp_bs_demo_interfaces/share/cpp_bs_demo_interfaces/cmake/cpp_bs_demo_interfaces__rosidl_typesupport_introspection_cExport-noconfig.cmake
[8.652s] -- Installing: /home/teemty/B-spline-demo/demo_ws/install/cpp_bs_demo_interfaces/share/cpp_bs_demo_interfaces/cmake/cpp_bs_demo_interfaces__rosidl_typesupport_cExport.cmake
[8.652s] -- Installing: /home/teemty/B-spline-demo/demo_ws/install/cpp_bs_demo_interfaces/share/cpp_bs_demo_interfaces/cmake/cpp_bs_demo_interfaces__rosidl_typesupport_cExport-noconfig.cmake
[8.652s] -- Installing: /home/teemty/B-spline-demo/demo_ws/install/cpp_bs_demo_interfaces/share/cpp_bs_demo_interfaces/cmake/export_cpp_bs_demo_interfaces__rosidl_generator_cppExport.cmake
[8.653s] -- Installing: /home/teemty/B-spline-demo/demo_ws/install/cpp_bs_demo_interfaces/share/cpp_bs_demo_interfaces/cmake/export_cpp_bs_demo_interfaces__rosidl_typesupport_fastrtps_cppExport.cmake
[8.653s] -- Installing: /home/teemty/B-spline-demo/demo_ws/install/cpp_bs_demo_interfaces/share/cpp_bs_demo_interfaces/cmake/export_cpp_bs_demo_interfaces__rosidl_typesupport_fastrtps_cppExport-noconfig.cmake
[8.653s] -- Installing: /home/teemty/B-spline-demo/demo_ws/install/cpp_bs_demo_interfaces/share/cpp_bs_demo_interfaces/cmake/cpp_bs_demo_interfaces__rosidl_typesupport_introspection_cppExport.cmake
[8.653s] -- Installing: /home/teemty/B-spline-demo/demo_ws/install/cpp_bs_demo_interfaces/share/cpp_bs_demo_interfaces/cmake/cpp_bs_demo_interfaces__rosidl_typesupport_introspection_cppExport-noconfig.cmake
[8.653s] -- Installing: /home/teemty/B-spline-demo/demo_ws/install/cpp_bs_demo_interfaces/share/cpp_bs_demo_interfaces/cmake/cpp_bs_demo_interfaces__rosidl_typesupport_cppExport.cmake
[8.653s] -- Installing: /home/teemty/B-spline-demo/demo_ws/install/cpp_bs_demo_interfaces/share/cpp_bs_demo_interfaces/cmake/cpp_bs_demo_interfaces__rosidl_typesupport_cppExport-noconfig.cmake
[8.653s] -- Installing: /home/teemty/B-spline-demo/demo_ws/install/cpp_bs_demo_interfaces/share/cpp_bs_demo_interfaces/cmake/export_cpp_bs_demo_interfaces__rosidl_generator_pyExport.cmake
[8.653s] -- Installing: /home/teemty/B-spline-demo/demo_ws/install/cpp_bs_demo_interfaces/share/cpp_bs_demo_interfaces/cmake/export_cpp_bs_demo_interfaces__rosidl_generator_pyExport-noconfig.cmake
[8.653s] -- Installing: /home/teemty/B-spline-demo/demo_ws/install/cpp_bs_demo_interfaces/share/cpp_bs_demo_interfaces/cmake/rosidl_cmake-extras.cmake
[8.653s] -- Installing: /home/teemty/B-spline-demo/demo_ws/install/cpp_bs_demo_interfaces/share/cpp_bs_demo_interfaces/cmake/ament_cmake_export_dependencies-extras.cmake
[8.654s] -- Installing: /home/teemty/B-spline-demo/demo_ws/install/cpp_bs_demo_interfaces/share/cpp_bs_demo_interfaces/cmake/ament_cmake_export_include_directories-extras.cmake
[8.654s] -- Installing: /home/teemty/B-spline-demo/demo_ws/install/cpp_bs_demo_interfaces/share/cpp_bs_demo_interfaces/cmake/ament_cmake_export_libraries-extras.cmake
[8.654s] -- Installing: /home/teemty/B-spline-demo/demo_ws/install/cpp_bs_demo_interfaces/share/cpp_bs_demo_interfaces/cmake/ament_cmake_export_targets-extras.cmake
[8.654s] -- Installing: /home/teemty/B-spline-demo/demo_ws/install/cpp_bs_demo_interfaces/share/cpp_bs_demo_interfaces/cmake/rosidl_cmake_export_typesupport_targets-extras.cmake
[8.654s] -- Installing: /home/teemty/B-spline-demo/demo_ws/install/cpp_bs_demo_interfaces/share/cpp_bs_demo_interfaces/cmake/rosidl_cmake_export_typesupport_libraries-extras.cmake
[8.654s] -- Installing: /home/teemty/B-spline-demo/demo_ws/install/cpp_bs_demo_interfaces/share/cpp_bs_demo_interfaces/cmake/cpp_bs_demo_interfacesConfig.cmake
[8.654s] -- Installing: /home/teemty/B-spline-demo/demo_ws/install/cpp_bs_demo_interfaces/share/cpp_bs_demo_interfaces/cmake/cpp_bs_demo_interfacesConfig-version.cmake
[8.654s] -- Installing: /home/teemty/B-spline-demo/demo_ws/install/cpp_bs_demo_interfaces/share/cpp_bs_demo_interfaces/package.xml
[8.657s] Invoked command in '/home/teemty/B-spline-demo/demo_ws/build/cpp_bs_demo_interfaces' returned '0': CMAKE_PREFIX_PATH=${CMAKE_PREFIX_PATH}:/opt/ros/jazzy DEBUGINFOD_URLS=https://debuginfod.ubuntu.com /usr/bin/cmake --install /home/teemty/B-spline-demo/demo_ws/build/cpp_bs_demo_interfaces
