[0.005s] Invoking command in '/home/teemty/B-spline-demo/build/cpp_bs_demo_interfaces': CMAKE_PREFIX_PATH=${CMAKE_PREFIX_PATH}:/opt/ros/jazzy DEBUGINFOD_URLS=https://debuginfod.ubuntu.com /usr/bin/cmake /home/teemty/B-spline-demo/demo_ws/src/cpp_bs_demo_interfaces -DCMAKE_INSTALL_PREFIX=/home/teemty/B-spline-demo/install/cpp_bs_demo_interfaces
[0.050s] -- The C compiler identification is GNU 13.3.0
[0.096s] -- The CXX compiler identification is GNU 13.3.0
[0.108s] -- Detecting C compiler ABI info
[0.216s] -- Detecting C compiler ABI info - done
[0.227s] -- Check for working C compiler: /usr/bin/cc - skipped
[0.228s] -- Detecting C compile features
[0.228s] -- Detecting C compile features - done
[0.238s] -- Detecting CXX compiler ABI info
[0.345s] -- Detecting CXX compiler ABI info - done
[0.351s] -- Check for working CXX compiler: /usr/bin/c++ - skipped
[0.351s] -- Detecting CXX compile features
[0.352s] -- Detecting CXX compile features - done
[0.356s] -- Found ament_cmake: 2.5.4 (/opt/ros/jazzy/share/ament_cmake/cmake)
[0.458s] -- Found Python3: /usr/bin/python3 (found version "3.12.3") found components: Interpreter 
[0.530s] -- Found rosidl_default_generators: 1.6.0 (/opt/ros/jazzy/share/rosidl_default_generators/cmake)
[0.536s] -- Using all available rosidl_typesupport_c: rosidl_typesupport_fastrtps_c;rosidl_typesupport_introspection_c
[0.560s] -- Using all available rosidl_typesupport_cpp: rosidl_typesupport_fastrtps_cpp;rosidl_typesupport_introspection_cpp
[0.580s] -- Found rosidl_adapter: 4.6.5 (/opt/ros/jazzy/share/rosidl_adapter/cmake)
[0.582s] -- Found builtin_interfaces: 2.0.2 (/opt/ros/jazzy/share/builtin_interfaces/cmake)
[0.589s] -- Found geometry_msgs: 5.3.6 (/opt/ros/jazzy/share/geometry_msgs/cmake)
[1.127s] -- Found ament_cmake_ros: 0.12.0 (/opt/ros/jazzy/share/ament_cmake_ros/cmake)
[1.515s] -- Using all available rosidl_typesupport_c: rosidl_typesupport_fastrtps_c;rosidl_typesupport_introspection_c
[2.058s] -- Using all available rosidl_typesupport_cpp: rosidl_typesupport_fastrtps_cpp;rosidl_typesupport_introspection_cpp
[2.060s] -- Found python_cmake_module: 0.11.1 (/opt/ros/jazzy/share/python_cmake_module/cmake)
[2.159s] -- Found PythonExtra: /usr/bin/python3  
[2.501s] -- Found Python3: /usr/bin/python3 (found version "3.12.3") found components: Interpreter Development NumPy Development.Module Development.Embed 
[2.534s] -- Found ament_lint_auto: 0.17.2 (/opt/ros/jazzy/share/ament_lint_auto/cmake)
[2.542s] -- Added test 'lint_cmake' to check CMake code style
[2.543s] -- Added test 'xmllint' to check XML markup files
[2.544s] -- Configuring done (2.5s)
[2.561s] -- Generating done (0.0s)
[2.566s] -- Build files have been written to: /home/teemty/B-spline-demo/build/cpp_bs_demo_interfaces
[2.572s] Invoked command in '/home/teemty/B-spline-demo/build/cpp_bs_demo_interfaces' returned '0': CMAKE_PREFIX_PATH=${CMAKE_PREFIX_PATH}:/opt/ros/jazzy DEBUGINFOD_URLS=https://debuginfod.ubuntu.com /usr/bin/cmake /home/teemty/B-spline-demo/demo_ws/src/cpp_bs_demo_interfaces -DCMAKE_INSTALL_PREFIX=/home/teemty/B-spline-demo/install/cpp_bs_demo_interfaces
[2.572s] Invoking command in '/home/teemty/B-spline-demo/build/cpp_bs_demo_interfaces': CMAKE_PREFIX_PATH=${CMAKE_PREFIX_PATH}:/opt/ros/jazzy DEBUGINFOD_URLS=https://debuginfod.ubuntu.com /usr/bin/cmake --build /home/teemty/B-spline-demo/build/cpp_bs_demo_interfaces -- -j8 -l8
[2.604s] [  2%] [34m[1mGenerating type hashes for ROS interfaces[0m
[2.614s] [  2%] Built target ament_cmake_python_copy_cpp_bs_demo_interfaces
[2.717s] [  2%] Built target cpp_bs_demo_interfaces__rosidl_generator_type_description
[2.723s] [  5%] [34m[1mGenerating C code for ROS interfaces[0m
[2.731s] [  8%] [34m[1mGenerating C++ code for ROS interfaces[0m
[2.733s] running egg_info
[2.733s] creating cpp_bs_demo_interfaces.egg-info
[2.741s] writing cpp_bs_demo_interfaces.egg-info/PKG-INFO
[2.741s] writing dependency_links to cpp_bs_demo_interfaces.egg-info/dependency_links.txt
[2.742s] writing top-level names to cpp_bs_demo_interfaces.egg-info/top_level.txt
[2.742s] writing manifest file 'cpp_bs_demo_interfaces.egg-info/SOURCES.txt'
[2.770s] reading manifest file 'cpp_bs_demo_interfaces.egg-info/SOURCES.txt'
[2.770s] writing manifest file 'cpp_bs_demo_interfaces.egg-info/SOURCES.txt'
[2.786s] [  8%] Built target ament_cmake_python_build_cpp_bs_demo_interfaces_egg
[2.872s] [ 11%] [32mBuilding C object CMakeFiles/cpp_bs_demo_interfaces__rosidl_generator_c.dir/rosidl_generator_c/cpp_bs_demo_interfaces/msg/detail/trajectory__type_support.c.o[0m
[2.873s] [ 14%] [32mBuilding C object CMakeFiles/cpp_bs_demo_interfaces__rosidl_generator_c.dir/rosidl_generator_c/cpp_bs_demo_interfaces/msg/detail/trajectory__description.c.o[0m
[2.873s] [ 17%] [32mBuilding C object CMakeFiles/cpp_bs_demo_interfaces__rosidl_generator_c.dir/rosidl_generator_c/cpp_bs_demo_interfaces/msg/detail/trajectory__functions.c.o[0m
[2.878s] [ 17%] Built target cpp_bs_demo_interfaces__cpp
[2.910s] [ 20%] [32m[1mLinking C shared library libcpp_bs_demo_interfaces__rosidl_generator_c.so[0m
[2.943s] [ 20%] Built target cpp_bs_demo_interfaces__rosidl_generator_c
[2.953s] [ 23%] [34m[1mGenerating C type support for eProsima Fast-RTPS[0m
[2.953s] [ 26%] [34m[1mGenerating C++ introspection for ROS interfaces[0m
[2.953s] [ 29%] [34m[1mGenerating C introspection for ROS interfaces[0m
[2.954s] [ 32%] [34m[1mGenerating C++ type support for eProsima Fast-RTPS[0m
[2.955s] [ 35%] [34m[1mGenerating C++ type support dispatch for ROS interfaces[0m
[2.956s] [ 38%] [34m[1mGenerating C type support dispatch for ROS interfaces[0m
[3.096s] [ 41%] [32mBuilding CXX object CMakeFiles/cpp_bs_demo_interfaces__rosidl_typesupport_c.dir/rosidl_typesupport_c/cpp_bs_demo_interfaces/msg/trajectory__type_support.cpp.o[0m
[3.106s] [ 44%] [32mBuilding CXX object CMakeFiles/cpp_bs_demo_interfaces__rosidl_typesupport_introspection_cpp.dir/rosidl_typesupport_introspection_cpp/cpp_bs_demo_interfaces/msg/detail/trajectory__type_support.cpp.o[0m
[3.113s] [ 47%] [32mBuilding C object CMakeFiles/cpp_bs_demo_interfaces__rosidl_typesupport_introspection_c.dir/rosidl_typesupport_introspection_c/cpp_bs_demo_interfaces/msg/detail/trajectory__type_support.c.o[0m
[3.120s] [ 50%] [32mBuilding CXX object CMakeFiles/cpp_bs_demo_interfaces__rosidl_typesupport_fastrtps_cpp.dir/rosidl_typesupport_fastrtps_cpp/cpp_bs_demo_interfaces/msg/detail/dds_fastrtps/trajectory__type_support.cpp.o[0m
[3.123s] [ 52%] [32m[1mLinking CXX shared library libcpp_bs_demo_interfaces__rosidl_typesupport_c.so[0m
[3.124s] [ 55%] [32mBuilding CXX object CMakeFiles/cpp_bs_demo_interfaces__rosidl_typesupport_cpp.dir/rosidl_typesupport_cpp/cpp_bs_demo_interfaces/msg/trajectory__type_support.cpp.o[0m
[3.148s] [ 58%] [32m[1mLinking C shared library libcpp_bs_demo_interfaces__rosidl_typesupport_introspection_c.so[0m
[3.153s] [ 58%] Built target cpp_bs_demo_interfaces__rosidl_typesupport_c
[3.156s] [ 61%] [32mBuilding CXX object CMakeFiles/cpp_bs_demo_interfaces__rosidl_typesupport_fastrtps_c.dir/rosidl_typesupport_fastrtps_c/cpp_bs_demo_interfaces/msg/detail/trajectory__type_support_c.cpp.o[0m
[3.175s] [ 61%] Built target cpp_bs_demo_interfaces__rosidl_typesupport_introspection_c
[3.279s] [ 64%] [32m[1mLinking CXX shared library libcpp_bs_demo_interfaces__rosidl_typesupport_cpp.so[0m
[3.302s] [ 67%] [32m[1mLinking CXX shared library libcpp_bs_demo_interfaces__rosidl_typesupport_introspection_cpp.so[0m
[3.306s] [ 67%] Built target cpp_bs_demo_interfaces__rosidl_typesupport_cpp
[3.354s] [ 67%] Built target cpp_bs_demo_interfaces__rosidl_typesupport_introspection_cpp
[3.401s] [ 70%] [32m[1mLinking CXX shared library libcpp_bs_demo_interfaces__rosidl_typesupport_fastrtps_c.so[0m
[3.409s] [ 73%] [32m[1mLinking CXX shared library libcpp_bs_demo_interfaces__rosidl_typesupport_fastrtps_cpp.so[0m
[3.437s] [ 73%] Built target cpp_bs_demo_interfaces__rosidl_typesupport_fastrtps_c
[3.457s] [ 73%] Built target cpp_bs_demo_interfaces__rosidl_typesupport_fastrtps_cpp
[3.473s] [ 73%] Built target cpp_bs_demo_interfaces
[3.487s] [ 76%] [34m[1mGenerating Python code for ROS interfaces[0m
[3.652s] [ 76%] Built target cpp_bs_demo_interfaces__py
[3.669s] [ 79%] [32mBuilding C object CMakeFiles/cpp_bs_demo_interfaces__rosidl_generator_py.dir/rosidl_generator_py/cpp_bs_demo_interfaces/msg/_trajectory_s.c.o[0m
[3.756s] [ 82%] [32m[1mLinking C shared library libcpp_bs_demo_interfaces__rosidl_generator_py.so[0m
[3.791s] [ 82%] Built target cpp_bs_demo_interfaces__rosidl_generator_py
[3.806s] [ 88%] [32mBuilding C object CMakeFiles/cpp_bs_demo_interfaces_s__rosidl_typesupport_fastrtps_c.dir/rosidl_generator_py/cpp_bs_demo_interfaces/_cpp_bs_demo_interfaces_s.ep.rosidl_typesupport_fastrtps_c.c.o[0m
[3.806s] [ 88%] [32mBuilding C object CMakeFiles/cpp_bs_demo_interfaces_s__rosidl_typesupport_introspection_c.dir/rosidl_generator_py/cpp_bs_demo_interfaces/_cpp_bs_demo_interfaces_s.ep.rosidl_typesupport_introspection_c.c.o[0m
[3.808s] [ 91%] [32mBuilding C object CMakeFiles/cpp_bs_demo_interfaces_s__rosidl_typesupport_c.dir/rosidl_generator_py/cpp_bs_demo_interfaces/_cpp_bs_demo_interfaces_s.ep.rosidl_typesupport_c.c.o[0m
[3.859s] [ 94%] [32m[1mLinking C shared module rosidl_generator_py/cpp_bs_demo_interfaces/cpp_bs_demo_interfaces_s__rosidl_typesupport_c.so[0m
[3.860s] [ 97%] [32m[1mLinking C shared module rosidl_generator_py/cpp_bs_demo_interfaces/cpp_bs_demo_interfaces_s__rosidl_typesupport_fastrtps_c.so[0m
[3.864s] [100%] [32m[1mLinking C shared module rosidl_generator_py/cpp_bs_demo_interfaces/cpp_bs_demo_interfaces_s__rosidl_typesupport_introspection_c.so[0m
[3.879s] [100%] Built target cpp_bs_demo_interfaces_s__rosidl_typesupport_fastrtps_c
[3.881s] [100%] Built target cpp_bs_demo_interfaces_s__rosidl_typesupport_c
[3.883s] [100%] Built target cpp_bs_demo_interfaces_s__rosidl_typesupport_introspection_c
[3.889s] Invoked command in '/home/teemty/B-spline-demo/build/cpp_bs_demo_interfaces' returned '0': CMAKE_PREFIX_PATH=${CMAKE_PREFIX_PATH}:/opt/ros/jazzy DEBUGINFOD_URLS=https://debuginfod.ubuntu.com /usr/bin/cmake --build /home/teemty/B-spline-demo/build/cpp_bs_demo_interfaces -- -j8 -l8
[3.895s] Invoking command in '/home/teemty/B-spline-demo/build/cpp_bs_demo_interfaces': CMAKE_PREFIX_PATH=${CMAKE_PREFIX_PATH}:/opt/ros/jazzy DEBUGINFOD_URLS=https://debuginfod.ubuntu.com /usr/bin/cmake --install /home/teemty/B-spline-demo/build/cpp_bs_demo_interfaces
[3.900s] -- Install configuration: ""
[3.900s] -- Installing: /home/teemty/B-spline-demo/install/cpp_bs_demo_interfaces/share/ament_index/resource_index/rosidl_interfaces/cpp_bs_demo_interfaces
[3.900s] -- Installing: /home/teemty/B-spline-demo/install/cpp_bs_demo_interfaces/share/cpp_bs_demo_interfaces/msg/Trajectory.json
[3.900s] -- Installing: /home/teemty/B-spline-demo/install/cpp_bs_demo_interfaces/include/cpp_bs_demo_interfaces/cpp_bs_demo_interfaces
[3.900s] -- Installing: /home/teemty/B-spline-demo/install/cpp_bs_demo_interfaces/include/cpp_bs_demo_interfaces/cpp_bs_demo_interfaces/msg
[3.900s] -- Installing: /home/teemty/B-spline-demo/install/cpp_bs_demo_interfaces/include/cpp_bs_demo_interfaces/cpp_bs_demo_interfaces/msg/trajectory.h
[3.900s] -- Installing: /home/teemty/B-spline-demo/install/cpp_bs_demo_interfaces/include/cpp_bs_demo_interfaces/cpp_bs_demo_interfaces/msg/rosidl_generator_c__visibility_control.h
[3.900s] -- Installing: /home/teemty/B-spline-demo/install/cpp_bs_demo_interfaces/include/cpp_bs_demo_interfaces/cpp_bs_demo_interfaces/msg/detail
[3.900s] -- Installing: /home/teemty/B-spline-demo/install/cpp_bs_demo_interfaces/include/cpp_bs_demo_interfaces/cpp_bs_demo_interfaces/msg/detail/trajectory__functions.h
[3.900s] -- Installing: /home/teemty/B-spline-demo/install/cpp_bs_demo_interfaces/include/cpp_bs_demo_interfaces/cpp_bs_demo_interfaces/msg/detail/trajectory__type_support.h
[3.900s] -- Installing: /home/teemty/B-spline-demo/install/cpp_bs_demo_interfaces/include/cpp_bs_demo_interfaces/cpp_bs_demo_interfaces/msg/detail/trajectory__description.c
[3.900s] -- Installing: /home/teemty/B-spline-demo/install/cpp_bs_demo_interfaces/include/cpp_bs_demo_interfaces/cpp_bs_demo_interfaces/msg/detail/trajectory__struct.h
[3.900s] -- Installing: /home/teemty/B-spline-demo/install/cpp_bs_demo_interfaces/include/cpp_bs_demo_interfaces/cpp_bs_demo_interfaces/msg/detail/trajectory__type_support.c
[3.900s] -- Installing: /home/teemty/B-spline-demo/install/cpp_bs_demo_interfaces/include/cpp_bs_demo_interfaces/cpp_bs_demo_interfaces/msg/detail/trajectory__functions.c
[3.900s] -- Installing: /home/teemty/B-spline-demo/install/cpp_bs_demo_interfaces/share/cpp_bs_demo_interfaces/environment/library_path.sh
[3.900s] -- Installing: /home/teemty/B-spline-demo/install/cpp_bs_demo_interfaces/share/cpp_bs_demo_interfaces/environment/library_path.dsv
[3.900s] -- Installing: /home/teemty/B-spline-demo/install/cpp_bs_demo_interfaces/lib/libcpp_bs_demo_interfaces__rosidl_generator_c.so
[3.900s] -- Set non-toolchain portion of runtime path of "/home/teemty/B-spline-demo/install/cpp_bs_demo_interfaces/lib/libcpp_bs_demo_interfaces__rosidl_generator_c.so" to ""
[3.901s] -- Up-to-date: /home/teemty/B-spline-demo/install/cpp_bs_demo_interfaces/include/cpp_bs_demo_interfaces/cpp_bs_demo_interfaces
[3.901s] -- Up-to-date: /home/teemty/B-spline-demo/install/cpp_bs_demo_interfaces/include/cpp_bs_demo_interfaces/cpp_bs_demo_interfaces/msg
[3.901s] -- Installing: /home/teemty/B-spline-demo/install/cpp_bs_demo_interfaces/include/cpp_bs_demo_interfaces/cpp_bs_demo_interfaces/msg/rosidl_typesupport_fastrtps_c__visibility_control.h
[3.901s] -- Up-to-date: /home/teemty/B-spline-demo/install/cpp_bs_demo_interfaces/include/cpp_bs_demo_interfaces/cpp_bs_demo_interfaces/msg/detail
[3.901s] -- Installing: /home/teemty/B-spline-demo/install/cpp_bs_demo_interfaces/include/cpp_bs_demo_interfaces/cpp_bs_demo_interfaces/msg/detail/trajectory__rosidl_typesupport_fastrtps_c.h
[3.901s] -- Installing: /home/teemty/B-spline-demo/install/cpp_bs_demo_interfaces/lib/libcpp_bs_demo_interfaces__rosidl_typesupport_fastrtps_c.so
[3.901s] -- Set non-toolchain portion of runtime path of "/home/teemty/B-spline-demo/install/cpp_bs_demo_interfaces/lib/libcpp_bs_demo_interfaces__rosidl_typesupport_fastrtps_c.so" to ""
[3.901s] -- Up-to-date: /home/teemty/B-spline-demo/install/cpp_bs_demo_interfaces/include/cpp_bs_demo_interfaces/cpp_bs_demo_interfaces
[3.901s] -- Up-to-date: /home/teemty/B-spline-demo/install/cpp_bs_demo_interfaces/include/cpp_bs_demo_interfaces/cpp_bs_demo_interfaces/msg
[3.901s] -- Installing: /home/teemty/B-spline-demo/install/cpp_bs_demo_interfaces/include/cpp_bs_demo_interfaces/cpp_bs_demo_interfaces/msg/rosidl_typesupport_introspection_c__visibility_control.h
[3.901s] -- Up-to-date: /home/teemty/B-spline-demo/install/cpp_bs_demo_interfaces/include/cpp_bs_demo_interfaces/cpp_bs_demo_interfaces/msg/detail
[3.901s] -- Installing: /home/teemty/B-spline-demo/install/cpp_bs_demo_interfaces/include/cpp_bs_demo_interfaces/cpp_bs_demo_interfaces/msg/detail/trajectory__rosidl_typesupport_introspection_c.h
[3.901s] -- Up-to-date: /home/teemty/B-spline-demo/install/cpp_bs_demo_interfaces/include/cpp_bs_demo_interfaces/cpp_bs_demo_interfaces/msg/detail/trajectory__type_support.c
[3.901s] -- Installing: /home/teemty/B-spline-demo/install/cpp_bs_demo_interfaces/lib/libcpp_bs_demo_interfaces__rosidl_typesupport_introspection_c.so
[3.901s] -- Set non-toolchain portion of runtime path of "/home/teemty/B-spline-demo/install/cpp_bs_demo_interfaces/lib/libcpp_bs_demo_interfaces__rosidl_typesupport_introspection_c.so" to ""
[3.901s] -- Installing: /home/teemty/B-spline-demo/install/cpp_bs_demo_interfaces/lib/libcpp_bs_demo_interfaces__rosidl_typesupport_c.so
[3.901s] -- Set non-toolchain portion of runtime path of "/home/teemty/B-spline-demo/install/cpp_bs_demo_interfaces/lib/libcpp_bs_demo_interfaces__rosidl_typesupport_c.so" to ""
[3.901s] -- Up-to-date: /home/teemty/B-spline-demo/install/cpp_bs_demo_interfaces/include/cpp_bs_demo_interfaces/cpp_bs_demo_interfaces
[3.901s] -- Up-to-date: /home/teemty/B-spline-demo/install/cpp_bs_demo_interfaces/include/cpp_bs_demo_interfaces/cpp_bs_demo_interfaces/msg
[3.901s] -- Installing: /home/teemty/B-spline-demo/install/cpp_bs_demo_interfaces/include/cpp_bs_demo_interfaces/cpp_bs_demo_interfaces/msg/rosidl_generator_cpp__visibility_control.hpp
[3.901s] -- Installing: /home/teemty/B-spline-demo/install/cpp_bs_demo_interfaces/include/cpp_bs_demo_interfaces/cpp_bs_demo_interfaces/msg/trajectory.hpp
[3.901s] -- Up-to-date: /home/teemty/B-spline-demo/install/cpp_bs_demo_interfaces/include/cpp_bs_demo_interfaces/cpp_bs_demo_interfaces/msg/detail
[3.902s] -- Installing: /home/teemty/B-spline-demo/install/cpp_bs_demo_interfaces/include/cpp_bs_demo_interfaces/cpp_bs_demo_interfaces/msg/detail/trajectory__type_support.hpp
[3.902s] -- Installing: /home/teemty/B-spline-demo/install/cpp_bs_demo_interfaces/include/cpp_bs_demo_interfaces/cpp_bs_demo_interfaces/msg/detail/trajectory__struct.hpp
[3.902s] -- Installing: /home/teemty/B-spline-demo/install/cpp_bs_demo_interfaces/include/cpp_bs_demo_interfaces/cpp_bs_demo_interfaces/msg/detail/trajectory__builder.hpp
[3.902s] -- Installing: /home/teemty/B-spline-demo/install/cpp_bs_demo_interfaces/include/cpp_bs_demo_interfaces/cpp_bs_demo_interfaces/msg/detail/trajectory__traits.hpp
[3.902s] -- Up-to-date: /home/teemty/B-spline-demo/install/cpp_bs_demo_interfaces/include/cpp_bs_demo_interfaces/cpp_bs_demo_interfaces
[3.902s] -- Up-to-date: /home/teemty/B-spline-demo/install/cpp_bs_demo_interfaces/include/cpp_bs_demo_interfaces/cpp_bs_demo_interfaces/msg
[3.902s] -- Installing: /home/teemty/B-spline-demo/install/cpp_bs_demo_interfaces/include/cpp_bs_demo_interfaces/cpp_bs_demo_interfaces/msg/rosidl_typesupport_fastrtps_cpp__visibility_control.h
[3.902s] -- Up-to-date: /home/teemty/B-spline-demo/install/cpp_bs_demo_interfaces/include/cpp_bs_demo_interfaces/cpp_bs_demo_interfaces/msg/detail
[3.902s] -- Installing: /home/teemty/B-spline-demo/install/cpp_bs_demo_interfaces/include/cpp_bs_demo_interfaces/cpp_bs_demo_interfaces/msg/detail/trajectory__rosidl_typesupport_fastrtps_cpp.hpp
[3.902s] -- Installing: /home/teemty/B-spline-demo/install/cpp_bs_demo_interfaces/include/cpp_bs_demo_interfaces/cpp_bs_demo_interfaces/msg/detail/dds_fastrtps
[3.902s] -- Installing: /home/teemty/B-spline-demo/install/cpp_bs_demo_interfaces/lib/libcpp_bs_demo_interfaces__rosidl_typesupport_fastrtps_cpp.so
[3.902s] -- Set non-toolchain portion of runtime path of "/home/teemty/B-spline-demo/install/cpp_bs_demo_interfaces/lib/libcpp_bs_demo_interfaces__rosidl_typesupport_fastrtps_cpp.so" to ""
[3.902s] -- Up-to-date: /home/teemty/B-spline-demo/install/cpp_bs_demo_interfaces/include/cpp_bs_demo_interfaces/cpp_bs_demo_interfaces
[3.902s] -- Up-to-date: /home/teemty/B-spline-demo/install/cpp_bs_demo_interfaces/include/cpp_bs_demo_interfaces/cpp_bs_demo_interfaces/msg
[3.902s] -- Up-to-date: /home/teemty/B-spline-demo/install/cpp_bs_demo_interfaces/include/cpp_bs_demo_interfaces/cpp_bs_demo_interfaces/msg/detail
[3.902s] -- Installing: /home/teemty/B-spline-demo/install/cpp_bs_demo_interfaces/include/cpp_bs_demo_interfaces/cpp_bs_demo_interfaces/msg/detail/trajectory__rosidl_typesupport_introspection_cpp.hpp
[3.902s] -- Installing: /home/teemty/B-spline-demo/install/cpp_bs_demo_interfaces/include/cpp_bs_demo_interfaces/cpp_bs_demo_interfaces/msg/detail/trajectory__type_support.cpp
[3.902s] -- Installing: /home/teemty/B-spline-demo/install/cpp_bs_demo_interfaces/lib/libcpp_bs_demo_interfaces__rosidl_typesupport_introspection_cpp.so
[3.902s] -- Set non-toolchain portion of runtime path of "/home/teemty/B-spline-demo/install/cpp_bs_demo_interfaces/lib/libcpp_bs_demo_interfaces__rosidl_typesupport_introspection_cpp.so" to ""
[3.902s] -- Installing: /home/teemty/B-spline-demo/install/cpp_bs_demo_interfaces/lib/libcpp_bs_demo_interfaces__rosidl_typesupport_cpp.so
[3.902s] -- Set non-toolchain portion of runtime path of "/home/teemty/B-spline-demo/install/cpp_bs_demo_interfaces/lib/libcpp_bs_demo_interfaces__rosidl_typesupport_cpp.so" to ""
[3.902s] -- Installing: /home/teemty/B-spline-demo/install/cpp_bs_demo_interfaces/share/cpp_bs_demo_interfaces/environment/pythonpath.sh
[3.902s] -- Installing: /home/teemty/B-spline-demo/install/cpp_bs_demo_interfaces/share/cpp_bs_demo_interfaces/environment/pythonpath.dsv
[3.903s] -- Installing: /home/teemty/B-spline-demo/install/cpp_bs_demo_interfaces/lib/python3.12/site-packages/cpp_bs_demo_interfaces-0.0.0-py3.12.egg-info
[3.903s] -- Installing: /home/teemty/B-spline-demo/install/cpp_bs_demo_interfaces/lib/python3.12/site-packages/cpp_bs_demo_interfaces-0.0.0-py3.12.egg-info/top_level.txt
[3.903s] -- Installing: /home/teemty/B-spline-demo/install/cpp_bs_demo_interfaces/lib/python3.12/site-packages/cpp_bs_demo_interfaces-0.0.0-py3.12.egg-info/SOURCES.txt
[3.903s] -- Installing: /home/teemty/B-spline-demo/install/cpp_bs_demo_interfaces/lib/python3.12/site-packages/cpp_bs_demo_interfaces-0.0.0-py3.12.egg-info/dependency_links.txt
[3.903s] -- Installing: /home/teemty/B-spline-demo/install/cpp_bs_demo_interfaces/lib/python3.12/site-packages/cpp_bs_demo_interfaces-0.0.0-py3.12.egg-info/PKG-INFO
[3.903s] -- Installing: /home/teemty/B-spline-demo/install/cpp_bs_demo_interfaces/lib/python3.12/site-packages/cpp_bs_demo_interfaces
[3.903s] -- Installing: /home/teemty/B-spline-demo/install/cpp_bs_demo_interfaces/lib/python3.12/site-packages/cpp_bs_demo_interfaces/cpp_bs_demo_interfaces_s__rosidl_typesupport_c.so
[3.903s] -- Installing: /home/teemty/B-spline-demo/install/cpp_bs_demo_interfaces/lib/python3.12/site-packages/cpp_bs_demo_interfaces/_cpp_bs_demo_interfaces_s.ep.rosidl_typesupport_fastrtps_c.c
[3.903s] -- Installing: /home/teemty/B-spline-demo/install/cpp_bs_demo_interfaces/lib/python3.12/site-packages/cpp_bs_demo_interfaces/msg
[3.903s] -- Installing: /home/teemty/B-spline-demo/install/cpp_bs_demo_interfaces/lib/python3.12/site-packages/cpp_bs_demo_interfaces/msg/_trajectory.py
[3.903s] -- Installing: /home/teemty/B-spline-demo/install/cpp_bs_demo_interfaces/lib/python3.12/site-packages/cpp_bs_demo_interfaces/msg/_trajectory_s.c
[3.903s] -- Installing: /home/teemty/B-spline-demo/install/cpp_bs_demo_interfaces/lib/python3.12/site-packages/cpp_bs_demo_interfaces/msg/__init__.py
[3.903s] -- Installing: /home/teemty/B-spline-demo/install/cpp_bs_demo_interfaces/lib/python3.12/site-packages/cpp_bs_demo_interfaces/cpp_bs_demo_interfaces_s__rosidl_typesupport_fastrtps_c.so
[3.903s] -- Installing: /home/teemty/B-spline-demo/install/cpp_bs_demo_interfaces/lib/python3.12/site-packages/cpp_bs_demo_interfaces/cpp_bs_demo_interfaces_s__rosidl_typesupport_introspection_c.so
[3.903s] -- Installing: /home/teemty/B-spline-demo/install/cpp_bs_demo_interfaces/lib/python3.12/site-packages/cpp_bs_demo_interfaces/_cpp_bs_demo_interfaces_s.ep.rosidl_typesupport_introspection_c.c
[3.903s] -- Installing: /home/teemty/B-spline-demo/install/cpp_bs_demo_interfaces/lib/python3.12/site-packages/cpp_bs_demo_interfaces/__init__.py
[3.903s] -- Installing: /home/teemty/B-spline-demo/install/cpp_bs_demo_interfaces/lib/python3.12/site-packages/cpp_bs_demo_interfaces/_cpp_bs_demo_interfaces_s.ep.rosidl_typesupport_c.c
[3.925s] Listing '/home/teemty/B-spline-demo/install/cpp_bs_demo_interfaces/lib/python3.12/site-packages/cpp_bs_demo_interfaces'...
[3.925s] Compiling '/home/teemty/B-spline-demo/install/cpp_bs_demo_interfaces/lib/python3.12/site-packages/cpp_bs_demo_interfaces/__init__.py'...
[3.925s] Listing '/home/teemty/B-spline-demo/install/cpp_bs_demo_interfaces/lib/python3.12/site-packages/cpp_bs_demo_interfaces/msg'...
[3.925s] Compiling '/home/teemty/B-spline-demo/install/cpp_bs_demo_interfaces/lib/python3.12/site-packages/cpp_bs_demo_interfaces/msg/__init__.py'...
[3.925s] Compiling '/home/teemty/B-spline-demo/install/cpp_bs_demo_interfaces/lib/python3.12/site-packages/cpp_bs_demo_interfaces/msg/_trajectory.py'...
[3.928s] -- Installing: /home/teemty/B-spline-demo/install/cpp_bs_demo_interfaces/lib/python3.12/site-packages/cpp_bs_demo_interfaces/cpp_bs_demo_interfaces_s__rosidl_typesupport_fastrtps_c.so
[3.928s] -- Set non-toolchain portion of runtime path of "/home/teemty/B-spline-demo/install/cpp_bs_demo_interfaces/lib/python3.12/site-packages/cpp_bs_demo_interfaces/cpp_bs_demo_interfaces_s__rosidl_typesupport_fastrtps_c.so" to ""
[3.928s] -- Installing: /home/teemty/B-spline-demo/install/cpp_bs_demo_interfaces/lib/python3.12/site-packages/cpp_bs_demo_interfaces/cpp_bs_demo_interfaces_s__rosidl_typesupport_introspection_c.so
[3.928s] -- Set non-toolchain portion of runtime path of "/home/teemty/B-spline-demo/install/cpp_bs_demo_interfaces/lib/python3.12/site-packages/cpp_bs_demo_interfaces/cpp_bs_demo_interfaces_s__rosidl_typesupport_introspection_c.so" to ""
[3.928s] -- Installing: /home/teemty/B-spline-demo/install/cpp_bs_demo_interfaces/lib/python3.12/site-packages/cpp_bs_demo_interfaces/cpp_bs_demo_interfaces_s__rosidl_typesupport_c.so
[3.928s] -- Set non-toolchain portion of runtime path of "/home/teemty/B-spline-demo/install/cpp_bs_demo_interfaces/lib/python3.12/site-packages/cpp_bs_demo_interfaces/cpp_bs_demo_interfaces_s__rosidl_typesupport_c.so" to ""
[3.929s] -- Installing: /home/teemty/B-spline-demo/install/cpp_bs_demo_interfaces/lib/libcpp_bs_demo_interfaces__rosidl_generator_py.so
[3.929s] -- Set non-toolchain portion of runtime path of "/home/teemty/B-spline-demo/install/cpp_bs_demo_interfaces/lib/libcpp_bs_demo_interfaces__rosidl_generator_py.so" to ""
[3.929s] -- Installing: /home/teemty/B-spline-demo/install/cpp_bs_demo_interfaces/share/cpp_bs_demo_interfaces/msg/Trajectory.idl
[3.929s] -- Installing: /home/teemty/B-spline-demo/install/cpp_bs_demo_interfaces/share/cpp_bs_demo_interfaces/msg/Trajectory.msg
[3.929s] -- Installing: /home/teemty/B-spline-demo/install/cpp_bs_demo_interfaces/share/ament_index/resource_index/package_run_dependencies/cpp_bs_demo_interfaces
[3.929s] -- Installing: /home/teemty/B-spline-demo/install/cpp_bs_demo_interfaces/share/ament_index/resource_index/parent_prefix_path/cpp_bs_demo_interfaces
[3.929s] -- Installing: /home/teemty/B-spline-demo/install/cpp_bs_demo_interfaces/share/cpp_bs_demo_interfaces/environment/ament_prefix_path.sh
[3.929s] -- Installing: /home/teemty/B-spline-demo/install/cpp_bs_demo_interfaces/share/cpp_bs_demo_interfaces/environment/ament_prefix_path.dsv
[3.929s] -- Installing: /home/teemty/B-spline-demo/install/cpp_bs_demo_interfaces/share/cpp_bs_demo_interfaces/environment/path.sh
[3.929s] -- Installing: /home/teemty/B-spline-demo/install/cpp_bs_demo_interfaces/share/cpp_bs_demo_interfaces/environment/path.dsv
[3.929s] -- Installing: /home/teemty/B-spline-demo/install/cpp_bs_demo_interfaces/share/cpp_bs_demo_interfaces/local_setup.bash
[3.929s] -- Installing: /home/teemty/B-spline-demo/install/cpp_bs_demo_interfaces/share/cpp_bs_demo_interfaces/local_setup.sh
[3.929s] -- Installing: /home/teemty/B-spline-demo/install/cpp_bs_demo_interfaces/share/cpp_bs_demo_interfaces/local_setup.zsh
[3.929s] -- Installing: /home/teemty/B-spline-demo/install/cpp_bs_demo_interfaces/share/cpp_bs_demo_interfaces/local_setup.dsv
[3.929s] -- Installing: /home/teemty/B-spline-demo/install/cpp_bs_demo_interfaces/share/cpp_bs_demo_interfaces/package.dsv
[3.929s] -- Installing: /home/teemty/B-spline-demo/install/cpp_bs_demo_interfaces/share/ament_index/resource_index/packages/cpp_bs_demo_interfaces
[3.929s] -- Installing: /home/teemty/B-spline-demo/install/cpp_bs_demo_interfaces/share/cpp_bs_demo_interfaces/cmake/export_cpp_bs_demo_interfaces__rosidl_generator_cExport.cmake
[3.930s] -- Installing: /home/teemty/B-spline-demo/install/cpp_bs_demo_interfaces/share/cpp_bs_demo_interfaces/cmake/export_cpp_bs_demo_interfaces__rosidl_generator_cExport-noconfig.cmake
[3.930s] -- Installing: /home/teemty/B-spline-demo/install/cpp_bs_demo_interfaces/share/cpp_bs_demo_interfaces/cmake/export_cpp_bs_demo_interfaces__rosidl_typesupport_fastrtps_cExport.cmake
[3.930s] -- Installing: /home/teemty/B-spline-demo/install/cpp_bs_demo_interfaces/share/cpp_bs_demo_interfaces/cmake/export_cpp_bs_demo_interfaces__rosidl_typesupport_fastrtps_cExport-noconfig.cmake
[3.930s] -- Installing: /home/teemty/B-spline-demo/install/cpp_bs_demo_interfaces/share/cpp_bs_demo_interfaces/cmake/cpp_bs_demo_interfaces__rosidl_typesupport_introspection_cExport.cmake
[3.930s] -- Installing: /home/teemty/B-spline-demo/install/cpp_bs_demo_interfaces/share/cpp_bs_demo_interfaces/cmake/cpp_bs_demo_interfaces__rosidl_typesupport_introspection_cExport-noconfig.cmake
[3.930s] -- Installing: /home/teemty/B-spline-demo/install/cpp_bs_demo_interfaces/share/cpp_bs_demo_interfaces/cmake/cpp_bs_demo_interfaces__rosidl_typesupport_cExport.cmake
[3.930s] -- Installing: /home/teemty/B-spline-demo/install/cpp_bs_demo_interfaces/share/cpp_bs_demo_interfaces/cmake/cpp_bs_demo_interfaces__rosidl_typesupport_cExport-noconfig.cmake
[3.930s] -- Installing: /home/teemty/B-spline-demo/install/cpp_bs_demo_interfaces/share/cpp_bs_demo_interfaces/cmake/export_cpp_bs_demo_interfaces__rosidl_generator_cppExport.cmake
[3.930s] -- Installing: /home/teemty/B-spline-demo/install/cpp_bs_demo_interfaces/share/cpp_bs_demo_interfaces/cmake/export_cpp_bs_demo_interfaces__rosidl_typesupport_fastrtps_cppExport.cmake
[3.930s] -- Installing: /home/teemty/B-spline-demo/install/cpp_bs_demo_interfaces/share/cpp_bs_demo_interfaces/cmake/export_cpp_bs_demo_interfaces__rosidl_typesupport_fastrtps_cppExport-noconfig.cmake
[3.930s] -- Installing: /home/teemty/B-spline-demo/install/cpp_bs_demo_interfaces/share/cpp_bs_demo_interfaces/cmake/cpp_bs_demo_interfaces__rosidl_typesupport_introspection_cppExport.cmake
[3.930s] -- Installing: /home/teemty/B-spline-demo/install/cpp_bs_demo_interfaces/share/cpp_bs_demo_interfaces/cmake/cpp_bs_demo_interfaces__rosidl_typesupport_introspection_cppExport-noconfig.cmake
[3.930s] -- Installing: /home/teemty/B-spline-demo/install/cpp_bs_demo_interfaces/share/cpp_bs_demo_interfaces/cmake/cpp_bs_demo_interfaces__rosidl_typesupport_cppExport.cmake
[3.930s] -- Installing: /home/teemty/B-spline-demo/install/cpp_bs_demo_interfaces/share/cpp_bs_demo_interfaces/cmake/cpp_bs_demo_interfaces__rosidl_typesupport_cppExport-noconfig.cmake
[3.930s] -- Installing: /home/teemty/B-spline-demo/install/cpp_bs_demo_interfaces/share/cpp_bs_demo_interfaces/cmake/export_cpp_bs_demo_interfaces__rosidl_generator_pyExport.cmake
[3.930s] -- Installing: /home/teemty/B-spline-demo/install/cpp_bs_demo_interfaces/share/cpp_bs_demo_interfaces/cmake/export_cpp_bs_demo_interfaces__rosidl_generator_pyExport-noconfig.cmake
[3.930s] -- Installing: /home/teemty/B-spline-demo/install/cpp_bs_demo_interfaces/share/cpp_bs_demo_interfaces/cmake/rosidl_cmake-extras.cmake
[3.930s] -- Installing: /home/teemty/B-spline-demo/install/cpp_bs_demo_interfaces/share/cpp_bs_demo_interfaces/cmake/ament_cmake_export_dependencies-extras.cmake
[3.930s] -- Installing: /home/teemty/B-spline-demo/install/cpp_bs_demo_interfaces/share/cpp_bs_demo_interfaces/cmake/ament_cmake_export_include_directories-extras.cmake
[3.930s] -- Installing: /home/teemty/B-spline-demo/install/cpp_bs_demo_interfaces/share/cpp_bs_demo_interfaces/cmake/ament_cmake_export_libraries-extras.cmake
[3.930s] -- Installing: /home/teemty/B-spline-demo/install/cpp_bs_demo_interfaces/share/cpp_bs_demo_interfaces/cmake/ament_cmake_export_targets-extras.cmake
[3.930s] -- Installing: /home/teemty/B-spline-demo/install/cpp_bs_demo_interfaces/share/cpp_bs_demo_interfaces/cmake/rosidl_cmake_export_typesupport_targets-extras.cmake
[3.930s] -- Installing: /home/teemty/B-spline-demo/install/cpp_bs_demo_interfaces/share/cpp_bs_demo_interfaces/cmake/rosidl_cmake_export_typesupport_libraries-extras.cmake
[3.930s] -- Installing: /home/teemty/B-spline-demo/install/cpp_bs_demo_interfaces/share/cpp_bs_demo_interfaces/cmake/cpp_bs_demo_interfacesConfig.cmake
[3.930s] -- Installing: /home/teemty/B-spline-demo/install/cpp_bs_demo_interfaces/share/cpp_bs_demo_interfaces/cmake/cpp_bs_demo_interfacesConfig-version.cmake
[3.930s] -- Installing: /home/teemty/B-spline-demo/install/cpp_bs_demo_interfaces/share/cpp_bs_demo_interfaces/package.xml
[3.932s] Invoked command in '/home/teemty/B-spline-demo/build/cpp_bs_demo_interfaces' returned '0': CMAKE_PREFIX_PATH=${CMAKE_PREFIX_PATH}:/opt/ros/jazzy DEBUGINFOD_URLS=https://debuginfod.ubuntu.com /usr/bin/cmake --install /home/teemty/B-spline-demo/build/cpp_bs_demo_interfaces
