-- Found ament_cmake: 2.5.4 (/opt/ros/jazzy/share/ament_cmake/cmake)
-- Found rclcpp: 28.1.9 (/opt/ros/jazzy/share/rclcpp/cmake)
-- Found rosidl_generator_c: 4.6.5 (/opt/ros/jazzy/share/rosidl_generator_c/cmake)
-- Found rosidl_generator_cpp: 4.6.5 (/opt/ros/jazzy/share/rosidl_generator_cpp/cmake)
-- Using all available rosidl_typesupport_c: rosidl_typesupport_fastrtps_c;rosidl_typesupport_introspection_c
-- Using all available rosidl_typesupport_cpp: rosidl_typesupport_fastrtps_cpp;rosidl_typesupport_introspection_cpp
-- Found rmw_implementation_cmake: 7.3.2 (/opt/ros/jazzy/share/rmw_implementation_cmake/cmake)
-- Found rmw_fastrtps_cpp: 8.4.2 (/opt/ros/jazzy/share/rmw_fastrtps_cpp/cmake)
-- Using RMW implementation 'rmw_fastrtps_cpp' as default
-- Found std_msgs: 5.3.6 (/opt/ros/jazzy/share/std_msgs/cmake)
-- Found geometry_msgs: 5.3.6 (/opt/ros/jazzy/share/geometry_msgs/cmake)
-- Found cpp_bs_demo_interfaces: 0.0.0 (/home/teemty/B-spline-demo/install/cpp_bs_demo_interfaces/share/cpp_bs_demo_interfaces/cmake)
-- Found nav_msgs: 5.3.6 (/opt/ros/jazzy/share/nav_msgs/cmake)
-- Found visualization_msgs: 5.3.6 (/opt/ros/jazzy/share/visualization_msgs/cmake)
-- Found ament_lint_auto: 0.17.2 (/opt/ros/jazzy/share/ament_lint_auto/cmake)
-- Added test 'cppcheck' to perform static code analysis on C / C++ code
-- Configured cppcheck include dirs: 
-- Configured cppcheck exclude dirs and/or files: 
-- Added test 'flake8' to check Python code syntax and style conventions
-- Configured 'flake8' exclude dirs and/or files: 
-- Added test 'lint_cmake' to check CMake code style
-- Added test 'pep257' to check Python code against some of the docstring style conventions in PEP 257
-- Added test 'uncrustify' to check C / C++ code style
-- Configured uncrustify additional arguments: 
-- Added test 'xmllint' to check XML markup files
-- Configuring done (0.4s)
-- Generating done (0.0s)
-- Build files have been written to: /home/teemty/B-spline-demo/build/cpp_bs_demo
[ 50%] [32mBuilding CXX object CMakeFiles/point_generator.dir/src/publisher.cpp.o[0m
[100%] [32m[1mLinking CXX executable point_generator[0m
[100%] Built target point_generator
-- Install configuration: ""
-- Installing: /home/teemty/B-spline-demo/install/cpp_bs_demo/lib/cpp_bs_demo/point_generator
-- Set non-toolchain portion of runtime path of "/home/teemty/B-spline-demo/install/cpp_bs_demo/lib/cpp_bs_demo/point_generator" to ""
-- Installing: /home/teemty/B-spline-demo/install/cpp_bs_demo/share/cpp_bs_demo/urdf
-- Installing: /home/teemty/B-spline-demo/install/cpp_bs_demo/share/cpp_bs_demo/urdf/ball_obstacle.urdf
-- Installing: /home/teemty/B-spline-demo/install/cpp_bs_demo/share/cpp_bs_demo/launch
-- Installing: /home/teemty/B-spline-demo/install/cpp_bs_demo/share/cpp_bs_demo/launch/bs_demo.launch.py
-- Installing: /home/teemty/B-spline-demo/install/cpp_bs_demo/share/cpp_bs_demo/rviz
-- Installing: /home/teemty/B-spline-demo/install/cpp_bs_demo/share/cpp_bs_demo/rviz/demo.rviz
-- Installing: /home/teemty/B-spline-demo/install/cpp_bs_demo/share/ament_index/resource_index/package_run_dependencies/cpp_bs_demo
-- Installing: /home/teemty/B-spline-demo/install/cpp_bs_demo/share/ament_index/resource_index/parent_prefix_path/cpp_bs_demo
-- Installing: /home/teemty/B-spline-demo/install/cpp_bs_demo/share/cpp_bs_demo/environment/ament_prefix_path.sh
-- Up-to-date: /home/teemty/B-spline-demo/install/cpp_bs_demo/share/cpp_bs_demo/environment/ament_prefix_path.dsv
-- Installing: /home/teemty/B-spline-demo/install/cpp_bs_demo/share/cpp_bs_demo/environment/path.sh
-- Up-to-date: /home/teemty/B-spline-demo/install/cpp_bs_demo/share/cpp_bs_demo/environment/path.dsv
-- Up-to-date: /home/teemty/B-spline-demo/install/cpp_bs_demo/share/cpp_bs_demo/local_setup.bash
-- Up-to-date: /home/teemty/B-spline-demo/install/cpp_bs_demo/share/cpp_bs_demo/local_setup.sh
-- Up-to-date: /home/teemty/B-spline-demo/install/cpp_bs_demo/share/cpp_bs_demo/local_setup.zsh
-- Up-to-date: /home/teemty/B-spline-demo/install/cpp_bs_demo/share/cpp_bs_demo/local_setup.dsv
-- Up-to-date: /home/teemty/B-spline-demo/install/cpp_bs_demo/share/cpp_bs_demo/package.dsv
-- Up-to-date: /home/teemty/B-spline-demo/install/cpp_bs_demo/share/ament_index/resource_index/packages/cpp_bs_demo
-- Up-to-date: /home/teemty/B-spline-demo/install/cpp_bs_demo/share/cpp_bs_demo/cmake/cpp_bs_demoConfig.cmake
-- Up-to-date: /home/teemty/B-spline-demo/install/cpp_bs_demo/share/cpp_bs_demo/cmake/cpp_bs_demoConfig-version.cmake
-- Installing: /home/teemty/B-spline-demo/install/cpp_bs_demo/share/cpp_bs_demo/package.xml
