[0.006s] Invoking command in '/home/teemty/B-spline-demo/build/cpp_bs_demo': CMAKE_PREFIX_PATH=/home/teemty/B-spline-demo/install/cpp_bs_demo_interfaces:/home/teemty/B-spline-demo/install/cpp_bs_demo:/home/teemty/B-spline-demo/demo_ws/install/cpp_bs_demo:/home/teemty/B-spline-demo/demo_ws/install/cpp_bs_demo_interfaces:/opt/ros/jazzy/opt/gz_math_vendor:/opt/ros/jazzy/opt/gz_utils_vendor:/opt/ros/jazzy/opt/gz_cmake_vendor:/opt/ros/jazzy DEBUGINFOD_URLS=https://debuginfod.ubuntu.com /usr/bin/cmake --build /home/teemty/B-spline-demo/build/cpp_bs_demo -- -j8 -l8
[0.024s] -- Found ament_cmake: 2.5.4 (/opt/ros/jazzy/share/ament_cmake/cmake)
[0.169s] -- Found rclcpp: 28.1.9 (/opt/ros/jazzy/share/rclcpp/cmake)
[0.182s] -- Found rosidl_generator_c: 4.6.5 (/opt/ros/jazzy/share/rosidl_generator_c/cmake)
[0.186s] -- Found rosidl_generator_cpp: 4.6.5 (/opt/ros/jazzy/share/rosidl_generator_cpp/cmake)
[0.192s] -- Using all available rosidl_typesupport_c: rosidl_typesupport_fastrtps_c;rosidl_typesupport_introspection_c
[0.198s] -- Using all available rosidl_typesupport_cpp: rosidl_typesupport_fastrtps_cpp;rosidl_typesupport_introspection_cpp
[0.231s] -- Found rmw_implementation_cmake: 7.3.2 (/opt/ros/jazzy/share/rmw_implementation_cmake/cmake)
[0.232s] -- Found rmw_fastrtps_cpp: 8.4.2 (/opt/ros/jazzy/share/rmw_fastrtps_cpp/cmake)
[0.271s] -- Using RMW implementation 'rmw_fastrtps_cpp' as default
[0.305s] -- Found std_msgs: 5.3.6 (/opt/ros/jazzy/share/std_msgs/cmake)
[0.312s] -- Found geometry_msgs: 5.3.6 (/opt/ros/jazzy/share/geometry_msgs/cmake)
[0.320s] -- Found cpp_bs_demo_interfaces: 0.0.0 (/home/teemty/B-spline-demo/install/cpp_bs_demo_interfaces/share/cpp_bs_demo_interfaces/cmake)
[0.332s] -- Found nav_msgs: 5.3.6 (/opt/ros/jazzy/share/nav_msgs/cmake)
[0.348s] -- Found visualization_msgs: 5.3.6 (/opt/ros/jazzy/share/visualization_msgs/cmake)
[0.381s] -- Found ament_lint_auto: 0.17.2 (/opt/ros/jazzy/share/ament_lint_auto/cmake)
[0.435s] -- Added test 'cppcheck' to perform static code analysis on C / C++ code
[0.436s] -- Configured cppcheck include dirs: 
[0.436s] -- Configured cppcheck exclude dirs and/or files: 
[0.436s] -- Added test 'flake8' to check Python code syntax and style conventions
[0.436s] -- Configured 'flake8' exclude dirs and/or files: 
[0.436s] -- Added test 'lint_cmake' to check CMake code style
[0.436s] -- Added test 'pep257' to check Python code against some of the docstring style conventions in PEP 257
[0.437s] -- Added test 'uncrustify' to check C / C++ code style
[0.437s] -- Configured uncrustify additional arguments: 
[0.437s] -- Added test 'xmllint' to check XML markup files
[0.437s] -- Configuring done (0.4s)
[0.443s] -- Generating done (0.0s)
[0.446s] -- Build files have been written to: /home/teemty/B-spline-demo/build/cpp_bs_demo
[0.477s] [ 50%] [32mBuilding CXX object CMakeFiles/point_generator.dir/src/publisher.cpp.o[0m
[2.281s] In file included from [01m[K/home/teemty/B-spline-demo/demo_ws/src/cpp_bs_demo/src/publisher.cpp:5[m[K:
[2.281s] [01m[K/home/teemty/B-spline-demo/demo_ws/src/cpp_bs_demo/src/optimizer.hpp:[m[K In static member function ‘[01m[Kstatic int TrajOptimizer::[01;32m[Kprogress[m[K(void*, const Eigen::VectorXd&, const Eigen::VectorXd&, double, double, int, int)[m[K’:
[2.281s] [01m[K/home/teemty/B-spline-demo/demo_ws/src/cpp_bs_demo/src/optimizer.hpp:169:28:[m[K [01;35m[Kwarning: [m[Kunused parameter ‘[01m[Kx[m[K’ [[01;35m[K]8;;https://gcc.gnu.org/onlinedocs/gcc/Warning-Options.html#index-Wunused-parameter-Wunused-parameter]8;;[m[K]
[2.281s]   169 |     [01;35m[Kconst Eigen::VectorXd &x[m[K,
[2.281s]       |     [01;35m[K~~~~~~~~~~~~~~~~~~~~~~~^[m[K
[2.281s] [01m[K/home/teemty/B-spline-demo/demo_ws/src/cpp_bs_demo/src/optimizer.hpp:170:28:[m[K [01;35m[Kwarning: [m[Kunused parameter ‘[01m[Kg[m[K’ [[01;35m[K]8;;https://gcc.gnu.org/onlinedocs/gcc/Warning-Options.html#index-Wunused-parameter-Wunused-parameter]8;;[m[K]
[2.281s]   170 |     [01;35m[Kconst Eigen::VectorXd &g[m[K,
[2.281s]       |     [01;35m[K~~~~~~~~~~~~~~~~~~~~~~~^[m[K
[4.593s] [100%] [32m[1mLinking CXX executable point_generator[0m
[4.733s] [100%] Built target point_generator
[4.743s] Invoked command in '/home/teemty/B-spline-demo/build/cpp_bs_demo' returned '0': CMAKE_PREFIX_PATH=/home/teemty/B-spline-demo/install/cpp_bs_demo_interfaces:/home/teemty/B-spline-demo/install/cpp_bs_demo:/home/teemty/B-spline-demo/demo_ws/install/cpp_bs_demo:/home/teemty/B-spline-demo/demo_ws/install/cpp_bs_demo_interfaces:/opt/ros/jazzy/opt/gz_math_vendor:/opt/ros/jazzy/opt/gz_utils_vendor:/opt/ros/jazzy/opt/gz_cmake_vendor:/opt/ros/jazzy DEBUGINFOD_URLS=https://debuginfod.ubuntu.com /usr/bin/cmake --build /home/teemty/B-spline-demo/build/cpp_bs_demo -- -j8 -l8
[4.743s] Invoking command in '/home/teemty/B-spline-demo/build/cpp_bs_demo': CMAKE_PREFIX_PATH=/home/teemty/B-spline-demo/install/cpp_bs_demo_interfaces:/home/teemty/B-spline-demo/install/cpp_bs_demo:/home/teemty/B-spline-demo/demo_ws/install/cpp_bs_demo:/home/teemty/B-spline-demo/demo_ws/install/cpp_bs_demo_interfaces:/opt/ros/jazzy/opt/gz_math_vendor:/opt/ros/jazzy/opt/gz_utils_vendor:/opt/ros/jazzy/opt/gz_cmake_vendor:/opt/ros/jazzy DEBUGINFOD_URLS=https://debuginfod.ubuntu.com /usr/bin/cmake --install /home/teemty/B-spline-demo/build/cpp_bs_demo
[4.748s] -- Install configuration: ""
[4.748s] -- Installing: /home/teemty/B-spline-demo/install/cpp_bs_demo/lib/cpp_bs_demo/point_generator
[4.749s] -- Set non-toolchain portion of runtime path of "/home/teemty/B-spline-demo/install/cpp_bs_demo/lib/cpp_bs_demo/point_generator" to ""
[4.749s] -- Installing: /home/teemty/B-spline-demo/install/cpp_bs_demo/share/cpp_bs_demo/urdf
[4.749s] -- Installing: /home/teemty/B-spline-demo/install/cpp_bs_demo/share/cpp_bs_demo/urdf/ball_obstacle.urdf
[4.749s] -- Installing: /home/teemty/B-spline-demo/install/cpp_bs_demo/share/cpp_bs_demo/launch
[4.749s] -- Installing: /home/teemty/B-spline-demo/install/cpp_bs_demo/share/cpp_bs_demo/launch/bs_demo.launch.py
[4.749s] -- Installing: /home/teemty/B-spline-demo/install/cpp_bs_demo/share/cpp_bs_demo/rviz
[4.749s] -- Installing: /home/teemty/B-spline-demo/install/cpp_bs_demo/share/cpp_bs_demo/rviz/demo.rviz
[4.749s] -- Installing: /home/teemty/B-spline-demo/install/cpp_bs_demo/share/ament_index/resource_index/package_run_dependencies/cpp_bs_demo
[4.749s] -- Installing: /home/teemty/B-spline-demo/install/cpp_bs_demo/share/ament_index/resource_index/parent_prefix_path/cpp_bs_demo
[4.749s] -- Installing: /home/teemty/B-spline-demo/install/cpp_bs_demo/share/cpp_bs_demo/environment/ament_prefix_path.sh
[4.749s] -- Up-to-date: /home/teemty/B-spline-demo/install/cpp_bs_demo/share/cpp_bs_demo/environment/ament_prefix_path.dsv
[4.749s] -- Installing: /home/teemty/B-spline-demo/install/cpp_bs_demo/share/cpp_bs_demo/environment/path.sh
[4.749s] -- Up-to-date: /home/teemty/B-spline-demo/install/cpp_bs_demo/share/cpp_bs_demo/environment/path.dsv
[4.749s] -- Up-to-date: /home/teemty/B-spline-demo/install/cpp_bs_demo/share/cpp_bs_demo/local_setup.bash
[4.749s] -- Up-to-date: /home/teemty/B-spline-demo/install/cpp_bs_demo/share/cpp_bs_demo/local_setup.sh
[4.749s] -- Up-to-date: /home/teemty/B-spline-demo/install/cpp_bs_demo/share/cpp_bs_demo/local_setup.zsh
[4.749s] -- Up-to-date: /home/teemty/B-spline-demo/install/cpp_bs_demo/share/cpp_bs_demo/local_setup.dsv
[4.749s] -- Up-to-date: /home/teemty/B-spline-demo/install/cpp_bs_demo/share/cpp_bs_demo/package.dsv
[4.749s] -- Up-to-date: /home/teemty/B-spline-demo/install/cpp_bs_demo/share/ament_index/resource_index/packages/cpp_bs_demo
[4.749s] -- Up-to-date: /home/teemty/B-spline-demo/install/cpp_bs_demo/share/cpp_bs_demo/cmake/cpp_bs_demoConfig.cmake
[4.750s] -- Up-to-date: /home/teemty/B-spline-demo/install/cpp_bs_demo/share/cpp_bs_demo/cmake/cpp_bs_demoConfig-version.cmake
[4.750s] -- Installing: /home/teemty/B-spline-demo/install/cpp_bs_demo/share/cpp_bs_demo/package.xml
[4.750s] Invoked command in '/home/teemty/B-spline-demo/build/cpp_bs_demo' returned '0': CMAKE_PREFIX_PATH=/home/teemty/B-spline-demo/install/cpp_bs_demo_interfaces:/home/teemty/B-spline-demo/install/cpp_bs_demo:/home/teemty/B-spline-demo/demo_ws/install/cpp_bs_demo:/home/teemty/B-spline-demo/demo_ws/install/cpp_bs_demo_interfaces:/opt/ros/jazzy/opt/gz_math_vendor:/opt/ros/jazzy/opt/gz_utils_vendor:/opt/ros/jazzy/opt/gz_cmake_vendor:/opt/ros/jazzy DEBUGINFOD_URLS=https://debuginfod.ubuntu.com /usr/bin/cmake --install /home/teemty/B-spline-demo/build/cpp_bs_demo
